2025-11-14 18:17:16.671 | INFO     | __main__:log_results:110 - num_trainval: 140
2025-11-14 18:17:16.671 | INFO     | __main__:log_results:110 - is_random_sample: True
2025-11-14 18:17:16.671 | INFO     | __main__:log_results:110 - which_FeatureAugmentation: 3
2025-11-14 18:17:16.671 | INFO     | __main__:log_results:110 - FeatureAugmentation_Runs: 2
2025-11-14 18:17:16.672 | INFO     | __main__:log_results:110 - x_transformer_type: standardize
2025-11-14 18:17:16.672 | INFO     | __main__:log_results:110 - y_transformer_type: standardize
2025-11-14 18:17:16.672 | INFO     | __main__:log_results:110 - num_trainval_slice: 40
2025-11-14 18:17:16.672 | INFO     | __main__:log_results:110 - EPOCH: 500
2025-11-14 18:17:16.672 | INFO     | __main__:log_results:110 - exp_name: DGP05_SciGP_Far2
2025-11-14 18:17:16.672 | INFO     | __main__:log_results:110 - random_round_num: 1
2025-11-14 18:17:16.672 | INFO     | __main__:log_results:113 - Pt_in [Pa] | explained_variance_score: 0.139519
2025-11-14 18:17:16.672 | INFO     | __main__:log_results:113 - Pt_in [Pa] | r2_score: 0.103880
2025-11-14 18:17:16.672 | INFO     | __main__:log_results:113 - Pt_in [Pa] | d2_absolute_error_score: 0.168709
2025-11-14 18:17:16.672 | INFO     | __main__:log_results:113 - Pt_in [Pa] | d2_pinball_score: 0.168709
2025-11-14 18:17:16.673 | INFO     | __main__:log_results:113 - Pt_in [Pa] | d2_tweedie_score: 0.103880
2025-11-14 18:17:16.673 | INFO     | __main__:log_results:113 - Pt_in [Pa] | mean_absolute_error: 0.551608
2025-11-14 18:17:16.673 | INFO     | __main__:log_results:113 - Pt_in [Pa] | median_absolute_error: 0.350523
2025-11-14 18:17:16.673 | INFO     | __main__:log_results:113 - Pt_in [Pa] | mean_squared_error: 0.640904
2025-11-14 18:17:16.673 | INFO     | __main__:log_results:113 - Pt_in [Pa] | rmse: 0.800565
2025-11-14 18:17:16.673 | INFO     | __main__:log_results:113 - Pt_in [Pa] | mean_squared_log_error: 0.095446
2025-11-14 18:17:16.673 | INFO     | __main__:log_results:113 - Pt_in [Pa] | rmsle: 0.308943
2025-11-14 18:17:16.673 | INFO     | __main__:log_results:113 - Pt_in [Pa] | mean_absolute_percentage_error: 1.003247
2025-11-14 18:17:16.673 | INFO     | __main__:log_results:113 - Pt_in [Pa] | max_error: 3.080726
2025-11-14 18:17:16.673 | INFO     | __main__:log_results:113 - Pt_in [Pa] | mean_pinball_loss(alpha=0.5): 0.275804
2025-11-14 18:17:16.673 | INFO     | __main__:log_results:113 - Pt_in [Pa] | mean_poisson_deviance: nan
2025-11-14 18:17:16.674 | INFO     | __main__:log_results:113 - Pt_in [Pa] | mean_gamma_deviance: nan
2025-11-14 18:17:16.674 | INFO     | __main__:log_results:113 - Pt_in [Pa] | mean_tweedie_deviance(power=0.0): 0.640904
2025-11-14 18:17:16.674 | INFO     | __main__:log_results:113 - Pt_out [Pa] | explained_variance_score: 1.000000
2025-11-14 18:17:16.674 | INFO     | __main__:log_results:113 - Pt_out [Pa] | r2_score: 1.000000
2025-11-14 18:17:16.674 | INFO     | __main__:log_results:113 - Pt_out [Pa] | d2_absolute_error_score: 0.999979
2025-11-14 18:17:16.674 | INFO     | __main__:log_results:113 - Pt_out [Pa] | d2_pinball_score: 0.999979
2025-11-14 18:17:16.674 | INFO     | __main__:log_results:113 - Pt_out [Pa] | d2_tweedie_score: 1.000000
2025-11-14 18:17:16.674 | INFO     | __main__:log_results:113 - Pt_out [Pa] | mean_absolute_error: 0.528450
2025-11-14 18:17:16.674 | INFO     | __main__:log_results:113 - Pt_out [Pa] | median_absolute_error: 0.364630
2025-11-14 18:17:16.674 | INFO     | __main__:log_results:113 - Pt_out [Pa] | mean_squared_error: 0.461125
2025-11-14 18:17:16.674 | INFO     | __main__:log_results:113 - Pt_out [Pa] | rmse: 0.679062
2025-11-14 18:17:16.674 | INFO     | __main__:log_results:113 - Pt_out [Pa] | mean_squared_log_error: 0.000000
2025-11-14 18:17:16.675 | INFO     | __main__:log_results:113 - Pt_out [Pa] | rmsle: 0.000017
2025-11-14 18:17:16.675 | INFO     | __main__:log_results:113 - Pt_out [Pa] | mean_absolute_percentage_error: 0.000012
2025-11-14 18:17:16.675 | INFO     | __main__:log_results:113 - Pt_out [Pa] | max_error: 1.995904
2025-11-14 18:17:16.675 | INFO     | __main__:log_results:113 - Pt_out [Pa] | mean_pinball_loss(alpha=0.5): 0.264225
2025-11-14 18:17:16.675 | INFO     | __main__:log_results:113 - Pt_out [Pa] | mean_poisson_deviance: 0.000010
2025-11-14 18:17:16.675 | INFO     | __main__:log_results:113 - Pt_out [Pa] | mean_gamma_deviance: 0.000000
2025-11-14 18:17:16.675 | INFO     | __main__:log_results:113 - Pt_out [Pa] | mean_tweedie_deviance(power=0.0): 0.461125
2025-11-14 18:17:16.675 | INFO     | __main__:log_results:113 - Torque [N m] | explained_variance_score: 0.998731
2025-11-14 18:17:16.675 | INFO     | __main__:log_results:113 - Torque [N m] | r2_score: 0.998730
2025-11-14 18:17:16.675 | INFO     | __main__:log_results:113 - Torque [N m] | d2_absolute_error_score: 0.972683
2025-11-14 18:17:16.675 | INFO     | __main__:log_results:113 - Torque [N m] | d2_pinball_score: 0.972683
2025-11-14 18:17:16.675 | INFO     | __main__:log_results:113 - Torque [N m] | d2_tweedie_score: 0.998730
2025-11-14 18:17:16.676 | INFO     | __main__:log_results:113 - Torque [N m] | mean_absolute_error: 0.051230
2025-11-14 18:17:16.676 | INFO     | __main__:log_results:113 - Torque [N m] | median_absolute_error: 0.028777
2025-11-14 18:17:16.676 | INFO     | __main__:log_results:113 - Torque [N m] | mean_squared_error: 0.007330
2025-11-14 18:17:16.676 | INFO     | __main__:log_results:113 - Torque [N m] | rmse: 0.085615
2025-11-14 18:17:16.676 | INFO     | __main__:log_results:113 - Torque [N m] | mean_squared_log_error: 0.000394
2025-11-14 18:17:16.676 | INFO     | __main__:log_results:113 - Torque [N m] | rmsle: 0.019840
2025-11-14 18:17:16.676 | INFO     | __main__:log_results:113 - Torque [N m] | mean_absolute_percentage_error: 0.014972
2025-11-14 18:17:16.676 | INFO     | __main__:log_results:113 - Torque [N m] | max_error: 0.370341
2025-11-14 18:17:16.676 | INFO     | __main__:log_results:113 - Torque [N m] | mean_pinball_loss(alpha=0.5): 0.025615
2025-11-14 18:17:16.676 | INFO     | __main__:log_results:113 - Torque [N m] | mean_poisson_deviance: 0.002158
2025-11-14 18:17:16.676 | INFO     | __main__:log_results:113 - Torque [N m] | mean_gamma_deviance: 0.000736
2025-11-14 18:17:16.677 | INFO     | __main__:log_results:113 - Torque [N m] | mean_tweedie_deviance(power=0.0): 0.007330
2025-11-14 18:17:16.677 | INFO     | __main__:log_results:113 - Efficiency [%] | explained_variance_score: 0.978480
2025-11-14 18:17:16.677 | INFO     | __main__:log_results:113 - Efficiency [%] | r2_score: 0.978445
2025-11-14 18:17:16.677 | INFO     | __main__:log_results:113 - Efficiency [%] | d2_absolute_error_score: 0.902546
2025-11-14 18:17:16.677 | INFO     | __main__:log_results:113 - Efficiency [%] | d2_pinball_score: 0.902546
2025-11-14 18:17:16.677 | INFO     | __main__:log_results:113 - Efficiency [%] | d2_tweedie_score: 0.978445
2025-11-14 18:17:16.677 | INFO     | __main__:log_results:113 - Efficiency [%] | mean_absolute_error: 1.097831
2025-11-14 18:17:16.677 | INFO     | __main__:log_results:113 - Efficiency [%] | median_absolute_error: 0.489870
2025-11-14 18:17:16.677 | INFO     | __main__:log_results:113 - Efficiency [%] | mean_squared_error: 4.036966
2025-11-14 18:17:16.677 | INFO     | __main__:log_results:113 - Efficiency [%] | rmse: 2.009220
2025-11-14 18:17:16.677 | INFO     | __main__:log_results:113 - Efficiency [%] | mean_squared_log_error: 0.001105
2025-11-14 18:17:16.677 | INFO     | __main__:log_results:113 - Efficiency [%] | rmsle: 0.033247
2025-11-14 18:17:16.678 | INFO     | __main__:log_results:113 - Efficiency [%] | mean_absolute_percentage_error: 0.016639
2025-11-14 18:17:16.678 | INFO     | __main__:log_results:113 - Efficiency [%] | max_error: 9.621298
2025-11-14 18:17:16.678 | INFO     | __main__:log_results:113 - Efficiency [%] | mean_pinball_loss(alpha=0.5): 0.548916
2025-11-14 18:17:16.678 | INFO     | __main__:log_results:113 - Efficiency [%] | mean_poisson_deviance: 0.067153
2025-11-14 18:17:16.678 | INFO     | __main__:log_results:113 - Efficiency [%] | mean_gamma_deviance: 0.001133
2025-11-14 18:17:16.678 | INFO     | __main__:log_results:113 - Efficiency [%] | mean_tweedie_deviance(power=0.0): 4.036966
2025-11-14 18:17:16.678 | INFO     | __main__:log_results:113 - Efficiency (Pt_out - Pt_in) | explained_variance_score: 0.985296
2025-11-14 18:17:16.678 | INFO     | __main__:log_results:113 - Efficiency (Pt_out - Pt_in) | r2_score: 0.985294
2025-11-14 18:17:16.678 | INFO     | __main__:log_results:113 - Efficiency (Pt_out - Pt_in) | d2_absolute_error_score: 0.909269
2025-11-14 18:17:16.678 | INFO     | __main__:log_results:113 - Efficiency (Pt_out - Pt_in) | d2_pinball_score: 0.909269
2025-11-14 18:17:16.678 | INFO     | __main__:log_results:113 - Efficiency (Pt_out - Pt_in) | d2_tweedie_score: 0.985294
2025-11-14 18:17:16.679 | INFO     | __main__:log_results:113 - Efficiency (Pt_out - Pt_in) | mean_absolute_error: 1.039095
2025-11-14 18:17:16.679 | INFO     | __main__:log_results:113 - Efficiency (Pt_out - Pt_in) | median_absolute_error: 0.569254
2025-11-14 18:17:16.679 | INFO     | __main__:log_results:113 - Efficiency (Pt_out - Pt_in) | mean_squared_error: 2.808033
2025-11-14 18:17:16.679 | INFO     | __main__:log_results:113 - Efficiency (Pt_out - Pt_in) | rmse: 1.675719
2025-11-14 18:17:16.679 | INFO     | __main__:log_results:113 - Efficiency (Pt_out - Pt_in) | mean_squared_log_error: 0.000708
2025-11-14 18:17:16.679 | INFO     | __main__:log_results:113 - Efficiency (Pt_out - Pt_in) | rmsle: 0.026608
2025-11-14 18:17:16.679 | INFO     | __main__:log_results:113 - Efficiency (Pt_out - Pt_in) | mean_absolute_percentage_error: 0.015060
2025-11-14 18:17:16.679 | INFO     | __main__:log_results:113 - Efficiency (Pt_out - Pt_in) | max_error: 7.386399
2025-11-14 18:17:16.679 | INFO     | __main__:log_results:113 - Efficiency (Pt_out - Pt_in) | mean_pinball_loss(alpha=0.5): 0.519547
2025-11-14 18:17:16.679 | INFO     | __main__:log_results:113 - Efficiency (Pt_out - Pt_in) | mean_poisson_deviance: 0.044631
2025-11-14 18:17:16.679 | INFO     | __main__:log_results:113 - Efficiency (Pt_out - Pt_in) | mean_gamma_deviance: 0.000728
2025-11-14 18:17:16.679 | INFO     | __main__:log_results:113 - Efficiency (Pt_out - Pt_in) | mean_tweedie_deviance(power=0.0): 2.808033
