2025-11-14 20:56:49.148 | INFO     | __main__:log_results:110 - num_trainval: 40
2025-11-14 20:56:49.148 | INFO     | __main__:log_results:110 - is_random_sample: True
2025-11-14 20:56:49.148 | INFO     | __main__:log_results:110 - which_FeatureAugmentation: 3
2025-11-14 20:56:49.148 | INFO     | __main__:log_results:110 - FeatureAugmentation_Runs: 2
2025-11-14 20:56:49.148 | INFO     | __main__:log_results:110 - x_transformer_type: standardize
2025-11-14 20:56:49.148 | INFO     | __main__:log_results:110 - y_transformer_type: standardize
2025-11-14 20:56:49.149 | INFO     | __main__:log_results:110 - num_trainval_slice: 40
2025-11-14 20:56:49.149 | INFO     | __main__:log_results:110 - EPOCH: 500
2025-11-14 20:56:49.149 | INFO     | __main__:log_results:110 - exp_name: DGP05_SciGP_Far2_v2
2025-11-14 20:56:49.149 | INFO     | __main__:log_results:110 - random_round_num: 2
2025-11-14 20:56:49.149 | INFO     | __main__:log_results:113 - Pt_in [Pa] | explained_variance_score: -0.839319
2025-11-14 20:56:49.149 | INFO     | __main__:log_results:113 - Pt_in [Pa] | r2_score: -0.865251
2025-11-14 20:56:49.149 | INFO     | __main__:log_results:113 - Pt_in [Pa] | d2_absolute_error_score: -0.159257
2025-11-14 20:56:49.149 | INFO     | __main__:log_results:113 - Pt_in [Pa] | d2_pinball_score: -0.159257
2025-11-14 20:56:49.149 | INFO     | __main__:log_results:113 - Pt_in [Pa] | d2_tweedie_score: -0.865251
2025-11-14 20:56:49.149 | INFO     | __main__:log_results:113 - Pt_in [Pa] | mean_absolute_error: 0.752597
2025-11-14 20:56:49.149 | INFO     | __main__:log_results:113 - Pt_in [Pa] | median_absolute_error: 0.593240
2025-11-14 20:56:49.150 | INFO     | __main__:log_results:113 - Pt_in [Pa] | mean_squared_error: 1.106116
2025-11-14 20:56:49.150 | INFO     | __main__:log_results:113 - Pt_in [Pa] | rmse: 1.051720
2025-11-14 20:56:49.150 | INFO     | __main__:log_results:113 - Pt_in [Pa] | mean_squared_log_error: 0.156216
2025-11-14 20:56:49.150 | INFO     | __main__:log_results:113 - Pt_in [Pa] | rmsle: 0.395242
2025-11-14 20:56:49.150 | INFO     | __main__:log_results:113 - Pt_in [Pa] | mean_absolute_percentage_error: 0.826367
2025-11-14 20:56:49.150 | INFO     | __main__:log_results:113 - Pt_in [Pa] | max_error: 4.157988
2025-11-14 20:56:49.150 | INFO     | __main__:log_results:113 - Pt_in [Pa] | mean_pinball_loss(alpha=0.5): 0.376298
2025-11-14 20:56:49.150 | INFO     | __main__:log_results:113 - Pt_in [Pa] | mean_poisson_deviance: nan
2025-11-14 20:56:49.150 | INFO     | __main__:log_results:113 - Pt_in [Pa] | mean_gamma_deviance: nan
2025-11-14 20:56:49.150 | INFO     | __main__:log_results:113 - Pt_in [Pa] | mean_tweedie_deviance(power=0.0): 1.106116
2025-11-14 20:56:49.150 | INFO     | __main__:log_results:113 - Pt_out [Pa] | explained_variance_score: 1.000000
2025-11-14 20:56:49.151 | INFO     | __main__:log_results:113 - Pt_out [Pa] | r2_score: 1.000000
2025-11-14 20:56:49.151 | INFO     | __main__:log_results:113 - Pt_out [Pa] | d2_absolute_error_score: 0.999972
2025-11-14 20:56:49.151 | INFO     | __main__:log_results:113 - Pt_out [Pa] | d2_pinball_score: 0.999972
2025-11-14 20:56:49.151 | INFO     | __main__:log_results:113 - Pt_out [Pa] | d2_tweedie_score: 1.000000
2025-11-14 20:56:49.151 | INFO     | __main__:log_results:113 - Pt_out [Pa] | mean_absolute_error: 0.717869
2025-11-14 20:56:49.151 | INFO     | __main__:log_results:113 - Pt_out [Pa] | median_absolute_error: 0.494360
2025-11-14 20:56:49.151 | INFO     | __main__:log_results:113 - Pt_out [Pa] | mean_squared_error: 1.070576
2025-11-14 20:56:49.151 | INFO     | __main__:log_results:113 - Pt_out [Pa] | rmse: 1.034687
2025-11-14 20:56:49.151 | INFO     | __main__:log_results:113 - Pt_out [Pa] | mean_squared_log_error: 0.000000
2025-11-14 20:56:49.151 | INFO     | __main__:log_results:113 - Pt_out [Pa] | rmsle: 0.000026
2025-11-14 20:56:49.151 | INFO     | __main__:log_results:113 - Pt_out [Pa] | mean_absolute_percentage_error: 0.000016
2025-11-14 20:56:49.152 | INFO     | __main__:log_results:113 - Pt_out [Pa] | max_error: 4.428066
2025-11-14 20:56:49.152 | INFO     | __main__:log_results:113 - Pt_out [Pa] | mean_pinball_loss(alpha=0.5): 0.358934
2025-11-14 20:56:49.152 | INFO     | __main__:log_results:113 - Pt_out [Pa] | mean_poisson_deviance: 0.000021
2025-11-14 20:56:49.152 | INFO     | __main__:log_results:113 - Pt_out [Pa] | mean_gamma_deviance: 0.000000
2025-11-14 20:56:49.152 | INFO     | __main__:log_results:113 - Pt_out [Pa] | mean_tweedie_deviance(power=0.0): 1.070576
2025-11-14 20:56:49.153 | INFO     | __main__:log_results:113 - Torque [N m] | explained_variance_score: 0.999214
2025-11-14 20:56:49.153 | INFO     | __main__:log_results:113 - Torque [N m] | r2_score: 0.999205
2025-11-14 20:56:49.153 | INFO     | __main__:log_results:113 - Torque [N m] | d2_absolute_error_score: 0.976872
2025-11-14 20:56:49.153 | INFO     | __main__:log_results:113 - Torque [N m] | d2_pinball_score: 0.976872
2025-11-14 20:56:49.154 | INFO     | __main__:log_results:113 - Torque [N m] | d2_tweedie_score: 0.999205
2025-11-14 20:56:49.154 | INFO     | __main__:log_results:113 - Torque [N m] | mean_absolute_error: 0.043380
2025-11-14 20:56:49.154 | INFO     | __main__:log_results:113 - Torque [N m] | median_absolute_error: 0.031238
2025-11-14 20:56:49.154 | INFO     | __main__:log_results:113 - Torque [N m] | mean_squared_error: 0.004603
2025-11-14 20:56:49.154 | INFO     | __main__:log_results:113 - Torque [N m] | rmse: 0.067843
2025-11-14 20:56:49.154 | INFO     | __main__:log_results:113 - Torque [N m] | mean_squared_log_error: 0.000229
2025-11-14 20:56:49.154 | INFO     | __main__:log_results:113 - Torque [N m] | rmsle: 0.015123
2025-11-14 20:56:49.155 | INFO     | __main__:log_results:113 - Torque [N m] | mean_absolute_percentage_error: 0.012278
2025-11-14 20:56:49.155 | INFO     | __main__:log_results:113 - Torque [N m] | max_error: 0.341285
2025-11-14 20:56:49.155 | INFO     | __main__:log_results:113 - Torque [N m] | mean_pinball_loss(alpha=0.5): 0.021690
2025-11-14 20:56:49.155 | INFO     | __main__:log_results:113 - Torque [N m] | mean_poisson_deviance: 0.001270
2025-11-14 20:56:49.155 | INFO     | __main__:log_results:113 - Torque [N m] | mean_gamma_deviance: 0.000475
2025-11-14 20:56:49.155 | INFO     | __main__:log_results:113 - Torque [N m] | mean_tweedie_deviance(power=0.0): 0.004603
2025-11-14 20:56:49.155 | INFO     | __main__:log_results:113 - Efficiency [%] | explained_variance_score: 0.981619
2025-11-14 20:56:49.155 | INFO     | __main__:log_results:113 - Efficiency [%] | r2_score: 0.981456
2025-11-14 20:56:49.155 | INFO     | __main__:log_results:113 - Efficiency [%] | d2_absolute_error_score: 0.902089
2025-11-14 20:56:49.155 | INFO     | __main__:log_results:113 - Efficiency [%] | d2_pinball_score: 0.902089
2025-11-14 20:56:49.155 | INFO     | __main__:log_results:113 - Efficiency [%] | d2_tweedie_score: 0.981456
2025-11-14 20:56:49.155 | INFO     | __main__:log_results:113 - Efficiency [%] | mean_absolute_error: 1.099654
2025-11-14 20:56:49.156 | INFO     | __main__:log_results:113 - Efficiency [%] | median_absolute_error: 0.734692
2025-11-14 20:56:49.156 | INFO     | __main__:log_results:113 - Efficiency [%] | mean_squared_error: 3.403464
2025-11-14 20:56:49.156 | INFO     | __main__:log_results:113 - Efficiency [%] | rmse: 1.844848
2025-11-14 20:56:49.156 | INFO     | __main__:log_results:113 - Efficiency [%] | mean_squared_log_error: 0.000735
2025-11-14 20:56:49.156 | INFO     | __main__:log_results:113 - Efficiency [%] | rmsle: 0.027116
2025-11-14 20:56:49.156 | INFO     | __main__:log_results:113 - Efficiency [%] | mean_absolute_percentage_error: 0.014931
2025-11-14 20:56:49.156 | INFO     | __main__:log_results:113 - Efficiency [%] | max_error: 9.728423
2025-11-14 20:56:49.156 | INFO     | __main__:log_results:113 - Efficiency [%] | mean_pinball_loss(alpha=0.5): 0.549827
2025-11-14 20:56:49.156 | INFO     | __main__:log_results:113 - Efficiency [%] | mean_poisson_deviance: 0.051004
2025-11-14 20:56:49.156 | INFO     | __main__:log_results:113 - Efficiency [%] | mean_gamma_deviance: 0.000783
2025-11-14 20:56:49.156 | INFO     | __main__:log_results:113 - Efficiency [%] | mean_tweedie_deviance(power=0.0): 3.403464
2025-11-14 20:56:49.156 | INFO     | __main__:log_results:113 - Efficiency (Pt_out - Pt_in) | explained_variance_score: 0.991707
2025-11-14 20:56:49.157 | INFO     | __main__:log_results:113 - Efficiency (Pt_out - Pt_in) | r2_score: 0.991503
2025-11-14 20:56:49.157 | INFO     | __main__:log_results:113 - Efficiency (Pt_out - Pt_in) | d2_absolute_error_score: 0.925873
2025-11-14 20:56:49.157 | INFO     | __main__:log_results:113 - Efficiency (Pt_out - Pt_in) | d2_pinball_score: 0.925873
2025-11-14 20:56:49.157 | INFO     | __main__:log_results:113 - Efficiency (Pt_out - Pt_in) | d2_tweedie_score: 0.991503
2025-11-14 20:56:49.157 | INFO     | __main__:log_results:113 - Efficiency (Pt_out - Pt_in) | mean_absolute_error: 0.866567
2025-11-14 20:56:49.157 | INFO     | __main__:log_results:113 - Efficiency (Pt_out - Pt_in) | median_absolute_error: 0.625925
2025-11-14 20:56:49.157 | INFO     | __main__:log_results:113 - Efficiency (Pt_out - Pt_in) | mean_squared_error: 1.685917
2025-11-14 20:56:49.157 | INFO     | __main__:log_results:113 - Efficiency (Pt_out - Pt_in) | rmse: 1.298429
2025-11-14 20:56:49.157 | INFO     | __main__:log_results:113 - Efficiency (Pt_out - Pt_in) | mean_squared_log_error: 0.000449
2025-11-14 20:56:49.157 | INFO     | __main__:log_results:113 - Efficiency (Pt_out - Pt_in) | rmsle: 0.021192
2025-11-14 20:56:49.157 | INFO     | __main__:log_results:113 - Efficiency (Pt_out - Pt_in) | mean_absolute_percentage_error: 0.012580
2025-11-14 20:56:49.157 | INFO     | __main__:log_results:113 - Efficiency (Pt_out - Pt_in) | max_error: 6.212344
2025-11-14 20:56:49.157 | INFO     | __main__:log_results:113 - Efficiency (Pt_out - Pt_in) | mean_pinball_loss(alpha=0.5): 0.433284
2025-11-14 20:56:49.157 | INFO     | __main__:log_results:113 - Efficiency (Pt_out - Pt_in) | mean_poisson_deviance: 0.027190
2025-11-14 20:56:49.157 | INFO     | __main__:log_results:113 - Efficiency (Pt_out - Pt_in) | mean_gamma_deviance: 0.000455
2025-11-14 20:56:49.158 | INFO     | __main__:log_results:113 - Efficiency (Pt_out - Pt_in) | mean_tweedie_deviance(power=0.0): 1.685917
