2025-11-14 20:56:40.313 | INFO     | __main__:log_results:110 - num_trainval: 20
2025-11-14 20:56:40.313 | INFO     | __main__:log_results:110 - is_random_sample: True
2025-11-14 20:56:40.313 | INFO     | __main__:log_results:110 - which_FeatureAugmentation: 3
2025-11-14 20:56:40.313 | INFO     | __main__:log_results:110 - FeatureAugmentation_Runs: 2
2025-11-14 20:56:40.313 | INFO     | __main__:log_results:110 - x_transformer_type: standardize
2025-11-14 20:56:40.313 | INFO     | __main__:log_results:110 - y_transformer_type: standardize
2025-11-14 20:56:40.313 | INFO     | __main__:log_results:110 - num_trainval_slice: 40
2025-11-14 20:56:40.313 | INFO     | __main__:log_results:110 - EPOCH: 500
2025-11-14 20:56:40.313 | INFO     | __main__:log_results:110 - exp_name: DGP05_SciGP_Far2_v2
2025-11-14 20:56:40.313 | INFO     | __main__:log_results:110 - random_round_num: 1
2025-11-14 20:56:40.313 | INFO     | __main__:log_results:113 - Pt_in [Pa] | explained_variance_score: -0.991190
2025-11-14 20:56:40.313 | INFO     | __main__:log_results:113 - Pt_in [Pa] | r2_score: -1.027830
2025-11-14 20:56:40.313 | INFO     | __main__:log_results:113 - Pt_in [Pa] | d2_absolute_error_score: -0.758748
2025-11-14 20:56:40.313 | INFO     | __main__:log_results:113 - Pt_in [Pa] | d2_pinball_score: -0.758748
2025-11-14 20:56:40.313 | INFO     | __main__:log_results:113 - Pt_in [Pa] | d2_tweedie_score: -1.027830
2025-11-14 20:56:40.314 | INFO     | __main__:log_results:113 - Pt_in [Pa] | mean_absolute_error: 0.732517
2025-11-14 20:56:40.314 | INFO     | __main__:log_results:113 - Pt_in [Pa] | median_absolute_error: 0.675021
2025-11-14 20:56:40.314 | INFO     | __main__:log_results:113 - Pt_in [Pa] | mean_squared_error: 0.788343
2025-11-14 20:56:40.314 | INFO     | __main__:log_results:113 - Pt_in [Pa] | rmse: 0.887887
2025-11-14 20:56:40.314 | INFO     | __main__:log_results:113 - Pt_in [Pa] | mean_squared_log_error: 0.124293
2025-11-14 20:56:40.314 | INFO     | __main__:log_results:113 - Pt_in [Pa] | rmsle: 0.352552
2025-11-14 20:56:40.314 | INFO     | __main__:log_results:113 - Pt_in [Pa] | mean_absolute_percentage_error: 0.571149
2025-11-14 20:56:40.314 | INFO     | __main__:log_results:113 - Pt_in [Pa] | max_error: 2.572875
2025-11-14 20:56:40.314 | INFO     | __main__:log_results:113 - Pt_in [Pa] | mean_pinball_loss(alpha=0.5): 0.366258
2025-11-14 20:56:40.314 | INFO     | __main__:log_results:113 - Pt_in [Pa] | mean_poisson_deviance: 0.656106
2025-11-14 20:56:40.314 | INFO     | __main__:log_results:113 - Pt_in [Pa] | mean_gamma_deviance: 1.649932
2025-11-14 20:56:40.314 | INFO     | __main__:log_results:113 - Pt_in [Pa] | mean_tweedie_deviance(power=0.0): 0.788343
2025-11-14 20:56:40.314 | INFO     | __main__:log_results:113 - Pt_out [Pa] | explained_variance_score: 0.999992
2025-11-14 20:56:40.314 | INFO     | __main__:log_results:113 - Pt_out [Pa] | r2_score: 0.999991
2025-11-14 20:56:40.314 | INFO     | __main__:log_results:113 - Pt_out [Pa] | d2_absolute_error_score: 0.998142
2025-11-14 20:56:40.314 | INFO     | __main__:log_results:113 - Pt_out [Pa] | d2_pinball_score: 0.998142
2025-11-14 20:56:40.314 | INFO     | __main__:log_results:113 - Pt_out [Pa] | d2_tweedie_score: 0.999991
2025-11-14 20:56:40.314 | INFO     | __main__:log_results:113 - Pt_out [Pa] | mean_absolute_error: 47.054689
2025-11-14 20:56:40.314 | INFO     | __main__:log_results:113 - Pt_out [Pa] | median_absolute_error: 18.754407
2025-11-14 20:56:40.314 | INFO     | __main__:log_results:113 - Pt_out [Pa] | mean_squared_error: 7042.497270
2025-11-14 20:56:40.314 | INFO     | __main__:log_results:113 - Pt_out [Pa] | rmse: 83.919588
2025-11-14 20:56:40.314 | INFO     | __main__:log_results:113 - Pt_out [Pa] | mean_squared_log_error: 0.000001
2025-11-14 20:56:40.315 | INFO     | __main__:log_results:113 - Pt_out [Pa] | rmsle: 0.001120
2025-11-14 20:56:40.315 | INFO     | __main__:log_results:113 - Pt_out [Pa] | mean_absolute_percentage_error: 0.000721
2025-11-14 20:56:40.315 | INFO     | __main__:log_results:113 - Pt_out [Pa] | max_error: 355.896454
2025-11-14 20:56:40.315 | INFO     | __main__:log_results:113 - Pt_out [Pa] | mean_pinball_loss(alpha=0.5): 23.527344
2025-11-14 20:56:40.315 | INFO     | __main__:log_results:113 - Pt_out [Pa] | mean_poisson_deviance: 0.089510
2025-11-14 20:56:40.315 | INFO     | __main__:log_results:113 - Pt_out [Pa] | mean_gamma_deviance: 0.000001
2025-11-14 20:56:40.315 | INFO     | __main__:log_results:113 - Pt_out [Pa] | mean_tweedie_deviance(power=0.0): 7042.497270
2025-11-14 20:56:40.315 | INFO     | __main__:log_results:113 - Torque [N m] | explained_variance_score: 0.990500
2025-11-14 20:56:40.315 | INFO     | __main__:log_results:113 - Torque [N m] | r2_score: 0.990145
2025-11-14 20:56:40.315 | INFO     | __main__:log_results:113 - Torque [N m] | d2_absolute_error_score: 0.916877
2025-11-14 20:56:40.315 | INFO     | __main__:log_results:113 - Torque [N m] | d2_pinball_score: 0.916877
2025-11-14 20:56:40.315 | INFO     | __main__:log_results:113 - Torque [N m] | d2_tweedie_score: 0.990145
2025-11-14 20:56:40.315 | INFO     | __main__:log_results:113 - Torque [N m] | mean_absolute_error: 0.149294
2025-11-14 20:56:40.315 | INFO     | __main__:log_results:113 - Torque [N m] | median_absolute_error: 0.107724
2025-11-14 20:56:40.315 | INFO     | __main__:log_results:113 - Torque [N m] | mean_squared_error: 0.051740
2025-11-14 20:56:40.315 | INFO     | __main__:log_results:113 - Torque [N m] | rmse: 0.227465
2025-11-14 20:56:40.315 | INFO     | __main__:log_results:113 - Torque [N m] | mean_squared_log_error: 0.001599
2025-11-14 20:56:40.315 | INFO     | __main__:log_results:113 - Torque [N m] | rmsle: 0.039984
2025-11-14 20:56:40.315 | INFO     | __main__:log_results:113 - Torque [N m] | mean_absolute_percentage_error: 0.040007
2025-11-14 20:56:40.315 | INFO     | __main__:log_results:113 - Torque [N m] | max_error: 0.934425
2025-11-14 20:56:40.315 | INFO     | __main__:log_results:113 - Torque [N m] | mean_pinball_loss(alpha=0.5): 0.074647
2025-11-14 20:56:40.316 | INFO     | __main__:log_results:113 - Torque [N m] | mean_poisson_deviance: 0.010058
2025-11-14 20:56:40.316 | INFO     | __main__:log_results:113 - Torque [N m] | mean_gamma_deviance: 0.003519
2025-11-14 20:56:40.316 | INFO     | __main__:log_results:113 - Torque [N m] | mean_tweedie_deviance(power=0.0): 0.051740
2025-11-14 20:56:40.316 | INFO     | __main__:log_results:113 - Efficiency [%] | explained_variance_score: 0.941849
2025-11-14 20:56:40.316 | INFO     | __main__:log_results:113 - Efficiency [%] | r2_score: 0.934473
2025-11-14 20:56:40.316 | INFO     | __main__:log_results:113 - Efficiency [%] | d2_absolute_error_score: 0.822479
2025-11-14 20:56:40.316 | INFO     | __main__:log_results:113 - Efficiency [%] | d2_pinball_score: 0.822479
2025-11-14 20:56:40.316 | INFO     | __main__:log_results:113 - Efficiency [%] | d2_tweedie_score: 0.934473
2025-11-14 20:56:40.316 | INFO     | __main__:log_results:113 - Efficiency [%] | mean_absolute_error: 2.053663
2025-11-14 20:56:40.316 | INFO     | __main__:log_results:113 - Efficiency [%] | median_absolute_error: 0.900167
2025-11-14 20:56:40.316 | INFO     | __main__:log_results:113 - Efficiency [%] | mean_squared_error: 12.079815
2025-11-14 20:56:40.316 | INFO     | __main__:log_results:113 - Efficiency [%] | rmse: 3.475603
2025-11-14 20:56:40.316 | INFO     | __main__:log_results:113 - Efficiency [%] | mean_squared_log_error: 0.001938
2025-11-14 20:56:40.316 | INFO     | __main__:log_results:113 - Efficiency [%] | rmsle: 0.044028
2025-11-14 20:56:40.316 | INFO     | __main__:log_results:113 - Efficiency [%] | mean_absolute_percentage_error: 0.027897
2025-11-14 20:56:40.316 | INFO     | __main__:log_results:113 - Efficiency [%] | max_error: 13.731035
2025-11-14 20:56:40.316 | INFO     | __main__:log_results:113 - Efficiency [%] | mean_pinball_loss(alpha=0.5): 1.026831
2025-11-14 20:56:40.316 | INFO     | __main__:log_results:113 - Efficiency [%] | mean_poisson_deviance: 0.150991
2025-11-14 20:56:40.316 | INFO     | __main__:log_results:113 - Efficiency [%] | mean_gamma_deviance: 0.001921
2025-11-14 20:56:40.316 | INFO     | __main__:log_results:113 - Efficiency [%] | mean_tweedie_deviance(power=0.0): 12.079815
2025-11-14 20:56:40.316 | INFO     | __main__:log_results:113 - Efficiency (Pt_out - Pt_in) | explained_variance_score: 0.899645
2025-11-14 20:56:40.317 | INFO     | __main__:log_results:113 - Efficiency (Pt_out - Pt_in) | r2_score: 0.899585
2025-11-14 20:56:40.317 | INFO     | __main__:log_results:113 - Efficiency (Pt_out - Pt_in) | d2_absolute_error_score: 0.730388
2025-11-14 20:56:40.317 | INFO     | __main__:log_results:113 - Efficiency (Pt_out - Pt_in) | d2_pinball_score: 0.730388
2025-11-14 20:56:40.317 | INFO     | __main__:log_results:113 - Efficiency (Pt_out - Pt_in) | d2_tweedie_score: 0.899585
2025-11-14 20:56:40.317 | INFO     | __main__:log_results:113 - Efficiency (Pt_out - Pt_in) | mean_absolute_error: 3.154564
2025-11-14 20:56:40.317 | INFO     | __main__:log_results:113 - Efficiency (Pt_out - Pt_in) | median_absolute_error: 2.010419
2025-11-14 20:56:40.317 | INFO     | __main__:log_results:113 - Efficiency (Pt_out - Pt_in) | mean_squared_error: 20.532683
2025-11-14 20:56:40.317 | INFO     | __main__:log_results:113 - Efficiency (Pt_out - Pt_in) | rmse: 4.531300
2025-11-14 20:56:40.317 | INFO     | __main__:log_results:113 - Efficiency (Pt_out - Pt_in) | mean_squared_log_error: 0.003458
2025-11-14 20:56:40.317 | INFO     | __main__:log_results:113 - Efficiency (Pt_out - Pt_in) | rmsle: 0.058804
2025-11-14 20:56:40.317 | INFO     | __main__:log_results:113 - Efficiency (Pt_out - Pt_in) | mean_absolute_percentage_error: 0.041331
2025-11-14 20:56:40.317 | INFO     | __main__:log_results:113 - Efficiency (Pt_out - Pt_in) | max_error: 15.047353
2025-11-14 20:56:40.317 | INFO     | __main__:log_results:113 - Efficiency (Pt_out - Pt_in) | mean_pinball_loss(alpha=0.5): 1.577282
2025-11-14 20:56:40.317 | INFO     | __main__:log_results:113 - Efficiency (Pt_out - Pt_in) | mean_poisson_deviance: 0.263641
2025-11-14 20:56:40.317 | INFO     | __main__:log_results:113 - Efficiency (Pt_out - Pt_in) | mean_gamma_deviance: 0.003523
2025-11-14 20:56:40.317 | INFO     | __main__:log_results:113 - Efficiency (Pt_out - Pt_in) | mean_tweedie_deviance(power=0.0): 20.532683
