2025-11-14 18:04:00.012 | INFO     | __main__:log_results:110 - num_trainval: 30
2025-11-14 18:04:00.012 | INFO     | __main__:log_results:110 - is_random_sample: True
2025-11-14 18:04:00.012 | INFO     | __main__:log_results:110 - which_FeatureAugmentation: 3
2025-11-14 18:04:00.013 | INFO     | __main__:log_results:110 - FeatureAugmentation_Runs: 2
2025-11-14 18:04:00.013 | INFO     | __main__:log_results:110 - x_transformer_type: standardize
2025-11-14 18:04:00.013 | INFO     | __main__:log_results:110 - y_transformer_type: standardize
2025-11-14 18:04:00.013 | INFO     | __main__:log_results:110 - num_trainval_slice: 40
2025-11-14 18:04:00.013 | INFO     | __main__:log_results:110 - EPOCH: 500
2025-11-14 18:04:00.013 | INFO     | __main__:log_results:110 - exp_name: DGP05_SciGP_Far2
2025-11-14 18:04:00.013 | INFO     | __main__:log_results:110 - random_round_num: 6
2025-11-14 18:04:00.013 | INFO     | __main__:log_results:113 - Pt_in [Pa] | explained_variance_score: -0.909993
2025-11-14 18:04:00.013 | INFO     | __main__:log_results:113 - Pt_in [Pa] | r2_score: -0.985804
2025-11-14 18:04:00.013 | INFO     | __main__:log_results:113 - Pt_in [Pa] | d2_absolute_error_score: -0.056408
2025-11-14 18:04:00.013 | INFO     | __main__:log_results:113 - Pt_in [Pa] | d2_pinball_score: -0.056408
2025-11-14 18:04:00.013 | INFO     | __main__:log_results:113 - Pt_in [Pa] | d2_tweedie_score: -0.985804
2025-11-14 18:04:00.013 | INFO     | __main__:log_results:113 - Pt_in [Pa] | mean_absolute_error: 0.813159
2025-11-14 18:04:00.013 | INFO     | __main__:log_results:113 - Pt_in [Pa] | median_absolute_error: 0.507538
2025-11-14 18:04:00.014 | INFO     | __main__:log_results:113 - Pt_in [Pa] | mean_squared_error: 1.542770
2025-11-14 18:04:00.014 | INFO     | __main__:log_results:113 - Pt_in [Pa] | rmse: 1.242083
2025-11-14 18:04:00.014 | INFO     | __main__:log_results:113 - Pt_in [Pa] | mean_squared_log_error: 0.226864
2025-11-14 18:04:00.014 | INFO     | __main__:log_results:113 - Pt_in [Pa] | rmsle: 0.476302
2025-11-14 18:04:00.014 | INFO     | __main__:log_results:113 - Pt_in [Pa] | mean_absolute_percentage_error: 3.630531
2025-11-14 18:04:00.014 | INFO     | __main__:log_results:113 - Pt_in [Pa] | max_error: 4.908221
2025-11-14 18:04:00.014 | INFO     | __main__:log_results:113 - Pt_in [Pa] | mean_pinball_loss(alpha=0.5): 0.406579
2025-11-14 18:04:00.014 | INFO     | __main__:log_results:113 - Pt_in [Pa] | mean_poisson_deviance: nan
2025-11-14 18:04:00.014 | INFO     | __main__:log_results:113 - Pt_in [Pa] | mean_gamma_deviance: nan
2025-11-14 18:04:00.014 | INFO     | __main__:log_results:113 - Pt_in [Pa] | mean_tweedie_deviance(power=0.0): 1.542770
2025-11-14 18:04:00.014 | INFO     | __main__:log_results:113 - Pt_out [Pa] | explained_variance_score: 1.000000
2025-11-14 18:04:00.014 | INFO     | __main__:log_results:113 - Pt_out [Pa] | r2_score: 1.000000
2025-11-14 18:04:00.014 | INFO     | __main__:log_results:113 - Pt_out [Pa] | d2_absolute_error_score: 0.999843
2025-11-14 18:04:00.014 | INFO     | __main__:log_results:113 - Pt_out [Pa] | d2_pinball_score: 0.999843
2025-11-14 18:04:00.014 | INFO     | __main__:log_results:113 - Pt_out [Pa] | d2_tweedie_score: 1.000000
2025-11-14 18:04:00.015 | INFO     | __main__:log_results:113 - Pt_out [Pa] | mean_absolute_error: 3.968161
2025-11-14 18:04:00.015 | INFO     | __main__:log_results:113 - Pt_out [Pa] | median_absolute_error: 1.851603
2025-11-14 18:04:00.015 | INFO     | __main__:log_results:113 - Pt_out [Pa] | mean_squared_error: 65.903102
2025-11-14 18:04:00.015 | INFO     | __main__:log_results:113 - Pt_out [Pa] | rmse: 8.118073
2025-11-14 18:04:00.015 | INFO     | __main__:log_results:113 - Pt_out [Pa] | mean_squared_log_error: 0.000000
2025-11-14 18:04:00.015 | INFO     | __main__:log_results:113 - Pt_out [Pa] | rmsle: 0.000104
2025-11-14 18:04:00.015 | INFO     | __main__:log_results:113 - Pt_out [Pa] | mean_absolute_percentage_error: 0.000065
2025-11-14 18:04:00.015 | INFO     | __main__:log_results:113 - Pt_out [Pa] | max_error: 47.391027
2025-11-14 18:04:00.015 | INFO     | __main__:log_results:113 - Pt_out [Pa] | mean_pinball_loss(alpha=0.5): 1.984081
2025-11-14 18:04:00.015 | INFO     | __main__:log_results:113 - Pt_out [Pa] | mean_poisson_deviance: 0.000748
2025-11-14 18:04:00.015 | INFO     | __main__:log_results:113 - Pt_out [Pa] | mean_gamma_deviance: 0.000000
2025-11-14 18:04:00.015 | INFO     | __main__:log_results:113 - Pt_out [Pa] | mean_tweedie_deviance(power=0.0): 65.903102
2025-11-14 18:04:00.015 | INFO     | __main__:log_results:113 - Torque [N m] | explained_variance_score: 0.998345
2025-11-14 18:04:00.015 | INFO     | __main__:log_results:113 - Torque [N m] | r2_score: 0.998333
2025-11-14 18:04:00.015 | INFO     | __main__:log_results:113 - Torque [N m] | d2_absolute_error_score: 0.967517
2025-11-14 18:04:00.015 | INFO     | __main__:log_results:113 - Torque [N m] | d2_pinball_score: 0.967517
2025-11-14 18:04:00.016 | INFO     | __main__:log_results:113 - Torque [N m] | d2_tweedie_score: 0.998333
2025-11-14 18:04:00.016 | INFO     | __main__:log_results:113 - Torque [N m] | mean_absolute_error: 0.060632
2025-11-14 18:04:00.016 | INFO     | __main__:log_results:113 - Torque [N m] | median_absolute_error: 0.027645
2025-11-14 18:04:00.016 | INFO     | __main__:log_results:113 - Torque [N m] | mean_squared_error: 0.009837
2025-11-14 18:04:00.016 | INFO     | __main__:log_results:113 - Torque [N m] | rmse: 0.099181
2025-11-14 18:04:00.016 | INFO     | __main__:log_results:113 - Torque [N m] | mean_squared_log_error: 0.000550
2025-11-14 18:04:00.016 | INFO     | __main__:log_results:113 - Torque [N m] | rmsle: 0.023449
2025-11-14 18:04:00.016 | INFO     | __main__:log_results:113 - Torque [N m] | mean_absolute_percentage_error: 0.016543
2025-11-14 18:04:00.016 | INFO     | __main__:log_results:113 - Torque [N m] | max_error: 0.457102
2025-11-14 18:04:00.016 | INFO     | __main__:log_results:113 - Torque [N m] | mean_pinball_loss(alpha=0.5): 0.030316
2025-11-14 18:04:00.016 | INFO     | __main__:log_results:113 - Torque [N m] | mean_poisson_deviance: 0.002957
2025-11-14 18:04:00.016 | INFO     | __main__:log_results:113 - Torque [N m] | mean_gamma_deviance: 0.001199
2025-11-14 18:04:00.016 | INFO     | __main__:log_results:113 - Torque [N m] | mean_tweedie_deviance(power=0.0): 0.009837
2025-11-14 18:04:00.016 | INFO     | __main__:log_results:113 - Efficiency [%] | explained_variance_score: 0.969237
2025-11-14 18:04:00.016 | INFO     | __main__:log_results:113 - Efficiency [%] | r2_score: 0.968431
2025-11-14 18:04:00.016 | INFO     | __main__:log_results:113 - Efficiency [%] | d2_absolute_error_score: 0.879858
2025-11-14 18:04:00.016 | INFO     | __main__:log_results:113 - Efficiency [%] | d2_pinball_score: 0.879858
2025-11-14 18:04:00.017 | INFO     | __main__:log_results:113 - Efficiency [%] | d2_tweedie_score: 0.968431
2025-11-14 18:04:00.017 | INFO     | __main__:log_results:113 - Efficiency [%] | mean_absolute_error: 1.330203
2025-11-14 18:04:00.017 | INFO     | __main__:log_results:113 - Efficiency [%] | median_absolute_error: 0.592186
2025-11-14 18:04:00.017 | INFO     | __main__:log_results:113 - Efficiency [%] | mean_squared_error: 5.842112
2025-11-14 18:04:00.017 | INFO     | __main__:log_results:113 - Efficiency [%] | rmse: 2.417046
2025-11-14 18:04:00.017 | INFO     | __main__:log_results:113 - Efficiency [%] | mean_squared_log_error: 0.001432
2025-11-14 18:04:00.017 | INFO     | __main__:log_results:113 - Efficiency [%] | rmsle: 0.037845
2025-11-14 18:04:00.017 | INFO     | __main__:log_results:113 - Efficiency [%] | mean_absolute_percentage_error: 0.019069
2025-11-14 18:04:00.017 | INFO     | __main__:log_results:113 - Efficiency [%] | max_error: 11.249727
2025-11-14 18:04:00.017 | INFO     | __main__:log_results:113 - Efficiency [%] | mean_pinball_loss(alpha=0.5): 0.665102
2025-11-14 18:04:00.017 | INFO     | __main__:log_results:113 - Efficiency [%] | mean_poisson_deviance: 0.092631
2025-11-14 18:04:00.017 | INFO     | __main__:log_results:113 - Efficiency [%] | mean_gamma_deviance: 0.001500
2025-11-14 18:04:00.017 | INFO     | __main__:log_results:113 - Efficiency [%] | mean_tweedie_deviance(power=0.0): 5.842112
2025-11-14 18:04:00.017 | INFO     | __main__:log_results:113 - Efficiency (Pt_out - Pt_in) | explained_variance_score: 0.981383
2025-11-14 18:04:00.017 | INFO     | __main__:log_results:113 - Efficiency (Pt_out - Pt_in) | r2_score: 0.981288
2025-11-14 18:04:00.017 | INFO     | __main__:log_results:113 - Efficiency (Pt_out - Pt_in) | d2_absolute_error_score: 0.899550
2025-11-14 18:04:00.017 | INFO     | __main__:log_results:113 - Efficiency (Pt_out - Pt_in) | d2_pinball_score: 0.899550
2025-11-14 18:04:00.017 | INFO     | __main__:log_results:113 - Efficiency (Pt_out - Pt_in) | d2_tweedie_score: 0.981288
2025-11-14 18:04:00.017 | INFO     | __main__:log_results:113 - Efficiency (Pt_out - Pt_in) | mean_absolute_error: 1.156187
2025-11-14 18:04:00.018 | INFO     | __main__:log_results:113 - Efficiency (Pt_out - Pt_in) | median_absolute_error: 0.780284
2025-11-14 18:04:00.018 | INFO     | __main__:log_results:113 - Efficiency (Pt_out - Pt_in) | mean_squared_error: 3.773607
2025-11-14 18:04:00.018 | INFO     | __main__:log_results:113 - Efficiency (Pt_out - Pt_in) | rmse: 1.942577
2025-11-14 18:04:00.018 | INFO     | __main__:log_results:113 - Efficiency (Pt_out - Pt_in) | mean_squared_log_error: 0.001103
2025-11-14 18:04:00.018 | INFO     | __main__:log_results:113 - Efficiency (Pt_out - Pt_in) | rmsle: 0.033217
2025-11-14 18:04:00.018 | INFO     | __main__:log_results:113 - Efficiency (Pt_out - Pt_in) | mean_absolute_percentage_error: 0.017289
2025-11-14 18:04:00.018 | INFO     | __main__:log_results:113 - Efficiency (Pt_out - Pt_in) | max_error: 11.595121
2025-11-14 18:04:00.018 | INFO     | __main__:log_results:113 - Efficiency (Pt_out - Pt_in) | mean_pinball_loss(alpha=0.5): 0.578093
2025-11-14 18:04:00.018 | INFO     | __main__:log_results:113 - Efficiency (Pt_out - Pt_in) | mean_poisson_deviance: 0.063303
2025-11-14 18:04:00.018 | INFO     | __main__:log_results:113 - Efficiency (Pt_out - Pt_in) | mean_gamma_deviance: 0.001094
2025-11-14 18:04:00.018 | INFO     | __main__:log_results:113 - Efficiency (Pt_out - Pt_in) | mean_tweedie_deviance(power=0.0): 3.773607
