2025-11-14 21:02:53.584 | INFO     | __main__:log_results:110 - num_trainval: 130
2025-11-14 21:02:53.584 | INFO     | __main__:log_results:110 - is_random_sample: True
2025-11-14 21:02:53.584 | INFO     | __main__:log_results:110 - which_FeatureAugmentation: 3
2025-11-14 21:02:53.585 | INFO     | __main__:log_results:110 - FeatureAugmentation_Runs: 2
2025-11-14 21:02:53.585 | INFO     | __main__:log_results:110 - x_transformer_type: standardize
2025-11-14 21:02:53.585 | INFO     | __main__:log_results:110 - y_transformer_type: standardize
2025-11-14 21:02:53.585 | INFO     | __main__:log_results:110 - num_trainval_slice: 40
2025-11-14 21:02:53.585 | INFO     | __main__:log_results:110 - EPOCH: 500
2025-11-14 21:02:53.585 | INFO     | __main__:log_results:110 - exp_name: DGP05_SciGP_Far2_v2
2025-11-14 21:02:53.585 | INFO     | __main__:log_results:110 - random_round_num: 2
2025-11-14 21:02:53.585 | INFO     | __main__:log_results:113 - Pt_in [Pa] | explained_variance_score: 0.657770
2025-11-14 21:02:53.585 | INFO     | __main__:log_results:113 - Pt_in [Pa] | r2_score: 0.657677
2025-11-14 21:02:53.585 | INFO     | __main__:log_results:113 - Pt_in [Pa] | d2_absolute_error_score: 0.423217
2025-11-14 21:02:53.585 | INFO     | __main__:log_results:113 - Pt_in [Pa] | d2_pinball_score: 0.423217
2025-11-14 21:02:53.585 | INFO     | __main__:log_results:113 - Pt_in [Pa] | d2_tweedie_score: 0.657677
2025-11-14 21:02:53.585 | INFO     | __main__:log_results:113 - Pt_in [Pa] | mean_absolute_error: 0.457641
2025-11-14 21:02:53.585 | INFO     | __main__:log_results:113 - Pt_in [Pa] | median_absolute_error: 0.295454
2025-11-14 21:02:53.586 | INFO     | __main__:log_results:113 - Pt_in [Pa] | mean_squared_error: 0.383069
2025-11-14 21:02:53.586 | INFO     | __main__:log_results:113 - Pt_in [Pa] | rmse: 0.618926
2025-11-14 21:02:53.586 | INFO     | __main__:log_results:113 - Pt_in [Pa] | mean_squared_log_error: 0.077137
2025-11-14 21:02:53.586 | INFO     | __main__:log_results:113 - Pt_in [Pa] | rmsle: 0.277736
2025-11-14 21:02:53.586 | INFO     | __main__:log_results:113 - Pt_in [Pa] | mean_absolute_percentage_error: 0.431807
2025-11-14 21:02:53.586 | INFO     | __main__:log_results:113 - Pt_in [Pa] | max_error: 1.860996
2025-11-14 21:02:53.586 | INFO     | __main__:log_results:113 - Pt_in [Pa] | mean_pinball_loss(alpha=0.5): 0.228821
2025-11-14 21:02:53.586 | INFO     | __main__:log_results:113 - Pt_in [Pa] | mean_poisson_deviance: 0.393931
2025-11-14 21:02:53.586 | INFO     | __main__:log_results:113 - Pt_in [Pa] | mean_gamma_deviance: 0.906573
2025-11-14 21:02:53.586 | INFO     | __main__:log_results:113 - Pt_in [Pa] | mean_tweedie_deviance(power=0.0): 0.383069
2025-11-14 21:02:53.586 | INFO     | __main__:log_results:113 - Pt_out [Pa] | explained_variance_score: 1.000000
2025-11-14 21:02:53.586 | INFO     | __main__:log_results:113 - Pt_out [Pa] | r2_score: 1.000000
2025-11-14 21:02:53.586 | INFO     | __main__:log_results:113 - Pt_out [Pa] | d2_absolute_error_score: 0.999980
2025-11-14 21:02:53.586 | INFO     | __main__:log_results:113 - Pt_out [Pa] | d2_pinball_score: 0.999980
2025-11-14 21:02:53.586 | INFO     | __main__:log_results:113 - Pt_out [Pa] | d2_tweedie_score: 1.000000
2025-11-14 21:02:53.586 | INFO     | __main__:log_results:113 - Pt_out [Pa] | mean_absolute_error: 0.514300
2025-11-14 21:02:53.586 | INFO     | __main__:log_results:113 - Pt_out [Pa] | median_absolute_error: 0.412139
2025-11-14 21:02:53.587 | INFO     | __main__:log_results:113 - Pt_out [Pa] | mean_squared_error: 0.425706
2025-11-14 21:02:53.587 | INFO     | __main__:log_results:113 - Pt_out [Pa] | rmse: 0.652462
2025-11-14 21:02:53.587 | INFO     | __main__:log_results:113 - Pt_out [Pa] | mean_squared_log_error: 0.000000
2025-11-14 21:02:53.587 | INFO     | __main__:log_results:113 - Pt_out [Pa] | rmsle: 0.000017
2025-11-14 21:02:53.587 | INFO     | __main__:log_results:113 - Pt_out [Pa] | mean_absolute_percentage_error: 0.000012
2025-11-14 21:02:53.587 | INFO     | __main__:log_results:113 - Pt_out [Pa] | max_error: 1.815333
2025-11-14 21:02:53.587 | INFO     | __main__:log_results:113 - Pt_out [Pa] | mean_pinball_loss(alpha=0.5): 0.257150
2025-11-14 21:02:53.587 | INFO     | __main__:log_results:113 - Pt_out [Pa] | mean_poisson_deviance: 0.000009
2025-11-14 21:02:53.587 | INFO     | __main__:log_results:113 - Pt_out [Pa] | mean_gamma_deviance: 0.000000
2025-11-14 21:02:53.587 | INFO     | __main__:log_results:113 - Pt_out [Pa] | mean_tweedie_deviance(power=0.0): 0.425706
2025-11-14 21:02:53.587 | INFO     | __main__:log_results:113 - Torque [N m] | explained_variance_score: 0.999399
2025-11-14 21:02:53.587 | INFO     | __main__:log_results:113 - Torque [N m] | r2_score: 0.999396
2025-11-14 21:02:53.587 | INFO     | __main__:log_results:113 - Torque [N m] | d2_absolute_error_score: 0.977948
2025-11-14 21:02:53.587 | INFO     | __main__:log_results:113 - Torque [N m] | d2_pinball_score: 0.977948
2025-11-14 21:02:53.587 | INFO     | __main__:log_results:113 - Torque [N m] | d2_tweedie_score: 0.999396
2025-11-14 21:02:53.588 | INFO     | __main__:log_results:113 - Torque [N m] | mean_absolute_error: 0.041915
2025-11-14 21:02:53.588 | INFO     | __main__:log_results:113 - Torque [N m] | median_absolute_error: 0.030070
2025-11-14 21:02:53.588 | INFO     | __main__:log_results:113 - Torque [N m] | mean_squared_error: 0.003603
2025-11-14 21:02:53.588 | INFO     | __main__:log_results:113 - Torque [N m] | rmse: 0.060024
2025-11-14 21:02:53.588 | INFO     | __main__:log_results:113 - Torque [N m] | mean_squared_log_error: 0.000182
2025-11-14 21:02:53.588 | INFO     | __main__:log_results:113 - Torque [N m] | rmsle: 0.013508
2025-11-14 21:02:53.588 | INFO     | __main__:log_results:113 - Torque [N m] | mean_absolute_percentage_error: 0.011761
2025-11-14 21:02:53.588 | INFO     | __main__:log_results:113 - Torque [N m] | max_error: 0.245096
2025-11-14 21:02:53.588 | INFO     | __main__:log_results:113 - Torque [N m] | mean_pinball_loss(alpha=0.5): 0.020957
2025-11-14 21:02:53.588 | INFO     | __main__:log_results:113 - Torque [N m] | mean_poisson_deviance: 0.001005
2025-11-14 21:02:53.588 | INFO     | __main__:log_results:113 - Torque [N m] | mean_gamma_deviance: 0.000339
2025-11-14 21:02:53.588 | INFO     | __main__:log_results:113 - Torque [N m] | mean_tweedie_deviance(power=0.0): 0.003603
2025-11-14 21:02:53.588 | INFO     | __main__:log_results:113 - Efficiency [%] | explained_variance_score: 0.987703
2025-11-14 21:02:53.588 | INFO     | __main__:log_results:113 - Efficiency [%] | r2_score: 0.987507
2025-11-14 21:02:53.588 | INFO     | __main__:log_results:113 - Efficiency [%] | d2_absolute_error_score: 0.917074
2025-11-14 21:02:53.589 | INFO     | __main__:log_results:113 - Efficiency [%] | d2_pinball_score: 0.917074
2025-11-14 21:02:53.589 | INFO     | __main__:log_results:113 - Efficiency [%] | d2_tweedie_score: 0.987507
2025-11-14 21:02:53.589 | INFO     | __main__:log_results:113 - Efficiency [%] | mean_absolute_error: 0.919888
2025-11-14 21:02:53.589 | INFO     | __main__:log_results:113 - Efficiency [%] | median_absolute_error: 0.514514
2025-11-14 21:02:53.589 | INFO     | __main__:log_results:113 - Efficiency [%] | mean_squared_error: 2.191672
2025-11-14 21:02:53.589 | INFO     | __main__:log_results:113 - Efficiency [%] | rmse: 1.480430
2025-11-14 21:02:53.589 | INFO     | __main__:log_results:113 - Efficiency [%] | mean_squared_log_error: 0.000536
2025-11-14 21:02:53.589 | INFO     | __main__:log_results:113 - Efficiency [%] | rmsle: 0.023141
2025-11-14 21:02:53.589 | INFO     | __main__:log_results:113 - Efficiency [%] | mean_absolute_percentage_error: 0.013095
2025-11-14 21:02:53.589 | INFO     | __main__:log_results:113 - Efficiency [%] | max_error: 6.111710
2025-11-14 21:02:53.589 | INFO     | __main__:log_results:113 - Efficiency [%] | mean_pinball_loss(alpha=0.5): 0.459944
2025-11-14 21:02:53.589 | INFO     | __main__:log_results:113 - Efficiency [%] | mean_poisson_deviance: 0.034816
2025-11-14 21:02:53.589 | INFO     | __main__:log_results:113 - Efficiency [%] | mean_gamma_deviance: 0.000564
2025-11-14 21:02:53.589 | INFO     | __main__:log_results:113 - Efficiency [%] | mean_tweedie_deviance(power=0.0): 2.191672
2025-11-14 21:02:53.589 | INFO     | __main__:log_results:113 - Efficiency (Pt_out - Pt_in) | explained_variance_score: 0.992122
2025-11-14 21:02:53.590 | INFO     | __main__:log_results:113 - Efficiency (Pt_out - Pt_in) | r2_score: 0.992121
2025-11-14 21:02:53.590 | INFO     | __main__:log_results:113 - Efficiency (Pt_out - Pt_in) | d2_absolute_error_score: 0.924478
2025-11-14 21:02:53.590 | INFO     | __main__:log_results:113 - Efficiency (Pt_out - Pt_in) | d2_pinball_score: 0.924478
2025-11-14 21:02:53.590 | INFO     | __main__:log_results:113 - Efficiency (Pt_out - Pt_in) | d2_tweedie_score: 0.992121
2025-11-14 21:02:53.590 | INFO     | __main__:log_results:113 - Efficiency (Pt_out - Pt_in) | mean_absolute_error: 0.843148
2025-11-14 21:02:53.590 | INFO     | __main__:log_results:113 - Efficiency (Pt_out - Pt_in) | median_absolute_error: 0.634677
2025-11-14 21:02:53.590 | INFO     | __main__:log_results:113 - Efficiency (Pt_out - Pt_in) | mean_squared_error: 1.401905
2025-11-14 21:02:53.590 | INFO     | __main__:log_results:113 - Efficiency (Pt_out - Pt_in) | rmse: 1.184021
2025-11-14 21:02:53.590 | INFO     | __main__:log_results:113 - Efficiency (Pt_out - Pt_in) | mean_squared_log_error: 0.000333
2025-11-14 21:02:53.590 | INFO     | __main__:log_results:113 - Efficiency (Pt_out - Pt_in) | rmsle: 0.018247
2025-11-14 21:02:53.590 | INFO     | __main__:log_results:113 - Efficiency (Pt_out - Pt_in) | mean_absolute_percentage_error: 0.011593
2025-11-14 21:02:53.590 | INFO     | __main__:log_results:113 - Efficiency (Pt_out - Pt_in) | max_error: 5.439521
2025-11-14 21:02:53.590 | INFO     | __main__:log_results:113 - Efficiency (Pt_out - Pt_in) | mean_pinball_loss(alpha=0.5): 0.421574
2025-11-14 21:02:53.590 | INFO     | __main__:log_results:113 - Efficiency (Pt_out - Pt_in) | mean_poisson_deviance: 0.021724
2025-11-14 21:02:53.590 | INFO     | __main__:log_results:113 - Efficiency (Pt_out - Pt_in) | mean_gamma_deviance: 0.000349
2025-11-14 21:02:53.590 | INFO     | __main__:log_results:113 - Efficiency (Pt_out - Pt_in) | mean_tweedie_deviance(power=0.0): 1.401905
