2025-11-14 21:07:23.457 | INFO     | __main__:log_results:110 - num_trainval: 200
2025-11-14 21:07:23.457 | INFO     | __main__:log_results:110 - is_random_sample: True
2025-11-14 21:07:23.457 | INFO     | __main__:log_results:110 - which_FeatureAugmentation: 3
2025-11-14 21:07:23.457 | INFO     | __main__:log_results:110 - FeatureAugmentation_Runs: 2
2025-11-14 21:07:23.457 | INFO     | __main__:log_results:110 - x_transformer_type: standardize
2025-11-14 21:07:23.457 | INFO     | __main__:log_results:110 - y_transformer_type: standardize
2025-11-14 21:07:23.457 | INFO     | __main__:log_results:110 - num_trainval_slice: 40
2025-11-14 21:07:23.458 | INFO     | __main__:log_results:110 - EPOCH: 500
2025-11-14 21:07:23.458 | INFO     | __main__:log_results:110 - exp_name: DGP05_SciGP_Far2_v2
2025-11-14 21:07:23.458 | INFO     | __main__:log_results:110 - random_round_num: 3
2025-11-14 21:07:23.458 | INFO     | __main__:log_results:113 - Pt_in [Pa] | explained_variance_score: -0.030868
2025-11-14 21:07:23.458 | INFO     | __main__:log_results:113 - Pt_in [Pa] | r2_score: -0.074952
2025-11-14 21:07:23.458 | INFO     | __main__:log_results:113 - Pt_in [Pa] | d2_absolute_error_score: 0.012636
2025-11-14 21:07:23.458 | INFO     | __main__:log_results:113 - Pt_in [Pa] | d2_pinball_score: 0.012636
2025-11-14 21:07:23.458 | INFO     | __main__:log_results:113 - Pt_in [Pa] | d2_tweedie_score: -0.074952
2025-11-14 21:07:23.458 | INFO     | __main__:log_results:113 - Pt_in [Pa] | mean_absolute_error: 0.554258
2025-11-14 21:07:23.459 | INFO     | __main__:log_results:113 - Pt_in [Pa] | median_absolute_error: 0.419532
2025-11-14 21:07:23.459 | INFO     | __main__:log_results:113 - Pt_in [Pa] | mean_squared_error: 0.613523
2025-11-14 21:07:23.459 | INFO     | __main__:log_results:113 - Pt_in [Pa] | rmse: 0.783277
2025-11-14 21:07:23.459 | INFO     | __main__:log_results:113 - Pt_in [Pa] | mean_squared_log_error: 0.089660
2025-11-14 21:07:23.459 | INFO     | __main__:log_results:113 - Pt_in [Pa] | rmsle: 0.299434
2025-11-14 21:07:23.459 | INFO     | __main__:log_results:113 - Pt_in [Pa] | mean_absolute_percentage_error: 0.769206
2025-11-14 21:07:23.459 | INFO     | __main__:log_results:113 - Pt_in [Pa] | max_error: 3.120429
2025-11-14 21:07:23.459 | INFO     | __main__:log_results:113 - Pt_in [Pa] | mean_pinball_loss(alpha=0.5): 0.277129
2025-11-14 21:07:23.459 | INFO     | __main__:log_results:113 - Pt_in [Pa] | mean_poisson_deviance: nan
2025-11-14 21:07:23.460 | INFO     | __main__:log_results:113 - Pt_in [Pa] | mean_gamma_deviance: nan
2025-11-14 21:07:23.460 | INFO     | __main__:log_results:113 - Pt_in [Pa] | mean_tweedie_deviance(power=0.0): 0.613523
2025-11-14 21:07:23.460 | INFO     | __main__:log_results:113 - Pt_out [Pa] | explained_variance_score: 1.000000
2025-11-14 21:07:23.460 | INFO     | __main__:log_results:113 - Pt_out [Pa] | r2_score: 1.000000
2025-11-14 21:07:23.460 | INFO     | __main__:log_results:113 - Pt_out [Pa] | d2_absolute_error_score: 0.999982
2025-11-14 21:07:23.460 | INFO     | __main__:log_results:113 - Pt_out [Pa] | d2_pinball_score: 0.999982
2025-11-14 21:07:23.460 | INFO     | __main__:log_results:113 - Pt_out [Pa] | d2_tweedie_score: 1.000000
2025-11-14 21:07:23.460 | INFO     | __main__:log_results:113 - Pt_out [Pa] | mean_absolute_error: 0.466020
2025-11-14 21:07:23.460 | INFO     | __main__:log_results:113 - Pt_out [Pa] | median_absolute_error: 0.310903
2025-11-14 21:07:23.460 | INFO     | __main__:log_results:113 - Pt_out [Pa] | mean_squared_error: 0.389935
2025-11-14 21:07:23.460 | INFO     | __main__:log_results:113 - Pt_out [Pa] | rmse: 0.624448
2025-11-14 21:07:23.461 | INFO     | __main__:log_results:113 - Pt_out [Pa] | mean_squared_log_error: 0.000000
2025-11-14 21:07:23.461 | INFO     | __main__:log_results:113 - Pt_out [Pa] | rmsle: 0.000017
2025-11-14 21:07:23.461 | INFO     | __main__:log_results:113 - Pt_out [Pa] | mean_absolute_percentage_error: 0.000011
2025-11-14 21:07:23.461 | INFO     | __main__:log_results:113 - Pt_out [Pa] | max_error: 1.961470
2025-11-14 21:07:23.461 | INFO     | __main__:log_results:113 - Pt_out [Pa] | mean_pinball_loss(alpha=0.5): 0.233010
2025-11-14 21:07:23.461 | INFO     | __main__:log_results:113 - Pt_out [Pa] | mean_poisson_deviance: 0.000009
2025-11-14 21:07:23.461 | INFO     | __main__:log_results:113 - Pt_out [Pa] | mean_gamma_deviance: 0.000000
2025-11-14 21:07:23.461 | INFO     | __main__:log_results:113 - Pt_out [Pa] | mean_tweedie_deviance(power=0.0): 0.389935
2025-11-14 21:07:23.461 | INFO     | __main__:log_results:113 - Torque [N m] | explained_variance_score: 0.999770
2025-11-14 21:07:23.461 | INFO     | __main__:log_results:113 - Torque [N m] | r2_score: 0.999770
2025-11-14 21:07:23.461 | INFO     | __main__:log_results:113 - Torque [N m] | d2_absolute_error_score: 0.986444
2025-11-14 21:07:23.462 | INFO     | __main__:log_results:113 - Torque [N m] | d2_pinball_score: 0.986444
2025-11-14 21:07:23.462 | INFO     | __main__:log_results:113 - Torque [N m] | d2_tweedie_score: 0.999770
2025-11-14 21:07:23.462 | INFO     | __main__:log_results:113 - Torque [N m] | mean_absolute_error: 0.025583
2025-11-14 21:07:23.462 | INFO     | __main__:log_results:113 - Torque [N m] | median_absolute_error: 0.017282
2025-11-14 21:07:23.462 | INFO     | __main__:log_results:113 - Torque [N m] | mean_squared_error: 0.001360
2025-11-14 21:07:23.462 | INFO     | __main__:log_results:113 - Torque [N m] | rmse: 0.036875
2025-11-14 21:07:23.462 | INFO     | __main__:log_results:113 - Torque [N m] | mean_squared_log_error: 0.000079
2025-11-14 21:07:23.462 | INFO     | __main__:log_results:113 - Torque [N m] | rmsle: 0.008874
2025-11-14 21:07:23.462 | INFO     | __main__:log_results:113 - Torque [N m] | mean_absolute_percentage_error: 0.007705
2025-11-14 21:07:23.462 | INFO     | __main__:log_results:113 - Torque [N m] | max_error: 0.180287
2025-11-14 21:07:23.462 | INFO     | __main__:log_results:113 - Torque [N m] | mean_pinball_loss(alpha=0.5): 0.012791
2025-11-14 21:07:23.462 | INFO     | __main__:log_results:113 - Torque [N m] | mean_poisson_deviance: 0.000413
2025-11-14 21:07:23.463 | INFO     | __main__:log_results:113 - Torque [N m] | mean_gamma_deviance: 0.000161
2025-11-14 21:07:23.463 | INFO     | __main__:log_results:113 - Torque [N m] | mean_tweedie_deviance(power=0.0): 0.001360
2025-11-14 21:07:23.463 | INFO     | __main__:log_results:113 - Efficiency [%] | explained_variance_score: 0.995511
2025-11-14 21:07:23.463 | INFO     | __main__:log_results:113 - Efficiency [%] | r2_score: 0.995500
2025-11-14 21:07:23.463 | INFO     | __main__:log_results:113 - Efficiency [%] | d2_absolute_error_score: 0.945672
2025-11-14 21:07:23.463 | INFO     | __main__:log_results:113 - Efficiency [%] | d2_pinball_score: 0.945672
2025-11-14 21:07:23.463 | INFO     | __main__:log_results:113 - Efficiency [%] | d2_tweedie_score: 0.995500
2025-11-14 21:07:23.463 | INFO     | __main__:log_results:113 - Efficiency [%] | mean_absolute_error: 0.612066
2025-11-14 21:07:23.463 | INFO     | __main__:log_results:113 - Efficiency [%] | median_absolute_error: 0.381785
2025-11-14 21:07:23.463 | INFO     | __main__:log_results:113 - Efficiency [%] | mean_squared_error: 0.832870
2025-11-14 21:07:23.463 | INFO     | __main__:log_results:113 - Efficiency [%] | rmse: 0.912617
2025-11-14 21:07:23.464 | INFO     | __main__:log_results:113 - Efficiency [%] | mean_squared_log_error: 0.000193
2025-11-14 21:07:23.464 | INFO     | __main__:log_results:113 - Efficiency [%] | rmsle: 0.013909
2025-11-14 21:07:23.464 | INFO     | __main__:log_results:113 - Efficiency [%] | mean_absolute_percentage_error: 0.008508
2025-11-14 21:07:23.464 | INFO     | __main__:log_results:113 - Efficiency [%] | max_error: 4.688534
2025-11-14 21:07:23.464 | INFO     | __main__:log_results:113 - Efficiency [%] | mean_pinball_loss(alpha=0.5): 0.306033
2025-11-14 21:07:23.464 | INFO     | __main__:log_results:113 - Efficiency [%] | mean_poisson_deviance: 0.012707
2025-11-14 21:07:23.464 | INFO     | __main__:log_results:113 - Efficiency [%] | mean_gamma_deviance: 0.000202
2025-11-14 21:07:23.464 | INFO     | __main__:log_results:113 - Efficiency [%] | mean_tweedie_deviance(power=0.0): 0.832870
2025-11-14 21:07:23.464 | INFO     | __main__:log_results:113 - Efficiency (Pt_out - Pt_in) | explained_variance_score: 0.996543
2025-11-14 21:07:23.464 | INFO     | __main__:log_results:113 - Efficiency (Pt_out - Pt_in) | r2_score: 0.996542
2025-11-14 21:07:23.464 | INFO     | __main__:log_results:113 - Efficiency (Pt_out - Pt_in) | d2_absolute_error_score: 0.951802
2025-11-14 21:07:23.464 | INFO     | __main__:log_results:113 - Efficiency (Pt_out - Pt_in) | d2_pinball_score: 0.951802
2025-11-14 21:07:23.465 | INFO     | __main__:log_results:113 - Efficiency (Pt_out - Pt_in) | d2_tweedie_score: 0.996542
2025-11-14 21:07:23.465 | INFO     | __main__:log_results:113 - Efficiency (Pt_out - Pt_in) | mean_absolute_error: 0.545744
2025-11-14 21:07:23.465 | INFO     | __main__:log_results:113 - Efficiency (Pt_out - Pt_in) | median_absolute_error: 0.366218
2025-11-14 21:07:23.465 | INFO     | __main__:log_results:113 - Efficiency (Pt_out - Pt_in) | mean_squared_error: 0.646613
2025-11-14 21:07:23.465 | INFO     | __main__:log_results:113 - Efficiency (Pt_out - Pt_in) | rmse: 0.804123
2025-11-14 21:07:23.465 | INFO     | __main__:log_results:113 - Efficiency (Pt_out - Pt_in) | mean_squared_log_error: 0.000157
2025-11-14 21:07:23.465 | INFO     | __main__:log_results:113 - Efficiency (Pt_out - Pt_in) | rmsle: 0.012539
2025-11-14 21:07:23.465 | INFO     | __main__:log_results:113 - Efficiency (Pt_out - Pt_in) | mean_absolute_percentage_error: 0.007655
2025-11-14 21:07:23.465 | INFO     | __main__:log_results:113 - Efficiency (Pt_out - Pt_in) | max_error: 3.893985
2025-11-14 21:07:23.465 | INFO     | __main__:log_results:113 - Efficiency (Pt_out - Pt_in) | mean_pinball_loss(alpha=0.5): 0.272872
2025-11-14 21:07:23.465 | INFO     | __main__:log_results:113 - Efficiency (Pt_out - Pt_in) | mean_poisson_deviance: 0.010104
2025-11-14 21:07:23.466 | INFO     | __main__:log_results:113 - Efficiency (Pt_out - Pt_in) | mean_gamma_deviance: 0.000164
2025-11-14 21:07:23.466 | INFO     | __main__:log_results:113 - Efficiency (Pt_out - Pt_in) | mean_tweedie_deviance(power=0.0): 0.646613
