2025-11-14 18:09:33.916 | INFO     | __main__:log_results:110 - num_trainval: 80
2025-11-14 18:09:33.916 | INFO     | __main__:log_results:110 - is_random_sample: True
2025-11-14 18:09:33.920 | INFO     | __main__:log_results:110 - which_FeatureAugmentation: 3
2025-11-14 18:09:33.920 | INFO     | __main__:log_results:110 - FeatureAugmentation_Runs: 2
2025-11-14 18:09:33.920 | INFO     | __main__:log_results:110 - x_transformer_type: standardize
2025-11-14 18:09:33.920 | INFO     | __main__:log_results:110 - y_transformer_type: standardize
2025-11-14 18:09:33.920 | INFO     | __main__:log_results:110 - num_trainval_slice: 40
2025-11-14 18:09:33.920 | INFO     | __main__:log_results:110 - EPOCH: 500
2025-11-14 18:09:33.920 | INFO     | __main__:log_results:110 - exp_name: DGP05_SciGP_Far2
2025-11-14 18:09:33.920 | INFO     | __main__:log_results:110 - random_round_num: 3
2025-11-14 18:09:33.920 | INFO     | __main__:log_results:113 - Pt_in [Pa] | explained_variance_score: 0.707272
2025-11-14 18:09:33.920 | INFO     | __main__:log_results:113 - Pt_in [Pa] | r2_score: 0.706439
2025-11-14 18:09:33.920 | INFO     | __main__:log_results:113 - Pt_in [Pa] | d2_absolute_error_score: 0.425807
2025-11-14 18:09:33.920 | INFO     | __main__:log_results:113 - Pt_in [Pa] | d2_pinball_score: 0.425807
2025-11-14 18:09:33.921 | INFO     | __main__:log_results:113 - Pt_in [Pa] | d2_tweedie_score: 0.706439
2025-11-14 18:09:33.921 | INFO     | __main__:log_results:113 - Pt_in [Pa] | mean_absolute_error: 0.465665
2025-11-14 18:09:33.921 | INFO     | __main__:log_results:113 - Pt_in [Pa] | median_absolute_error: 0.337584
2025-11-14 18:09:33.921 | INFO     | __main__:log_results:113 - Pt_in [Pa] | mean_squared_error: 0.396757
2025-11-14 18:09:33.921 | INFO     | __main__:log_results:113 - Pt_in [Pa] | rmse: 0.629886
2025-11-14 18:09:33.921 | INFO     | __main__:log_results:113 - Pt_in [Pa] | mean_squared_log_error: nan
2025-11-14 18:09:33.921 | INFO     | __main__:log_results:113 - Pt_in [Pa] | rmsle: nan
2025-11-14 18:09:33.921 | INFO     | __main__:log_results:113 - Pt_in [Pa] | mean_absolute_percentage_error: 0.467242
2025-11-14 18:09:33.921 | INFO     | __main__:log_results:113 - Pt_in [Pa] | max_error: 2.178228
2025-11-14 18:09:33.921 | INFO     | __main__:log_results:113 - Pt_in [Pa] | mean_pinball_loss(alpha=0.5): 0.232832
2025-11-14 18:09:33.921 | INFO     | __main__:log_results:113 - Pt_in [Pa] | mean_poisson_deviance: nan
2025-11-14 18:09:33.921 | INFO     | __main__:log_results:113 - Pt_in [Pa] | mean_gamma_deviance: nan
2025-11-14 18:09:33.921 | INFO     | __main__:log_results:113 - Pt_in [Pa] | mean_tweedie_deviance(power=0.0): 0.396757
2025-11-14 18:09:33.922 | INFO     | __main__:log_results:113 - Pt_out [Pa] | explained_variance_score: 1.000000
2025-11-14 18:09:33.922 | INFO     | __main__:log_results:113 - Pt_out [Pa] | r2_score: 1.000000
2025-11-14 18:09:33.922 | INFO     | __main__:log_results:113 - Pt_out [Pa] | d2_absolute_error_score: 0.999977
2025-11-14 18:09:33.922 | INFO     | __main__:log_results:113 - Pt_out [Pa] | d2_pinball_score: 0.999977
2025-11-14 18:09:33.922 | INFO     | __main__:log_results:113 - Pt_out [Pa] | d2_tweedie_score: 1.000000
2025-11-14 18:09:33.922 | INFO     | __main__:log_results:113 - Pt_out [Pa] | mean_absolute_error: 0.574161
2025-11-14 18:09:33.922 | INFO     | __main__:log_results:113 - Pt_out [Pa] | median_absolute_error: 0.445478
2025-11-14 18:09:33.922 | INFO     | __main__:log_results:113 - Pt_out [Pa] | mean_squared_error: 0.573378
2025-11-14 18:09:33.923 | INFO     | __main__:log_results:113 - Pt_out [Pa] | rmse: 0.757217
2025-11-14 18:09:33.923 | INFO     | __main__:log_results:113 - Pt_out [Pa] | mean_squared_log_error: 0.000000
2025-11-14 18:09:33.923 | INFO     | __main__:log_results:113 - Pt_out [Pa] | rmsle: 0.000020
2025-11-14 18:09:33.923 | INFO     | __main__:log_results:113 - Pt_out [Pa] | mean_absolute_percentage_error: 0.000013
2025-11-14 18:09:33.923 | INFO     | __main__:log_results:113 - Pt_out [Pa] | max_error: 2.651956
2025-11-14 18:09:33.923 | INFO     | __main__:log_results:113 - Pt_out [Pa] | mean_pinball_loss(alpha=0.5): 0.287080
2025-11-14 18:09:33.923 | INFO     | __main__:log_results:113 - Pt_out [Pa] | mean_poisson_deviance: 0.000012
2025-11-14 18:09:33.923 | INFO     | __main__:log_results:113 - Pt_out [Pa] | mean_gamma_deviance: 0.000000
2025-11-14 18:09:33.924 | INFO     | __main__:log_results:113 - Pt_out [Pa] | mean_tweedie_deviance(power=0.0): 0.573378
2025-11-14 18:09:33.924 | INFO     | __main__:log_results:113 - Torque [N m] | explained_variance_score: 0.999549
2025-11-14 18:09:33.924 | INFO     | __main__:log_results:113 - Torque [N m] | r2_score: 0.999530
2025-11-14 18:09:33.924 | INFO     | __main__:log_results:113 - Torque [N m] | d2_absolute_error_score: 0.980988
2025-11-14 18:09:33.924 | INFO     | __main__:log_results:113 - Torque [N m] | d2_pinball_score: 0.980988
2025-11-14 18:09:33.924 | INFO     | __main__:log_results:113 - Torque [N m] | d2_tweedie_score: 0.999530
2025-11-14 18:09:33.924 | INFO     | __main__:log_results:113 - Torque [N m] | mean_absolute_error: 0.035775
2025-11-14 18:09:33.924 | INFO     | __main__:log_results:113 - Torque [N m] | median_absolute_error: 0.026042
2025-11-14 18:09:33.925 | INFO     | __main__:log_results:113 - Torque [N m] | mean_squared_error: 0.002757
2025-11-14 18:09:33.925 | INFO     | __main__:log_results:113 - Torque [N m] | rmse: 0.052508
2025-11-14 18:09:33.925 | INFO     | __main__:log_results:113 - Torque [N m] | mean_squared_log_error: 0.000177
2025-11-14 18:09:33.925 | INFO     | __main__:log_results:113 - Torque [N m] | rmsle: 0.013311
2025-11-14 18:09:33.925 | INFO     | __main__:log_results:113 - Torque [N m] | mean_absolute_percentage_error: 0.011106
2025-11-14 18:09:33.925 | INFO     | __main__:log_results:113 - Torque [N m] | max_error: 0.296697
2025-11-14 18:09:33.925 | INFO     | __main__:log_results:113 - Torque [N m] | mean_pinball_loss(alpha=0.5): 0.017888
2025-11-14 18:09:33.925 | INFO     | __main__:log_results:113 - Torque [N m] | mean_poisson_deviance: 0.000921
2025-11-14 18:09:33.925 | INFO     | __main__:log_results:113 - Torque [N m] | mean_gamma_deviance: 0.000379
2025-11-14 18:09:33.926 | INFO     | __main__:log_results:113 - Torque [N m] | mean_tweedie_deviance(power=0.0): 0.002757
2025-11-14 18:09:33.926 | INFO     | __main__:log_results:113 - Efficiency [%] | explained_variance_score: 0.991814
2025-11-14 18:09:33.926 | INFO     | __main__:log_results:113 - Efficiency [%] | r2_score: 0.991814
2025-11-14 18:09:33.926 | INFO     | __main__:log_results:113 - Efficiency [%] | d2_absolute_error_score: 0.927654
2025-11-14 18:09:33.926 | INFO     | __main__:log_results:113 - Efficiency [%] | d2_pinball_score: 0.927654
2025-11-14 18:09:33.926 | INFO     | __main__:log_results:113 - Efficiency [%] | d2_tweedie_score: 0.991814
2025-11-14 18:09:33.926 | INFO     | __main__:log_results:113 - Efficiency [%] | mean_absolute_error: 0.807834
2025-11-14 18:09:33.926 | INFO     | __main__:log_results:113 - Efficiency [%] | median_absolute_error: 0.571695
2025-11-14 18:09:33.926 | INFO     | __main__:log_results:113 - Efficiency [%] | mean_squared_error: 1.488915
2025-11-14 18:09:33.927 | INFO     | __main__:log_results:113 - Efficiency [%] | rmse: 1.220211
2025-11-14 18:09:33.927 | INFO     | __main__:log_results:113 - Efficiency [%] | mean_squared_log_error: 0.000374
2025-11-14 18:09:33.927 | INFO     | __main__:log_results:113 - Efficiency [%] | rmsle: 0.019340
2025-11-14 18:09:33.927 | INFO     | __main__:log_results:113 - Efficiency [%] | mean_absolute_percentage_error: 0.011549
2025-11-14 18:09:33.927 | INFO     | __main__:log_results:113 - Efficiency [%] | max_error: 4.954457
2025-11-14 18:09:33.927 | INFO     | __main__:log_results:113 - Efficiency [%] | mean_pinball_loss(alpha=0.5): 0.403917
2025-11-14 18:09:33.927 | INFO     | __main__:log_results:113 - Efficiency [%] | mean_poisson_deviance: 0.023618
2025-11-14 18:09:33.928 | INFO     | __main__:log_results:113 - Efficiency [%] | mean_gamma_deviance: 0.000385
2025-11-14 18:09:33.928 | INFO     | __main__:log_results:113 - Efficiency [%] | mean_tweedie_deviance(power=0.0): 1.488915
2025-11-14 18:09:33.928 | INFO     | __main__:log_results:113 - Efficiency (Pt_out - Pt_in) | explained_variance_score: 0.992454
2025-11-14 18:09:33.928 | INFO     | __main__:log_results:113 - Efficiency (Pt_out - Pt_in) | r2_score: 0.992155
2025-11-14 18:09:33.928 | INFO     | __main__:log_results:113 - Efficiency (Pt_out - Pt_in) | d2_absolute_error_score: 0.929770
2025-11-14 18:09:33.928 | INFO     | __main__:log_results:113 - Efficiency (Pt_out - Pt_in) | d2_pinball_score: 0.929770
2025-11-14 18:09:33.928 | INFO     | __main__:log_results:113 - Efficiency (Pt_out - Pt_in) | d2_tweedie_score: 0.992155
2025-11-14 18:09:33.928 | INFO     | __main__:log_results:113 - Efficiency (Pt_out - Pt_in) | mean_absolute_error: 0.790096
2025-11-14 18:09:33.929 | INFO     | __main__:log_results:113 - Efficiency (Pt_out - Pt_in) | median_absolute_error: 0.516069
2025-11-14 18:09:33.929 | INFO     | __main__:log_results:113 - Efficiency (Pt_out - Pt_in) | mean_squared_error: 1.452834
2025-11-14 18:09:33.929 | INFO     | __main__:log_results:113 - Efficiency (Pt_out - Pt_in) | rmse: 1.205336
2025-11-14 18:09:33.929 | INFO     | __main__:log_results:113 - Efficiency (Pt_out - Pt_in) | mean_squared_log_error: 0.000362
2025-11-14 18:09:33.929 | INFO     | __main__:log_results:113 - Efficiency (Pt_out - Pt_in) | rmsle: 0.019028
2025-11-14 18:09:33.929 | INFO     | __main__:log_results:113 - Efficiency (Pt_out - Pt_in) | mean_absolute_percentage_error: 0.011254
2025-11-14 18:09:33.929 | INFO     | __main__:log_results:113 - Efficiency (Pt_out - Pt_in) | max_error: 5.478389
2025-11-14 18:09:33.930 | INFO     | __main__:log_results:113 - Efficiency (Pt_out - Pt_in) | mean_pinball_loss(alpha=0.5): 0.395048
2025-11-14 18:09:33.930 | INFO     | __main__:log_results:113 - Efficiency (Pt_out - Pt_in) | mean_poisson_deviance: 0.022731
2025-11-14 18:09:33.930 | INFO     | __main__:log_results:113 - Efficiency (Pt_out - Pt_in) | mean_gamma_deviance: 0.000370
2025-11-14 18:09:33.930 | INFO     | __main__:log_results:113 - Efficiency (Pt_out - Pt_in) | mean_tweedie_deviance(power=0.0): 1.452834
