2025-11-14 18:20:51.647 | INFO     | __main__:log_results:110 - num_trainval: 175
2025-11-14 18:20:51.647 | INFO     | __main__:log_results:110 - is_random_sample: True
2025-11-14 18:20:51.647 | INFO     | __main__:log_results:110 - which_FeatureAugmentation: 3
2025-11-14 18:20:51.647 | INFO     | __main__:log_results:110 - FeatureAugmentation_Runs: 2
2025-11-14 18:20:51.647 | INFO     | __main__:log_results:110 - x_transformer_type: standardize
2025-11-14 18:20:51.648 | INFO     | __main__:log_results:110 - y_transformer_type: standardize
2025-11-14 18:20:51.648 | INFO     | __main__:log_results:110 - num_trainval_slice: 40
2025-11-14 18:20:51.648 | INFO     | __main__:log_results:110 - EPOCH: 500
2025-11-14 18:20:51.648 | INFO     | __main__:log_results:110 - exp_name: DGP05_SciGP_Far2
2025-11-14 18:20:51.648 | INFO     | __main__:log_results:110 - random_round_num: 3
2025-11-14 18:20:51.648 | INFO     | __main__:log_results:113 - Pt_in [Pa] | explained_variance_score: 0.624065
2025-11-14 18:20:51.648 | INFO     | __main__:log_results:113 - Pt_in [Pa] | r2_score: 0.612222
2025-11-14 18:20:51.648 | INFO     | __main__:log_results:113 - Pt_in [Pa] | d2_absolute_error_score: 0.361655
2025-11-14 18:20:51.648 | INFO     | __main__:log_results:113 - Pt_in [Pa] | d2_pinball_score: 0.361655
2025-11-14 18:20:51.649 | INFO     | __main__:log_results:113 - Pt_in [Pa] | d2_tweedie_score: 0.612222
2025-11-14 18:20:51.649 | INFO     | __main__:log_results:113 - Pt_in [Pa] | mean_absolute_error: 0.461446
2025-11-14 18:20:51.649 | INFO     | __main__:log_results:113 - Pt_in [Pa] | median_absolute_error: 0.378542
2025-11-14 18:20:51.649 | INFO     | __main__:log_results:113 - Pt_in [Pa] | mean_squared_error: 0.366133
2025-11-14 18:20:51.649 | INFO     | __main__:log_results:113 - Pt_in [Pa] | rmse: 0.605089
2025-11-14 18:20:51.649 | INFO     | __main__:log_results:113 - Pt_in [Pa] | mean_squared_log_error: 0.068848
2025-11-14 18:20:51.649 | INFO     | __main__:log_results:113 - Pt_in [Pa] | rmsle: 0.262389
2025-11-14 18:20:51.649 | INFO     | __main__:log_results:113 - Pt_in [Pa] | mean_absolute_percentage_error: 0.698376
2025-11-14 18:20:51.649 | INFO     | __main__:log_results:113 - Pt_in [Pa] | max_error: 2.092447
2025-11-14 18:20:51.649 | INFO     | __main__:log_results:113 - Pt_in [Pa] | mean_pinball_loss(alpha=0.5): 0.230723
2025-11-14 18:20:51.649 | INFO     | __main__:log_results:113 - Pt_in [Pa] | mean_poisson_deviance: nan
2025-11-14 18:20:51.650 | INFO     | __main__:log_results:113 - Pt_in [Pa] | mean_gamma_deviance: nan
2025-11-14 18:20:51.650 | INFO     | __main__:log_results:113 - Pt_in [Pa] | mean_tweedie_deviance(power=0.0): 0.366133
2025-11-14 18:20:51.650 | INFO     | __main__:log_results:113 - Pt_out [Pa] | explained_variance_score: 1.000000
2025-11-14 18:20:51.650 | INFO     | __main__:log_results:113 - Pt_out [Pa] | r2_score: 1.000000
2025-11-14 18:20:51.650 | INFO     | __main__:log_results:113 - Pt_out [Pa] | d2_absolute_error_score: 0.999982
2025-11-14 18:20:51.650 | INFO     | __main__:log_results:113 - Pt_out [Pa] | d2_pinball_score: 0.999982
2025-11-14 18:20:51.650 | INFO     | __main__:log_results:113 - Pt_out [Pa] | d2_tweedie_score: 1.000000
2025-11-14 18:20:51.650 | INFO     | __main__:log_results:113 - Pt_out [Pa] | mean_absolute_error: 0.465438
2025-11-14 18:20:51.650 | INFO     | __main__:log_results:113 - Pt_out [Pa] | median_absolute_error: 0.410057
2025-11-14 18:20:51.650 | INFO     | __main__:log_results:113 - Pt_out [Pa] | mean_squared_error: 0.348031
2025-11-14 18:20:51.650 | INFO     | __main__:log_results:113 - Pt_out [Pa] | rmse: 0.589942
2025-11-14 18:20:51.651 | INFO     | __main__:log_results:113 - Pt_out [Pa] | mean_squared_log_error: 0.000000
2025-11-14 18:20:51.651 | INFO     | __main__:log_results:113 - Pt_out [Pa] | rmsle: 0.000017
2025-11-14 18:20:51.651 | INFO     | __main__:log_results:113 - Pt_out [Pa] | mean_absolute_percentage_error: 0.000011
2025-11-14 18:20:51.651 | INFO     | __main__:log_results:113 - Pt_out [Pa] | max_error: 1.917862
2025-11-14 18:20:51.651 | INFO     | __main__:log_results:113 - Pt_out [Pa] | mean_pinball_loss(alpha=0.5): 0.232719
2025-11-14 18:20:51.651 | INFO     | __main__:log_results:113 - Pt_out [Pa] | mean_poisson_deviance: 0.000008
2025-11-14 18:20:51.651 | INFO     | __main__:log_results:113 - Pt_out [Pa] | mean_gamma_deviance: 0.000000
2025-11-14 18:20:51.651 | INFO     | __main__:log_results:113 - Pt_out [Pa] | mean_tweedie_deviance(power=0.0): 0.348031
2025-11-14 18:20:51.651 | INFO     | __main__:log_results:113 - Torque [N m] | explained_variance_score: 0.999703
2025-11-14 18:20:51.651 | INFO     | __main__:log_results:113 - Torque [N m] | r2_score: 0.999703
2025-11-14 18:20:51.652 | INFO     | __main__:log_results:113 - Torque [N m] | d2_absolute_error_score: 0.984610
2025-11-14 18:20:51.652 | INFO     | __main__:log_results:113 - Torque [N m] | d2_pinball_score: 0.984610
2025-11-14 18:20:51.652 | INFO     | __main__:log_results:113 - Torque [N m] | d2_tweedie_score: 0.999703
2025-11-14 18:20:51.652 | INFO     | __main__:log_results:113 - Torque [N m] | mean_absolute_error: 0.029109
2025-11-14 18:20:51.652 | INFO     | __main__:log_results:113 - Torque [N m] | median_absolute_error: 0.021071
2025-11-14 18:20:51.652 | INFO     | __main__:log_results:113 - Torque [N m] | mean_squared_error: 0.001757
2025-11-14 18:20:51.652 | INFO     | __main__:log_results:113 - Torque [N m] | rmse: 0.041914
2025-11-14 18:20:51.652 | INFO     | __main__:log_results:113 - Torque [N m] | mean_squared_log_error: 0.000095
2025-11-14 18:20:51.652 | INFO     | __main__:log_results:113 - Torque [N m] | rmsle: 0.009747
2025-11-14 18:20:51.652 | INFO     | __main__:log_results:113 - Torque [N m] | mean_absolute_percentage_error: 0.008365
2025-11-14 18:20:51.652 | INFO     | __main__:log_results:113 - Torque [N m] | max_error: 0.167112
2025-11-14 18:20:51.653 | INFO     | __main__:log_results:113 - Torque [N m] | mean_pinball_loss(alpha=0.5): 0.014555
2025-11-14 18:20:51.653 | INFO     | __main__:log_results:113 - Torque [N m] | mean_poisson_deviance: 0.000516
2025-11-14 18:20:51.653 | INFO     | __main__:log_results:113 - Torque [N m] | mean_gamma_deviance: 0.000182
2025-11-14 18:20:51.653 | INFO     | __main__:log_results:113 - Torque [N m] | mean_tweedie_deviance(power=0.0): 0.001757
2025-11-14 18:20:51.653 | INFO     | __main__:log_results:113 - Efficiency [%] | explained_variance_score: 0.994203
2025-11-14 18:20:51.653 | INFO     | __main__:log_results:113 - Efficiency [%] | r2_score: 0.994203
2025-11-14 18:20:51.653 | INFO     | __main__:log_results:113 - Efficiency [%] | d2_absolute_error_score: 0.938635
2025-11-14 18:20:51.653 | INFO     | __main__:log_results:113 - Efficiency [%] | d2_pinball_score: 0.938635
2025-11-14 18:20:51.653 | INFO     | __main__:log_results:113 - Efficiency [%] | d2_tweedie_score: 0.994203
2025-11-14 18:20:51.653 | INFO     | __main__:log_results:113 - Efficiency [%] | mean_absolute_error: 0.697140
2025-11-14 18:20:51.653 | INFO     | __main__:log_results:113 - Efficiency [%] | median_absolute_error: 0.474929
2025-11-14 18:20:51.654 | INFO     | __main__:log_results:113 - Efficiency [%] | mean_squared_error: 1.063595
2025-11-14 18:20:51.654 | INFO     | __main__:log_results:113 - Efficiency [%] | rmse: 1.031307
2025-11-14 18:20:51.654 | INFO     | __main__:log_results:113 - Efficiency [%] | mean_squared_log_error: 0.000243
2025-11-14 18:20:51.654 | INFO     | __main__:log_results:113 - Efficiency [%] | rmsle: 0.015574
2025-11-14 18:20:51.654 | INFO     | __main__:log_results:113 - Efficiency [%] | mean_absolute_percentage_error: 0.009740
2025-11-14 18:20:51.654 | INFO     | __main__:log_results:113 - Efficiency [%] | max_error: 4.231987
2025-11-14 18:20:51.654 | INFO     | __main__:log_results:113 - Efficiency [%] | mean_pinball_loss(alpha=0.5): 0.348570
2025-11-14 18:20:51.654 | INFO     | __main__:log_results:113 - Efficiency [%] | mean_poisson_deviance: 0.016102
2025-11-14 18:20:51.654 | INFO     | __main__:log_results:113 - Efficiency [%] | mean_gamma_deviance: 0.000253
2025-11-14 18:20:51.654 | INFO     | __main__:log_results:113 - Efficiency [%] | mean_tweedie_deviance(power=0.0): 1.063595
2025-11-14 18:20:51.654 | INFO     | __main__:log_results:113 - Efficiency (Pt_out - Pt_in) | explained_variance_score: 0.996122
2025-11-14 18:20:51.655 | INFO     | __main__:log_results:113 - Efficiency (Pt_out - Pt_in) | r2_score: 0.996122
2025-11-14 18:20:51.655 | INFO     | __main__:log_results:113 - Efficiency (Pt_out - Pt_in) | d2_absolute_error_score: 0.948280
2025-11-14 18:20:51.655 | INFO     | __main__:log_results:113 - Efficiency (Pt_out - Pt_in) | d2_pinball_score: 0.948280
2025-11-14 18:20:51.655 | INFO     | __main__:log_results:113 - Efficiency (Pt_out - Pt_in) | d2_tweedie_score: 0.996122
2025-11-14 18:20:51.655 | INFO     | __main__:log_results:113 - Efficiency (Pt_out - Pt_in) | mean_absolute_error: 0.588105
2025-11-14 18:20:51.655 | INFO     | __main__:log_results:113 - Efficiency (Pt_out - Pt_in) | median_absolute_error: 0.451757
2025-11-14 18:20:51.655 | INFO     | __main__:log_results:113 - Efficiency (Pt_out - Pt_in) | mean_squared_error: 0.716132
2025-11-14 18:20:51.655 | INFO     | __main__:log_results:113 - Efficiency (Pt_out - Pt_in) | rmse: 0.846246
2025-11-14 18:20:51.655 | INFO     | __main__:log_results:113 - Efficiency (Pt_out - Pt_in) | mean_squared_log_error: 0.000177
2025-11-14 18:20:51.655 | INFO     | __main__:log_results:113 - Efficiency (Pt_out - Pt_in) | rmsle: 0.013291
2025-11-14 18:20:51.655 | INFO     | __main__:log_results:113 - Efficiency (Pt_out - Pt_in) | mean_absolute_percentage_error: 0.008325
2025-11-14 18:20:51.656 | INFO     | __main__:log_results:113 - Efficiency (Pt_out - Pt_in) | max_error: 3.590658
2025-11-14 18:20:51.656 | INFO     | __main__:log_results:113 - Efficiency (Pt_out - Pt_in) | mean_pinball_loss(alpha=0.5): 0.294053
2025-11-14 18:20:51.656 | INFO     | __main__:log_results:113 - Efficiency (Pt_out - Pt_in) | mean_poisson_deviance: 0.011249
2025-11-14 18:20:51.656 | INFO     | __main__:log_results:113 - Efficiency (Pt_out - Pt_in) | mean_gamma_deviance: 0.000184
2025-11-14 18:20:51.656 | INFO     | __main__:log_results:113 - Efficiency (Pt_out - Pt_in) | mean_tweedie_deviance(power=0.0): 0.716132
