2025-11-14 20:56:50.039 | INFO     | __main__:log_results:110 - num_trainval: 40
2025-11-14 20:56:50.039 | INFO     | __main__:log_results:110 - is_random_sample: True
2025-11-14 20:56:50.039 | INFO     | __main__:log_results:110 - which_FeatureAugmentation: 3
2025-11-14 20:56:50.039 | INFO     | __main__:log_results:110 - FeatureAugmentation_Runs: 2
2025-11-14 20:56:50.039 | INFO     | __main__:log_results:110 - x_transformer_type: standardize
2025-11-14 20:56:50.039 | INFO     | __main__:log_results:110 - y_transformer_type: standardize
2025-11-14 20:56:50.039 | INFO     | __main__:log_results:110 - num_trainval_slice: 40
2025-11-14 20:56:50.039 | INFO     | __main__:log_results:110 - EPOCH: 500
2025-11-14 20:56:50.040 | INFO     | __main__:log_results:110 - exp_name: DGP05_SciGP_Far2_v2
2025-11-14 20:56:50.040 | INFO     | __main__:log_results:110 - random_round_num: 3
2025-11-14 20:56:50.040 | INFO     | __main__:log_results:113 - Pt_in [Pa] | explained_variance_score: 0.080535
2025-11-14 20:56:50.040 | INFO     | __main__:log_results:113 - Pt_in [Pa] | r2_score: 0.061830
2025-11-14 20:56:50.040 | INFO     | __main__:log_results:113 - Pt_in [Pa] | d2_absolute_error_score: 0.069269
2025-11-14 20:56:50.040 | INFO     | __main__:log_results:113 - Pt_in [Pa] | d2_pinball_score: 0.069269
2025-11-14 20:56:50.040 | INFO     | __main__:log_results:113 - Pt_in [Pa] | d2_tweedie_score: 0.061830
2025-11-14 20:56:50.040 | INFO     | __main__:log_results:113 - Pt_in [Pa] | mean_absolute_error: 0.680311
2025-11-14 20:56:50.041 | INFO     | __main__:log_results:113 - Pt_in [Pa] | median_absolute_error: 0.591595
2025-11-14 20:56:50.041 | INFO     | __main__:log_results:113 - Pt_in [Pa] | mean_squared_error: 0.747359
2025-11-14 20:56:50.041 | INFO     | __main__:log_results:113 - Pt_in [Pa] | rmse: 0.864500
2025-11-14 20:56:50.041 | INFO     | __main__:log_results:113 - Pt_in [Pa] | mean_squared_log_error: 0.134052
2025-11-14 20:56:50.041 | INFO     | __main__:log_results:113 - Pt_in [Pa] | rmsle: 0.366131
2025-11-14 20:56:50.041 | INFO     | __main__:log_results:113 - Pt_in [Pa] | mean_absolute_percentage_error: 3.131375
2025-11-14 20:56:50.041 | INFO     | __main__:log_results:113 - Pt_in [Pa] | max_error: 2.322843
2025-11-14 20:56:50.041 | INFO     | __main__:log_results:113 - Pt_in [Pa] | mean_pinball_loss(alpha=0.5): 0.340155
2025-11-14 20:56:50.041 | INFO     | __main__:log_results:113 - Pt_in [Pa] | mean_poisson_deviance: nan
2025-11-14 20:56:50.042 | INFO     | __main__:log_results:113 - Pt_in [Pa] | mean_gamma_deviance: nan
2025-11-14 20:56:50.042 | INFO     | __main__:log_results:113 - Pt_in [Pa] | mean_tweedie_deviance(power=0.0): 0.747359
2025-11-14 20:56:50.042 | INFO     | __main__:log_results:113 - Pt_out [Pa] | explained_variance_score: 1.000000
2025-11-14 20:56:50.042 | INFO     | __main__:log_results:113 - Pt_out [Pa] | r2_score: 1.000000
2025-11-14 20:56:50.042 | INFO     | __main__:log_results:113 - Pt_out [Pa] | d2_absolute_error_score: 0.999949
2025-11-14 20:56:50.042 | INFO     | __main__:log_results:113 - Pt_out [Pa] | d2_pinball_score: 0.999949
2025-11-14 20:56:50.042 | INFO     | __main__:log_results:113 - Pt_out [Pa] | d2_tweedie_score: 1.000000
2025-11-14 20:56:50.042 | INFO     | __main__:log_results:113 - Pt_out [Pa] | mean_absolute_error: 1.278623
2025-11-14 20:56:50.042 | INFO     | __main__:log_results:113 - Pt_out [Pa] | median_absolute_error: 0.676976
2025-11-14 20:56:50.043 | INFO     | __main__:log_results:113 - Pt_out [Pa] | mean_squared_error: 4.418287
2025-11-14 20:56:50.043 | INFO     | __main__:log_results:113 - Pt_out [Pa] | rmse: 2.101972
2025-11-14 20:56:50.043 | INFO     | __main__:log_results:113 - Pt_out [Pa] | mean_squared_log_error: 0.000000
2025-11-14 20:56:50.043 | INFO     | __main__:log_results:113 - Pt_out [Pa] | rmsle: 0.000036
2025-11-14 20:56:50.043 | INFO     | __main__:log_results:113 - Pt_out [Pa] | mean_absolute_percentage_error: 0.000024
2025-11-14 20:56:50.043 | INFO     | __main__:log_results:113 - Pt_out [Pa] | max_error: 10.827997
2025-11-14 20:56:50.043 | INFO     | __main__:log_results:113 - Pt_out [Pa] | mean_pinball_loss(alpha=0.5): 0.639311
2025-11-14 20:56:50.043 | INFO     | __main__:log_results:113 - Pt_out [Pa] | mean_poisson_deviance: 0.000063
2025-11-14 20:56:50.043 | INFO     | __main__:log_results:113 - Pt_out [Pa] | mean_gamma_deviance: 0.000000
2025-11-14 20:56:50.043 | INFO     | __main__:log_results:113 - Pt_out [Pa] | mean_tweedie_deviance(power=0.0): 4.418287
2025-11-14 20:56:50.044 | INFO     | __main__:log_results:113 - Torque [N m] | explained_variance_score: 0.999047
2025-11-14 20:56:50.044 | INFO     | __main__:log_results:113 - Torque [N m] | r2_score: 0.999007
2025-11-14 20:56:50.044 | INFO     | __main__:log_results:113 - Torque [N m] | d2_absolute_error_score: 0.974176
2025-11-14 20:56:50.044 | INFO     | __main__:log_results:113 - Torque [N m] | d2_pinball_score: 0.974176
2025-11-14 20:56:50.044 | INFO     | __main__:log_results:113 - Torque [N m] | d2_tweedie_score: 0.999007
2025-11-14 20:56:50.044 | INFO     | __main__:log_results:113 - Torque [N m] | mean_absolute_error: 0.048767
2025-11-14 20:56:50.044 | INFO     | __main__:log_results:113 - Torque [N m] | median_absolute_error: 0.031413
2025-11-14 20:56:50.044 | INFO     | __main__:log_results:113 - Torque [N m] | mean_squared_error: 0.005899
2025-11-14 20:56:50.044 | INFO     | __main__:log_results:113 - Torque [N m] | rmse: 0.076807
2025-11-14 20:56:50.044 | INFO     | __main__:log_results:113 - Torque [N m] | mean_squared_log_error: 0.000380
2025-11-14 20:56:50.044 | INFO     | __main__:log_results:113 - Torque [N m] | rmsle: 0.019496
2025-11-14 20:56:50.044 | INFO     | __main__:log_results:113 - Torque [N m] | mean_absolute_percentage_error: 0.015898
2025-11-14 20:56:50.045 | INFO     | __main__:log_results:113 - Torque [N m] | max_error: 0.353891
2025-11-14 20:56:50.045 | INFO     | __main__:log_results:113 - Torque [N m] | mean_pinball_loss(alpha=0.5): 0.024383
2025-11-14 20:56:50.045 | INFO     | __main__:log_results:113 - Torque [N m] | mean_poisson_deviance: 0.001932
2025-11-14 20:56:50.045 | INFO     | __main__:log_results:113 - Torque [N m] | mean_gamma_deviance: 0.000897
2025-11-14 20:56:50.045 | INFO     | __main__:log_results:113 - Torque [N m] | mean_tweedie_deviance(power=0.0): 0.005899
2025-11-14 20:56:50.045 | INFO     | __main__:log_results:113 - Efficiency [%] | explained_variance_score: 0.983731
2025-11-14 20:56:50.045 | INFO     | __main__:log_results:113 - Efficiency [%] | r2_score: 0.983723
2025-11-14 20:56:50.045 | INFO     | __main__:log_results:113 - Efficiency [%] | d2_absolute_error_score: 0.890630
2025-11-14 20:56:50.045 | INFO     | __main__:log_results:113 - Efficiency [%] | d2_pinball_score: 0.890630
2025-11-14 20:56:50.045 | INFO     | __main__:log_results:113 - Efficiency [%] | d2_tweedie_score: 0.983723
2025-11-14 20:56:50.045 | INFO     | __main__:log_results:113 - Efficiency [%] | mean_absolute_error: 1.207599
2025-11-14 20:56:50.045 | INFO     | __main__:log_results:113 - Efficiency [%] | median_absolute_error: 0.784882
2025-11-14 20:56:50.046 | INFO     | __main__:log_results:113 - Efficiency [%] | mean_squared_error: 2.780698
2025-11-14 20:56:50.046 | INFO     | __main__:log_results:113 - Efficiency [%] | rmse: 1.667543
2025-11-14 20:56:50.046 | INFO     | __main__:log_results:113 - Efficiency [%] | mean_squared_log_error: 0.000598
2025-11-14 20:56:50.046 | INFO     | __main__:log_results:113 - Efficiency [%] | rmsle: 0.024452
2025-11-14 20:56:50.046 | INFO     | __main__:log_results:113 - Efficiency [%] | mean_absolute_percentage_error: 0.016415
2025-11-14 20:56:50.046 | INFO     | __main__:log_results:113 - Efficiency [%] | max_error: 5.274257
2025-11-14 20:56:50.046 | INFO     | __main__:log_results:113 - Efficiency [%] | mean_pinball_loss(alpha=0.5): 0.603800
2025-11-14 20:56:50.046 | INFO     | __main__:log_results:113 - Efficiency [%] | mean_poisson_deviance: 0.040848
2025-11-14 20:56:50.047 | INFO     | __main__:log_results:113 - Efficiency [%] | mean_gamma_deviance: 0.000625
2025-11-14 20:56:50.047 | INFO     | __main__:log_results:113 - Efficiency [%] | mean_tweedie_deviance(power=0.0): 2.780698
2025-11-14 20:56:50.047 | INFO     | __main__:log_results:113 - Efficiency (Pt_out - Pt_in) | explained_variance_score: 0.982759
2025-11-14 20:56:50.047 | INFO     | __main__:log_results:113 - Efficiency (Pt_out - Pt_in) | r2_score: 0.982635
2025-11-14 20:56:50.047 | INFO     | __main__:log_results:113 - Efficiency (Pt_out - Pt_in) | d2_absolute_error_score: 0.902547
2025-11-14 20:56:50.047 | INFO     | __main__:log_results:113 - Efficiency (Pt_out - Pt_in) | d2_pinball_score: 0.902547
2025-11-14 20:56:50.047 | INFO     | __main__:log_results:113 - Efficiency (Pt_out - Pt_in) | d2_tweedie_score: 0.982635
2025-11-14 20:56:50.048 | INFO     | __main__:log_results:113 - Efficiency (Pt_out - Pt_in) | mean_absolute_error: 1.091306
2025-11-14 20:56:50.048 | INFO     | __main__:log_results:113 - Efficiency (Pt_out - Pt_in) | median_absolute_error: 0.661344
2025-11-14 20:56:50.049 | INFO     | __main__:log_results:113 - Efficiency (Pt_out - Pt_in) | mean_squared_error: 3.201926
2025-11-14 20:56:50.049 | INFO     | __main__:log_results:113 - Efficiency (Pt_out - Pt_in) | rmse: 1.789393
2025-11-14 20:56:50.049 | INFO     | __main__:log_results:113 - Efficiency (Pt_out - Pt_in) | mean_squared_log_error: 0.000858
2025-11-14 20:56:50.049 | INFO     | __main__:log_results:113 - Efficiency (Pt_out - Pt_in) | rmsle: 0.029290
2025-11-14 20:56:50.049 | INFO     | __main__:log_results:113 - Efficiency (Pt_out - Pt_in) | mean_absolute_percentage_error: 0.016063
2025-11-14 20:56:50.049 | INFO     | __main__:log_results:113 - Efficiency (Pt_out - Pt_in) | max_error: 8.177434
2025-11-14 20:56:50.049 | INFO     | __main__:log_results:113 - Efficiency (Pt_out - Pt_in) | mean_pinball_loss(alpha=0.5): 0.545653
2025-11-14 20:56:50.049 | INFO     | __main__:log_results:113 - Efficiency (Pt_out - Pt_in) | mean_poisson_deviance: 0.052428
2025-11-14 20:56:50.049 | INFO     | __main__:log_results:113 - Efficiency (Pt_out - Pt_in) | mean_gamma_deviance: 0.000880
2025-11-14 20:56:50.049 | INFO     | __main__:log_results:113 - Efficiency (Pt_out - Pt_in) | mean_tweedie_deviance(power=0.0): 3.201926
