2025-11-14 18:10:04.368 | INFO     | __main__:log_results:110 - num_trainval: 80
2025-11-14 18:10:04.375 | INFO     | __main__:log_results:110 - is_random_sample: True
2025-11-14 18:10:04.375 | INFO     | __main__:log_results:110 - which_FeatureAugmentation: 3
2025-11-14 18:10:04.375 | INFO     | __main__:log_results:110 - FeatureAugmentation_Runs: 2
2025-11-14 18:10:04.375 | INFO     | __main__:log_results:110 - x_transformer_type: standardize
2025-11-14 18:10:04.375 | INFO     | __main__:log_results:110 - y_transformer_type: standardize
2025-11-14 18:10:04.375 | INFO     | __main__:log_results:110 - num_trainval_slice: 40
2025-11-14 18:10:04.375 | INFO     | __main__:log_results:110 - EPOCH: 500
2025-11-14 18:10:04.375 | INFO     | __main__:log_results:110 - exp_name: DGP05_SciGP_Far2
2025-11-14 18:10:04.376 | INFO     | __main__:log_results:110 - random_round_num: 5
2025-11-14 18:10:04.376 | INFO     | __main__:log_results:113 - Pt_in [Pa] | explained_variance_score: 0.604805
2025-11-14 18:10:04.376 | INFO     | __main__:log_results:113 - Pt_in [Pa] | r2_score: 0.601695
2025-11-14 18:10:04.376 | INFO     | __main__:log_results:113 - Pt_in [Pa] | d2_absolute_error_score: 0.441784
2025-11-14 18:10:04.376 | INFO     | __main__:log_results:113 - Pt_in [Pa] | d2_pinball_score: 0.441784
2025-11-14 18:10:04.376 | INFO     | __main__:log_results:113 - Pt_in [Pa] | d2_tweedie_score: 0.601695
2025-11-14 18:10:04.376 | INFO     | __main__:log_results:113 - Pt_in [Pa] | mean_absolute_error: 0.487056
2025-11-14 18:10:04.376 | INFO     | __main__:log_results:113 - Pt_in [Pa] | median_absolute_error: 0.313420
2025-11-14 18:10:04.376 | INFO     | __main__:log_results:113 - Pt_in [Pa] | mean_squared_error: 0.433152
2025-11-14 18:10:04.377 | INFO     | __main__:log_results:113 - Pt_in [Pa] | rmse: 0.658143
2025-11-14 18:10:04.377 | INFO     | __main__:log_results:113 - Pt_in [Pa] | mean_squared_log_error: 0.078058
2025-11-14 18:10:04.377 | INFO     | __main__:log_results:113 - Pt_in [Pa] | rmsle: 0.279388
2025-11-14 18:10:04.377 | INFO     | __main__:log_results:113 - Pt_in [Pa] | mean_absolute_percentage_error: 6.558658
2025-11-14 18:10:04.381 | INFO     | __main__:log_results:113 - Pt_in [Pa] | max_error: 1.836442
2025-11-14 18:10:04.381 | INFO     | __main__:log_results:113 - Pt_in [Pa] | mean_pinball_loss(alpha=0.5): 0.243528
2025-11-14 18:10:04.381 | INFO     | __main__:log_results:113 - Pt_in [Pa] | mean_poisson_deviance: nan
2025-11-14 18:10:04.381 | INFO     | __main__:log_results:113 - Pt_in [Pa] | mean_gamma_deviance: nan
2025-11-14 18:10:04.381 | INFO     | __main__:log_results:113 - Pt_in [Pa] | mean_tweedie_deviance(power=0.0): 0.433152
2025-11-14 18:10:04.381 | INFO     | __main__:log_results:113 - Pt_out [Pa] | explained_variance_score: 1.000000
2025-11-14 18:10:04.381 | INFO     | __main__:log_results:113 - Pt_out [Pa] | r2_score: 1.000000
2025-11-14 18:10:04.381 | INFO     | __main__:log_results:113 - Pt_out [Pa] | d2_absolute_error_score: 0.999978
2025-11-14 18:10:04.381 | INFO     | __main__:log_results:113 - Pt_out [Pa] | d2_pinball_score: 0.999978
2025-11-14 18:10:04.381 | INFO     | __main__:log_results:113 - Pt_out [Pa] | d2_tweedie_score: 1.000000
2025-11-14 18:10:04.381 | INFO     | __main__:log_results:113 - Pt_out [Pa] | mean_absolute_error: 0.548838
2025-11-14 18:10:04.381 | INFO     | __main__:log_results:113 - Pt_out [Pa] | median_absolute_error: 0.471609
2025-11-14 18:10:04.381 | INFO     | __main__:log_results:113 - Pt_out [Pa] | mean_squared_error: 0.478101
2025-11-14 18:10:04.381 | INFO     | __main__:log_results:113 - Pt_out [Pa] | rmse: 0.691449
2025-11-14 18:10:04.381 | INFO     | __main__:log_results:113 - Pt_out [Pa] | mean_squared_log_error: 0.000000
2025-11-14 18:10:04.381 | INFO     | __main__:log_results:113 - Pt_out [Pa] | rmsle: 0.000019
2025-11-14 18:10:04.381 | INFO     | __main__:log_results:113 - Pt_out [Pa] | mean_absolute_percentage_error: 0.000013
2025-11-14 18:10:04.382 | INFO     | __main__:log_results:113 - Pt_out [Pa] | max_error: 2.055192
2025-11-14 18:10:04.382 | INFO     | __main__:log_results:113 - Pt_out [Pa] | mean_pinball_loss(alpha=0.5): 0.274419
2025-11-14 18:10:04.382 | INFO     | __main__:log_results:113 - Pt_out [Pa] | mean_poisson_deviance: 0.000011
2025-11-14 18:10:04.382 | INFO     | __main__:log_results:113 - Pt_out [Pa] | mean_gamma_deviance: 0.000000
2025-11-14 18:10:04.382 | INFO     | __main__:log_results:113 - Pt_out [Pa] | mean_tweedie_deviance(power=0.0): 0.478101
2025-11-14 18:10:04.386 | INFO     | __main__:log_results:113 - Torque [N m] | explained_variance_score: 0.997986
2025-11-14 18:10:04.386 | INFO     | __main__:log_results:113 - Torque [N m] | r2_score: 0.997810
2025-11-14 18:10:04.386 | INFO     | __main__:log_results:113 - Torque [N m] | d2_absolute_error_score: 0.965162
2025-11-14 18:10:04.386 | INFO     | __main__:log_results:113 - Torque [N m] | d2_pinball_score: 0.965162
2025-11-14 18:10:04.386 | INFO     | __main__:log_results:113 - Torque [N m] | d2_tweedie_score: 0.997810
2025-11-14 18:10:04.386 | INFO     | __main__:log_results:113 - Torque [N m] | mean_absolute_error: 0.066400
2025-11-14 18:10:04.386 | INFO     | __main__:log_results:113 - Torque [N m] | median_absolute_error: 0.033684
2025-11-14 18:10:04.386 | INFO     | __main__:log_results:113 - Torque [N m] | mean_squared_error: 0.013102
2025-11-14 18:10:04.386 | INFO     | __main__:log_results:113 - Torque [N m] | rmse: 0.114462
2025-11-14 18:10:04.387 | INFO     | __main__:log_results:113 - Torque [N m] | mean_squared_log_error: 0.000769
2025-11-14 18:10:04.387 | INFO     | __main__:log_results:113 - Torque [N m] | rmsle: 0.027731
2025-11-14 18:10:04.387 | INFO     | __main__:log_results:113 - Torque [N m] | mean_absolute_percentage_error: 0.020918
2025-11-14 18:10:04.387 | INFO     | __main__:log_results:113 - Torque [N m] | max_error: 0.447072
2025-11-14 18:10:04.387 | INFO     | __main__:log_results:113 - Torque [N m] | mean_pinball_loss(alpha=0.5): 0.033200
2025-11-14 18:10:04.387 | INFO     | __main__:log_results:113 - Torque [N m] | mean_poisson_deviance: 0.004058
2025-11-14 18:10:04.387 | INFO     | __main__:log_results:113 - Torque [N m] | mean_gamma_deviance: 0.001400
2025-11-14 18:10:04.387 | INFO     | __main__:log_results:113 - Torque [N m] | mean_tweedie_deviance(power=0.0): 0.013102
2025-11-14 18:10:04.387 | INFO     | __main__:log_results:113 - Efficiency [%] | explained_variance_score: 0.966374
2025-11-14 18:10:04.388 | INFO     | __main__:log_results:113 - Efficiency [%] | r2_score: 0.962841
2025-11-14 18:10:04.388 | INFO     | __main__:log_results:113 - Efficiency [%] | d2_absolute_error_score: 0.857779
2025-11-14 18:10:04.388 | INFO     | __main__:log_results:113 - Efficiency [%] | d2_pinball_score: 0.857779
2025-11-14 18:10:04.388 | INFO     | __main__:log_results:113 - Efficiency [%] | d2_tweedie_score: 0.962841
2025-11-14 18:10:04.388 | INFO     | __main__:log_results:113 - Efficiency [%] | mean_absolute_error: 1.477778
2025-11-14 18:10:04.388 | INFO     | __main__:log_results:113 - Efficiency [%] | median_absolute_error: 0.722241
2025-11-14 18:10:04.388 | INFO     | __main__:log_results:113 - Efficiency [%] | mean_squared_error: 5.812195
2025-11-14 18:10:04.388 | INFO     | __main__:log_results:113 - Efficiency [%] | rmse: 2.410849
2025-11-14 18:10:04.389 | INFO     | __main__:log_results:113 - Efficiency [%] | mean_squared_log_error: 0.001423
2025-11-14 18:10:04.389 | INFO     | __main__:log_results:113 - Efficiency [%] | rmsle: 0.037721
2025-11-14 18:10:04.389 | INFO     | __main__:log_results:113 - Efficiency [%] | mean_absolute_percentage_error: 0.021000
2025-11-14 18:10:04.389 | INFO     | __main__:log_results:113 - Efficiency [%] | max_error: 9.513902
2025-11-14 18:10:04.389 | INFO     | __main__:log_results:113 - Efficiency [%] | mean_pinball_loss(alpha=0.5): 0.738889
2025-11-14 18:10:04.389 | INFO     | __main__:log_results:113 - Efficiency [%] | mean_poisson_deviance: 0.093247
2025-11-14 18:10:04.393 | INFO     | __main__:log_results:113 - Efficiency [%] | mean_gamma_deviance: 0.001519
2025-11-14 18:10:04.393 | INFO     | __main__:log_results:113 - Efficiency [%] | mean_tweedie_deviance(power=0.0): 5.812195
2025-11-14 18:10:04.393 | INFO     | __main__:log_results:113 - Efficiency (Pt_out - Pt_in) | explained_variance_score: 0.968655
2025-11-14 18:10:04.393 | INFO     | __main__:log_results:113 - Efficiency (Pt_out - Pt_in) | r2_score: 0.965457
2025-11-14 18:10:04.393 | INFO     | __main__:log_results:113 - Efficiency (Pt_out - Pt_in) | d2_absolute_error_score: 0.870942
2025-11-14 18:10:04.393 | INFO     | __main__:log_results:113 - Efficiency (Pt_out - Pt_in) | d2_pinball_score: 0.870942
2025-11-14 18:10:04.393 | INFO     | __main__:log_results:113 - Efficiency (Pt_out - Pt_in) | d2_tweedie_score: 0.965457
2025-11-14 18:10:04.393 | INFO     | __main__:log_results:113 - Efficiency (Pt_out - Pt_in) | mean_absolute_error: 1.374308
2025-11-14 18:10:04.393 | INFO     | __main__:log_results:113 - Efficiency (Pt_out - Pt_in) | median_absolute_error: 0.693005
2025-11-14 18:10:04.393 | INFO     | __main__:log_results:113 - Efficiency (Pt_out - Pt_in) | mean_squared_error: 5.556829
2025-11-14 18:10:04.393 | INFO     | __main__:log_results:113 - Efficiency (Pt_out - Pt_in) | rmse: 2.357293
2025-11-14 18:10:04.393 | INFO     | __main__:log_results:113 - Efficiency (Pt_out - Pt_in) | mean_squared_log_error: 0.001402
2025-11-14 18:10:04.393 | INFO     | __main__:log_results:113 - Efficiency (Pt_out - Pt_in) | rmsle: 0.037445
2025-11-14 18:10:04.393 | INFO     | __main__:log_results:113 - Efficiency (Pt_out - Pt_in) | mean_absolute_percentage_error: 0.019665
2025-11-14 18:10:04.393 | INFO     | __main__:log_results:113 - Efficiency (Pt_out - Pt_in) | max_error: 9.892700
2025-11-14 18:10:04.393 | INFO     | __main__:log_results:113 - Efficiency (Pt_out - Pt_in) | mean_pinball_loss(alpha=0.5): 0.687154
2025-11-14 18:10:04.397 | INFO     | __main__:log_results:113 - Efficiency (Pt_out - Pt_in) | mean_poisson_deviance: 0.090847
2025-11-14 18:10:04.397 | INFO     | __main__:log_results:113 - Efficiency (Pt_out - Pt_in) | mean_gamma_deviance: 0.001502
2025-11-14 18:10:04.397 | INFO     | __main__:log_results:113 - Efficiency (Pt_out - Pt_in) | mean_tweedie_deviance(power=0.0): 5.556829
