2025-11-14 21:02:39.325 | INFO     | __main__:log_results:110 - num_trainval: 130
2025-11-14 21:02:39.325 | INFO     | __main__:log_results:110 - is_random_sample: True
2025-11-14 21:02:39.325 | INFO     | __main__:log_results:110 - which_FeatureAugmentation: 3
2025-11-14 21:02:39.325 | INFO     | __main__:log_results:110 - FeatureAugmentation_Runs: 2
2025-11-14 21:02:39.325 | INFO     | __main__:log_results:110 - x_transformer_type: standardize
2025-11-14 21:02:39.325 | INFO     | __main__:log_results:110 - y_transformer_type: standardize
2025-11-14 21:02:39.325 | INFO     | __main__:log_results:110 - num_trainval_slice: 40
2025-11-14 21:02:39.325 | INFO     | __main__:log_results:110 - EPOCH: 500
2025-11-14 21:02:39.325 | INFO     | __main__:log_results:110 - exp_name: DGP05_SciGP_Far2_v2
2025-11-14 21:02:39.325 | INFO     | __main__:log_results:110 - random_round_num: 1
2025-11-14 21:02:39.325 | INFO     | __main__:log_results:113 - Pt_in [Pa] | explained_variance_score: 0.684358
2025-11-14 21:02:39.325 | INFO     | __main__:log_results:113 - Pt_in [Pa] | r2_score: 0.683954
2025-11-14 21:02:39.326 | INFO     | __main__:log_results:113 - Pt_in [Pa] | d2_absolute_error_score: 0.400072
2025-11-14 21:02:39.326 | INFO     | __main__:log_results:113 - Pt_in [Pa] | d2_pinball_score: 0.400072
2025-11-14 21:02:39.326 | INFO     | __main__:log_results:113 - Pt_in [Pa] | d2_tweedie_score: 0.683954
2025-11-14 21:02:39.326 | INFO     | __main__:log_results:113 - Pt_in [Pa] | mean_absolute_error: 0.447443
2025-11-14 21:02:39.326 | INFO     | __main__:log_results:113 - Pt_in [Pa] | median_absolute_error: 0.315915
2025-11-14 21:02:39.326 | INFO     | __main__:log_results:113 - Pt_in [Pa] | mean_squared_error: 0.378895
2025-11-14 21:02:39.326 | INFO     | __main__:log_results:113 - Pt_in [Pa] | rmse: 0.615545
2025-11-14 21:02:39.326 | INFO     | __main__:log_results:113 - Pt_in [Pa] | mean_squared_log_error: 0.074951
2025-11-14 21:02:39.326 | INFO     | __main__:log_results:113 - Pt_in [Pa] | rmsle: 0.273771
2025-11-14 21:02:39.326 | INFO     | __main__:log_results:113 - Pt_in [Pa] | mean_absolute_percentage_error: 0.504045
2025-11-14 21:02:39.326 | INFO     | __main__:log_results:113 - Pt_in [Pa] | max_error: 2.022965
2025-11-14 21:02:39.326 | INFO     | __main__:log_results:113 - Pt_in [Pa] | mean_pinball_loss(alpha=0.5): 0.223721
2025-11-14 21:02:39.326 | INFO     | __main__:log_results:113 - Pt_in [Pa] | mean_poisson_deviance: 0.382189
2025-11-14 21:02:39.326 | INFO     | __main__:log_results:113 - Pt_in [Pa] | mean_gamma_deviance: 1.031200
2025-11-14 21:02:39.326 | INFO     | __main__:log_results:113 - Pt_in [Pa] | mean_tweedie_deviance(power=0.0): 0.378895
2025-11-14 21:02:39.326 | INFO     | __main__:log_results:113 - Pt_out [Pa] | explained_variance_score: 1.000000
2025-11-14 21:02:39.326 | INFO     | __main__:log_results:113 - Pt_out [Pa] | r2_score: 1.000000
2025-11-14 21:02:39.326 | INFO     | __main__:log_results:113 - Pt_out [Pa] | d2_absolute_error_score: 0.999980
2025-11-14 21:02:39.326 | INFO     | __main__:log_results:113 - Pt_out [Pa] | d2_pinball_score: 0.999980
2025-11-14 21:02:39.326 | INFO     | __main__:log_results:113 - Pt_out [Pa] | d2_tweedie_score: 1.000000
2025-11-14 21:02:39.326 | INFO     | __main__:log_results:113 - Pt_out [Pa] | mean_absolute_error: 0.507563
2025-11-14 21:02:39.326 | INFO     | __main__:log_results:113 - Pt_out [Pa] | median_absolute_error: 0.419367
2025-11-14 21:02:39.327 | INFO     | __main__:log_results:113 - Pt_out [Pa] | mean_squared_error: 0.429999
2025-11-14 21:02:39.327 | INFO     | __main__:log_results:113 - Pt_out [Pa] | rmse: 0.655743
2025-11-14 21:02:39.327 | INFO     | __main__:log_results:113 - Pt_out [Pa] | mean_squared_log_error: 0.000000
2025-11-14 21:02:39.327 | INFO     | __main__:log_results:113 - Pt_out [Pa] | rmsle: 0.000017
2025-11-14 21:02:39.327 | INFO     | __main__:log_results:113 - Pt_out [Pa] | mean_absolute_percentage_error: 0.000011
2025-11-14 21:02:39.327 | INFO     | __main__:log_results:113 - Pt_out [Pa] | max_error: 2.611244
2025-11-14 21:02:39.327 | INFO     | __main__:log_results:113 - Pt_out [Pa] | mean_pinball_loss(alpha=0.5): 0.253781
2025-11-14 21:02:39.327 | INFO     | __main__:log_results:113 - Pt_out [Pa] | mean_poisson_deviance: 0.000009
2025-11-14 21:02:39.327 | INFO     | __main__:log_results:113 - Pt_out [Pa] | mean_gamma_deviance: 0.000000
2025-11-14 21:02:39.327 | INFO     | __main__:log_results:113 - Pt_out [Pa] | mean_tweedie_deviance(power=0.0): 0.429999
2025-11-14 21:02:39.327 | INFO     | __main__:log_results:113 - Torque [N m] | explained_variance_score: 0.999247
2025-11-14 21:02:39.327 | INFO     | __main__:log_results:113 - Torque [N m] | r2_score: 0.999226
2025-11-14 21:02:39.327 | INFO     | __main__:log_results:113 - Torque [N m] | d2_absolute_error_score: 0.974266
2025-11-14 21:02:39.327 | INFO     | __main__:log_results:113 - Torque [N m] | d2_pinball_score: 0.974266
2025-11-14 21:02:39.327 | INFO     | __main__:log_results:113 - Torque [N m] | d2_tweedie_score: 0.999226
2025-11-14 21:02:39.327 | INFO     | __main__:log_results:113 - Torque [N m] | mean_absolute_error: 0.048342
2025-11-14 21:02:39.327 | INFO     | __main__:log_results:113 - Torque [N m] | median_absolute_error: 0.028941
2025-11-14 21:02:39.327 | INFO     | __main__:log_results:113 - Torque [N m] | mean_squared_error: 0.004545
2025-11-14 21:02:39.327 | INFO     | __main__:log_results:113 - Torque [N m] | rmse: 0.067419
2025-11-14 21:02:39.327 | INFO     | __main__:log_results:113 - Torque [N m] | mean_squared_log_error: 0.000199
2025-11-14 21:02:39.327 | INFO     | __main__:log_results:113 - Torque [N m] | rmsle: 0.014119
2025-11-14 21:02:39.327 | INFO     | __main__:log_results:113 - Torque [N m] | mean_absolute_percentage_error: 0.013106
2025-11-14 21:02:39.328 | INFO     | __main__:log_results:113 - Torque [N m] | max_error: 0.201916
2025-11-14 21:02:39.328 | INFO     | __main__:log_results:113 - Torque [N m] | mean_pinball_loss(alpha=0.5): 0.024171
2025-11-14 21:02:39.328 | INFO     | __main__:log_results:113 - Torque [N m] | mean_poisson_deviance: 0.001162
2025-11-14 21:02:39.328 | INFO     | __main__:log_results:113 - Torque [N m] | mean_gamma_deviance: 0.000373
2025-11-14 21:02:39.328 | INFO     | __main__:log_results:113 - Torque [N m] | mean_tweedie_deviance(power=0.0): 0.004545
2025-11-14 21:02:39.328 | INFO     | __main__:log_results:113 - Efficiency [%] | explained_variance_score: 0.993005
2025-11-14 21:02:39.328 | INFO     | __main__:log_results:113 - Efficiency [%] | r2_score: 0.992950
2025-11-14 21:02:39.328 | INFO     | __main__:log_results:113 - Efficiency [%] | d2_absolute_error_score: 0.927045
2025-11-14 21:02:39.328 | INFO     | __main__:log_results:113 - Efficiency [%] | d2_pinball_score: 0.927045
2025-11-14 21:02:39.328 | INFO     | __main__:log_results:113 - Efficiency [%] | d2_tweedie_score: 0.992950
2025-11-14 21:02:39.328 | INFO     | __main__:log_results:113 - Efficiency [%] | mean_absolute_error: 0.832475
2025-11-14 21:02:39.328 | INFO     | __main__:log_results:113 - Efficiency [%] | median_absolute_error: 0.628143
2025-11-14 21:02:39.328 | INFO     | __main__:log_results:113 - Efficiency [%] | mean_squared_error: 1.355756
2025-11-14 21:02:39.328 | INFO     | __main__:log_results:113 - Efficiency [%] | rmse: 1.164370
2025-11-14 21:02:39.328 | INFO     | __main__:log_results:113 - Efficiency [%] | mean_squared_log_error: 0.000318
2025-11-14 21:02:39.328 | INFO     | __main__:log_results:113 - Efficiency [%] | rmsle: 0.017827
2025-11-14 21:02:39.328 | INFO     | __main__:log_results:113 - Efficiency [%] | mean_absolute_percentage_error: 0.011733
2025-11-14 21:02:39.328 | INFO     | __main__:log_results:113 - Efficiency [%] | max_error: 4.001314
2025-11-14 21:02:39.328 | INFO     | __main__:log_results:113 - Efficiency [%] | mean_pinball_loss(alpha=0.5): 0.416238
2025-11-14 21:02:39.328 | INFO     | __main__:log_results:113 - Efficiency [%] | mean_poisson_deviance: 0.020699
2025-11-14 21:02:39.328 | INFO     | __main__:log_results:113 - Efficiency [%] | mean_gamma_deviance: 0.000328
2025-11-14 21:02:39.328 | INFO     | __main__:log_results:113 - Efficiency [%] | mean_tweedie_deviance(power=0.0): 1.355756
2025-11-14 21:02:39.329 | INFO     | __main__:log_results:113 - Efficiency (Pt_out - Pt_in) | explained_variance_score: 0.991952
2025-11-14 21:02:39.329 | INFO     | __main__:log_results:113 - Efficiency (Pt_out - Pt_in) | r2_score: 0.991635
2025-11-14 21:02:39.329 | INFO     | __main__:log_results:113 - Efficiency (Pt_out - Pt_in) | d2_absolute_error_score: 0.918477
2025-11-14 21:02:39.329 | INFO     | __main__:log_results:113 - Efficiency (Pt_out - Pt_in) | d2_pinball_score: 0.918477
2025-11-14 21:02:39.329 | INFO     | __main__:log_results:113 - Efficiency (Pt_out - Pt_in) | d2_tweedie_score: 0.991635
2025-11-14 21:02:39.329 | INFO     | __main__:log_results:113 - Efficiency (Pt_out - Pt_in) | mean_absolute_error: 0.942467
2025-11-14 21:02:39.329 | INFO     | __main__:log_results:113 - Efficiency (Pt_out - Pt_in) | median_absolute_error: 0.709056
2025-11-14 21:02:39.329 | INFO     | __main__:log_results:113 - Efficiency (Pt_out - Pt_in) | mean_squared_error: 1.636088
2025-11-14 21:02:39.329 | INFO     | __main__:log_results:113 - Efficiency (Pt_out - Pt_in) | rmse: 1.279097
2025-11-14 21:02:39.329 | INFO     | __main__:log_results:113 - Efficiency (Pt_out - Pt_in) | mean_squared_log_error: 0.000360
2025-11-14 21:02:39.329 | INFO     | __main__:log_results:113 - Efficiency (Pt_out - Pt_in) | rmsle: 0.018978
2025-11-14 21:02:39.329 | INFO     | __main__:log_results:113 - Efficiency (Pt_out - Pt_in) | mean_absolute_percentage_error: 0.013229
2025-11-14 21:02:39.329 | INFO     | __main__:log_results:113 - Efficiency (Pt_out - Pt_in) | max_error: 4.102538
2025-11-14 21:02:39.329 | INFO     | __main__:log_results:113 - Efficiency (Pt_out - Pt_in) | mean_pinball_loss(alpha=0.5): 0.471233
2025-11-14 21:02:39.329 | INFO     | __main__:log_results:113 - Efficiency (Pt_out - Pt_in) | mean_poisson_deviance: 0.024140
2025-11-14 21:02:39.329 | INFO     | __main__:log_results:113 - Efficiency (Pt_out - Pt_in) | mean_gamma_deviance: 0.000371
2025-11-14 21:02:39.329 | INFO     | __main__:log_results:113 - Efficiency (Pt_out - Pt_in) | mean_tweedie_deviance(power=0.0): 1.636088
