2025-11-14 18:09:18.732 | INFO     | __main__:log_results:110 - num_trainval: 80
2025-11-14 18:09:18.732 | INFO     | __main__:log_results:110 - is_random_sample: True
2025-11-14 18:09:18.732 | INFO     | __main__:log_results:110 - which_FeatureAugmentation: 3
2025-11-14 18:09:18.732 | INFO     | __main__:log_results:110 - FeatureAugmentation_Runs: 2
2025-11-14 18:09:18.732 | INFO     | __main__:log_results:110 - x_transformer_type: standardize
2025-11-14 18:09:18.732 | INFO     | __main__:log_results:110 - y_transformer_type: standardize
2025-11-14 18:09:18.732 | INFO     | __main__:log_results:110 - num_trainval_slice: 40
2025-11-14 18:09:18.732 | INFO     | __main__:log_results:110 - EPOCH: 500
2025-11-14 18:09:18.732 | INFO     | __main__:log_results:110 - exp_name: DGP05_SciGP_Far2
2025-11-14 18:09:18.732 | INFO     | __main__:log_results:110 - random_round_num: 2
2025-11-14 18:09:18.733 | INFO     | __main__:log_results:113 - Pt_in [Pa] | explained_variance_score: -0.719070
2025-11-14 18:09:18.733 | INFO     | __main__:log_results:113 - Pt_in [Pa] | r2_score: -0.741290
2025-11-14 18:09:18.733 | INFO     | __main__:log_results:113 - Pt_in [Pa] | d2_absolute_error_score: -0.330109
2025-11-14 18:09:18.733 | INFO     | __main__:log_results:113 - Pt_in [Pa] | d2_pinball_score: -0.330109
2025-11-14 18:09:18.733 | INFO     | __main__:log_results:113 - Pt_in [Pa] | d2_tweedie_score: -0.741290
2025-11-14 18:09:18.733 | INFO     | __main__:log_results:113 - Pt_in [Pa] | mean_absolute_error: 0.692451
2025-11-14 18:09:18.733 | INFO     | __main__:log_results:113 - Pt_in [Pa] | median_absolute_error: 0.557408
2025-11-14 18:09:18.733 | INFO     | __main__:log_results:113 - Pt_in [Pa] | mean_squared_error: 0.842767
2025-11-14 18:09:18.733 | INFO     | __main__:log_results:113 - Pt_in [Pa] | rmse: 0.918023
2025-11-14 18:09:18.733 | INFO     | __main__:log_results:113 - Pt_in [Pa] | mean_squared_log_error: 0.128375
2025-11-14 18:09:18.733 | INFO     | __main__:log_results:113 - Pt_in [Pa] | rmsle: 0.358294
2025-11-14 18:09:18.733 | INFO     | __main__:log_results:113 - Pt_in [Pa] | mean_absolute_percentage_error: 0.959607
2025-11-14 18:09:18.733 | INFO     | __main__:log_results:113 - Pt_in [Pa] | max_error: 2.773217
2025-11-14 18:09:18.733 | INFO     | __main__:log_results:113 - Pt_in [Pa] | mean_pinball_loss(alpha=0.5): 0.346226
2025-11-14 18:09:18.734 | INFO     | __main__:log_results:113 - Pt_in [Pa] | mean_poisson_deviance: nan
2025-11-14 18:09:18.734 | INFO     | __main__:log_results:113 - Pt_in [Pa] | mean_gamma_deviance: nan
2025-11-14 18:09:18.734 | INFO     | __main__:log_results:113 - Pt_in [Pa] | mean_tweedie_deviance(power=0.0): 0.842767
2025-11-14 18:09:18.734 | INFO     | __main__:log_results:113 - Pt_out [Pa] | explained_variance_score: 1.000000
2025-11-14 18:09:18.734 | INFO     | __main__:log_results:113 - Pt_out [Pa] | r2_score: 1.000000
2025-11-14 18:09:18.734 | INFO     | __main__:log_results:113 - Pt_out [Pa] | d2_absolute_error_score: 0.999977
2025-11-14 18:09:18.734 | INFO     | __main__:log_results:113 - Pt_out [Pa] | d2_pinball_score: 0.999977
2025-11-14 18:09:18.734 | INFO     | __main__:log_results:113 - Pt_out [Pa] | d2_tweedie_score: 1.000000
2025-11-14 18:09:18.734 | INFO     | __main__:log_results:113 - Pt_out [Pa] | mean_absolute_error: 0.583140
2025-11-14 18:09:18.734 | INFO     | __main__:log_results:113 - Pt_out [Pa] | median_absolute_error: 0.484917
2025-11-14 18:09:18.734 | INFO     | __main__:log_results:113 - Pt_out [Pa] | mean_squared_error: 0.592887
2025-11-14 18:09:18.734 | INFO     | __main__:log_results:113 - Pt_out [Pa] | rmse: 0.769992
2025-11-14 18:09:18.734 | INFO     | __main__:log_results:113 - Pt_out [Pa] | mean_squared_log_error: 0.000000
2025-11-14 18:09:18.734 | INFO     | __main__:log_results:113 - Pt_out [Pa] | rmsle: 0.000018
2025-11-14 18:09:18.734 | INFO     | __main__:log_results:113 - Pt_out [Pa] | mean_absolute_percentage_error: 0.000013
2025-11-14 18:09:18.735 | INFO     | __main__:log_results:113 - Pt_out [Pa] | max_error: 3.791513
2025-11-14 18:09:18.735 | INFO     | __main__:log_results:113 - Pt_out [Pa] | mean_pinball_loss(alpha=0.5): 0.291570
2025-11-14 18:09:18.735 | INFO     | __main__:log_results:113 - Pt_out [Pa] | mean_poisson_deviance: 0.000011
2025-11-14 18:09:18.735 | INFO     | __main__:log_results:113 - Pt_out [Pa] | mean_gamma_deviance: 0.000000
2025-11-14 18:09:18.735 | INFO     | __main__:log_results:113 - Pt_out [Pa] | mean_tweedie_deviance(power=0.0): 0.592887
2025-11-14 18:09:18.735 | INFO     | __main__:log_results:113 - Torque [N m] | explained_variance_score: 0.999439
2025-11-14 18:09:18.735 | INFO     | __main__:log_results:113 - Torque [N m] | r2_score: 0.999412
2025-11-14 18:09:18.735 | INFO     | __main__:log_results:113 - Torque [N m] | d2_absolute_error_score: 0.976832
2025-11-14 18:09:18.735 | INFO     | __main__:log_results:113 - Torque [N m] | d2_pinball_score: 0.976832
2025-11-14 18:09:18.735 | INFO     | __main__:log_results:113 - Torque [N m] | d2_tweedie_score: 0.999412
2025-11-14 18:09:18.735 | INFO     | __main__:log_results:113 - Torque [N m] | mean_absolute_error: 0.044104
2025-11-14 18:09:18.735 | INFO     | __main__:log_results:113 - Torque [N m] | median_absolute_error: 0.034200
2025-11-14 18:09:18.735 | INFO     | __main__:log_results:113 - Torque [N m] | mean_squared_error: 0.003509
2025-11-14 18:09:18.735 | INFO     | __main__:log_results:113 - Torque [N m] | rmse: 0.059239
2025-11-14 18:09:18.736 | INFO     | __main__:log_results:113 - Torque [N m] | mean_squared_log_error: 0.000140
2025-11-14 18:09:18.736 | INFO     | __main__:log_results:113 - Torque [N m] | rmsle: 0.011811
2025-11-14 18:09:18.736 | INFO     | __main__:log_results:113 - Torque [N m] | mean_absolute_percentage_error: 0.011887
2025-11-14 18:09:18.736 | INFO     | __main__:log_results:113 - Torque [N m] | max_error: 0.210657
2025-11-14 18:09:18.736 | INFO     | __main__:log_results:113 - Torque [N m] | mean_pinball_loss(alpha=0.5): 0.022052
2025-11-14 18:09:18.736 | INFO     | __main__:log_results:113 - Torque [N m] | mean_poisson_deviance: 0.000831
2025-11-14 18:09:18.736 | INFO     | __main__:log_results:113 - Torque [N m] | mean_gamma_deviance: 0.000264
2025-11-14 18:09:18.736 | INFO     | __main__:log_results:113 - Torque [N m] | mean_tweedie_deviance(power=0.0): 0.003509
2025-11-14 18:09:18.736 | INFO     | __main__:log_results:113 - Efficiency [%] | explained_variance_score: 0.991350
2025-11-14 18:09:18.736 | INFO     | __main__:log_results:113 - Efficiency [%] | r2_score: 0.991082
2025-11-14 18:09:18.736 | INFO     | __main__:log_results:113 - Efficiency [%] | d2_absolute_error_score: 0.921761
2025-11-14 18:09:18.736 | INFO     | __main__:log_results:113 - Efficiency [%] | d2_pinball_score: 0.921761
2025-11-14 18:09:18.736 | INFO     | __main__:log_results:113 - Efficiency [%] | d2_tweedie_score: 0.991082
2025-11-14 18:09:18.736 | INFO     | __main__:log_results:113 - Efficiency [%] | mean_absolute_error: 0.866800
2025-11-14 18:09:18.736 | INFO     | __main__:log_results:113 - Efficiency [%] | median_absolute_error: 0.546909
2025-11-14 18:09:18.737 | INFO     | __main__:log_results:113 - Efficiency [%] | mean_squared_error: 1.613767
2025-11-14 18:09:18.737 | INFO     | __main__:log_results:113 - Efficiency [%] | rmse: 1.270341
2025-11-14 18:09:18.737 | INFO     | __main__:log_results:113 - Efficiency [%] | mean_squared_log_error: 0.000332
2025-11-14 18:09:18.737 | INFO     | __main__:log_results:113 - Efficiency [%] | rmsle: 0.018227
2025-11-14 18:09:18.737 | INFO     | __main__:log_results:113 - Efficiency [%] | mean_absolute_percentage_error: 0.011696
2025-11-14 18:09:18.737 | INFO     | __main__:log_results:113 - Efficiency [%] | max_error: 4.551681
2025-11-14 18:09:18.737 | INFO     | __main__:log_results:113 - Efficiency [%] | mean_pinball_loss(alpha=0.5): 0.433400
2025-11-14 18:09:18.737 | INFO     | __main__:log_results:113 - Efficiency [%] | mean_poisson_deviance: 0.023288
2025-11-14 18:09:18.737 | INFO     | __main__:log_results:113 - Efficiency [%] | mean_gamma_deviance: 0.000347
2025-11-14 18:09:18.737 | INFO     | __main__:log_results:113 - Efficiency [%] | mean_tweedie_deviance(power=0.0): 1.613767
2025-11-14 18:09:18.737 | INFO     | __main__:log_results:113 - Efficiency (Pt_out - Pt_in) | explained_variance_score: 0.992967
2025-11-14 18:09:18.737 | INFO     | __main__:log_results:113 - Efficiency (Pt_out - Pt_in) | r2_score: 0.992929
2025-11-14 18:09:18.737 | INFO     | __main__:log_results:113 - Efficiency (Pt_out - Pt_in) | d2_absolute_error_score: 0.922520
2025-11-14 18:09:18.737 | INFO     | __main__:log_results:113 - Efficiency (Pt_out - Pt_in) | d2_pinball_score: 0.922520
2025-11-14 18:09:18.737 | INFO     | __main__:log_results:113 - Efficiency (Pt_out - Pt_in) | d2_tweedie_score: 0.992929
2025-11-14 18:09:18.740 | INFO     | __main__:log_results:113 - Efficiency (Pt_out - Pt_in) | mean_absolute_error: 0.879471
2025-11-14 18:09:18.740 | INFO     | __main__:log_results:113 - Efficiency (Pt_out - Pt_in) | median_absolute_error: 0.701943
2025-11-14 18:09:18.740 | INFO     | __main__:log_results:113 - Efficiency (Pt_out - Pt_in) | mean_squared_error: 1.283661
2025-11-14 18:09:18.740 | INFO     | __main__:log_results:113 - Efficiency (Pt_out - Pt_in) | rmse: 1.132988
2025-11-14 18:09:18.741 | INFO     | __main__:log_results:113 - Efficiency (Pt_out - Pt_in) | mean_squared_log_error: 0.000258
2025-11-14 18:09:18.741 | INFO     | __main__:log_results:113 - Efficiency (Pt_out - Pt_in) | rmsle: 0.016073
2025-11-14 18:09:18.741 | INFO     | __main__:log_results:113 - Efficiency (Pt_out - Pt_in) | mean_absolute_percentage_error: 0.011818
2025-11-14 18:09:18.741 | INFO     | __main__:log_results:113 - Efficiency (Pt_out - Pt_in) | max_error: 4.169334
2025-11-14 18:09:18.741 | INFO     | __main__:log_results:113 - Efficiency (Pt_out - Pt_in) | mean_pinball_loss(alpha=0.5): 0.439735
2025-11-14 18:09:18.741 | INFO     | __main__:log_results:113 - Efficiency (Pt_out - Pt_in) | mean_poisson_deviance: 0.018194
2025-11-14 18:09:18.741 | INFO     | __main__:log_results:113 - Efficiency (Pt_out - Pt_in) | mean_gamma_deviance: 0.000268
2025-11-14 18:09:18.741 | INFO     | __main__:log_results:113 - Efficiency (Pt_out - Pt_in) | mean_tweedie_deviance(power=0.0): 1.283661
