2025-11-14 18:06:32.621 | INFO     | __main__:log_results:110 - num_trainval: 50
2025-11-14 18:06:32.621 | INFO     | __main__:log_results:110 - is_random_sample: True
2025-11-14 18:06:32.621 | INFO     | __main__:log_results:110 - which_FeatureAugmentation: 3
2025-11-14 18:06:32.621 | INFO     | __main__:log_results:110 - FeatureAugmentation_Runs: 2
2025-11-14 18:06:32.621 | INFO     | __main__:log_results:110 - x_transformer_type: standardize
2025-11-14 18:06:32.621 | INFO     | __main__:log_results:110 - y_transformer_type: standardize
2025-11-14 18:06:32.622 | INFO     | __main__:log_results:110 - num_trainval_slice: 40
2025-11-14 18:06:32.622 | INFO     | __main__:log_results:110 - EPOCH: 500
2025-11-14 18:06:32.622 | INFO     | __main__:log_results:110 - exp_name: DGP05_SciGP_Far2
2025-11-14 18:06:32.622 | INFO     | __main__:log_results:110 - random_round_num: 6
2025-11-14 18:06:32.622 | INFO     | __main__:log_results:113 - Pt_in [Pa] | explained_variance_score: -0.776233
2025-11-14 18:06:32.622 | INFO     | __main__:log_results:113 - Pt_in [Pa] | r2_score: -0.776846
2025-11-14 18:06:32.622 | INFO     | __main__:log_results:113 - Pt_in [Pa] | d2_absolute_error_score: -0.245423
2025-11-14 18:06:32.623 | INFO     | __main__:log_results:113 - Pt_in [Pa] | d2_pinball_score: -0.245423
2025-11-14 18:06:32.623 | INFO     | __main__:log_results:113 - Pt_in [Pa] | d2_tweedie_score: -0.776846
2025-11-14 18:06:32.623 | INFO     | __main__:log_results:113 - Pt_in [Pa] | mean_absolute_error: 0.699394
2025-11-14 18:06:32.623 | INFO     | __main__:log_results:113 - Pt_in [Pa] | median_absolute_error: 0.600286
2025-11-14 18:06:32.623 | INFO     | __main__:log_results:113 - Pt_in [Pa] | mean_squared_error: 0.799986
2025-11-14 18:06:32.623 | INFO     | __main__:log_results:113 - Pt_in [Pa] | rmse: 0.894420
2025-11-14 18:06:32.624 | INFO     | __main__:log_results:113 - Pt_in [Pa] | mean_squared_log_error: 0.120244
2025-11-14 18:06:32.624 | INFO     | __main__:log_results:113 - Pt_in [Pa] | rmsle: 0.346763
2025-11-14 18:06:32.624 | INFO     | __main__:log_results:113 - Pt_in [Pa] | mean_absolute_percentage_error: 0.520369
2025-11-14 18:06:32.624 | INFO     | __main__:log_results:113 - Pt_in [Pa] | max_error: 2.599146
2025-11-14 18:06:32.624 | INFO     | __main__:log_results:113 - Pt_in [Pa] | mean_pinball_loss(alpha=0.5): 0.349697
2025-11-14 18:06:32.624 | INFO     | __main__:log_results:113 - Pt_in [Pa] | mean_poisson_deviance: 0.638708
2025-11-14 18:06:32.625 | INFO     | __main__:log_results:113 - Pt_in [Pa] | mean_gamma_deviance: 1.320589
2025-11-14 18:06:32.625 | INFO     | __main__:log_results:113 - Pt_in [Pa] | mean_tweedie_deviance(power=0.0): 0.799986
2025-11-14 18:06:32.625 | INFO     | __main__:log_results:113 - Pt_out [Pa] | explained_variance_score: 1.000000
2025-11-14 18:06:32.625 | INFO     | __main__:log_results:113 - Pt_out [Pa] | r2_score: 1.000000
2025-11-14 18:06:32.625 | INFO     | __main__:log_results:113 - Pt_out [Pa] | d2_absolute_error_score: 0.999965
2025-11-14 18:06:32.625 | INFO     | __main__:log_results:113 - Pt_out [Pa] | d2_pinball_score: 0.999965
2025-11-14 18:06:32.625 | INFO     | __main__:log_results:113 - Pt_out [Pa] | d2_tweedie_score: 1.000000
2025-11-14 18:06:32.626 | INFO     | __main__:log_results:113 - Pt_out [Pa] | mean_absolute_error: 0.882207
2025-11-14 18:06:32.626 | INFO     | __main__:log_results:113 - Pt_out [Pa] | median_absolute_error: 0.561227
2025-11-14 18:06:32.626 | INFO     | __main__:log_results:113 - Pt_out [Pa] | mean_squared_error: 2.023072
2025-11-14 18:06:32.626 | INFO     | __main__:log_results:113 - Pt_out [Pa] | rmse: 1.422347
2025-11-14 18:06:32.626 | INFO     | __main__:log_results:113 - Pt_out [Pa] | mean_squared_log_error: 0.000000
2025-11-14 18:06:32.626 | INFO     | __main__:log_results:113 - Pt_out [Pa] | rmsle: 0.000023
2025-11-14 18:06:32.626 | INFO     | __main__:log_results:113 - Pt_out [Pa] | mean_absolute_percentage_error: 0.000017
2025-11-14 18:06:32.627 | INFO     | __main__:log_results:113 - Pt_out [Pa] | max_error: 8.195511
2025-11-14 18:06:32.627 | INFO     | __main__:log_results:113 - Pt_out [Pa] | mean_pinball_loss(alpha=0.5): 0.441104
2025-11-14 18:06:32.627 | INFO     | __main__:log_results:113 - Pt_out [Pa] | mean_poisson_deviance: 0.000027
2025-11-14 18:06:32.627 | INFO     | __main__:log_results:113 - Pt_out [Pa] | mean_gamma_deviance: 0.000000
2025-11-14 18:06:32.627 | INFO     | __main__:log_results:113 - Pt_out [Pa] | mean_tweedie_deviance(power=0.0): 2.023072
2025-11-14 18:06:32.627 | INFO     | __main__:log_results:113 - Torque [N m] | explained_variance_score: 0.999325
2025-11-14 18:06:32.627 | INFO     | __main__:log_results:113 - Torque [N m] | r2_score: 0.999325
2025-11-14 18:06:32.627 | INFO     | __main__:log_results:113 - Torque [N m] | d2_absolute_error_score: 0.977989
2025-11-14 18:06:32.628 | INFO     | __main__:log_results:113 - Torque [N m] | d2_pinball_score: 0.977989
2025-11-14 18:06:32.628 | INFO     | __main__:log_results:113 - Torque [N m] | d2_tweedie_score: 0.999325
2025-11-14 18:06:32.628 | INFO     | __main__:log_results:113 - Torque [N m] | mean_absolute_error: 0.041625
2025-11-14 18:06:32.628 | INFO     | __main__:log_results:113 - Torque [N m] | median_absolute_error: 0.025137
2025-11-14 18:06:32.628 | INFO     | __main__:log_results:113 - Torque [N m] | mean_squared_error: 0.004000
2025-11-14 18:06:32.629 | INFO     | __main__:log_results:113 - Torque [N m] | rmse: 0.063248
2025-11-14 18:06:32.629 | INFO     | __main__:log_results:113 - Torque [N m] | mean_squared_log_error: 0.000223
2025-11-14 18:06:32.629 | INFO     | __main__:log_results:113 - Torque [N m] | rmsle: 0.014928
2025-11-14 18:06:32.629 | INFO     | __main__:log_results:113 - Torque [N m] | mean_absolute_percentage_error: 0.012200
2025-11-14 18:06:32.629 | INFO     | __main__:log_results:113 - Torque [N m] | max_error: 0.335196
2025-11-14 18:06:32.629 | INFO     | __main__:log_results:113 - Torque [N m] | mean_pinball_loss(alpha=0.5): 0.020813
2025-11-14 18:06:32.629 | INFO     | __main__:log_results:113 - Torque [N m] | mean_poisson_deviance: 0.001208
2025-11-14 18:06:32.631 | INFO     | __main__:log_results:113 - Torque [N m] | mean_gamma_deviance: 0.000440
2025-11-14 18:06:32.631 | INFO     | __main__:log_results:113 - Torque [N m] | mean_tweedie_deviance(power=0.0): 0.004000
2025-11-14 18:06:32.631 | INFO     | __main__:log_results:113 - Efficiency [%] | explained_variance_score: 0.987027
2025-11-14 18:06:32.632 | INFO     | __main__:log_results:113 - Efficiency [%] | r2_score: 0.985881
2025-11-14 18:06:32.632 | INFO     | __main__:log_results:113 - Efficiency [%] | d2_absolute_error_score: 0.888931
2025-11-14 18:06:32.632 | INFO     | __main__:log_results:113 - Efficiency [%] | d2_pinball_score: 0.888931
2025-11-14 18:06:32.632 | INFO     | __main__:log_results:113 - Efficiency [%] | d2_tweedie_score: 0.985881
2025-11-14 18:06:32.632 | INFO     | __main__:log_results:113 - Efficiency [%] | mean_absolute_error: 1.236940
2025-11-14 18:06:32.633 | INFO     | __main__:log_results:113 - Efficiency [%] | median_absolute_error: 0.944101
2025-11-14 18:06:32.634 | INFO     | __main__:log_results:113 - Efficiency [%] | mean_squared_error: 2.649961
2025-11-14 18:06:32.634 | INFO     | __main__:log_results:113 - Efficiency [%] | rmse: 1.627870
2025-11-14 18:06:32.634 | INFO     | __main__:log_results:113 - Efficiency [%] | mean_squared_log_error: 0.000555
2025-11-14 18:06:32.634 | INFO     | __main__:log_results:113 - Efficiency [%] | rmsle: 0.023550
2025-11-14 18:06:32.634 | INFO     | __main__:log_results:113 - Efficiency [%] | mean_absolute_percentage_error: 0.017065
2025-11-14 18:06:32.634 | INFO     | __main__:log_results:113 - Efficiency [%] | max_error: 5.087939
2025-11-14 18:06:32.634 | INFO     | __main__:log_results:113 - Efficiency [%] | mean_pinball_loss(alpha=0.5): 0.618470
2025-11-14 18:06:32.634 | INFO     | __main__:log_results:113 - Efficiency [%] | mean_poisson_deviance: 0.038031
2025-11-14 18:06:32.635 | INFO     | __main__:log_results:113 - Efficiency [%] | mean_gamma_deviance: 0.000567
2025-11-14 18:06:32.635 | INFO     | __main__:log_results:113 - Efficiency [%] | mean_tweedie_deviance(power=0.0): 2.649961
2025-11-14 18:06:32.635 | INFO     | __main__:log_results:113 - Efficiency (Pt_out - Pt_in) | explained_variance_score: 0.991524
2025-11-14 18:06:32.635 | INFO     | __main__:log_results:113 - Efficiency (Pt_out - Pt_in) | r2_score: 0.991473
2025-11-14 18:06:32.635 | INFO     | __main__:log_results:113 - Efficiency (Pt_out - Pt_in) | d2_absolute_error_score: 0.925330
2025-11-14 18:06:32.635 | INFO     | __main__:log_results:113 - Efficiency (Pt_out - Pt_in) | d2_pinball_score: 0.925330
2025-11-14 18:06:32.635 | INFO     | __main__:log_results:113 - Efficiency (Pt_out - Pt_in) | d2_tweedie_score: 0.991473
2025-11-14 18:06:32.636 | INFO     | __main__:log_results:113 - Efficiency (Pt_out - Pt_in) | mean_absolute_error: 0.854053
2025-11-14 18:06:32.637 | INFO     | __main__:log_results:113 - Efficiency (Pt_out - Pt_in) | median_absolute_error: 0.597785
2025-11-14 18:06:32.637 | INFO     | __main__:log_results:113 - Efficiency (Pt_out - Pt_in) | mean_squared_error: 1.627761
2025-11-14 18:06:32.637 | INFO     | __main__:log_results:113 - Efficiency (Pt_out - Pt_in) | rmse: 1.275837
2025-11-14 18:06:32.637 | INFO     | __main__:log_results:113 - Efficiency (Pt_out - Pt_in) | mean_squared_log_error: 0.000420
2025-11-14 18:06:32.637 | INFO     | __main__:log_results:113 - Efficiency (Pt_out - Pt_in) | rmsle: 0.020498
2025-11-14 18:06:32.637 | INFO     | __main__:log_results:113 - Efficiency (Pt_out - Pt_in) | mean_absolute_percentage_error: 0.012278
2025-11-14 18:06:32.638 | INFO     | __main__:log_results:113 - Efficiency (Pt_out - Pt_in) | max_error: 6.119533
2025-11-14 18:06:32.638 | INFO     | __main__:log_results:113 - Efficiency (Pt_out - Pt_in) | mean_pinball_loss(alpha=0.5): 0.427026
2025-11-14 18:06:32.638 | INFO     | __main__:log_results:113 - Efficiency (Pt_out - Pt_in) | mean_poisson_deviance: 0.025879
2025-11-14 18:06:32.639 | INFO     | __main__:log_results:113 - Efficiency (Pt_out - Pt_in) | mean_gamma_deviance: 0.000430
2025-11-14 18:06:32.639 | INFO     | __main__:log_results:113 - Efficiency (Pt_out - Pt_in) | mean_tweedie_deviance(power=0.0): 1.627761
