2025-11-14 20:57:41.880 | INFO     | __main__:log_results:110 - num_trainval: 70
2025-11-14 20:57:41.880 | INFO     | __main__:log_results:110 - is_random_sample: True
2025-11-14 20:57:41.880 | INFO     | __main__:log_results:110 - which_FeatureAugmentation: 3
2025-11-14 20:57:41.880 | INFO     | __main__:log_results:110 - FeatureAugmentation_Runs: 2
2025-11-14 20:57:41.880 | INFO     | __main__:log_results:110 - x_transformer_type: standardize
2025-11-14 20:57:41.880 | INFO     | __main__:log_results:110 - y_transformer_type: standardize
2025-11-14 20:57:41.880 | INFO     | __main__:log_results:110 - num_trainval_slice: 40
2025-11-14 20:57:41.880 | INFO     | __main__:log_results:110 - EPOCH: 500
2025-11-14 20:57:41.880 | INFO     | __main__:log_results:110 - exp_name: DGP05_SciGP_Far2_v2
2025-11-14 20:57:41.880 | INFO     | __main__:log_results:110 - random_round_num: 2
2025-11-14 20:57:41.880 | INFO     | __main__:log_results:113 - Pt_in [Pa] | explained_variance_score: 0.565146
2025-11-14 20:57:41.880 | INFO     | __main__:log_results:113 - Pt_in [Pa] | r2_score: 0.564378
2025-11-14 20:57:41.880 | INFO     | __main__:log_results:113 - Pt_in [Pa] | d2_absolute_error_score: 0.318440
2025-11-14 20:57:41.880 | INFO     | __main__:log_results:113 - Pt_in [Pa] | d2_pinball_score: 0.318440
2025-11-14 20:57:41.880 | INFO     | __main__:log_results:113 - Pt_in [Pa] | d2_tweedie_score: 0.564378
2025-11-14 20:57:41.881 | INFO     | __main__:log_results:113 - Pt_in [Pa] | mean_absolute_error: 0.526033
2025-11-14 20:57:41.881 | INFO     | __main__:log_results:113 - Pt_in [Pa] | median_absolute_error: 0.414156
2025-11-14 20:57:41.881 | INFO     | __main__:log_results:113 - Pt_in [Pa] | mean_squared_error: 0.467479
2025-11-14 20:57:41.881 | INFO     | __main__:log_results:113 - Pt_in [Pa] | rmse: 0.683724
2025-11-14 20:57:41.881 | INFO     | __main__:log_results:113 - Pt_in [Pa] | mean_squared_log_error: 0.083125
2025-11-14 20:57:41.881 | INFO     | __main__:log_results:113 - Pt_in [Pa] | rmsle: 0.288314
2025-11-14 20:57:41.881 | INFO     | __main__:log_results:113 - Pt_in [Pa] | mean_absolute_percentage_error: 0.459851
2025-11-14 20:57:41.881 | INFO     | __main__:log_results:113 - Pt_in [Pa] | max_error: 2.108709
2025-11-14 20:57:41.881 | INFO     | __main__:log_results:113 - Pt_in [Pa] | mean_pinball_loss(alpha=0.5): 0.263016
2025-11-14 20:57:41.881 | INFO     | __main__:log_results:113 - Pt_in [Pa] | mean_poisson_deviance: 0.440591
2025-11-14 20:57:41.881 | INFO     | __main__:log_results:113 - Pt_in [Pa] | mean_gamma_deviance: 1.017819
2025-11-14 20:57:41.881 | INFO     | __main__:log_results:113 - Pt_in [Pa] | mean_tweedie_deviance(power=0.0): 0.467479
2025-11-14 20:57:41.881 | INFO     | __main__:log_results:113 - Pt_out [Pa] | explained_variance_score: 1.000000
2025-11-14 20:57:41.881 | INFO     | __main__:log_results:113 - Pt_out [Pa] | r2_score: 1.000000
2025-11-14 20:57:41.881 | INFO     | __main__:log_results:113 - Pt_out [Pa] | d2_absolute_error_score: 0.999976
2025-11-14 20:57:41.881 | INFO     | __main__:log_results:113 - Pt_out [Pa] | d2_pinball_score: 0.999976
2025-11-14 20:57:41.881 | INFO     | __main__:log_results:113 - Pt_out [Pa] | d2_tweedie_score: 1.000000
2025-11-14 20:57:41.882 | INFO     | __main__:log_results:113 - Pt_out [Pa] | mean_absolute_error: 0.611349
2025-11-14 20:57:41.882 | INFO     | __main__:log_results:113 - Pt_out [Pa] | median_absolute_error: 0.476045
2025-11-14 20:57:41.882 | INFO     | __main__:log_results:113 - Pt_out [Pa] | mean_squared_error: 0.637055
2025-11-14 20:57:41.882 | INFO     | __main__:log_results:113 - Pt_out [Pa] | rmse: 0.798157
2025-11-14 20:57:41.882 | INFO     | __main__:log_results:113 - Pt_out [Pa] | mean_squared_log_error: 0.000000
2025-11-14 20:57:41.882 | INFO     | __main__:log_results:113 - Pt_out [Pa] | rmsle: 0.000022
2025-11-14 20:57:41.882 | INFO     | __main__:log_results:113 - Pt_out [Pa] | mean_absolute_percentage_error: 0.000014
2025-11-14 20:57:41.882 | INFO     | __main__:log_results:113 - Pt_out [Pa] | max_error: 2.736828
2025-11-14 20:57:41.882 | INFO     | __main__:log_results:113 - Pt_out [Pa] | mean_pinball_loss(alpha=0.5): 0.305675
2025-11-14 20:57:41.882 | INFO     | __main__:log_results:113 - Pt_out [Pa] | mean_poisson_deviance: 0.000014
2025-11-14 20:57:41.886 | INFO     | __main__:log_results:113 - Pt_out [Pa] | mean_gamma_deviance: 0.000000
2025-11-14 20:57:41.886 | INFO     | __main__:log_results:113 - Pt_out [Pa] | mean_tweedie_deviance(power=0.0): 0.637055
2025-11-14 20:57:41.886 | INFO     | __main__:log_results:113 - Torque [N m] | explained_variance_score: 0.997873
2025-11-14 20:57:41.886 | INFO     | __main__:log_results:113 - Torque [N m] | r2_score: 0.997747
2025-11-14 20:57:41.886 | INFO     | __main__:log_results:113 - Torque [N m] | d2_absolute_error_score: 0.960093
2025-11-14 20:57:41.886 | INFO     | __main__:log_results:113 - Torque [N m] | d2_pinball_score: 0.960093
2025-11-14 20:57:41.886 | INFO     | __main__:log_results:113 - Torque [N m] | d2_tweedie_score: 0.997747
2025-11-14 20:57:41.886 | INFO     | __main__:log_results:113 - Torque [N m] | mean_absolute_error: 0.075550
2025-11-14 20:57:41.886 | INFO     | __main__:log_results:113 - Torque [N m] | median_absolute_error: 0.039502
2025-11-14 20:57:41.886 | INFO     | __main__:log_results:113 - Torque [N m] | mean_squared_error: 0.013060
2025-11-14 20:57:41.886 | INFO     | __main__:log_results:113 - Torque [N m] | rmse: 0.114282
2025-11-14 20:57:41.886 | INFO     | __main__:log_results:113 - Torque [N m] | mean_squared_log_error: 0.000529
2025-11-14 20:57:41.886 | INFO     | __main__:log_results:113 - Torque [N m] | rmsle: 0.023008
2025-11-14 20:57:41.886 | INFO     | __main__:log_results:113 - Torque [N m] | mean_absolute_percentage_error: 0.020298
2025-11-14 20:57:41.886 | INFO     | __main__:log_results:113 - Torque [N m] | max_error: 0.395131
2025-11-14 20:57:41.886 | INFO     | __main__:log_results:113 - Torque [N m] | mean_pinball_loss(alpha=0.5): 0.037775
2025-11-14 20:57:41.886 | INFO     | __main__:log_results:113 - Torque [N m] | mean_poisson_deviance: 0.003068
2025-11-14 20:57:41.887 | INFO     | __main__:log_results:113 - Torque [N m] | mean_gamma_deviance: 0.000981
2025-11-14 20:57:41.887 | INFO     | __main__:log_results:113 - Torque [N m] | mean_tweedie_deviance(power=0.0): 0.013060
2025-11-14 20:57:41.887 | INFO     | __main__:log_results:113 - Efficiency [%] | explained_variance_score: 0.961779
2025-11-14 20:57:41.887 | INFO     | __main__:log_results:113 - Efficiency [%] | r2_score: 0.959355
2025-11-14 20:57:41.887 | INFO     | __main__:log_results:113 - Efficiency [%] | d2_absolute_error_score: 0.845326
2025-11-14 20:57:41.887 | INFO     | __main__:log_results:113 - Efficiency [%] | d2_pinball_score: 0.845326
2025-11-14 20:57:41.887 | INFO     | __main__:log_results:113 - Efficiency [%] | d2_tweedie_score: 0.959355
2025-11-14 20:57:41.887 | INFO     | __main__:log_results:113 - Efficiency [%] | mean_absolute_error: 1.624579
2025-11-14 20:57:41.887 | INFO     | __main__:log_results:113 - Efficiency [%] | median_absolute_error: 0.822733
2025-11-14 20:57:41.887 | INFO     | __main__:log_results:113 - Efficiency [%] | mean_squared_error: 6.412581
2025-11-14 20:57:41.887 | INFO     | __main__:log_results:113 - Efficiency [%] | rmse: 2.532307
2025-11-14 20:57:41.887 | INFO     | __main__:log_results:113 - Efficiency [%] | mean_squared_log_error: 0.001493
2025-11-14 20:57:41.887 | INFO     | __main__:log_results:113 - Efficiency [%] | rmsle: 0.038633
2025-11-14 20:57:41.887 | INFO     | __main__:log_results:113 - Efficiency [%] | mean_absolute_percentage_error: 0.022709
2025-11-14 20:57:41.887 | INFO     | __main__:log_results:113 - Efficiency [%] | max_error: 9.441174
2025-11-14 20:57:41.887 | INFO     | __main__:log_results:113 - Efficiency [%] | mean_pinball_loss(alpha=0.5): 0.812289
2025-11-14 20:57:41.887 | INFO     | __main__:log_results:113 - Efficiency [%] | mean_poisson_deviance: 0.099880
2025-11-14 20:57:41.888 | INFO     | __main__:log_results:113 - Efficiency [%] | mean_gamma_deviance: 0.001590
2025-11-14 20:57:41.888 | INFO     | __main__:log_results:113 - Efficiency [%] | mean_tweedie_deviance(power=0.0): 6.412581
2025-11-14 20:57:41.888 | INFO     | __main__:log_results:113 - Efficiency (Pt_out - Pt_in) | explained_variance_score: 0.976375
2025-11-14 20:57:41.888 | INFO     | __main__:log_results:113 - Efficiency (Pt_out - Pt_in) | r2_score: 0.974847
2025-11-14 20:57:41.888 | INFO     | __main__:log_results:113 - Efficiency (Pt_out - Pt_in) | d2_absolute_error_score: 0.869313
2025-11-14 20:57:41.888 | INFO     | __main__:log_results:113 - Efficiency (Pt_out - Pt_in) | d2_pinball_score: 0.869313
2025-11-14 20:57:41.888 | INFO     | __main__:log_results:113 - Efficiency (Pt_out - Pt_in) | d2_tweedie_score: 0.974847
2025-11-14 20:57:41.888 | INFO     | __main__:log_results:113 - Efficiency (Pt_out - Pt_in) | mean_absolute_error: 1.412490
2025-11-14 20:57:41.888 | INFO     | __main__:log_results:113 - Efficiency (Pt_out - Pt_in) | median_absolute_error: 0.917814
2025-11-14 20:57:41.888 | INFO     | __main__:log_results:113 - Efficiency (Pt_out - Pt_in) | mean_squared_error: 4.237751
2025-11-14 20:57:41.888 | INFO     | __main__:log_results:113 - Efficiency (Pt_out - Pt_in) | rmse: 2.058580
2025-11-14 20:57:41.888 | INFO     | __main__:log_results:113 - Efficiency (Pt_out - Pt_in) | mean_squared_log_error: 0.000971
2025-11-14 20:57:41.888 | INFO     | __main__:log_results:113 - Efficiency (Pt_out - Pt_in) | rmsle: 0.031162
2025-11-14 20:57:41.888 | INFO     | __main__:log_results:113 - Efficiency (Pt_out - Pt_in) | mean_absolute_percentage_error: 0.019549
2025-11-14 20:57:41.888 | INFO     | __main__:log_results:113 - Efficiency (Pt_out - Pt_in) | max_error: 6.979365
2025-11-14 20:57:41.888 | INFO     | __main__:log_results:113 - Efficiency (Pt_out - Pt_in) | mean_pinball_loss(alpha=0.5): 0.706245
2025-11-14 20:57:41.889 | INFO     | __main__:log_results:113 - Efficiency (Pt_out - Pt_in) | mean_poisson_deviance: 0.065041
2025-11-14 20:57:41.889 | INFO     | __main__:log_results:113 - Efficiency (Pt_out - Pt_in) | mean_gamma_deviance: 0.001026
2025-11-14 20:57:41.889 | INFO     | __main__:log_results:113 - Efficiency (Pt_out - Pt_in) | mean_tweedie_deviance(power=0.0): 4.237751
