2025-11-14 18:11:07.753 | INFO     | __main__:log_results:110 - num_trainval: 90
2025-11-14 18:11:07.753 | INFO     | __main__:log_results:110 - is_random_sample: True
2025-11-14 18:11:07.754 | INFO     | __main__:log_results:110 - which_FeatureAugmentation: 3
2025-11-14 18:11:07.754 | INFO     | __main__:log_results:110 - FeatureAugmentation_Runs: 2
2025-11-14 18:11:07.754 | INFO     | __main__:log_results:110 - x_transformer_type: standardize
2025-11-14 18:11:07.754 | INFO     | __main__:log_results:110 - y_transformer_type: standardize
2025-11-14 18:11:07.754 | INFO     | __main__:log_results:110 - num_trainval_slice: 40
2025-11-14 18:11:07.754 | INFO     | __main__:log_results:110 - EPOCH: 500
2025-11-14 18:11:07.754 | INFO     | __main__:log_results:110 - exp_name: DGP05_SciGP_Far2
2025-11-14 18:11:07.754 | INFO     | __main__:log_results:110 - random_round_num: 5
2025-11-14 18:11:07.754 | INFO     | __main__:log_results:113 - Pt_in [Pa] | explained_variance_score: 0.528830
2025-11-14 18:11:07.754 | INFO     | __main__:log_results:113 - Pt_in [Pa] | r2_score: 0.528205
2025-11-14 18:11:07.754 | INFO     | __main__:log_results:113 - Pt_in [Pa] | d2_absolute_error_score: 0.236896
2025-11-14 18:11:07.754 | INFO     | __main__:log_results:113 - Pt_in [Pa] | d2_pinball_score: 0.236896
2025-11-14 18:11:07.754 | INFO     | __main__:log_results:113 - Pt_in [Pa] | d2_tweedie_score: 0.528205
2025-11-14 18:11:07.757 | INFO     | __main__:log_results:113 - Pt_in [Pa] | mean_absolute_error: 0.602047
2025-11-14 18:11:07.758 | INFO     | __main__:log_results:113 - Pt_in [Pa] | median_absolute_error: 0.525625
2025-11-14 18:11:07.758 | INFO     | __main__:log_results:113 - Pt_in [Pa] | mean_squared_error: 0.576634
2025-11-14 18:11:07.758 | INFO     | __main__:log_results:113 - Pt_in [Pa] | rmse: 0.759364
2025-11-14 18:11:07.758 | INFO     | __main__:log_results:113 - Pt_in [Pa] | mean_squared_log_error: 0.115688
2025-11-14 18:11:07.758 | INFO     | __main__:log_results:113 - Pt_in [Pa] | rmsle: 0.340129
2025-11-14 18:11:07.758 | INFO     | __main__:log_results:113 - Pt_in [Pa] | mean_absolute_percentage_error: 0.719406
2025-11-14 18:11:07.758 | INFO     | __main__:log_results:113 - Pt_in [Pa] | max_error: 2.070991
2025-11-14 18:11:07.758 | INFO     | __main__:log_results:113 - Pt_in [Pa] | mean_pinball_loss(alpha=0.5): 0.301023
2025-11-14 18:11:07.758 | INFO     | __main__:log_results:113 - Pt_in [Pa] | mean_poisson_deviance: 0.559403
2025-11-14 18:11:07.758 | INFO     | __main__:log_results:113 - Pt_in [Pa] | mean_gamma_deviance: 1.331524
2025-11-14 18:11:07.758 | INFO     | __main__:log_results:113 - Pt_in [Pa] | mean_tweedie_deviance(power=0.0): 0.576634
2025-11-14 18:11:07.758 | INFO     | __main__:log_results:113 - Pt_out [Pa] | explained_variance_score: 1.000000
2025-11-14 18:11:07.759 | INFO     | __main__:log_results:113 - Pt_out [Pa] | r2_score: 1.000000
2025-11-14 18:11:07.759 | INFO     | __main__:log_results:113 - Pt_out [Pa] | d2_absolute_error_score: 0.999980
2025-11-14 18:11:07.759 | INFO     | __main__:log_results:113 - Pt_out [Pa] | d2_pinball_score: 0.999980
2025-11-14 18:11:07.759 | INFO     | __main__:log_results:113 - Pt_out [Pa] | d2_tweedie_score: 1.000000
2025-11-14 18:11:07.759 | INFO     | __main__:log_results:113 - Pt_out [Pa] | mean_absolute_error: 0.512162
2025-11-14 18:11:07.759 | INFO     | __main__:log_results:113 - Pt_out [Pa] | median_absolute_error: 0.447351
2025-11-14 18:11:07.759 | INFO     | __main__:log_results:113 - Pt_out [Pa] | mean_squared_error: 0.422051
2025-11-14 18:11:07.759 | INFO     | __main__:log_results:113 - Pt_out [Pa] | rmse: 0.649654
2025-11-14 18:11:07.759 | INFO     | __main__:log_results:113 - Pt_out [Pa] | mean_squared_log_error: 0.000000
2025-11-14 18:11:07.759 | INFO     | __main__:log_results:113 - Pt_out [Pa] | rmsle: 0.000019
2025-11-14 18:11:07.759 | INFO     | __main__:log_results:113 - Pt_out [Pa] | mean_absolute_percentage_error: 0.000012
2025-11-14 18:11:07.759 | INFO     | __main__:log_results:113 - Pt_out [Pa] | max_error: 2.121970
2025-11-14 18:11:07.759 | INFO     | __main__:log_results:113 - Pt_out [Pa] | mean_pinball_loss(alpha=0.5): 0.256081
2025-11-14 18:11:07.759 | INFO     | __main__:log_results:113 - Pt_out [Pa] | mean_poisson_deviance: 0.000010
2025-11-14 18:11:07.759 | INFO     | __main__:log_results:113 - Pt_out [Pa] | mean_gamma_deviance: 0.000000
2025-11-14 18:11:07.760 | INFO     | __main__:log_results:113 - Pt_out [Pa] | mean_tweedie_deviance(power=0.0): 0.422051
2025-11-14 18:11:07.760 | INFO     | __main__:log_results:113 - Torque [N m] | explained_variance_score: 0.999425
2025-11-14 18:11:07.760 | INFO     | __main__:log_results:113 - Torque [N m] | r2_score: 0.999421
2025-11-14 18:11:07.760 | INFO     | __main__:log_results:113 - Torque [N m] | d2_absolute_error_score: 0.977877
2025-11-14 18:11:07.760 | INFO     | __main__:log_results:113 - Torque [N m] | d2_pinball_score: 0.977877
2025-11-14 18:11:07.760 | INFO     | __main__:log_results:113 - Torque [N m] | d2_tweedie_score: 0.999421
2025-11-14 18:11:07.760 | INFO     | __main__:log_results:113 - Torque [N m] | mean_absolute_error: 0.042030
2025-11-14 18:11:07.760 | INFO     | __main__:log_results:113 - Torque [N m] | median_absolute_error: 0.031042
2025-11-14 18:11:07.760 | INFO     | __main__:log_results:113 - Torque [N m] | mean_squared_error: 0.003430
2025-11-14 18:11:07.760 | INFO     | __main__:log_results:113 - Torque [N m] | rmse: 0.058567
2025-11-14 18:11:07.760 | INFO     | __main__:log_results:113 - Torque [N m] | mean_squared_log_error: 0.000160
2025-11-14 18:11:07.760 | INFO     | __main__:log_results:113 - Torque [N m] | rmsle: 0.012648
2025-11-14 18:11:07.760 | INFO     | __main__:log_results:113 - Torque [N m] | mean_absolute_percentage_error: 0.011964
2025-11-14 18:11:07.760 | INFO     | __main__:log_results:113 - Torque [N m] | max_error: 0.215113
2025-11-14 18:11:07.760 | INFO     | __main__:log_results:113 - Torque [N m] | mean_pinball_loss(alpha=0.5): 0.021015
2025-11-14 18:11:07.761 | INFO     | __main__:log_results:113 - Torque [N m] | mean_poisson_deviance: 0.000902
2025-11-14 18:11:07.761 | INFO     | __main__:log_results:113 - Torque [N m] | mean_gamma_deviance: 0.000311
2025-11-14 18:11:07.761 | INFO     | __main__:log_results:113 - Torque [N m] | mean_tweedie_deviance(power=0.0): 0.003430
2025-11-14 18:11:07.761 | INFO     | __main__:log_results:113 - Efficiency [%] | explained_variance_score: 0.993195
2025-11-14 18:11:07.761 | INFO     | __main__:log_results:113 - Efficiency [%] | r2_score: 0.993149
2025-11-14 18:11:07.761 | INFO     | __main__:log_results:113 - Efficiency [%] | d2_absolute_error_score: 0.927945
2025-11-14 18:11:07.761 | INFO     | __main__:log_results:113 - Efficiency [%] | d2_pinball_score: 0.927945
2025-11-14 18:11:07.761 | INFO     | __main__:log_results:113 - Efficiency [%] | d2_tweedie_score: 0.993149
2025-11-14 18:11:07.761 | INFO     | __main__:log_results:113 - Efficiency [%] | mean_absolute_error: 0.804061
2025-11-14 18:11:07.761 | INFO     | __main__:log_results:113 - Efficiency [%] | median_absolute_error: 0.592218
2025-11-14 18:11:07.761 | INFO     | __main__:log_results:113 - Efficiency [%] | mean_squared_error: 1.224099
2025-11-14 18:11:07.761 | INFO     | __main__:log_results:113 - Efficiency [%] | rmse: 1.106390
2025-11-14 18:11:07.761 | INFO     | __main__:log_results:113 - Efficiency [%] | mean_squared_log_error: 0.000271
2025-11-14 18:11:07.761 | INFO     | __main__:log_results:113 - Efficiency [%] | rmsle: 0.016469
2025-11-14 18:11:07.761 | INFO     | __main__:log_results:113 - Efficiency [%] | mean_absolute_percentage_error: 0.011051
2025-11-14 18:11:07.762 | INFO     | __main__:log_results:113 - Efficiency [%] | max_error: 3.674621
2025-11-14 18:11:07.762 | INFO     | __main__:log_results:113 - Efficiency [%] | mean_pinball_loss(alpha=0.5): 0.402031
2025-11-14 18:11:07.762 | INFO     | __main__:log_results:113 - Efficiency [%] | mean_poisson_deviance: 0.018299
2025-11-14 18:11:07.762 | INFO     | __main__:log_results:113 - Efficiency [%] | mean_gamma_deviance: 0.000282
2025-11-14 18:11:07.762 | INFO     | __main__:log_results:113 - Efficiency [%] | mean_tweedie_deviance(power=0.0): 1.224099
2025-11-14 18:11:07.762 | INFO     | __main__:log_results:113 - Efficiency (Pt_out - Pt_in) | explained_variance_score: 0.992443
2025-11-14 18:11:07.762 | INFO     | __main__:log_results:113 - Efficiency (Pt_out - Pt_in) | r2_score: 0.992442
2025-11-14 18:11:07.762 | INFO     | __main__:log_results:113 - Efficiency (Pt_out - Pt_in) | d2_absolute_error_score: 0.922452
2025-11-14 18:11:07.762 | INFO     | __main__:log_results:113 - Efficiency (Pt_out - Pt_in) | d2_pinball_score: 0.922452
2025-11-14 18:11:07.762 | INFO     | __main__:log_results:113 - Efficiency (Pt_out - Pt_in) | d2_tweedie_score: 0.992442
2025-11-14 18:11:07.762 | INFO     | __main__:log_results:113 - Efficiency (Pt_out - Pt_in) | mean_absolute_error: 0.864688
2025-11-14 18:11:07.762 | INFO     | __main__:log_results:113 - Efficiency (Pt_out - Pt_in) | median_absolute_error: 0.586542
2025-11-14 18:11:07.762 | INFO     | __main__:log_results:113 - Efficiency (Pt_out - Pt_in) | mean_squared_error: 1.353401
2025-11-14 18:11:07.762 | INFO     | __main__:log_results:113 - Efficiency (Pt_out - Pt_in) | rmse: 1.163357
2025-11-14 18:11:07.762 | INFO     | __main__:log_results:113 - Efficiency (Pt_out - Pt_in) | mean_squared_log_error: 0.000301
2025-11-14 18:11:07.762 | INFO     | __main__:log_results:113 - Efficiency (Pt_out - Pt_in) | rmsle: 0.017359
2025-11-14 18:11:07.763 | INFO     | __main__:log_results:113 - Efficiency (Pt_out - Pt_in) | mean_absolute_percentage_error: 0.011922
2025-11-14 18:11:07.763 | INFO     | __main__:log_results:113 - Efficiency (Pt_out - Pt_in) | max_error: 4.093584
2025-11-14 18:11:07.763 | INFO     | __main__:log_results:113 - Efficiency (Pt_out - Pt_in) | mean_pinball_loss(alpha=0.5): 0.432344
2025-11-14 18:11:07.763 | INFO     | __main__:log_results:113 - Efficiency (Pt_out - Pt_in) | mean_poisson_deviance: 0.020073
2025-11-14 18:11:07.763 | INFO     | __main__:log_results:113 - Efficiency (Pt_out - Pt_in) | mean_gamma_deviance: 0.000311
2025-11-14 18:11:07.763 | INFO     | __main__:log_results:113 - Efficiency (Pt_out - Pt_in) | mean_tweedie_deviance(power=0.0): 1.353401
