2025-11-14 21:06:58.950 | INFO     | __main__:log_results:110 - num_trainval: 200
2025-11-14 21:06:58.950 | INFO     | __main__:log_results:110 - is_random_sample: True
2025-11-14 21:06:58.950 | INFO     | __main__:log_results:110 - which_FeatureAugmentation: 3
2025-11-14 21:06:58.950 | INFO     | __main__:log_results:110 - FeatureAugmentation_Runs: 2
2025-11-14 21:06:58.950 | INFO     | __main__:log_results:110 - x_transformer_type: standardize
2025-11-14 21:06:58.951 | INFO     | __main__:log_results:110 - y_transformer_type: standardize
2025-11-14 21:06:58.951 | INFO     | __main__:log_results:110 - num_trainval_slice: 40
2025-11-14 21:06:58.951 | INFO     | __main__:log_results:110 - EPOCH: 500
2025-11-14 21:06:58.951 | INFO     | __main__:log_results:110 - exp_name: DGP05_SciGP_Far2_v2
2025-11-14 21:06:58.951 | INFO     | __main__:log_results:110 - random_round_num: 2
2025-11-14 21:06:58.951 | INFO     | __main__:log_results:113 - Pt_in [Pa] | explained_variance_score: 0.608387
2025-11-14 21:06:58.951 | INFO     | __main__:log_results:113 - Pt_in [Pa] | r2_score: 0.605396
2025-11-14 21:06:58.951 | INFO     | __main__:log_results:113 - Pt_in [Pa] | d2_absolute_error_score: 0.395356
2025-11-14 21:06:58.951 | INFO     | __main__:log_results:113 - Pt_in [Pa] | d2_pinball_score: 0.395356
2025-11-14 21:06:58.951 | INFO     | __main__:log_results:113 - Pt_in [Pa] | d2_tweedie_score: 0.605396
2025-11-14 21:06:58.952 | INFO     | __main__:log_results:113 - Pt_in [Pa] | mean_absolute_error: 0.472880
2025-11-14 21:06:58.952 | INFO     | __main__:log_results:113 - Pt_in [Pa] | median_absolute_error: 0.340420
2025-11-14 21:06:58.952 | INFO     | __main__:log_results:113 - Pt_in [Pa] | mean_squared_error: 0.408621
2025-11-14 21:06:58.952 | INFO     | __main__:log_results:113 - Pt_in [Pa] | rmse: 0.639235
2025-11-14 21:06:58.952 | INFO     | __main__:log_results:113 - Pt_in [Pa] | mean_squared_log_error: 0.076308
2025-11-14 21:06:58.952 | INFO     | __main__:log_results:113 - Pt_in [Pa] | rmsle: 0.276238
2025-11-14 21:06:58.952 | INFO     | __main__:log_results:113 - Pt_in [Pa] | mean_absolute_percentage_error: 0.558147
2025-11-14 21:06:58.952 | INFO     | __main__:log_results:113 - Pt_in [Pa] | max_error: 1.838042
2025-11-14 21:06:58.952 | INFO     | __main__:log_results:113 - Pt_in [Pa] | mean_pinball_loss(alpha=0.5): 0.236440
2025-11-14 21:06:58.952 | INFO     | __main__:log_results:113 - Pt_in [Pa] | mean_poisson_deviance: 0.397633
2025-11-14 21:06:58.952 | INFO     | __main__:log_results:113 - Pt_in [Pa] | mean_gamma_deviance: 0.932076
2025-11-14 21:06:58.953 | INFO     | __main__:log_results:113 - Pt_in [Pa] | mean_tweedie_deviance(power=0.0): 0.408621
2025-11-14 21:06:58.953 | INFO     | __main__:log_results:113 - Pt_out [Pa] | explained_variance_score: 1.000000
2025-11-14 21:06:58.953 | INFO     | __main__:log_results:113 - Pt_out [Pa] | r2_score: 1.000000
2025-11-14 21:06:58.953 | INFO     | __main__:log_results:113 - Pt_out [Pa] | d2_absolute_error_score: 0.999981
2025-11-14 21:06:58.953 | INFO     | __main__:log_results:113 - Pt_out [Pa] | d2_pinball_score: 0.999981
2025-11-14 21:06:58.953 | INFO     | __main__:log_results:113 - Pt_out [Pa] | d2_tweedie_score: 1.000000
2025-11-14 21:06:58.953 | INFO     | __main__:log_results:113 - Pt_out [Pa] | mean_absolute_error: 0.488763
2025-11-14 21:06:58.953 | INFO     | __main__:log_results:113 - Pt_out [Pa] | median_absolute_error: 0.425474
2025-11-14 21:06:58.953 | INFO     | __main__:log_results:113 - Pt_out [Pa] | mean_squared_error: 0.378379
2025-11-14 21:06:58.953 | INFO     | __main__:log_results:113 - Pt_out [Pa] | rmse: 0.615126
2025-11-14 21:06:58.953 | INFO     | __main__:log_results:113 - Pt_out [Pa] | mean_squared_log_error: 0.000000
2025-11-14 21:06:58.953 | INFO     | __main__:log_results:113 - Pt_out [Pa] | rmsle: 0.000017
2025-11-14 21:06:58.954 | INFO     | __main__:log_results:113 - Pt_out [Pa] | mean_absolute_percentage_error: 0.000011
2025-11-14 21:06:58.954 | INFO     | __main__:log_results:113 - Pt_out [Pa] | max_error: 1.919505
2025-11-14 21:06:58.954 | INFO     | __main__:log_results:113 - Pt_out [Pa] | mean_pinball_loss(alpha=0.5): 0.244381
2025-11-14 21:06:58.954 | INFO     | __main__:log_results:113 - Pt_out [Pa] | mean_poisson_deviance: 0.000009
2025-11-14 21:06:58.954 | INFO     | __main__:log_results:113 - Pt_out [Pa] | mean_gamma_deviance: 0.000000
2025-11-14 21:06:58.954 | INFO     | __main__:log_results:113 - Pt_out [Pa] | mean_tweedie_deviance(power=0.0): 0.378379
2025-11-14 21:06:58.954 | INFO     | __main__:log_results:113 - Torque [N m] | explained_variance_score: 0.999801
2025-11-14 21:06:58.954 | INFO     | __main__:log_results:113 - Torque [N m] | r2_score: 0.999799
2025-11-14 21:06:58.954 | INFO     | __main__:log_results:113 - Torque [N m] | d2_absolute_error_score: 0.987085
2025-11-14 21:06:58.954 | INFO     | __main__:log_results:113 - Torque [N m] | d2_pinball_score: 0.987085
2025-11-14 21:06:58.954 | INFO     | __main__:log_results:113 - Torque [N m] | d2_tweedie_score: 0.999799
2025-11-14 21:06:58.954 | INFO     | __main__:log_results:113 - Torque [N m] | mean_absolute_error: 0.024305
2025-11-14 21:06:58.955 | INFO     | __main__:log_results:113 - Torque [N m] | median_absolute_error: 0.015295
2025-11-14 21:06:58.955 | INFO     | __main__:log_results:113 - Torque [N m] | mean_squared_error: 0.001178
2025-11-14 21:06:58.955 | INFO     | __main__:log_results:113 - Torque [N m] | rmse: 0.034319
2025-11-14 21:06:58.955 | INFO     | __main__:log_results:113 - Torque [N m] | mean_squared_log_error: 0.000043
2025-11-14 21:06:58.955 | INFO     | __main__:log_results:113 - Torque [N m] | rmsle: 0.006584
2025-11-14 21:06:58.955 | INFO     | __main__:log_results:113 - Torque [N m] | mean_absolute_percentage_error: 0.006679
2025-11-14 21:06:58.955 | INFO     | __main__:log_results:113 - Torque [N m] | max_error: 0.149693
2025-11-14 21:06:58.955 | INFO     | __main__:log_results:113 - Torque [N m] | mean_pinball_loss(alpha=0.5): 0.012152
2025-11-14 21:06:58.955 | INFO     | __main__:log_results:113 - Torque [N m] | mean_poisson_deviance: 0.000265
2025-11-14 21:06:58.955 | INFO     | __main__:log_results:113 - Torque [N m] | mean_gamma_deviance: 0.000083
2025-11-14 21:06:58.955 | INFO     | __main__:log_results:113 - Torque [N m] | mean_tweedie_deviance(power=0.0): 0.001178
2025-11-14 21:06:58.955 | INFO     | __main__:log_results:113 - Efficiency [%] | explained_variance_score: 0.997371
2025-11-14 21:06:58.956 | INFO     | __main__:log_results:113 - Efficiency [%] | r2_score: 0.997356
2025-11-14 21:06:58.956 | INFO     | __main__:log_results:113 - Efficiency [%] | d2_absolute_error_score: 0.957105
2025-11-14 21:06:58.956 | INFO     | __main__:log_results:113 - Efficiency [%] | d2_pinball_score: 0.957105
2025-11-14 21:06:58.956 | INFO     | __main__:log_results:113 - Efficiency [%] | d2_tweedie_score: 0.997356
2025-11-14 21:06:58.956 | INFO     | __main__:log_results:113 - Efficiency [%] | mean_absolute_error: 0.488501
2025-11-14 21:06:58.956 | INFO     | __main__:log_results:113 - Efficiency [%] | median_absolute_error: 0.300161
2025-11-14 21:06:58.956 | INFO     | __main__:log_results:113 - Efficiency [%] | mean_squared_error: 0.501142
2025-11-14 21:06:58.956 | INFO     | __main__:log_results:113 - Efficiency [%] | rmse: 0.707914
2025-11-14 21:06:58.956 | INFO     | __main__:log_results:113 - Efficiency [%] | mean_squared_log_error: 0.000100
2025-11-14 21:06:58.956 | INFO     | __main__:log_results:113 - Efficiency [%] | rmsle: 0.009979
2025-11-14 21:06:58.956 | INFO     | __main__:log_results:113 - Efficiency [%] | mean_absolute_percentage_error: 0.006599
2025-11-14 21:06:58.956 | INFO     | __main__:log_results:113 - Efficiency [%] | max_error: 2.892280
2025-11-14 21:06:58.957 | INFO     | __main__:log_results:113 - Efficiency [%] | mean_pinball_loss(alpha=0.5): 0.244250
2025-11-14 21:06:58.957 | INFO     | __main__:log_results:113 - Efficiency [%] | mean_poisson_deviance: 0.007039
2025-11-14 21:06:58.957 | INFO     | __main__:log_results:113 - Efficiency [%] | mean_gamma_deviance: 0.000103
2025-11-14 21:06:58.957 | INFO     | __main__:log_results:113 - Efficiency [%] | mean_tweedie_deviance(power=0.0): 0.501142
2025-11-14 21:06:58.957 | INFO     | __main__:log_results:113 - Efficiency (Pt_out - Pt_in) | explained_variance_score: 0.997738
2025-11-14 21:06:58.957 | INFO     | __main__:log_results:113 - Efficiency (Pt_out - Pt_in) | r2_score: 0.997728
2025-11-14 21:06:58.957 | INFO     | __main__:log_results:113 - Efficiency (Pt_out - Pt_in) | d2_absolute_error_score: 0.955962
2025-11-14 21:06:58.957 | INFO     | __main__:log_results:113 - Efficiency (Pt_out - Pt_in) | d2_pinball_score: 0.955962
2025-11-14 21:06:58.957 | INFO     | __main__:log_results:113 - Efficiency (Pt_out - Pt_in) | d2_tweedie_score: 0.997728
2025-11-14 21:06:58.957 | INFO     | __main__:log_results:113 - Efficiency (Pt_out - Pt_in) | mean_absolute_error: 0.501103
2025-11-14 21:06:58.957 | INFO     | __main__:log_results:113 - Efficiency (Pt_out - Pt_in) | median_absolute_error: 0.420400
2025-11-14 21:06:58.958 | INFO     | __main__:log_results:113 - Efficiency (Pt_out - Pt_in) | mean_squared_error: 0.429414
2025-11-14 21:06:58.958 | INFO     | __main__:log_results:113 - Efficiency (Pt_out - Pt_in) | rmse: 0.655297
2025-11-14 21:06:58.958 | INFO     | __main__:log_results:113 - Efficiency (Pt_out - Pt_in) | mean_squared_log_error: 0.000081
2025-11-14 21:06:58.958 | INFO     | __main__:log_results:113 - Efficiency (Pt_out - Pt_in) | rmsle: 0.009008
2025-11-14 21:06:58.958 | INFO     | __main__:log_results:113 - Efficiency (Pt_out - Pt_in) | mean_absolute_percentage_error: 0.006683
2025-11-14 21:06:58.958 | INFO     | __main__:log_results:113 - Efficiency (Pt_out - Pt_in) | max_error: 1.799353
2025-11-14 21:06:58.958 | INFO     | __main__:log_results:113 - Efficiency (Pt_out - Pt_in) | mean_pinball_loss(alpha=0.5): 0.250551
2025-11-14 21:06:58.958 | INFO     | __main__:log_results:113 - Efficiency (Pt_out - Pt_in) | mean_poisson_deviance: 0.005860
2025-11-14 21:06:58.958 | INFO     | __main__:log_results:113 - Efficiency (Pt_out - Pt_in) | mean_gamma_deviance: 0.000084
2025-11-14 21:06:58.958 | INFO     | __main__:log_results:113 - Efficiency (Pt_out - Pt_in) | mean_tweedie_deviance(power=0.0): 0.429414
