2025-11-14 18:03:16.147 | INFO     | __main__:log_results:110 - num_trainval: 10
2025-11-14 18:03:16.147 | INFO     | __main__:log_results:110 - is_random_sample: True
2025-11-14 18:03:16.147 | INFO     | __main__:log_results:110 - which_FeatureAugmentation: 3
2025-11-14 18:03:16.147 | INFO     | __main__:log_results:110 - FeatureAugmentation_Runs: 2
2025-11-14 18:03:16.147 | INFO     | __main__:log_results:110 - x_transformer_type: standardize
2025-11-14 18:03:16.147 | INFO     | __main__:log_results:110 - y_transformer_type: standardize
2025-11-14 18:03:16.147 | INFO     | __main__:log_results:110 - num_trainval_slice: 40
2025-11-14 18:03:16.147 | INFO     | __main__:log_results:110 - EPOCH: 500
2025-11-14 18:03:16.147 | INFO     | __main__:log_results:110 - exp_name: DGP05_SciGP_Far2
2025-11-14 18:03:16.147 | INFO     | __main__:log_results:110 - random_round_num: 2
2025-11-14 18:03:16.147 | INFO     | __main__:log_results:113 - Pt_in [Pa] | explained_variance_score: -4.248815
2025-11-14 18:03:16.147 | INFO     | __main__:log_results:113 - Pt_in [Pa] | r2_score: -4.612534
2025-11-14 18:03:16.147 | INFO     | __main__:log_results:113 - Pt_in [Pa] | d2_absolute_error_score: -1.188311
2025-11-14 18:03:16.148 | INFO     | __main__:log_results:113 - Pt_in [Pa] | d2_pinball_score: -1.188311
2025-11-14 18:03:16.148 | INFO     | __main__:log_results:113 - Pt_in [Pa] | d2_tweedie_score: -4.612534
2025-11-14 18:03:16.148 | INFO     | __main__:log_results:113 - Pt_in [Pa] | mean_absolute_error: 0.826393
2025-11-14 18:03:16.148 | INFO     | __main__:log_results:113 - Pt_in [Pa] | median_absolute_error: 0.602814
2025-11-14 18:03:16.148 | INFO     | __main__:log_results:113 - Pt_in [Pa] | mean_squared_error: 1.467340
2025-11-14 18:03:16.148 | INFO     | __main__:log_results:113 - Pt_in [Pa] | rmse: 1.211338
2025-11-14 18:03:16.148 | INFO     | __main__:log_results:113 - Pt_in [Pa] | mean_squared_log_error: 0.183576
2025-11-14 18:03:16.148 | INFO     | __main__:log_results:113 - Pt_in [Pa] | rmsle: 0.428458
2025-11-14 18:03:16.148 | INFO     | __main__:log_results:113 - Pt_in [Pa] | mean_absolute_percentage_error: 0.964347
2025-11-14 18:03:16.148 | INFO     | __main__:log_results:113 - Pt_in [Pa] | max_error: 4.365620
2025-11-14 18:03:16.148 | INFO     | __main__:log_results:113 - Pt_in [Pa] | mean_pinball_loss(alpha=0.5): 0.413196
2025-11-14 18:03:16.148 | INFO     | __main__:log_results:113 - Pt_in [Pa] | mean_poisson_deviance: 0.851413
2025-11-14 18:03:16.148 | INFO     | __main__:log_results:113 - Pt_in [Pa] | mean_gamma_deviance: 1.338687
2025-11-14 18:03:16.148 | INFO     | __main__:log_results:113 - Pt_in [Pa] | mean_tweedie_deviance(power=0.0): 1.467340
2025-11-14 18:03:16.148 | INFO     | __main__:log_results:113 - Pt_out [Pa] | explained_variance_score: 0.989323
2025-11-14 18:03:16.149 | INFO     | __main__:log_results:113 - Pt_out [Pa] | r2_score: 0.983152
2025-11-14 18:03:16.149 | INFO     | __main__:log_results:113 - Pt_out [Pa] | d2_absolute_error_score: 0.887918
2025-11-14 18:03:16.149 | INFO     | __main__:log_results:113 - Pt_out [Pa] | d2_pinball_score: 0.887918
2025-11-14 18:03:16.149 | INFO     | __main__:log_results:113 - Pt_out [Pa] | d2_tweedie_score: 0.983152
2025-11-14 18:03:16.149 | INFO     | __main__:log_results:113 - Pt_out [Pa] | mean_absolute_error: 2726.558457
2025-11-14 18:03:16.149 | INFO     | __main__:log_results:113 - Pt_out [Pa] | median_absolute_error: 2382.791952
2025-11-14 18:03:16.149 | INFO     | __main__:log_results:113 - Pt_out [Pa] | mean_squared_error: 12788104.498023
2025-11-14 18:03:16.149 | INFO     | __main__:log_results:113 - Pt_out [Pa] | rmse: 3576.045931
2025-11-14 18:03:16.149 | INFO     | __main__:log_results:113 - Pt_out [Pa] | mean_squared_log_error: 0.007574
2025-11-14 18:03:16.149 | INFO     | __main__:log_results:113 - Pt_out [Pa] | rmsle: 0.087026
2025-11-14 18:03:16.149 | INFO     | __main__:log_results:113 - Pt_out [Pa] | mean_absolute_percentage_error: 0.062704
2025-11-14 18:03:16.149 | INFO     | __main__:log_results:113 - Pt_out [Pa] | max_error: 11607.108569
2025-11-14 18:03:16.149 | INFO     | __main__:log_results:113 - Pt_out [Pa] | mean_pinball_loss(alpha=0.5): 1363.279229
2025-11-14 18:03:16.149 | INFO     | __main__:log_results:113 - Pt_out [Pa] | mean_poisson_deviance: 237.924930
2025-11-14 18:03:16.149 | INFO     | __main__:log_results:113 - Pt_out [Pa] | mean_gamma_deviance: 0.007477
2025-11-14 18:03:16.150 | INFO     | __main__:log_results:113 - Pt_out [Pa] | mean_tweedie_deviance(power=0.0): 12788104.498023
2025-11-14 18:03:16.150 | INFO     | __main__:log_results:113 - Torque [N m] | explained_variance_score: 0.943484
2025-11-14 18:03:16.150 | INFO     | __main__:log_results:113 - Torque [N m] | r2_score: 0.930230
2025-11-14 18:03:16.150 | INFO     | __main__:log_results:113 - Torque [N m] | d2_absolute_error_score: 0.824354
2025-11-14 18:03:16.150 | INFO     | __main__:log_results:113 - Torque [N m] | d2_pinball_score: 0.824354
2025-11-14 18:03:16.150 | INFO     | __main__:log_results:113 - Torque [N m] | d2_tweedie_score: 0.930230
2025-11-14 18:03:16.150 | INFO     | __main__:log_results:113 - Torque [N m] | mean_absolute_error: 0.290496
2025-11-14 18:03:16.150 | INFO     | __main__:log_results:113 - Torque [N m] | median_absolute_error: 0.137423
2025-11-14 18:03:16.150 | INFO     | __main__:log_results:113 - Torque [N m] | mean_squared_error: 0.292734
2025-11-14 18:03:16.150 | INFO     | __main__:log_results:113 - Torque [N m] | rmse: 0.541049
2025-11-14 18:03:16.150 | INFO     | __main__:log_results:113 - Torque [N m] | mean_squared_log_error: 0.004446
2025-11-14 18:03:16.150 | INFO     | __main__:log_results:113 - Torque [N m] | rmsle: 0.066676
2025-11-14 18:03:16.150 | INFO     | __main__:log_results:113 - Torque [N m] | mean_absolute_percentage_error: 0.062205
2025-11-14 18:03:16.150 | INFO     | __main__:log_results:113 - Torque [N m] | max_error: 2.305236
2025-11-14 18:03:16.151 | INFO     | __main__:log_results:113 - Torque [N m] | mean_pinball_loss(alpha=0.5): 0.145248
2025-11-14 18:03:16.151 | INFO     | __main__:log_results:113 - Torque [N m] | mean_poisson_deviance: 0.037949
2025-11-14 18:03:16.151 | INFO     | __main__:log_results:113 - Torque [N m] | mean_gamma_deviance: 0.007020
2025-11-14 18:03:16.151 | INFO     | __main__:log_results:113 - Torque [N m] | mean_tweedie_deviance(power=0.0): 0.292734
2025-11-14 18:03:16.151 | INFO     | __main__:log_results:113 - Efficiency [%] | explained_variance_score: 0.941469
2025-11-14 18:03:16.151 | INFO     | __main__:log_results:113 - Efficiency [%] | r2_score: 0.930058
2025-11-14 18:03:16.151 | INFO     | __main__:log_results:113 - Efficiency [%] | d2_absolute_error_score: 0.750831
2025-11-14 18:03:16.151 | INFO     | __main__:log_results:113 - Efficiency [%] | d2_pinball_score: 0.750831
2025-11-14 18:03:16.151 | INFO     | __main__:log_results:113 - Efficiency [%] | d2_tweedie_score: 0.930058
2025-11-14 18:03:16.151 | INFO     | __main__:log_results:113 - Efficiency [%] | mean_absolute_error: 3.120131
2025-11-14 18:03:16.151 | INFO     | __main__:log_results:113 - Efficiency [%] | median_absolute_error: 2.521272
2025-11-14 18:03:16.151 | INFO     | __main__:log_results:113 - Efficiency [%] | mean_squared_error: 16.250733
2025-11-14 18:03:16.151 | INFO     | __main__:log_results:113 - Efficiency [%] | rmse: 4.031220
2025-11-14 18:03:16.152 | INFO     | __main__:log_results:113 - Efficiency [%] | mean_squared_log_error: 0.003669
2025-11-14 18:03:16.152 | INFO     | __main__:log_results:113 - Efficiency [%] | rmsle: 0.060569
2025-11-14 18:03:16.152 | INFO     | __main__:log_results:113 - Efficiency [%] | mean_absolute_percentage_error: 0.045307
2025-11-14 18:03:16.152 | INFO     | __main__:log_results:113 - Efficiency [%] | max_error: 11.211052
2025-11-14 18:03:16.152 | INFO     | __main__:log_results:113 - Efficiency [%] | mean_pinball_loss(alpha=0.5): 1.560065
2025-11-14 18:03:16.152 | INFO     | __main__:log_results:113 - Efficiency [%] | mean_poisson_deviance: 0.238681
2025-11-14 18:03:16.152 | INFO     | __main__:log_results:113 - Efficiency [%] | mean_gamma_deviance: 0.003698
2025-11-14 18:03:16.152 | INFO     | __main__:log_results:113 - Efficiency [%] | mean_tweedie_deviance(power=0.0): 16.250733
2025-11-14 18:03:16.152 | INFO     | __main__:log_results:113 - Efficiency (Pt_out - Pt_in) | explained_variance_score: 0.867966
2025-11-14 18:03:16.152 | INFO     | __main__:log_results:113 - Efficiency (Pt_out - Pt_in) | r2_score: 0.867506
2025-11-14 18:03:16.152 | INFO     | __main__:log_results:113 - Efficiency (Pt_out - Pt_in) | d2_absolute_error_score: 0.669364
2025-11-14 18:03:16.152 | INFO     | __main__:log_results:113 - Efficiency (Pt_out - Pt_in) | d2_pinball_score: 0.669364
2025-11-14 18:03:16.152 | INFO     | __main__:log_results:113 - Efficiency (Pt_out - Pt_in) | d2_tweedie_score: 0.867506
2025-11-14 18:03:16.152 | INFO     | __main__:log_results:113 - Efficiency (Pt_out - Pt_in) | mean_absolute_error: 4.629024
2025-11-14 18:03:16.152 | INFO     | __main__:log_results:113 - Efficiency (Pt_out - Pt_in) | median_absolute_error: 3.004933
2025-11-14 18:03:16.152 | INFO     | __main__:log_results:113 - Efficiency (Pt_out - Pt_in) | mean_squared_error: 42.361873
2025-11-14 18:03:16.153 | INFO     | __main__:log_results:113 - Efficiency (Pt_out - Pt_in) | rmse: 6.508600
2025-11-14 18:03:16.153 | INFO     | __main__:log_results:113 - Efficiency (Pt_out - Pt_in) | mean_squared_log_error: 0.009519
2025-11-14 18:03:16.153 | INFO     | __main__:log_results:113 - Efficiency (Pt_out - Pt_in) | rmsle: 0.097565
2025-11-14 18:03:16.153 | INFO     | __main__:log_results:113 - Efficiency (Pt_out - Pt_in) | mean_absolute_percentage_error: 0.066854
2025-11-14 18:03:16.153 | INFO     | __main__:log_results:113 - Efficiency (Pt_out - Pt_in) | max_error: 19.483922
2025-11-14 18:03:16.153 | INFO     | __main__:log_results:113 - Efficiency (Pt_out - Pt_in) | mean_pinball_loss(alpha=0.5): 2.314512
2025-11-14 18:03:16.153 | INFO     | __main__:log_results:113 - Efficiency (Pt_out - Pt_in) | mean_poisson_deviance: 0.600516
2025-11-14 18:03:16.153 | INFO     | __main__:log_results:113 - Efficiency (Pt_out - Pt_in) | mean_gamma_deviance: 0.009347
2025-11-14 18:03:16.153 | INFO     | __main__:log_results:113 - Efficiency (Pt_out - Pt_in) | mean_tweedie_deviance(power=0.0): 42.361873
