2025-11-14 18:12:22.652 | INFO     | __main__:log_results:110 - num_trainval: 100
2025-11-14 18:12:22.652 | INFO     | __main__:log_results:110 - is_random_sample: True
2025-11-14 18:12:22.652 | INFO     | __main__:log_results:110 - which_FeatureAugmentation: 3
2025-11-14 18:12:22.653 | INFO     | __main__:log_results:110 - FeatureAugmentation_Runs: 2
2025-11-14 18:12:22.653 | INFO     | __main__:log_results:110 - x_transformer_type: standardize
2025-11-14 18:12:22.653 | INFO     | __main__:log_results:110 - y_transformer_type: standardize
2025-11-14 18:12:22.654 | INFO     | __main__:log_results:110 - num_trainval_slice: 40
2025-11-14 18:12:22.654 | INFO     | __main__:log_results:110 - EPOCH: 500
2025-11-14 18:12:22.654 | INFO     | __main__:log_results:110 - exp_name: DGP05_SciGP_Far2
2025-11-14 18:12:22.654 | INFO     | __main__:log_results:110 - random_round_num: 3
2025-11-14 18:12:22.654 | INFO     | __main__:log_results:113 - Pt_in [Pa] | explained_variance_score: 0.740794
2025-11-14 18:12:22.655 | INFO     | __main__:log_results:113 - Pt_in [Pa] | r2_score: 0.736338
2025-11-14 18:12:22.655 | INFO     | __main__:log_results:113 - Pt_in [Pa] | d2_absolute_error_score: 0.473458
2025-11-14 18:12:22.655 | INFO     | __main__:log_results:113 - Pt_in [Pa] | d2_pinball_score: 0.473458
2025-11-14 18:12:22.655 | INFO     | __main__:log_results:113 - Pt_in [Pa] | d2_tweedie_score: 0.736338
2025-11-14 18:12:22.655 | INFO     | __main__:log_results:113 - Pt_in [Pa] | mean_absolute_error: 0.432004
2025-11-14 18:12:22.655 | INFO     | __main__:log_results:113 - Pt_in [Pa] | median_absolute_error: 0.347315
2025-11-14 18:12:22.656 | INFO     | __main__:log_results:113 - Pt_in [Pa] | mean_squared_error: 0.313771
2025-11-14 18:12:22.656 | INFO     | __main__:log_results:113 - Pt_in [Pa] | rmse: 0.560153
2025-11-14 18:12:22.656 | INFO     | __main__:log_results:113 - Pt_in [Pa] | mean_squared_log_error: 0.075287
2025-11-14 18:12:22.656 | INFO     | __main__:log_results:113 - Pt_in [Pa] | rmsle: 0.274384
2025-11-14 18:12:22.656 | INFO     | __main__:log_results:113 - Pt_in [Pa] | mean_absolute_percentage_error: 0.611226
2025-11-14 18:12:22.656 | INFO     | __main__:log_results:113 - Pt_in [Pa] | max_error: 1.645604
2025-11-14 18:12:22.657 | INFO     | __main__:log_results:113 - Pt_in [Pa] | mean_pinball_loss(alpha=0.5): 0.216002
2025-11-14 18:12:22.657 | INFO     | __main__:log_results:113 - Pt_in [Pa] | mean_poisson_deviance: nan
2025-11-14 18:12:22.657 | INFO     | __main__:log_results:113 - Pt_in [Pa] | mean_gamma_deviance: nan
2025-11-14 18:12:22.657 | INFO     | __main__:log_results:113 - Pt_in [Pa] | mean_tweedie_deviance(power=0.0): 0.313771
2025-11-14 18:12:22.657 | INFO     | __main__:log_results:113 - Pt_out [Pa] | explained_variance_score: 1.000000
2025-11-14 18:12:22.658 | INFO     | __main__:log_results:113 - Pt_out [Pa] | r2_score: 1.000000
2025-11-14 18:12:22.658 | INFO     | __main__:log_results:113 - Pt_out [Pa] | d2_absolute_error_score: 0.999981
2025-11-14 18:12:22.658 | INFO     | __main__:log_results:113 - Pt_out [Pa] | d2_pinball_score: 0.999981
2025-11-14 18:12:22.658 | INFO     | __main__:log_results:113 - Pt_out [Pa] | d2_tweedie_score: 1.000000
2025-11-14 18:12:22.658 | INFO     | __main__:log_results:113 - Pt_out [Pa] | mean_absolute_error: 0.471797
2025-11-14 18:12:22.659 | INFO     | __main__:log_results:113 - Pt_out [Pa] | median_absolute_error: 0.370910
2025-11-14 18:12:22.659 | INFO     | __main__:log_results:113 - Pt_out [Pa] | mean_squared_error: 0.364378
2025-11-14 18:12:22.659 | INFO     | __main__:log_results:113 - Pt_out [Pa] | rmse: 0.603638
2025-11-14 18:12:22.659 | INFO     | __main__:log_results:113 - Pt_out [Pa] | mean_squared_log_error: 0.000000
2025-11-14 18:12:22.659 | INFO     | __main__:log_results:113 - Pt_out [Pa] | rmsle: 0.000016
2025-11-14 18:12:22.659 | INFO     | __main__:log_results:113 - Pt_out [Pa] | mean_absolute_percentage_error: 0.000011
2025-11-14 18:12:22.660 | INFO     | __main__:log_results:113 - Pt_out [Pa] | max_error: 1.897724
2025-11-14 18:12:22.660 | INFO     | __main__:log_results:113 - Pt_out [Pa] | mean_pinball_loss(alpha=0.5): 0.235898
2025-11-14 18:12:22.660 | INFO     | __main__:log_results:113 - Pt_out [Pa] | mean_poisson_deviance: 0.000008
2025-11-14 18:12:22.660 | INFO     | __main__:log_results:113 - Pt_out [Pa] | mean_gamma_deviance: 0.000000
2025-11-14 18:12:22.660 | INFO     | __main__:log_results:113 - Pt_out [Pa] | mean_tweedie_deviance(power=0.0): 0.364378
2025-11-14 18:12:22.661 | INFO     | __main__:log_results:113 - Torque [N m] | explained_variance_score: 0.999343
2025-11-14 18:12:22.661 | INFO     | __main__:log_results:113 - Torque [N m] | r2_score: 0.999330
2025-11-14 18:12:22.661 | INFO     | __main__:log_results:113 - Torque [N m] | d2_absolute_error_score: 0.981108
2025-11-14 18:12:22.661 | INFO     | __main__:log_results:113 - Torque [N m] | d2_pinball_score: 0.981108
2025-11-14 18:12:22.661 | INFO     | __main__:log_results:113 - Torque [N m] | d2_tweedie_score: 0.999330
2025-11-14 18:12:22.661 | INFO     | __main__:log_results:113 - Torque [N m] | mean_absolute_error: 0.035480
2025-11-14 18:12:22.662 | INFO     | __main__:log_results:113 - Torque [N m] | median_absolute_error: 0.019178
2025-11-14 18:12:22.662 | INFO     | __main__:log_results:113 - Torque [N m] | mean_squared_error: 0.003888
2025-11-14 18:12:22.662 | INFO     | __main__:log_results:113 - Torque [N m] | rmse: 0.062357
2025-11-14 18:12:22.662 | INFO     | __main__:log_results:113 - Torque [N m] | mean_squared_log_error: 0.000296
2025-11-14 18:12:22.662 | INFO     | __main__:log_results:113 - Torque [N m] | rmsle: 0.017210
2025-11-14 18:12:22.663 | INFO     | __main__:log_results:113 - Torque [N m] | mean_absolute_percentage_error: 0.011266
2025-11-14 18:12:22.663 | INFO     | __main__:log_results:113 - Torque [N m] | max_error: 0.325204
2025-11-14 18:12:22.663 | INFO     | __main__:log_results:113 - Torque [N m] | mean_pinball_loss(alpha=0.5): 0.017740
2025-11-14 18:12:22.663 | INFO     | __main__:log_results:113 - Torque [N m] | mean_poisson_deviance: 0.001477
2025-11-14 18:12:22.663 | INFO     | __main__:log_results:113 - Torque [N m] | mean_gamma_deviance: 0.000660
2025-11-14 18:12:22.663 | INFO     | __main__:log_results:113 - Torque [N m] | mean_tweedie_deviance(power=0.0): 0.003888
2025-11-14 18:12:22.664 | INFO     | __main__:log_results:113 - Efficiency [%] | explained_variance_score: 0.988650
2025-11-14 18:12:22.664 | INFO     | __main__:log_results:113 - Efficiency [%] | r2_score: 0.988603
2025-11-14 18:12:22.664 | INFO     | __main__:log_results:113 - Efficiency [%] | d2_absolute_error_score: 0.928742
2025-11-14 18:12:22.664 | INFO     | __main__:log_results:113 - Efficiency [%] | d2_pinball_score: 0.928742
2025-11-14 18:12:22.664 | INFO     | __main__:log_results:113 - Efficiency [%] | d2_tweedie_score: 0.988603
2025-11-14 18:12:22.665 | INFO     | __main__:log_results:113 - Efficiency [%] | mean_absolute_error: 0.808304
2025-11-14 18:12:22.665 | INFO     | __main__:log_results:113 - Efficiency [%] | median_absolute_error: 0.422462
2025-11-14 18:12:22.665 | INFO     | __main__:log_results:113 - Efficiency [%] | mean_squared_error: 2.159210
2025-11-14 18:12:22.665 | INFO     | __main__:log_results:113 - Efficiency [%] | rmse: 1.469425
2025-11-14 18:12:22.665 | INFO     | __main__:log_results:113 - Efficiency [%] | mean_squared_log_error: 0.000613
2025-11-14 18:12:22.666 | INFO     | __main__:log_results:113 - Efficiency [%] | rmsle: 0.024752
2025-11-14 18:12:22.666 | INFO     | __main__:log_results:113 - Efficiency [%] | mean_absolute_percentage_error: 0.012068
2025-11-14 18:12:22.666 | INFO     | __main__:log_results:113 - Efficiency [%] | max_error: 8.285665
2025-11-14 18:12:22.666 | INFO     | __main__:log_results:113 - Efficiency [%] | mean_pinball_loss(alpha=0.5): 0.404152
2025-11-14 18:12:22.666 | INFO     | __main__:log_results:113 - Efficiency [%] | mean_poisson_deviance: 0.036082
2025-11-14 18:12:22.673 | INFO     | __main__:log_results:113 - Efficiency [%] | mean_gamma_deviance: 0.000619
2025-11-14 18:12:22.673 | INFO     | __main__:log_results:113 - Efficiency [%] | mean_tweedie_deviance(power=0.0): 2.159210
2025-11-14 18:12:22.673 | INFO     | __main__:log_results:113 - Efficiency (Pt_out - Pt_in) | explained_variance_score: 0.989641
2025-11-14 18:12:22.673 | INFO     | __main__:log_results:113 - Efficiency (Pt_out - Pt_in) | r2_score: 0.989302
2025-11-14 18:12:22.674 | INFO     | __main__:log_results:113 - Efficiency (Pt_out - Pt_in) | d2_absolute_error_score: 0.931969
2025-11-14 18:12:22.674 | INFO     | __main__:log_results:113 - Efficiency (Pt_out - Pt_in) | d2_pinball_score: 0.931969
2025-11-14 18:12:22.674 | INFO     | __main__:log_results:113 - Efficiency (Pt_out - Pt_in) | d2_tweedie_score: 0.989302
2025-11-14 18:12:22.674 | INFO     | __main__:log_results:113 - Efficiency (Pt_out - Pt_in) | mean_absolute_error: 0.778731
2025-11-14 18:12:22.674 | INFO     | __main__:log_results:113 - Efficiency (Pt_out - Pt_in) | median_absolute_error: 0.393186
2025-11-14 18:12:22.674 | INFO     | __main__:log_results:113 - Efficiency (Pt_out - Pt_in) | mean_squared_error: 2.078565
2025-11-14 18:12:22.674 | INFO     | __main__:log_results:113 - Efficiency (Pt_out - Pt_in) | rmse: 1.441723
2025-11-14 18:12:22.675 | INFO     | __main__:log_results:113 - Efficiency (Pt_out - Pt_in) | mean_squared_log_error: 0.000614
2025-11-14 18:12:22.675 | INFO     | __main__:log_results:113 - Efficiency (Pt_out - Pt_in) | rmsle: 0.024772
2025-11-14 18:12:22.675 | INFO     | __main__:log_results:113 - Efficiency (Pt_out - Pt_in) | mean_absolute_percentage_error: 0.011792
2025-11-14 18:12:22.675 | INFO     | __main__:log_results:113 - Efficiency (Pt_out - Pt_in) | max_error: 8.764642
2025-11-14 18:12:22.675 | INFO     | __main__:log_results:113 - Efficiency (Pt_out - Pt_in) | mean_pinball_loss(alpha=0.5): 0.389366
2025-11-14 18:12:22.675 | INFO     | __main__:log_results:113 - Efficiency (Pt_out - Pt_in) | mean_poisson_deviance: 0.035159
2025-11-14 18:12:22.675 | INFO     | __main__:log_results:113 - Efficiency (Pt_out - Pt_in) | mean_gamma_deviance: 0.000613
2025-11-14 18:12:22.675 | INFO     | __main__:log_results:113 - Efficiency (Pt_out - Pt_in) | mean_tweedie_deviance(power=0.0): 2.078565
