2025-11-14 20:56:39.184 | INFO     | __main__:log_results:110 - num_trainval: 10
2025-11-14 20:56:39.184 | INFO     | __main__:log_results:110 - is_random_sample: True
2025-11-14 20:56:39.184 | INFO     | __main__:log_results:110 - which_FeatureAugmentation: 3
2025-11-14 20:56:39.184 | INFO     | __main__:log_results:110 - FeatureAugmentation_Runs: 2
2025-11-14 20:56:39.184 | INFO     | __main__:log_results:110 - x_transformer_type: standardize
2025-11-14 20:56:39.184 | INFO     | __main__:log_results:110 - y_transformer_type: standardize
2025-11-14 20:56:39.184 | INFO     | __main__:log_results:110 - num_trainval_slice: 40
2025-11-14 20:56:39.184 | INFO     | __main__:log_results:110 - EPOCH: 500
2025-11-14 20:56:39.184 | INFO     | __main__:log_results:110 - exp_name: DGP05_SciGP_Far2_v2
2025-11-14 20:56:39.184 | INFO     | __main__:log_results:110 - random_round_num: 5
2025-11-14 20:56:39.184 | INFO     | __main__:log_results:113 - Pt_in [Pa] | explained_variance_score: -0.370416
2025-11-14 20:56:39.184 | INFO     | __main__:log_results:113 - Pt_in [Pa] | r2_score: -0.449031
2025-11-14 20:56:39.185 | INFO     | __main__:log_results:113 - Pt_in [Pa] | d2_absolute_error_score: -0.175561
2025-11-14 20:56:39.185 | INFO     | __main__:log_results:113 - Pt_in [Pa] | d2_pinball_score: -0.175561
2025-11-14 20:56:39.185 | INFO     | __main__:log_results:113 - Pt_in [Pa] | d2_tweedie_score: -0.449031
2025-11-14 20:56:39.185 | INFO     | __main__:log_results:113 - Pt_in [Pa] | mean_absolute_error: 0.748705
2025-11-14 20:56:39.185 | INFO     | __main__:log_results:113 - Pt_in [Pa] | median_absolute_error: 0.564462
2025-11-14 20:56:39.185 | INFO     | __main__:log_results:113 - Pt_in [Pa] | mean_squared_error: 0.939464
2025-11-14 20:56:39.185 | INFO     | __main__:log_results:113 - Pt_in [Pa] | rmse: 0.969259
2025-11-14 20:56:39.185 | INFO     | __main__:log_results:113 - Pt_in [Pa] | mean_squared_log_error: 0.150245
2025-11-14 20:56:39.185 | INFO     | __main__:log_results:113 - Pt_in [Pa] | rmsle: 0.387614
2025-11-14 20:56:39.185 | INFO     | __main__:log_results:113 - Pt_in [Pa] | mean_absolute_percentage_error: 0.503543
2025-11-14 20:56:39.185 | INFO     | __main__:log_results:113 - Pt_in [Pa] | max_error: 2.840086
2025-11-14 20:56:39.185 | INFO     | __main__:log_results:113 - Pt_in [Pa] | mean_pinball_loss(alpha=0.5): 0.374352
2025-11-14 20:56:39.185 | INFO     | __main__:log_results:113 - Pt_in [Pa] | mean_poisson_deviance: 0.853556
2025-11-14 20:56:39.185 | INFO     | __main__:log_results:113 - Pt_in [Pa] | mean_gamma_deviance: 1.800178
2025-11-14 20:56:39.185 | INFO     | __main__:log_results:113 - Pt_in [Pa] | mean_tweedie_deviance(power=0.0): 0.939464
2025-11-14 20:56:39.185 | INFO     | __main__:log_results:113 - Pt_out [Pa] | explained_variance_score: 0.994526
2025-11-14 20:56:39.185 | INFO     | __main__:log_results:113 - Pt_out [Pa] | r2_score: 0.994320
2025-11-14 20:56:39.185 | INFO     | __main__:log_results:113 - Pt_out [Pa] | d2_absolute_error_score: 0.942095
2025-11-14 20:56:39.185 | INFO     | __main__:log_results:113 - Pt_out [Pa] | d2_pinball_score: 0.942095
2025-11-14 20:56:39.185 | INFO     | __main__:log_results:113 - Pt_out [Pa] | d2_tweedie_score: 0.994320
2025-11-14 20:56:39.185 | INFO     | __main__:log_results:113 - Pt_out [Pa] | mean_absolute_error: 1434.678536
2025-11-14 20:56:39.185 | INFO     | __main__:log_results:113 - Pt_out [Pa] | median_absolute_error: 820.912042
2025-11-14 20:56:39.185 | INFO     | __main__:log_results:113 - Pt_out [Pa] | mean_squared_error: 4476801.973752
2025-11-14 20:56:39.185 | INFO     | __main__:log_results:113 - Pt_out [Pa] | rmse: 2115.845451
2025-11-14 20:56:39.185 | INFO     | __main__:log_results:113 - Pt_out [Pa] | mean_squared_log_error: 0.004143
2025-11-14 20:56:39.185 | INFO     | __main__:log_results:113 - Pt_out [Pa] | rmsle: 0.064364
2025-11-14 20:56:39.185 | INFO     | __main__:log_results:113 - Pt_out [Pa] | mean_absolute_percentage_error: 0.031064
2025-11-14 20:56:39.185 | INFO     | __main__:log_results:113 - Pt_out [Pa] | max_error: 7539.208660
2025-11-14 20:56:39.186 | INFO     | __main__:log_results:113 - Pt_out [Pa] | mean_pinball_loss(alpha=0.5): 717.339268
2025-11-14 20:56:39.186 | INFO     | __main__:log_results:113 - Pt_out [Pa] | mean_poisson_deviance: 114.828878
2025-11-14 20:56:39.186 | INFO     | __main__:log_results:113 - Pt_out [Pa] | mean_gamma_deviance: 0.004511
2025-11-14 20:56:39.186 | INFO     | __main__:log_results:113 - Pt_out [Pa] | mean_tweedie_deviance(power=0.0): 4476801.973752
2025-11-14 20:56:39.186 | INFO     | __main__:log_results:113 - Torque [N m] | explained_variance_score: 0.983843
2025-11-14 20:56:39.186 | INFO     | __main__:log_results:113 - Torque [N m] | r2_score: 0.983835
2025-11-14 20:56:39.186 | INFO     | __main__:log_results:113 - Torque [N m] | d2_absolute_error_score: 0.883071
2025-11-14 20:56:39.186 | INFO     | __main__:log_results:113 - Torque [N m] | d2_pinball_score: 0.883071
2025-11-14 20:56:39.186 | INFO     | __main__:log_results:113 - Torque [N m] | d2_tweedie_score: 0.983835
2025-11-14 20:56:39.186 | INFO     | __main__:log_results:113 - Torque [N m] | mean_absolute_error: 0.215187
2025-11-14 20:56:39.186 | INFO     | __main__:log_results:113 - Torque [N m] | median_absolute_error: 0.166293
2025-11-14 20:56:39.186 | INFO     | __main__:log_results:113 - Torque [N m] | mean_squared_error: 0.086614
2025-11-14 20:56:39.186 | INFO     | __main__:log_results:113 - Torque [N m] | rmse: 0.294303
2025-11-14 20:56:39.186 | INFO     | __main__:log_results:113 - Torque [N m] | mean_squared_log_error: 0.003086
2025-11-14 20:56:39.186 | INFO     | __main__:log_results:113 - Torque [N m] | rmsle: 0.055549
2025-11-14 20:56:39.186 | INFO     | __main__:log_results:113 - Torque [N m] | mean_absolute_percentage_error: 0.059607
2025-11-14 20:56:39.186 | INFO     | __main__:log_results:113 - Torque [N m] | max_error: 1.359541
2025-11-14 20:56:39.186 | INFO     | __main__:log_results:113 - Torque [N m] | mean_pinball_loss(alpha=0.5): 0.107594
2025-11-14 20:56:39.186 | INFO     | __main__:log_results:113 - Torque [N m] | mean_poisson_deviance: 0.018504
2025-11-14 20:56:39.186 | INFO     | __main__:log_results:113 - Torque [N m] | mean_gamma_deviance: 0.006855
2025-11-14 20:56:39.186 | INFO     | __main__:log_results:113 - Torque [N m] | mean_tweedie_deviance(power=0.0): 0.086614
2025-11-14 20:56:39.186 | INFO     | __main__:log_results:113 - Efficiency [%] | explained_variance_score: 0.904743
2025-11-14 20:56:39.186 | INFO     | __main__:log_results:113 - Efficiency [%] | r2_score: 0.904696
2025-11-14 20:56:39.186 | INFO     | __main__:log_results:113 - Efficiency [%] | d2_absolute_error_score: 0.745215
2025-11-14 20:56:39.186 | INFO     | __main__:log_results:113 - Efficiency [%] | d2_pinball_score: 0.745215
2025-11-14 20:56:39.186 | INFO     | __main__:log_results:113 - Efficiency [%] | d2_tweedie_score: 0.904696
2025-11-14 20:56:39.186 | INFO     | __main__:log_results:113 - Efficiency [%] | mean_absolute_error: 2.859569
2025-11-14 20:56:39.187 | INFO     | __main__:log_results:113 - Efficiency [%] | median_absolute_error: 1.727940
2025-11-14 20:56:39.187 | INFO     | __main__:log_results:113 - Efficiency [%] | mean_squared_error: 17.390863
2025-11-14 20:56:39.187 | INFO     | __main__:log_results:113 - Efficiency [%] | rmse: 4.170235
2025-11-14 20:56:39.187 | INFO     | __main__:log_results:113 - Efficiency [%] | mean_squared_log_error: 0.003606
2025-11-14 20:56:39.187 | INFO     | __main__:log_results:113 - Efficiency [%] | rmsle: 0.060052
2025-11-14 20:56:39.187 | INFO     | __main__:log_results:113 - Efficiency [%] | mean_absolute_percentage_error: 0.038861
2025-11-14 20:56:39.187 | INFO     | __main__:log_results:113 - Efficiency [%] | max_error: 16.479073
2025-11-14 20:56:39.187 | INFO     | __main__:log_results:113 - Efficiency [%] | mean_pinball_loss(alpha=0.5): 1.429785
2025-11-14 20:56:39.187 | INFO     | __main__:log_results:113 - Efficiency [%] | mean_poisson_deviance: 0.254122
2025-11-14 20:56:39.187 | INFO     | __main__:log_results:113 - Efficiency [%] | mean_gamma_deviance: 0.003820
2025-11-14 20:56:39.187 | INFO     | __main__:log_results:113 - Efficiency [%] | mean_tweedie_deviance(power=0.0): 17.390863
2025-11-14 20:56:39.187 | INFO     | __main__:log_results:113 - Efficiency (Pt_out - Pt_in) | explained_variance_score: 0.876007
2025-11-14 20:56:39.187 | INFO     | __main__:log_results:113 - Efficiency (Pt_out - Pt_in) | r2_score: 0.874832
2025-11-14 20:56:39.187 | INFO     | __main__:log_results:113 - Efficiency (Pt_out - Pt_in) | d2_absolute_error_score: 0.678874
2025-11-14 20:56:39.187 | INFO     | __main__:log_results:113 - Efficiency (Pt_out - Pt_in) | d2_pinball_score: 0.678874
2025-11-14 20:56:39.187 | INFO     | __main__:log_results:113 - Efficiency (Pt_out - Pt_in) | d2_tweedie_score: 0.874832
2025-11-14 20:56:39.187 | INFO     | __main__:log_results:113 - Efficiency (Pt_out - Pt_in) | mean_absolute_error: 3.911762
2025-11-14 20:56:39.187 | INFO     | __main__:log_results:113 - Efficiency (Pt_out - Pt_in) | median_absolute_error: 2.841815
2025-11-14 20:56:39.187 | INFO     | __main__:log_results:113 - Efficiency (Pt_out - Pt_in) | mean_squared_error: 27.145007
2025-11-14 20:56:39.187 | INFO     | __main__:log_results:113 - Efficiency (Pt_out - Pt_in) | rmse: 5.210087
2025-11-14 20:56:39.187 | INFO     | __main__:log_results:113 - Efficiency (Pt_out - Pt_in) | mean_squared_log_error: 0.005337
2025-11-14 20:56:39.187 | INFO     | __main__:log_results:113 - Efficiency (Pt_out - Pt_in) | rmsle: 0.073054
2025-11-14 20:56:39.187 | INFO     | __main__:log_results:113 - Efficiency (Pt_out - Pt_in) | mean_absolute_percentage_error: 0.052316
2025-11-14 20:56:39.187 | INFO     | __main__:log_results:113 - Efficiency (Pt_out - Pt_in) | max_error: 17.983052
2025-11-14 20:56:39.187 | INFO     | __main__:log_results:113 - Efficiency (Pt_out - Pt_in) | mean_pinball_loss(alpha=0.5): 1.955881
2025-11-14 20:56:39.187 | INFO     | __main__:log_results:113 - Efficiency (Pt_out - Pt_in) | mean_poisson_deviance: 0.381165
2025-11-14 20:56:39.187 | INFO     | __main__:log_results:113 - Efficiency (Pt_out - Pt_in) | mean_gamma_deviance: 0.005584
2025-11-14 20:56:39.187 | INFO     | __main__:log_results:113 - Efficiency (Pt_out - Pt_in) | mean_tweedie_deviance(power=0.0): 27.145007
