2025-11-14 20:56:39.686 | INFO     | __main__:log_results:110 - num_trainval: 10
2025-11-14 20:56:39.686 | INFO     | __main__:log_results:110 - is_random_sample: True
2025-11-14 20:56:39.686 | INFO     | __main__:log_results:110 - which_FeatureAugmentation: 3
2025-11-14 20:56:39.686 | INFO     | __main__:log_results:110 - FeatureAugmentation_Runs: 2
2025-11-14 20:56:39.686 | INFO     | __main__:log_results:110 - x_transformer_type: standardize
2025-11-14 20:56:39.687 | INFO     | __main__:log_results:110 - y_transformer_type: standardize
2025-11-14 20:56:39.687 | INFO     | __main__:log_results:110 - num_trainval_slice: 40
2025-11-14 20:56:39.687 | INFO     | __main__:log_results:110 - EPOCH: 500
2025-11-14 20:56:39.687 | INFO     | __main__:log_results:110 - exp_name: DGP05_SciGP_Far2_v2
2025-11-14 20:56:39.687 | INFO     | __main__:log_results:110 - random_round_num: 6
2025-11-14 20:56:39.687 | INFO     | __main__:log_results:113 - Pt_in [Pa] | explained_variance_score: -30257010407652514194292314472448.000000
2025-11-14 20:56:39.687 | INFO     | __main__:log_results:113 - Pt_in [Pa] | r2_score: -30344820273673276062354057986048.000000
2025-11-14 20:56:39.687 | INFO     | __main__:log_results:113 - Pt_in [Pa] | d2_absolute_error_score: 0.000000
2025-11-14 20:56:39.687 | INFO     | __main__:log_results:113 - Pt_in [Pa] | d2_pinball_score: 0.000000
2025-11-14 20:56:39.687 | INFO     | __main__:log_results:113 - Pt_in [Pa] | d2_tweedie_score: -30344820273673276062354057986048.000000
2025-11-14 20:56:39.687 | INFO     | __main__:log_results:113 - Pt_in [Pa] | mean_absolute_error: 0.969408
2025-11-14 20:56:39.687 | INFO     | __main__:log_results:113 - Pt_in [Pa] | median_absolute_error: 0.832830
2025-11-14 20:56:39.687 | INFO     | __main__:log_results:113 - Pt_in [Pa] | mean_squared_error: 1.496115
2025-11-14 20:56:39.687 | INFO     | __main__:log_results:113 - Pt_in [Pa] | rmse: 1.223158
2025-11-14 20:56:39.687 | INFO     | __main__:log_results:113 - Pt_in [Pa] | mean_squared_log_error: 0.225848
2025-11-14 20:56:39.687 | INFO     | __main__:log_results:113 - Pt_in [Pa] | rmsle: 0.475235
2025-11-14 20:56:39.687 | INFO     | __main__:log_results:113 - Pt_in [Pa] | mean_absolute_percentage_error: 0.627514
2025-11-14 20:56:39.687 | INFO     | __main__:log_results:113 - Pt_in [Pa] | max_error: 4.024319
2025-11-14 20:56:39.688 | INFO     | __main__:log_results:113 - Pt_in [Pa] | mean_pinball_loss(alpha=0.5): 0.484704
2025-11-14 20:56:39.688 | INFO     | __main__:log_results:113 - Pt_in [Pa] | mean_poisson_deviance: 1.291856
2025-11-14 20:56:39.688 | INFO     | __main__:log_results:113 - Pt_in [Pa] | mean_gamma_deviance: 3.390575
2025-11-14 20:56:39.688 | INFO     | __main__:log_results:113 - Pt_in [Pa] | mean_tweedie_deviance(power=0.0): 1.496115
2025-11-14 20:56:39.688 | INFO     | __main__:log_results:113 - Pt_out [Pa] | explained_variance_score: 0.995771
2025-11-14 20:56:39.688 | INFO     | __main__:log_results:113 - Pt_out [Pa] | r2_score: 0.995112
2025-11-14 20:56:39.688 | INFO     | __main__:log_results:113 - Pt_out [Pa] | d2_absolute_error_score: 0.950693
2025-11-14 20:56:39.688 | INFO     | __main__:log_results:113 - Pt_out [Pa] | d2_pinball_score: 0.950693
2025-11-14 20:56:39.688 | INFO     | __main__:log_results:113 - Pt_out [Pa] | d2_tweedie_score: 0.995112
2025-11-14 20:56:39.688 | INFO     | __main__:log_results:113 - Pt_out [Pa] | mean_absolute_error: 1263.551184
2025-11-14 20:56:39.688 | INFO     | __main__:log_results:113 - Pt_out [Pa] | median_absolute_error: 656.087966
2025-11-14 20:56:39.688 | INFO     | __main__:log_results:113 - Pt_out [Pa] | mean_squared_error: 4138598.652715
2025-11-14 20:56:39.688 | INFO     | __main__:log_results:113 - Pt_out [Pa] | rmse: 2034.354603
2025-11-14 20:56:39.688 | INFO     | __main__:log_results:113 - Pt_out [Pa] | mean_squared_log_error: 0.003045
2025-11-14 20:56:39.689 | INFO     | __main__:log_results:113 - Pt_out [Pa] | rmsle: 0.055178
2025-11-14 20:56:39.689 | INFO     | __main__:log_results:113 - Pt_out [Pa] | mean_absolute_percentage_error: 0.026505
2025-11-14 20:56:39.689 | INFO     | __main__:log_results:113 - Pt_out [Pa] | max_error: 8119.931029
2025-11-14 20:56:39.689 | INFO     | __main__:log_results:113 - Pt_out [Pa] | mean_pinball_loss(alpha=0.5): 631.775592
2025-11-14 20:56:39.689 | INFO     | __main__:log_results:113 - Pt_out [Pa] | mean_poisson_deviance: 86.767164
2025-11-14 20:56:39.689 | INFO     | __main__:log_results:113 - Pt_out [Pa] | mean_gamma_deviance: 0.003256
2025-11-14 20:56:39.689 | INFO     | __main__:log_results:113 - Pt_out [Pa] | mean_tweedie_deviance(power=0.0): 4138598.652715
2025-11-14 20:56:39.689 | INFO     | __main__:log_results:113 - Torque [N m] | explained_variance_score: 0.978477
2025-11-14 20:56:39.689 | INFO     | __main__:log_results:113 - Torque [N m] | r2_score: 0.978303
2025-11-14 20:56:39.689 | INFO     | __main__:log_results:113 - Torque [N m] | d2_absolute_error_score: 0.861974
2025-11-14 20:56:39.689 | INFO     | __main__:log_results:113 - Torque [N m] | d2_pinball_score: 0.861974
2025-11-14 20:56:39.689 | INFO     | __main__:log_results:113 - Torque [N m] | d2_tweedie_score: 0.978303
2025-11-14 20:56:39.689 | INFO     | __main__:log_results:113 - Torque [N m] | mean_absolute_error: 0.272338
2025-11-14 20:56:39.689 | INFO     | __main__:log_results:113 - Torque [N m] | median_absolute_error: 0.193769
2025-11-14 20:56:39.689 | INFO     | __main__:log_results:113 - Torque [N m] | mean_squared_error: 0.137467
2025-11-14 20:56:39.690 | INFO     | __main__:log_results:113 - Torque [N m] | rmse: 0.370765
2025-11-14 20:56:39.690 | INFO     | __main__:log_results:113 - Torque [N m] | mean_squared_log_error: 0.014988
2025-11-14 20:56:39.690 | INFO     | __main__:log_results:113 - Torque [N m] | rmsle: 0.122426
2025-11-14 20:56:39.690 | INFO     | __main__:log_results:113 - Torque [N m] | mean_absolute_percentage_error: 0.124724
2025-11-14 20:56:39.690 | INFO     | __main__:log_results:113 - Torque [N m] | max_error: 1.160926
2025-11-14 20:56:39.690 | INFO     | __main__:log_results:113 - Torque [N m] | mean_pinball_loss(alpha=0.5): 0.136169
2025-11-14 20:56:39.690 | INFO     | __main__:log_results:113 - Torque [N m] | mean_poisson_deviance: 0.066486
2025-11-14 20:56:39.690 | INFO     | __main__:log_results:113 - Torque [N m] | mean_gamma_deviance: 0.038683
2025-11-14 20:56:39.690 | INFO     | __main__:log_results:113 - Torque [N m] | mean_tweedie_deviance(power=0.0): 0.137467
2025-11-14 20:56:39.690 | INFO     | __main__:log_results:113 - Efficiency [%] | explained_variance_score: 0.935110
2025-11-14 20:56:39.690 | INFO     | __main__:log_results:113 - Efficiency [%] | r2_score: 0.934608
2025-11-14 20:56:39.690 | INFO     | __main__:log_results:113 - Efficiency [%] | d2_absolute_error_score: 0.780843
2025-11-14 20:56:39.690 | INFO     | __main__:log_results:113 - Efficiency [%] | d2_pinball_score: 0.780843
2025-11-14 20:56:39.690 | INFO     | __main__:log_results:113 - Efficiency [%] | d2_tweedie_score: 0.934608
2025-11-14 20:56:39.690 | INFO     | __main__:log_results:113 - Efficiency [%] | mean_absolute_error: 2.332111
2025-11-14 20:56:39.690 | INFO     | __main__:log_results:113 - Efficiency [%] | median_absolute_error: 1.690409
2025-11-14 20:56:39.691 | INFO     | __main__:log_results:113 - Efficiency [%] | mean_squared_error: 10.913619
2025-11-14 20:56:39.691 | INFO     | __main__:log_results:113 - Efficiency [%] | rmse: 3.303577
2025-11-14 20:56:39.691 | INFO     | __main__:log_results:113 - Efficiency [%] | mean_squared_log_error: 0.002364
2025-11-14 20:56:39.691 | INFO     | __main__:log_results:113 - Efficiency [%] | rmsle: 0.048626
2025-11-14 20:56:39.691 | INFO     | __main__:log_results:113 - Efficiency [%] | mean_absolute_percentage_error: 0.031582
2025-11-14 20:56:39.691 | INFO     | __main__:log_results:113 - Efficiency [%] | max_error: 12.938456
2025-11-14 20:56:39.691 | INFO     | __main__:log_results:113 - Efficiency [%] | mean_pinball_loss(alpha=0.5): 1.166056
2025-11-14 20:56:39.691 | INFO     | __main__:log_results:113 - Efficiency [%] | mean_poisson_deviance: 0.162541
2025-11-14 20:56:39.691 | INFO     | __main__:log_results:113 - Efficiency [%] | mean_gamma_deviance: 0.002505
2025-11-14 20:56:39.691 | INFO     | __main__:log_results:113 - Efficiency [%] | mean_tweedie_deviance(power=0.0): 10.913619
2025-11-14 20:56:39.691 | INFO     | __main__:log_results:113 - Efficiency (Pt_out - Pt_in) | explained_variance_score: 0.298521
2025-11-14 20:56:39.692 | INFO     | __main__:log_results:113 - Efficiency (Pt_out - Pt_in) | r2_score: 0.253833
2025-11-14 20:56:39.692 | INFO     | __main__:log_results:113 - Efficiency (Pt_out - Pt_in) | d2_absolute_error_score: 0.366715
2025-11-14 20:56:39.692 | INFO     | __main__:log_results:113 - Efficiency (Pt_out - Pt_in) | d2_pinball_score: 0.366715
2025-11-14 20:56:39.692 | INFO     | __main__:log_results:113 - Efficiency (Pt_out - Pt_in) | d2_tweedie_score: 0.253833
2025-11-14 20:56:39.692 | INFO     | __main__:log_results:113 - Efficiency (Pt_out - Pt_in) | mean_absolute_error: 9.685309
2025-11-14 20:56:39.692 | INFO     | __main__:log_results:113 - Efficiency (Pt_out - Pt_in) | median_absolute_error: 3.693169
2025-11-14 20:56:39.692 | INFO     | __main__:log_results:113 - Efficiency (Pt_out - Pt_in) | mean_squared_error: 455.191276
2025-11-14 20:56:39.692 | INFO     | __main__:log_results:113 - Efficiency (Pt_out - Pt_in) | rmse: 21.335212
2025-11-14 20:56:39.692 | INFO     | __main__:log_results:113 - Efficiency (Pt_out - Pt_in) | mean_squared_log_error: 0.034469
2025-11-14 20:56:39.692 | INFO     | __main__:log_results:113 - Efficiency (Pt_out - Pt_in) | rmsle: 0.185658
2025-11-14 20:56:39.692 | INFO     | __main__:log_results:113 - Efficiency (Pt_out - Pt_in) | mean_absolute_percentage_error: 0.099155
2025-11-14 20:56:39.692 | INFO     | __main__:log_results:113 - Efficiency (Pt_out - Pt_in) | max_error: 158.870026
2025-11-14 20:56:39.692 | INFO     | __main__:log_results:113 - Efficiency (Pt_out - Pt_in) | mean_pinball_loss(alpha=0.5): 4.842655
2025-11-14 20:56:39.692 | INFO     | __main__:log_results:113 - Efficiency (Pt_out - Pt_in) | mean_poisson_deviance: 4.156230
2025-11-14 20:56:39.692 | INFO     | __main__:log_results:113 - Efficiency (Pt_out - Pt_in) | mean_gamma_deviance: 0.041570
2025-11-14 20:56:39.692 | INFO     | __main__:log_results:113 - Efficiency (Pt_out - Pt_in) | mean_tweedie_deviance(power=0.0): 455.191276
