2025-11-14 18:03:49.485 | INFO     | __main__:log_results:110 - num_trainval: 30
2025-11-14 18:03:49.485 | INFO     | __main__:log_results:110 - is_random_sample: True
2025-11-14 18:03:49.486 | INFO     | __main__:log_results:110 - which_FeatureAugmentation: 3
2025-11-14 18:03:49.486 | INFO     | __main__:log_results:110 - FeatureAugmentation_Runs: 2
2025-11-14 18:03:49.486 | INFO     | __main__:log_results:110 - x_transformer_type: standardize
2025-11-14 18:03:49.487 | INFO     | __main__:log_results:110 - y_transformer_type: standardize
2025-11-14 18:03:49.488 | INFO     | __main__:log_results:110 - num_trainval_slice: 40
2025-11-14 18:03:49.488 | INFO     | __main__:log_results:110 - EPOCH: 500
2025-11-14 18:03:49.489 | INFO     | __main__:log_results:110 - exp_name: DGP05_SciGP_Far2
2025-11-14 18:03:49.489 | INFO     | __main__:log_results:110 - random_round_num: 2
2025-11-14 18:03:49.489 | INFO     | __main__:log_results:113 - Pt_in [Pa] | explained_variance_score: -2.308047
2025-11-14 18:03:49.490 | INFO     | __main__:log_results:113 - Pt_in [Pa] | r2_score: -2.547503
2025-11-14 18:03:49.490 | INFO     | __main__:log_results:113 - Pt_in [Pa] | d2_absolute_error_score: -0.453011
2025-11-14 18:03:49.490 | INFO     | __main__:log_results:113 - Pt_in [Pa] | d2_pinball_score: -0.453011
2025-11-14 18:03:49.490 | INFO     | __main__:log_results:113 - Pt_in [Pa] | d2_tweedie_score: -2.547503
2025-11-14 18:03:49.490 | INFO     | __main__:log_results:113 - Pt_in [Pa] | mean_absolute_error: 0.762015
2025-11-14 18:03:49.491 | INFO     | __main__:log_results:113 - Pt_in [Pa] | median_absolute_error: 0.395582
2025-11-14 18:03:49.491 | INFO     | __main__:log_results:113 - Pt_in [Pa] | mean_squared_error: 1.501274
2025-11-14 18:03:49.491 | INFO     | __main__:log_results:113 - Pt_in [Pa] | rmse: 1.225265
2025-11-14 18:03:49.491 | INFO     | __main__:log_results:113 - Pt_in [Pa] | mean_squared_log_error: 0.192133
2025-11-14 18:03:49.491 | INFO     | __main__:log_results:113 - Pt_in [Pa] | rmsle: 0.438330
2025-11-14 18:03:49.491 | INFO     | __main__:log_results:113 - Pt_in [Pa] | mean_absolute_percentage_error: 1.231213
2025-11-14 18:03:49.491 | INFO     | __main__:log_results:113 - Pt_in [Pa] | max_error: 5.103009
2025-11-14 18:03:49.492 | INFO     | __main__:log_results:113 - Pt_in [Pa] | mean_pinball_loss(alpha=0.5): 0.381007
2025-11-14 18:03:49.492 | INFO     | __main__:log_results:113 - Pt_in [Pa] | mean_poisson_deviance: nan
2025-11-14 18:03:49.492 | INFO     | __main__:log_results:113 - Pt_in [Pa] | mean_gamma_deviance: nan
2025-11-14 18:03:49.492 | INFO     | __main__:log_results:113 - Pt_in [Pa] | mean_tweedie_deviance(power=0.0): 1.501274
2025-11-14 18:03:49.492 | INFO     | __main__:log_results:113 - Pt_out [Pa] | explained_variance_score: 1.000000
2025-11-14 18:03:49.493 | INFO     | __main__:log_results:113 - Pt_out [Pa] | r2_score: 1.000000
2025-11-14 18:03:49.493 | INFO     | __main__:log_results:113 - Pt_out [Pa] | d2_absolute_error_score: 0.999912
2025-11-14 18:03:49.493 | INFO     | __main__:log_results:113 - Pt_out [Pa] | d2_pinball_score: 0.999912
2025-11-14 18:03:49.493 | INFO     | __main__:log_results:113 - Pt_out [Pa] | d2_tweedie_score: 1.000000
2025-11-14 18:03:49.493 | INFO     | __main__:log_results:113 - Pt_out [Pa] | mean_absolute_error: 2.223431
2025-11-14 18:03:49.493 | INFO     | __main__:log_results:113 - Pt_out [Pa] | median_absolute_error: 1.182805
2025-11-14 18:03:49.493 | INFO     | __main__:log_results:113 - Pt_out [Pa] | mean_squared_error: 16.996704
2025-11-14 18:03:49.494 | INFO     | __main__:log_results:113 - Pt_out [Pa] | rmse: 4.122706
2025-11-14 18:03:49.494 | INFO     | __main__:log_results:113 - Pt_out [Pa] | mean_squared_log_error: 0.000000
2025-11-14 18:03:49.494 | INFO     | __main__:log_results:113 - Pt_out [Pa] | rmsle: 0.000065
2025-11-14 18:03:49.494 | INFO     | __main__:log_results:113 - Pt_out [Pa] | mean_absolute_percentage_error: 0.000041
2025-11-14 18:03:49.494 | INFO     | __main__:log_results:113 - Pt_out [Pa] | max_error: 25.106478
2025-11-14 18:03:49.494 | INFO     | __main__:log_results:113 - Pt_out [Pa] | mean_pinball_loss(alpha=0.5): 1.111716
2025-11-14 18:03:49.495 | INFO     | __main__:log_results:113 - Pt_out [Pa] | mean_poisson_deviance: 0.000215
2025-11-14 18:03:49.495 | INFO     | __main__:log_results:113 - Pt_out [Pa] | mean_gamma_deviance: 0.000000
2025-11-14 18:03:49.495 | INFO     | __main__:log_results:113 - Pt_out [Pa] | mean_tweedie_deviance(power=0.0): 16.996704
2025-11-14 18:03:49.495 | INFO     | __main__:log_results:113 - Torque [N m] | explained_variance_score: 0.998186
2025-11-14 18:03:49.495 | INFO     | __main__:log_results:113 - Torque [N m] | r2_score: 0.997935
2025-11-14 18:03:49.496 | INFO     | __main__:log_results:113 - Torque [N m] | d2_absolute_error_score: 0.961687
2025-11-14 18:03:49.496 | INFO     | __main__:log_results:113 - Torque [N m] | d2_pinball_score: 0.961687
2025-11-14 18:03:49.496 | INFO     | __main__:log_results:113 - Torque [N m] | d2_tweedie_score: 0.997935
2025-11-14 18:03:49.496 | INFO     | __main__:log_results:113 - Torque [N m] | mean_absolute_error: 0.072905
2025-11-14 18:03:49.496 | INFO     | __main__:log_results:113 - Torque [N m] | median_absolute_error: 0.040773
2025-11-14 18:03:49.496 | INFO     | __main__:log_results:113 - Torque [N m] | mean_squared_error: 0.012380
2025-11-14 18:03:49.497 | INFO     | __main__:log_results:113 - Torque [N m] | rmse: 0.111267
2025-11-14 18:03:49.497 | INFO     | __main__:log_results:113 - Torque [N m] | mean_squared_log_error: 0.000693
2025-11-14 18:03:49.497 | INFO     | __main__:log_results:113 - Torque [N m] | rmsle: 0.026323
2025-11-14 18:03:49.497 | INFO     | __main__:log_results:113 - Torque [N m] | mean_absolute_percentage_error: 0.023115
2025-11-14 18:03:49.497 | INFO     | __main__:log_results:113 - Torque [N m] | max_error: 0.358457
2025-11-14 18:03:49.497 | INFO     | __main__:log_results:113 - Torque [N m] | mean_pinball_loss(alpha=0.5): 0.036453
2025-11-14 18:03:49.497 | INFO     | __main__:log_results:113 - Torque [N m] | mean_poisson_deviance: 0.003714
2025-11-14 18:03:49.498 | INFO     | __main__:log_results:113 - Torque [N m] | mean_gamma_deviance: 0.001273
2025-11-14 18:03:49.498 | INFO     | __main__:log_results:113 - Torque [N m] | mean_tweedie_deviance(power=0.0): 0.012380
2025-11-14 18:03:49.498 | INFO     | __main__:log_results:113 - Efficiency [%] | explained_variance_score: 0.974520
2025-11-14 18:03:49.498 | INFO     | __main__:log_results:113 - Efficiency [%] | r2_score: 0.974352
2025-11-14 18:03:49.498 | INFO     | __main__:log_results:113 - Efficiency [%] | d2_absolute_error_score: 0.853391
2025-11-14 18:03:49.499 | INFO     | __main__:log_results:113 - Efficiency [%] | d2_pinball_score: 0.853391
2025-11-14 18:03:49.499 | INFO     | __main__:log_results:113 - Efficiency [%] | d2_tweedie_score: 0.974352
2025-11-14 18:03:49.499 | INFO     | __main__:log_results:113 - Efficiency [%] | mean_absolute_error: 1.642413
2025-11-14 18:03:49.499 | INFO     | __main__:log_results:113 - Efficiency [%] | median_absolute_error: 1.223985
2025-11-14 18:03:49.500 | INFO     | __main__:log_results:113 - Efficiency [%] | mean_squared_error: 4.686175
2025-11-14 18:03:49.500 | INFO     | __main__:log_results:113 - Efficiency [%] | rmse: 2.164757
2025-11-14 18:03:49.501 | INFO     | __main__:log_results:113 - Efficiency [%] | mean_squared_log_error: 0.000973
2025-11-14 18:03:49.501 | INFO     | __main__:log_results:113 - Efficiency [%] | rmsle: 0.031194
2025-11-14 18:03:49.501 | INFO     | __main__:log_results:113 - Efficiency [%] | mean_absolute_percentage_error: 0.022474
2025-11-14 18:03:49.501 | INFO     | __main__:log_results:113 - Efficiency [%] | max_error: 5.650597
2025-11-14 18:03:49.501 | INFO     | __main__:log_results:113 - Efficiency [%] | mean_pinball_loss(alpha=0.5): 0.821206
2025-11-14 18:03:49.502 | INFO     | __main__:log_results:113 - Efficiency [%] | mean_poisson_deviance: 0.067462
2025-11-14 18:03:49.502 | INFO     | __main__:log_results:113 - Efficiency [%] | mean_gamma_deviance: 0.001011
2025-11-14 18:03:49.502 | INFO     | __main__:log_results:113 - Efficiency [%] | mean_tweedie_deviance(power=0.0): 4.686175
2025-11-14 18:03:49.502 | INFO     | __main__:log_results:113 - Efficiency (Pt_out - Pt_in) | explained_variance_score: 0.972996
2025-11-14 18:03:49.502 | INFO     | __main__:log_results:113 - Efficiency (Pt_out - Pt_in) | r2_score: 0.967891
2025-11-14 18:03:49.502 | INFO     | __main__:log_results:113 - Efficiency (Pt_out - Pt_in) | d2_absolute_error_score: 0.856555
2025-11-14 18:03:49.502 | INFO     | __main__:log_results:113 - Efficiency (Pt_out - Pt_in) | d2_pinball_score: 0.856555
2025-11-14 18:03:49.502 | INFO     | __main__:log_results:113 - Efficiency (Pt_out - Pt_in) | d2_tweedie_score: 0.967891
2025-11-14 18:03:49.502 | INFO     | __main__:log_results:113 - Efficiency (Pt_out - Pt_in) | mean_absolute_error: 1.539889
2025-11-14 18:03:49.502 | INFO     | __main__:log_results:113 - Efficiency (Pt_out - Pt_in) | median_absolute_error: 0.876228
2025-11-14 18:03:49.502 | INFO     | __main__:log_results:113 - Efficiency (Pt_out - Pt_in) | mean_squared_error: 5.249893
2025-11-14 18:03:49.503 | INFO     | __main__:log_results:113 - Efficiency (Pt_out - Pt_in) | rmse: 2.291264
2025-11-14 18:03:49.503 | INFO     | __main__:log_results:113 - Efficiency (Pt_out - Pt_in) | mean_squared_log_error: 0.001263
2025-11-14 18:03:49.503 | INFO     | __main__:log_results:113 - Efficiency (Pt_out - Pt_in) | rmsle: 0.035542
2025-11-14 18:03:49.503 | INFO     | __main__:log_results:113 - Efficiency (Pt_out - Pt_in) | mean_absolute_percentage_error: 0.021953
2025-11-14 18:03:49.503 | INFO     | __main__:log_results:113 - Efficiency (Pt_out - Pt_in) | max_error: 6.755468
2025-11-14 18:03:49.503 | INFO     | __main__:log_results:113 - Efficiency (Pt_out - Pt_in) | mean_pinball_loss(alpha=0.5): 0.769945
2025-11-14 18:03:49.503 | INFO     | __main__:log_results:113 - Efficiency (Pt_out - Pt_in) | mean_poisson_deviance: 0.083159
2025-11-14 18:03:49.503 | INFO     | __main__:log_results:113 - Efficiency (Pt_out - Pt_in) | mean_gamma_deviance: 0.001339
2025-11-14 18:03:49.503 | INFO     | __main__:log_results:113 - Efficiency (Pt_out - Pt_in) | mean_tweedie_deviance(power=0.0): 5.249893
