2025-11-14 18:11:45.255 | INFO     | __main__:log_results:110 - num_trainval: 100
2025-11-14 18:11:45.260 | INFO     | __main__:log_results:110 - is_random_sample: True
2025-11-14 18:11:45.260 | INFO     | __main__:log_results:110 - which_FeatureAugmentation: 3
2025-11-14 18:11:45.260 | INFO     | __main__:log_results:110 - FeatureAugmentation_Runs: 2
2025-11-14 18:11:45.261 | INFO     | __main__:log_results:110 - x_transformer_type: standardize
2025-11-14 18:11:45.261 | INFO     | __main__:log_results:110 - y_transformer_type: standardize
2025-11-14 18:11:45.261 | INFO     | __main__:log_results:110 - num_trainval_slice: 40
2025-11-14 18:11:45.262 | INFO     | __main__:log_results:110 - EPOCH: 500
2025-11-14 18:11:45.262 | INFO     | __main__:log_results:110 - exp_name: DGP05_SciGP_Far2
2025-11-14 18:11:45.266 | INFO     | __main__:log_results:110 - random_round_num: 2
2025-11-14 18:11:45.266 | INFO     | __main__:log_results:113 - Pt_in [Pa] | explained_variance_score: 0.679498
2025-11-14 18:11:45.266 | INFO     | __main__:log_results:113 - Pt_in [Pa] | r2_score: 0.663584
2025-11-14 18:11:45.267 | INFO     | __main__:log_results:113 - Pt_in [Pa] | d2_absolute_error_score: 0.413335
2025-11-14 18:11:45.267 | INFO     | __main__:log_results:113 - Pt_in [Pa] | d2_pinball_score: 0.413335
2025-11-14 18:11:45.267 | INFO     | __main__:log_results:113 - Pt_in [Pa] | d2_tweedie_score: 0.663584
2025-11-14 18:11:45.268 | INFO     | __main__:log_results:113 - Pt_in [Pa] | mean_absolute_error: 0.456046
2025-11-14 18:11:45.268 | INFO     | __main__:log_results:113 - Pt_in [Pa] | median_absolute_error: 0.370028
2025-11-14 18:11:45.268 | INFO     | __main__:log_results:113 - Pt_in [Pa] | mean_squared_error: 0.372094
2025-11-14 18:11:45.268 | INFO     | __main__:log_results:113 - Pt_in [Pa] | rmse: 0.609995
2025-11-14 18:11:45.269 | INFO     | __main__:log_results:113 - Pt_in [Pa] | mean_squared_log_error: 0.076143
2025-11-14 18:11:45.269 | INFO     | __main__:log_results:113 - Pt_in [Pa] | rmsle: 0.275941
2025-11-14 18:11:45.269 | INFO     | __main__:log_results:113 - Pt_in [Pa] | mean_absolute_percentage_error: 1.148320
2025-11-14 18:11:45.270 | INFO     | __main__:log_results:113 - Pt_in [Pa] | max_error: 1.750010
2025-11-14 18:11:45.270 | INFO     | __main__:log_results:113 - Pt_in [Pa] | mean_pinball_loss(alpha=0.5): 0.228023
2025-11-14 18:11:45.270 | INFO     | __main__:log_results:113 - Pt_in [Pa] | mean_poisson_deviance: nan
2025-11-14 18:11:45.271 | INFO     | __main__:log_results:113 - Pt_in [Pa] | mean_gamma_deviance: nan
2025-11-14 18:11:45.271 | INFO     | __main__:log_results:113 - Pt_in [Pa] | mean_tweedie_deviance(power=0.0): 0.372094
2025-11-14 18:11:45.271 | INFO     | __main__:log_results:113 - Pt_out [Pa] | explained_variance_score: 1.000000
2025-11-14 18:11:45.271 | INFO     | __main__:log_results:113 - Pt_out [Pa] | r2_score: 1.000000
2025-11-14 18:11:45.272 | INFO     | __main__:log_results:113 - Pt_out [Pa] | d2_absolute_error_score: 0.999980
2025-11-14 18:11:45.272 | INFO     | __main__:log_results:113 - Pt_out [Pa] | d2_pinball_score: 0.999980
2025-11-14 18:11:45.272 | INFO     | __main__:log_results:113 - Pt_out [Pa] | d2_tweedie_score: 1.000000
2025-11-14 18:11:45.272 | INFO     | __main__:log_results:113 - Pt_out [Pa] | mean_absolute_error: 0.508998
2025-11-14 18:11:45.273 | INFO     | __main__:log_results:113 - Pt_out [Pa] | median_absolute_error: 0.400325
2025-11-14 18:11:45.273 | INFO     | __main__:log_results:113 - Pt_out [Pa] | mean_squared_error: 0.422732
2025-11-14 18:11:45.273 | INFO     | __main__:log_results:113 - Pt_out [Pa] | rmse: 0.650178
2025-11-14 18:11:45.274 | INFO     | __main__:log_results:113 - Pt_out [Pa] | mean_squared_log_error: 0.000000
2025-11-14 18:11:45.274 | INFO     | __main__:log_results:113 - Pt_out [Pa] | rmsle: 0.000019
2025-11-14 18:11:45.274 | INFO     | __main__:log_results:113 - Pt_out [Pa] | mean_absolute_percentage_error: 0.000012
2025-11-14 18:11:45.275 | INFO     | __main__:log_results:113 - Pt_out [Pa] | max_error: 1.967068
2025-11-14 18:11:45.275 | INFO     | __main__:log_results:113 - Pt_out [Pa] | mean_pinball_loss(alpha=0.5): 0.254499
2025-11-14 18:11:45.275 | INFO     | __main__:log_results:113 - Pt_out [Pa] | mean_poisson_deviance: 0.000010
2025-11-14 18:11:45.275 | INFO     | __main__:log_results:113 - Pt_out [Pa] | mean_gamma_deviance: 0.000000
2025-11-14 18:11:45.276 | INFO     | __main__:log_results:113 - Pt_out [Pa] | mean_tweedie_deviance(power=0.0): 0.422732
2025-11-14 18:11:45.276 | INFO     | __main__:log_results:113 - Torque [N m] | explained_variance_score: 0.999500
2025-11-14 18:11:45.276 | INFO     | __main__:log_results:113 - Torque [N m] | r2_score: 0.999500
2025-11-14 18:11:45.277 | INFO     | __main__:log_results:113 - Torque [N m] | d2_absolute_error_score: 0.981263
2025-11-14 18:11:45.277 | INFO     | __main__:log_results:113 - Torque [N m] | d2_pinball_score: 0.981263
2025-11-14 18:11:45.277 | INFO     | __main__:log_results:113 - Torque [N m] | d2_tweedie_score: 0.999500
2025-11-14 18:11:45.277 | INFO     | __main__:log_results:113 - Torque [N m] | mean_absolute_error: 0.035305
2025-11-14 18:11:45.277 | INFO     | __main__:log_results:113 - Torque [N m] | median_absolute_error: 0.024976
2025-11-14 18:11:45.277 | INFO     | __main__:log_results:113 - Torque [N m] | mean_squared_error: 0.002931
2025-11-14 18:11:45.278 | INFO     | __main__:log_results:113 - Torque [N m] | rmse: 0.054142
2025-11-14 18:11:45.278 | INFO     | __main__:log_results:113 - Torque [N m] | mean_squared_log_error: 0.000214
2025-11-14 18:11:45.278 | INFO     | __main__:log_results:113 - Torque [N m] | rmsle: 0.014639
2025-11-14 18:11:45.278 | INFO     | __main__:log_results:113 - Torque [N m] | mean_absolute_percentage_error: 0.011196
2025-11-14 18:11:45.278 | INFO     | __main__:log_results:113 - Torque [N m] | max_error: 0.248363
2025-11-14 18:11:45.278 | INFO     | __main__:log_results:113 - Torque [N m] | mean_pinball_loss(alpha=0.5): 0.017653
2025-11-14 18:11:45.282 | INFO     | __main__:log_results:113 - Torque [N m] | mean_poisson_deviance: 0.001071
2025-11-14 18:11:45.282 | INFO     | __main__:log_results:113 - Torque [N m] | mean_gamma_deviance: 0.000461
2025-11-14 18:11:45.282 | INFO     | __main__:log_results:113 - Torque [N m] | mean_tweedie_deviance(power=0.0): 0.002931
2025-11-14 18:11:45.283 | INFO     | __main__:log_results:113 - Efficiency [%] | explained_variance_score: 0.991078
2025-11-14 18:11:45.283 | INFO     | __main__:log_results:113 - Efficiency [%] | r2_score: 0.991028
2025-11-14 18:11:45.283 | INFO     | __main__:log_results:113 - Efficiency [%] | d2_absolute_error_score: 0.923988
2025-11-14 18:11:45.283 | INFO     | __main__:log_results:113 - Efficiency [%] | d2_pinball_score: 0.923988
2025-11-14 18:11:45.284 | INFO     | __main__:log_results:113 - Efficiency [%] | d2_tweedie_score: 0.991028
2025-11-14 18:11:45.284 | INFO     | __main__:log_results:113 - Efficiency [%] | mean_absolute_error: 0.852306
2025-11-14 18:11:45.285 | INFO     | __main__:log_results:113 - Efficiency [%] | median_absolute_error: 0.514093
2025-11-14 18:11:45.285 | INFO     | __main__:log_results:113 - Efficiency [%] | mean_squared_error: 1.617423
2025-11-14 18:11:45.285 | INFO     | __main__:log_results:113 - Efficiency [%] | rmse: 1.271780
2025-11-14 18:11:45.286 | INFO     | __main__:log_results:113 - Efficiency [%] | mean_squared_log_error: 0.000401
2025-11-14 18:11:45.286 | INFO     | __main__:log_results:113 - Efficiency [%] | rmsle: 0.020035
2025-11-14 18:11:45.286 | INFO     | __main__:log_results:113 - Efficiency [%] | mean_absolute_percentage_error: 0.012248
2025-11-14 18:11:45.286 | INFO     | __main__:log_results:113 - Efficiency [%] | max_error: 5.865040
2025-11-14 18:11:45.287 | INFO     | __main__:log_results:113 - Efficiency [%] | mean_pinball_loss(alpha=0.5): 0.426153
2025-11-14 18:11:45.288 | INFO     | __main__:log_results:113 - Efficiency [%] | mean_poisson_deviance: 0.025404
2025-11-14 18:11:45.288 | INFO     | __main__:log_results:113 - Efficiency [%] | mean_gamma_deviance: 0.000412
2025-11-14 18:11:45.288 | INFO     | __main__:log_results:113 - Efficiency [%] | mean_tweedie_deviance(power=0.0): 1.617423
2025-11-14 18:11:45.288 | INFO     | __main__:log_results:113 - Efficiency (Pt_out - Pt_in) | explained_variance_score: 0.991431
2025-11-14 18:11:45.288 | INFO     | __main__:log_results:113 - Efficiency (Pt_out - Pt_in) | r2_score: 0.991430
2025-11-14 18:11:45.288 | INFO     | __main__:log_results:113 - Efficiency (Pt_out - Pt_in) | d2_absolute_error_score: 0.932362
2025-11-14 18:11:45.288 | INFO     | __main__:log_results:113 - Efficiency (Pt_out - Pt_in) | d2_pinball_score: 0.932362
2025-11-14 18:11:45.288 | INFO     | __main__:log_results:113 - Efficiency (Pt_out - Pt_in) | d2_tweedie_score: 0.991430
2025-11-14 18:11:45.288 | INFO     | __main__:log_results:113 - Efficiency (Pt_out - Pt_in) | mean_absolute_error: 0.764165
2025-11-14 18:11:45.288 | INFO     | __main__:log_results:113 - Efficiency (Pt_out - Pt_in) | median_absolute_error: 0.470635
2025-11-14 18:11:45.288 | INFO     | __main__:log_results:113 - Efficiency (Pt_out - Pt_in) | mean_squared_error: 1.588567
2025-11-14 18:11:45.289 | INFO     | __main__:log_results:113 - Efficiency (Pt_out - Pt_in) | rmse: 1.260384
2025-11-14 18:11:45.289 | INFO     | __main__:log_results:113 - Efficiency (Pt_out - Pt_in) | mean_squared_log_error: 0.000438
2025-11-14 18:11:45.289 | INFO     | __main__:log_results:113 - Efficiency (Pt_out - Pt_in) | rmsle: 0.020922
2025-11-14 18:11:45.289 | INFO     | __main__:log_results:113 - Efficiency (Pt_out - Pt_in) | mean_absolute_percentage_error: 0.011338
2025-11-14 18:11:45.289 | INFO     | __main__:log_results:113 - Efficiency (Pt_out - Pt_in) | max_error: 6.943267
2025-11-14 18:11:45.289 | INFO     | __main__:log_results:113 - Efficiency (Pt_out - Pt_in) | mean_pinball_loss(alpha=0.5): 0.382082
2025-11-14 18:11:45.289 | INFO     | __main__:log_results:113 - Efficiency (Pt_out - Pt_in) | mean_poisson_deviance: 0.026273
2025-11-14 18:11:45.289 | INFO     | __main__:log_results:113 - Efficiency (Pt_out - Pt_in) | mean_gamma_deviance: 0.000445
2025-11-14 18:11:45.289 | INFO     | __main__:log_results:113 - Efficiency (Pt_out - Pt_in) | mean_tweedie_deviance(power=0.0): 1.588567
