2025-11-14 21:06:02.776 | INFO     | __main__:log_results:110 - num_trainval: 175
2025-11-14 21:06:02.776 | INFO     | __main__:log_results:110 - is_random_sample: True
2025-11-14 21:06:02.776 | INFO     | __main__:log_results:110 - which_FeatureAugmentation: 3
2025-11-14 21:06:02.776 | INFO     | __main__:log_results:110 - FeatureAugmentation_Runs: 2
2025-11-14 21:06:02.776 | INFO     | __main__:log_results:110 - x_transformer_type: standardize
2025-11-14 21:06:02.776 | INFO     | __main__:log_results:110 - y_transformer_type: standardize
2025-11-14 21:06:02.776 | INFO     | __main__:log_results:110 - num_trainval_slice: 40
2025-11-14 21:06:02.776 | INFO     | __main__:log_results:110 - EPOCH: 500
2025-11-14 21:06:02.776 | INFO     | __main__:log_results:110 - exp_name: DGP05_SciGP_Far2_v2
2025-11-14 21:06:02.776 | INFO     | __main__:log_results:110 - random_round_num: 3
2025-11-14 21:06:02.777 | INFO     | __main__:log_results:113 - Pt_in [Pa] | explained_variance_score: 0.549429
2025-11-14 21:06:02.777 | INFO     | __main__:log_results:113 - Pt_in [Pa] | r2_score: 0.549397
2025-11-14 21:06:02.777 | INFO     | __main__:log_results:113 - Pt_in [Pa] | d2_absolute_error_score: 0.287687
2025-11-14 21:06:02.777 | INFO     | __main__:log_results:113 - Pt_in [Pa] | d2_pinball_score: 0.287687
2025-11-14 21:06:02.777 | INFO     | __main__:log_results:113 - Pt_in [Pa] | d2_tweedie_score: 0.549397
2025-11-14 21:06:02.777 | INFO     | __main__:log_results:113 - Pt_in [Pa] | mean_absolute_error: 0.488119
2025-11-14 21:06:02.777 | INFO     | __main__:log_results:113 - Pt_in [Pa] | median_absolute_error: 0.380007
2025-11-14 21:06:02.777 | INFO     | __main__:log_results:113 - Pt_in [Pa] | mean_squared_error: 0.426340
2025-11-14 21:06:02.777 | INFO     | __main__:log_results:113 - Pt_in [Pa] | rmse: 0.652947
2025-11-14 21:06:02.777 | INFO     | __main__:log_results:113 - Pt_in [Pa] | mean_squared_log_error: 0.084285
2025-11-14 21:06:02.777 | INFO     | __main__:log_results:113 - Pt_in [Pa] | rmsle: 0.290318
2025-11-14 21:06:02.777 | INFO     | __main__:log_results:113 - Pt_in [Pa] | mean_absolute_percentage_error: 0.640717
2025-11-14 21:06:02.777 | INFO     | __main__:log_results:113 - Pt_in [Pa] | max_error: 1.793017
2025-11-14 21:06:02.777 | INFO     | __main__:log_results:113 - Pt_in [Pa] | mean_pinball_loss(alpha=0.5): 0.244060
2025-11-14 21:06:02.777 | INFO     | __main__:log_results:113 - Pt_in [Pa] | mean_poisson_deviance: nan
2025-11-14 21:06:02.778 | INFO     | __main__:log_results:113 - Pt_in [Pa] | mean_gamma_deviance: nan
2025-11-14 21:06:02.778 | INFO     | __main__:log_results:113 - Pt_in [Pa] | mean_tweedie_deviance(power=0.0): 0.426340
2025-11-14 21:06:02.778 | INFO     | __main__:log_results:113 - Pt_out [Pa] | explained_variance_score: 1.000000
2025-11-14 21:06:02.778 | INFO     | __main__:log_results:113 - Pt_out [Pa] | r2_score: 1.000000
2025-11-14 21:06:02.778 | INFO     | __main__:log_results:113 - Pt_out [Pa] | d2_absolute_error_score: 0.999981
2025-11-14 21:06:02.778 | INFO     | __main__:log_results:113 - Pt_out [Pa] | d2_pinball_score: 0.999981
2025-11-14 21:06:02.778 | INFO     | __main__:log_results:113 - Pt_out [Pa] | d2_tweedie_score: 1.000000
2025-11-14 21:06:02.778 | INFO     | __main__:log_results:113 - Pt_out [Pa] | mean_absolute_error: 0.483126
2025-11-14 21:06:02.778 | INFO     | __main__:log_results:113 - Pt_out [Pa] | median_absolute_error: 0.358333
2025-11-14 21:06:02.778 | INFO     | __main__:log_results:113 - Pt_out [Pa] | mean_squared_error: 0.409857
2025-11-14 21:06:02.778 | INFO     | __main__:log_results:113 - Pt_out [Pa] | rmse: 0.640201
2025-11-14 21:06:02.778 | INFO     | __main__:log_results:113 - Pt_out [Pa] | mean_squared_log_error: 0.000000
2025-11-14 21:06:02.778 | INFO     | __main__:log_results:113 - Pt_out [Pa] | rmsle: 0.000019
2025-11-14 21:06:02.778 | INFO     | __main__:log_results:113 - Pt_out [Pa] | mean_absolute_percentage_error: 0.000011
2025-11-14 21:06:02.779 | INFO     | __main__:log_results:113 - Pt_out [Pa] | max_error: 2.278539
2025-11-14 21:06:02.779 | INFO     | __main__:log_results:113 - Pt_out [Pa] | mean_pinball_loss(alpha=0.5): 0.241563
2025-11-14 21:06:02.779 | INFO     | __main__:log_results:113 - Pt_out [Pa] | mean_poisson_deviance: 0.000010
2025-11-14 21:06:02.779 | INFO     | __main__:log_results:113 - Pt_out [Pa] | mean_gamma_deviance: 0.000000
2025-11-14 21:06:02.779 | INFO     | __main__:log_results:113 - Pt_out [Pa] | mean_tweedie_deviance(power=0.0): 0.409857
2025-11-14 21:06:02.779 | INFO     | __main__:log_results:113 - Torque [N m] | explained_variance_score: 0.999794
2025-11-14 21:06:02.779 | INFO     | __main__:log_results:113 - Torque [N m] | r2_score: 0.999782
2025-11-14 21:06:02.779 | INFO     | __main__:log_results:113 - Torque [N m] | d2_absolute_error_score: 0.985800
2025-11-14 21:06:02.779 | INFO     | __main__:log_results:113 - Torque [N m] | d2_pinball_score: 0.985800
2025-11-14 21:06:02.779 | INFO     | __main__:log_results:113 - Torque [N m] | d2_tweedie_score: 0.999782
2025-11-14 21:06:02.779 | INFO     | __main__:log_results:113 - Torque [N m] | mean_absolute_error: 0.026738
2025-11-14 21:06:02.779 | INFO     | __main__:log_results:113 - Torque [N m] | median_absolute_error: 0.020534
2025-11-14 21:06:02.779 | INFO     | __main__:log_results:113 - Torque [N m] | mean_squared_error: 0.001283
2025-11-14 21:06:02.779 | INFO     | __main__:log_results:113 - Torque [N m] | rmse: 0.035815
2025-11-14 21:06:02.779 | INFO     | __main__:log_results:113 - Torque [N m] | mean_squared_log_error: 0.000067
2025-11-14 21:06:02.780 | INFO     | __main__:log_results:113 - Torque [N m] | rmsle: 0.008159
2025-11-14 21:06:02.780 | INFO     | __main__:log_results:113 - Torque [N m] | mean_absolute_percentage_error: 0.007689
2025-11-14 21:06:02.780 | INFO     | __main__:log_results:113 - Torque [N m] | max_error: 0.142741
2025-11-14 21:06:02.780 | INFO     | __main__:log_results:113 - Torque [N m] | mean_pinball_loss(alpha=0.5): 0.013369
2025-11-14 21:06:02.780 | INFO     | __main__:log_results:113 - Torque [N m] | mean_poisson_deviance: 0.000366
2025-11-14 21:06:02.780 | INFO     | __main__:log_results:113 - Torque [N m] | mean_gamma_deviance: 0.000141
2025-11-14 21:06:02.780 | INFO     | __main__:log_results:113 - Torque [N m] | mean_tweedie_deviance(power=0.0): 0.001283
2025-11-14 21:06:02.780 | INFO     | __main__:log_results:113 - Efficiency [%] | explained_variance_score: 0.995035
2025-11-14 21:06:02.780 | INFO     | __main__:log_results:113 - Efficiency [%] | r2_score: 0.995017
2025-11-14 21:06:02.780 | INFO     | __main__:log_results:113 - Efficiency [%] | d2_absolute_error_score: 0.947994
2025-11-14 21:06:02.780 | INFO     | __main__:log_results:113 - Efficiency [%] | d2_pinball_score: 0.947994
2025-11-14 21:06:02.780 | INFO     | __main__:log_results:113 - Efficiency [%] | d2_tweedie_score: 0.995017
2025-11-14 21:06:02.780 | INFO     | __main__:log_results:113 - Efficiency [%] | mean_absolute_error: 0.591549
2025-11-14 21:06:02.780 | INFO     | __main__:log_results:113 - Efficiency [%] | median_absolute_error: 0.356751
2025-11-14 21:06:02.780 | INFO     | __main__:log_results:113 - Efficiency [%] | mean_squared_error: 0.949882
2025-11-14 21:06:02.780 | INFO     | __main__:log_results:113 - Efficiency [%] | rmse: 0.974619
2025-11-14 21:06:02.781 | INFO     | __main__:log_results:113 - Efficiency [%] | mean_squared_log_error: 0.000243
2025-11-14 21:06:02.781 | INFO     | __main__:log_results:113 - Efficiency [%] | rmsle: 0.015597
2025-11-14 21:06:02.781 | INFO     | __main__:log_results:113 - Efficiency [%] | mean_absolute_percentage_error: 0.008756
2025-11-14 21:06:02.781 | INFO     | __main__:log_results:113 - Efficiency [%] | max_error: 4.970911
2025-11-14 21:06:02.781 | INFO     | __main__:log_results:113 - Efficiency [%] | mean_pinball_loss(alpha=0.5): 0.295775
2025-11-14 21:06:02.781 | INFO     | __main__:log_results:113 - Efficiency [%] | mean_poisson_deviance: 0.015282
2025-11-14 21:06:02.781 | INFO     | __main__:log_results:113 - Efficiency [%] | mean_gamma_deviance: 0.000251
2025-11-14 21:06:02.781 | INFO     | __main__:log_results:113 - Efficiency [%] | mean_tweedie_deviance(power=0.0): 0.949882
2025-11-14 21:06:02.781 | INFO     | __main__:log_results:113 - Efficiency (Pt_out - Pt_in) | explained_variance_score: 0.997314
2025-11-14 21:06:02.781 | INFO     | __main__:log_results:113 - Efficiency (Pt_out - Pt_in) | r2_score: 0.997180
2025-11-14 21:06:02.781 | INFO     | __main__:log_results:113 - Efficiency (Pt_out - Pt_in) | d2_absolute_error_score: 0.952054
2025-11-14 21:06:02.781 | INFO     | __main__:log_results:113 - Efficiency (Pt_out - Pt_in) | d2_pinball_score: 0.952054
2025-11-14 21:06:02.781 | INFO     | __main__:log_results:113 - Efficiency (Pt_out - Pt_in) | d2_tweedie_score: 0.997180
2025-11-14 21:06:02.781 | INFO     | __main__:log_results:113 - Efficiency (Pt_out - Pt_in) | mean_absolute_error: 0.547628
2025-11-14 21:06:02.782 | INFO     | __main__:log_results:113 - Efficiency (Pt_out - Pt_in) | median_absolute_error: 0.452667
2025-11-14 21:06:02.782 | INFO     | __main__:log_results:113 - Efficiency (Pt_out - Pt_in) | mean_squared_error: 0.540285
2025-11-14 21:06:02.782 | INFO     | __main__:log_results:113 - Efficiency (Pt_out - Pt_in) | rmse: 0.735041
2025-11-14 21:06:02.782 | INFO     | __main__:log_results:113 - Efficiency (Pt_out - Pt_in) | mean_squared_log_error: 0.000136
2025-11-14 21:06:02.782 | INFO     | __main__:log_results:113 - Efficiency (Pt_out - Pt_in) | rmsle: 0.011642
2025-11-14 21:06:02.782 | INFO     | __main__:log_results:113 - Efficiency (Pt_out - Pt_in) | mean_absolute_percentage_error: 0.007785
2025-11-14 21:06:02.782 | INFO     | __main__:log_results:113 - Efficiency (Pt_out - Pt_in) | max_error: 3.307177
2025-11-14 21:06:02.782 | INFO     | __main__:log_results:113 - Efficiency (Pt_out - Pt_in) | mean_pinball_loss(alpha=0.5): 0.273814
2025-11-14 21:06:02.782 | INFO     | __main__:log_results:113 - Efficiency (Pt_out - Pt_in) | mean_poisson_deviance: 0.008475
2025-11-14 21:06:02.782 | INFO     | __main__:log_results:113 - Efficiency (Pt_out - Pt_in) | mean_gamma_deviance: 0.000139
2025-11-14 21:06:02.782 | INFO     | __main__:log_results:113 - Efficiency (Pt_out - Pt_in) | mean_tweedie_deviance(power=0.0): 0.540285
