2025-11-14 21:00:43.339 | INFO     | __main__:log_results:110 - num_trainval: 100
2025-11-14 21:00:43.339 | INFO     | __main__:log_results:110 - is_random_sample: True
2025-11-14 21:00:43.339 | INFO     | __main__:log_results:110 - which_FeatureAugmentation: 3
2025-11-14 21:00:43.340 | INFO     | __main__:log_results:110 - FeatureAugmentation_Runs: 2
2025-11-14 21:00:43.340 | INFO     | __main__:log_results:110 - x_transformer_type: standardize
2025-11-14 21:00:43.340 | INFO     | __main__:log_results:110 - y_transformer_type: standardize
2025-11-14 21:00:43.341 | INFO     | __main__:log_results:110 - num_trainval_slice: 40
2025-11-14 21:00:43.341 | INFO     | __main__:log_results:110 - EPOCH: 500
2025-11-14 21:00:43.341 | INFO     | __main__:log_results:110 - exp_name: DGP05_SciGP_Far2_v2
2025-11-14 21:00:43.341 | INFO     | __main__:log_results:110 - random_round_num: 4
2025-11-14 21:00:43.342 | INFO     | __main__:log_results:113 - Pt_in [Pa] | explained_variance_score: 0.651915
2025-11-14 21:00:43.342 | INFO     | __main__:log_results:113 - Pt_in [Pa] | r2_score: 0.651571
2025-11-14 21:00:43.342 | INFO     | __main__:log_results:113 - Pt_in [Pa] | d2_absolute_error_score: 0.407220
2025-11-14 21:00:43.342 | INFO     | __main__:log_results:113 - Pt_in [Pa] | d2_pinball_score: 0.407220
2025-11-14 21:00:43.342 | INFO     | __main__:log_results:113 - Pt_in [Pa] | d2_tweedie_score: 0.651571
2025-11-14 21:00:43.342 | INFO     | __main__:log_results:113 - Pt_in [Pa] | mean_absolute_error: 0.454933
2025-11-14 21:00:43.343 | INFO     | __main__:log_results:113 - Pt_in [Pa] | median_absolute_error: 0.337887
2025-11-14 21:00:43.343 | INFO     | __main__:log_results:113 - Pt_in [Pa] | mean_squared_error: 0.355756
2025-11-14 21:00:43.343 | INFO     | __main__:log_results:113 - Pt_in [Pa] | rmse: 0.596453
2025-11-14 21:00:43.343 | INFO     | __main__:log_results:113 - Pt_in [Pa] | mean_squared_log_error: 0.075213
2025-11-14 21:00:43.343 | INFO     | __main__:log_results:113 - Pt_in [Pa] | rmsle: 0.274250
2025-11-14 21:00:43.344 | INFO     | __main__:log_results:113 - Pt_in [Pa] | mean_absolute_percentage_error: 0.482143
2025-11-14 21:00:43.344 | INFO     | __main__:log_results:113 - Pt_in [Pa] | max_error: 2.087727
2025-11-14 21:00:43.344 | INFO     | __main__:log_results:113 - Pt_in [Pa] | mean_pinball_loss(alpha=0.5): 0.227466
2025-11-14 21:00:43.344 | INFO     | __main__:log_results:113 - Pt_in [Pa] | mean_poisson_deviance: nan
2025-11-14 21:00:43.344 | INFO     | __main__:log_results:113 - Pt_in [Pa] | mean_gamma_deviance: nan
2025-11-14 21:00:43.345 | INFO     | __main__:log_results:113 - Pt_in [Pa] | mean_tweedie_deviance(power=0.0): 0.355756
2025-11-14 21:00:43.345 | INFO     | __main__:log_results:113 - Pt_out [Pa] | explained_variance_score: 1.000000
2025-11-14 21:00:43.345 | INFO     | __main__:log_results:113 - Pt_out [Pa] | r2_score: 1.000000
2025-11-14 21:00:43.345 | INFO     | __main__:log_results:113 - Pt_out [Pa] | d2_absolute_error_score: 0.999980
2025-11-14 21:00:43.345 | INFO     | __main__:log_results:113 - Pt_out [Pa] | d2_pinball_score: 0.999980
2025-11-14 21:00:43.345 | INFO     | __main__:log_results:113 - Pt_out [Pa] | d2_tweedie_score: 1.000000
2025-11-14 21:00:43.346 | INFO     | __main__:log_results:113 - Pt_out [Pa] | mean_absolute_error: 0.497523
2025-11-14 21:00:43.346 | INFO     | __main__:log_results:113 - Pt_out [Pa] | median_absolute_error: 0.409330
2025-11-14 21:00:43.346 | INFO     | __main__:log_results:113 - Pt_out [Pa] | mean_squared_error: 0.404212
2025-11-14 21:00:43.346 | INFO     | __main__:log_results:113 - Pt_out [Pa] | rmse: 0.635777
2025-11-14 21:00:43.346 | INFO     | __main__:log_results:113 - Pt_out [Pa] | mean_squared_log_error: 0.000000
2025-11-14 21:00:43.347 | INFO     | __main__:log_results:113 - Pt_out [Pa] | rmsle: 0.000017
2025-11-14 21:00:43.347 | INFO     | __main__:log_results:113 - Pt_out [Pa] | mean_absolute_percentage_error: 0.000011
2025-11-14 21:00:43.347 | INFO     | __main__:log_results:113 - Pt_out [Pa] | max_error: 1.744546
2025-11-14 21:00:43.347 | INFO     | __main__:log_results:113 - Pt_out [Pa] | mean_pinball_loss(alpha=0.5): 0.248761
2025-11-14 21:00:43.347 | INFO     | __main__:log_results:113 - Pt_out [Pa] | mean_poisson_deviance: 0.000009
2025-11-14 21:00:43.347 | INFO     | __main__:log_results:113 - Pt_out [Pa] | mean_gamma_deviance: 0.000000
2025-11-14 21:00:43.348 | INFO     | __main__:log_results:113 - Pt_out [Pa] | mean_tweedie_deviance(power=0.0): 0.404212
2025-11-14 21:00:43.348 | INFO     | __main__:log_results:113 - Torque [N m] | explained_variance_score: 0.999372
2025-11-14 21:00:43.348 | INFO     | __main__:log_results:113 - Torque [N m] | r2_score: 0.999369
2025-11-14 21:00:43.348 | INFO     | __main__:log_results:113 - Torque [N m] | d2_absolute_error_score: 0.977937
2025-11-14 21:00:43.348 | INFO     | __main__:log_results:113 - Torque [N m] | d2_pinball_score: 0.977937
2025-11-14 21:00:43.349 | INFO     | __main__:log_results:113 - Torque [N m] | d2_tweedie_score: 0.999369
2025-11-14 21:00:43.349 | INFO     | __main__:log_results:113 - Torque [N m] | mean_absolute_error: 0.041342
2025-11-14 21:00:43.349 | INFO     | __main__:log_results:113 - Torque [N m] | median_absolute_error: 0.026951
2025-11-14 21:00:43.349 | INFO     | __main__:log_results:113 - Torque [N m] | mean_squared_error: 0.003658
2025-11-14 21:00:43.349 | INFO     | __main__:log_results:113 - Torque [N m] | rmse: 0.060484
2025-11-14 21:00:43.349 | INFO     | __main__:log_results:113 - Torque [N m] | mean_squared_log_error: 0.000208
2025-11-14 21:00:43.350 | INFO     | __main__:log_results:113 - Torque [N m] | rmsle: 0.014411
2025-11-14 21:00:43.351 | INFO     | __main__:log_results:113 - Torque [N m] | mean_absolute_percentage_error: 0.012252
2025-11-14 21:00:43.351 | INFO     | __main__:log_results:113 - Torque [N m] | max_error: 0.196931
2025-11-14 21:00:43.351 | INFO     | __main__:log_results:113 - Torque [N m] | mean_pinball_loss(alpha=0.5): 0.020671
2025-11-14 21:00:43.352 | INFO     | __main__:log_results:113 - Torque [N m] | mean_poisson_deviance: 0.001111
2025-11-14 21:00:43.352 | INFO     | __main__:log_results:113 - Torque [N m] | mean_gamma_deviance: 0.000445
2025-11-14 21:00:43.352 | INFO     | __main__:log_results:113 - Torque [N m] | mean_tweedie_deviance(power=0.0): 0.003658
2025-11-14 21:00:43.352 | INFO     | __main__:log_results:113 - Efficiency [%] | explained_variance_score: 0.988820
2025-11-14 21:00:43.352 | INFO     | __main__:log_results:113 - Efficiency [%] | r2_score: 0.988803
2025-11-14 21:00:43.352 | INFO     | __main__:log_results:113 - Efficiency [%] | d2_absolute_error_score: 0.916690
2025-11-14 21:00:43.352 | INFO     | __main__:log_results:113 - Efficiency [%] | d2_pinball_score: 0.916690
2025-11-14 21:00:43.352 | INFO     | __main__:log_results:113 - Efficiency [%] | d2_tweedie_score: 0.988803
2025-11-14 21:00:43.352 | INFO     | __main__:log_results:113 - Efficiency [%] | mean_absolute_error: 0.947752
2025-11-14 21:00:43.352 | INFO     | __main__:log_results:113 - Efficiency [%] | median_absolute_error: 0.561030
2025-11-14 21:00:43.353 | INFO     | __main__:log_results:113 - Efficiency [%] | mean_squared_error: 2.148030
2025-11-14 21:00:43.353 | INFO     | __main__:log_results:113 - Efficiency [%] | rmse: 1.465616
2025-11-14 21:00:43.353 | INFO     | __main__:log_results:113 - Efficiency [%] | mean_squared_log_error: 0.000529
2025-11-14 21:00:43.353 | INFO     | __main__:log_results:113 - Efficiency [%] | rmsle: 0.023007
2025-11-14 21:00:43.353 | INFO     | __main__:log_results:113 - Efficiency [%] | mean_absolute_percentage_error: 0.013880
2025-11-14 21:00:43.353 | INFO     | __main__:log_results:113 - Efficiency [%] | max_error: 6.188829
2025-11-14 21:00:43.353 | INFO     | __main__:log_results:113 - Efficiency [%] | mean_pinball_loss(alpha=0.5): 0.473876
2025-11-14 21:00:43.353 | INFO     | __main__:log_results:113 - Efficiency [%] | mean_poisson_deviance: 0.033823
2025-11-14 21:00:43.353 | INFO     | __main__:log_results:113 - Efficiency [%] | mean_gamma_deviance: 0.000546
2025-11-14 21:00:43.353 | INFO     | __main__:log_results:113 - Efficiency [%] | mean_tweedie_deviance(power=0.0): 2.148030
2025-11-14 21:00:43.353 | INFO     | __main__:log_results:113 - Efficiency (Pt_out - Pt_in) | explained_variance_score: 0.991553
2025-11-14 21:00:43.354 | INFO     | __main__:log_results:113 - Efficiency (Pt_out - Pt_in) | r2_score: 0.991357
2025-11-14 21:00:43.354 | INFO     | __main__:log_results:113 - Efficiency (Pt_out - Pt_in) | d2_absolute_error_score: 0.925690
2025-11-14 21:00:43.354 | INFO     | __main__:log_results:113 - Efficiency (Pt_out - Pt_in) | d2_pinball_score: 0.925690
2025-11-14 21:00:43.354 | INFO     | __main__:log_results:113 - Efficiency (Pt_out - Pt_in) | d2_tweedie_score: 0.991357
2025-11-14 21:00:43.354 | INFO     | __main__:log_results:113 - Efficiency (Pt_out - Pt_in) | mean_absolute_error: 0.858368
2025-11-14 21:00:43.354 | INFO     | __main__:log_results:113 - Efficiency (Pt_out - Pt_in) | median_absolute_error: 0.490593
2025-11-14 21:00:43.354 | INFO     | __main__:log_results:113 - Efficiency (Pt_out - Pt_in) | mean_squared_error: 1.699181
2025-11-14 21:00:43.354 | INFO     | __main__:log_results:113 - Efficiency (Pt_out - Pt_in) | rmse: 1.303527
2025-11-14 21:00:43.354 | INFO     | __main__:log_results:113 - Efficiency (Pt_out - Pt_in) | mean_squared_log_error: 0.000424
2025-11-14 21:00:43.354 | INFO     | __main__:log_results:113 - Efficiency (Pt_out - Pt_in) | rmsle: 0.020588
2025-11-14 21:00:43.355 | INFO     | __main__:log_results:113 - Efficiency (Pt_out - Pt_in) | mean_absolute_percentage_error: 0.012489
2025-11-14 21:00:43.355 | INFO     | __main__:log_results:113 - Efficiency (Pt_out - Pt_in) | max_error: 5.646407
2025-11-14 21:00:43.355 | INFO     | __main__:log_results:113 - Efficiency (Pt_out - Pt_in) | mean_pinball_loss(alpha=0.5): 0.429184
2025-11-14 21:00:43.355 | INFO     | __main__:log_results:113 - Efficiency (Pt_out - Pt_in) | mean_poisson_deviance: 0.026620
2025-11-14 21:00:43.355 | INFO     | __main__:log_results:113 - Efficiency (Pt_out - Pt_in) | mean_gamma_deviance: 0.000432
2025-11-14 21:00:43.355 | INFO     | __main__:log_results:113 - Efficiency (Pt_out - Pt_in) | mean_tweedie_deviance(power=0.0): 1.699181
