2025-11-14 21:01:05.632 | INFO     | __main__:log_results:110 - num_trainval: 110
2025-11-14 21:01:05.632 | INFO     | __main__:log_results:110 - is_random_sample: True
2025-11-14 21:01:05.632 | INFO     | __main__:log_results:110 - which_FeatureAugmentation: 3
2025-11-14 21:01:05.633 | INFO     | __main__:log_results:110 - FeatureAugmentation_Runs: 2
2025-11-14 21:01:05.633 | INFO     | __main__:log_results:110 - x_transformer_type: standardize
2025-11-14 21:01:05.633 | INFO     | __main__:log_results:110 - y_transformer_type: standardize
2025-11-14 21:01:05.634 | INFO     | __main__:log_results:110 - num_trainval_slice: 40
2025-11-14 21:01:05.634 | INFO     | __main__:log_results:110 - EPOCH: 500
2025-11-14 21:01:05.634 | INFO     | __main__:log_results:110 - exp_name: DGP05_SciGP_Far2_v2
2025-11-14 21:01:05.634 | INFO     | __main__:log_results:110 - random_round_num: 1
2025-11-14 21:01:05.635 | INFO     | __main__:log_results:113 - Pt_in [Pa] | explained_variance_score: 0.563599
2025-11-14 21:01:05.635 | INFO     | __main__:log_results:113 - Pt_in [Pa] | r2_score: 0.563564
2025-11-14 21:01:05.635 | INFO     | __main__:log_results:113 - Pt_in [Pa] | d2_absolute_error_score: 0.283188
2025-11-14 21:01:05.635 | INFO     | __main__:log_results:113 - Pt_in [Pa] | d2_pinball_score: 0.283188
2025-11-14 21:01:05.635 | INFO     | __main__:log_results:113 - Pt_in [Pa] | d2_tweedie_score: 0.563564
2025-11-14 21:01:05.635 | INFO     | __main__:log_results:113 - Pt_in [Pa] | mean_absolute_error: 0.511800
2025-11-14 21:01:05.636 | INFO     | __main__:log_results:113 - Pt_in [Pa] | median_absolute_error: 0.419368
2025-11-14 21:01:05.636 | INFO     | __main__:log_results:113 - Pt_in [Pa] | mean_squared_error: 0.436654
2025-11-14 21:01:05.636 | INFO     | __main__:log_results:113 - Pt_in [Pa] | rmse: 0.660798
2025-11-14 21:01:05.636 | INFO     | __main__:log_results:113 - Pt_in [Pa] | mean_squared_log_error: 0.088263
2025-11-14 21:01:05.636 | INFO     | __main__:log_results:113 - Pt_in [Pa] | rmsle: 0.297091
2025-11-14 21:01:05.637 | INFO     | __main__:log_results:113 - Pt_in [Pa] | mean_absolute_percentage_error: 0.629278
2025-11-14 21:01:05.637 | INFO     | __main__:log_results:113 - Pt_in [Pa] | max_error: 1.932338
2025-11-14 21:01:05.637 | INFO     | __main__:log_results:113 - Pt_in [Pa] | mean_pinball_loss(alpha=0.5): 0.255900
2025-11-14 21:01:05.637 | INFO     | __main__:log_results:113 - Pt_in [Pa] | mean_poisson_deviance: nan
2025-11-14 21:01:05.637 | INFO     | __main__:log_results:113 - Pt_in [Pa] | mean_gamma_deviance: nan
2025-11-14 21:01:05.637 | INFO     | __main__:log_results:113 - Pt_in [Pa] | mean_tweedie_deviance(power=0.0): 0.436654
2025-11-14 21:01:05.638 | INFO     | __main__:log_results:113 - Pt_out [Pa] | explained_variance_score: 1.000000
2025-11-14 21:01:05.638 | INFO     | __main__:log_results:113 - Pt_out [Pa] | r2_score: 1.000000
2025-11-14 21:01:05.638 | INFO     | __main__:log_results:113 - Pt_out [Pa] | d2_absolute_error_score: 0.999978
2025-11-14 21:01:05.638 | INFO     | __main__:log_results:113 - Pt_out [Pa] | d2_pinball_score: 0.999978
2025-11-14 21:01:05.638 | INFO     | __main__:log_results:113 - Pt_out [Pa] | d2_tweedie_score: 1.000000
2025-11-14 21:01:05.638 | INFO     | __main__:log_results:113 - Pt_out [Pa] | mean_absolute_error: 0.545253
2025-11-14 21:01:05.639 | INFO     | __main__:log_results:113 - Pt_out [Pa] | median_absolute_error: 0.466429
2025-11-14 21:01:05.639 | INFO     | __main__:log_results:113 - Pt_out [Pa] | mean_squared_error: 0.453921
2025-11-14 21:01:05.639 | INFO     | __main__:log_results:113 - Pt_out [Pa] | rmse: 0.673737
2025-11-14 21:01:05.639 | INFO     | __main__:log_results:113 - Pt_out [Pa] | mean_squared_log_error: 0.000000
2025-11-14 21:01:05.639 | INFO     | __main__:log_results:113 - Pt_out [Pa] | rmsle: 0.000017
2025-11-14 21:01:05.640 | INFO     | __main__:log_results:113 - Pt_out [Pa] | mean_absolute_percentage_error: 0.000012
2025-11-14 21:01:05.640 | INFO     | __main__:log_results:113 - Pt_out [Pa] | max_error: 2.171017
2025-11-14 21:01:05.640 | INFO     | __main__:log_results:113 - Pt_out [Pa] | mean_pinball_loss(alpha=0.5): 0.272627
2025-11-14 21:01:05.640 | INFO     | __main__:log_results:113 - Pt_out [Pa] | mean_poisson_deviance: 0.000009
2025-11-14 21:01:05.640 | INFO     | __main__:log_results:113 - Pt_out [Pa] | mean_gamma_deviance: 0.000000
2025-11-14 21:01:05.640 | INFO     | __main__:log_results:113 - Pt_out [Pa] | mean_tweedie_deviance(power=0.0): 0.453921
2025-11-14 21:01:05.641 | INFO     | __main__:log_results:113 - Torque [N m] | explained_variance_score: 0.999228
2025-11-14 21:01:05.641 | INFO     | __main__:log_results:113 - Torque [N m] | r2_score: 0.999143
2025-11-14 21:01:05.641 | INFO     | __main__:log_results:113 - Torque [N m] | d2_absolute_error_score: 0.974944
2025-11-14 21:01:05.641 | INFO     | __main__:log_results:113 - Torque [N m] | d2_pinball_score: 0.974944
2025-11-14 21:01:05.641 | INFO     | __main__:log_results:113 - Torque [N m] | d2_tweedie_score: 0.999143
2025-11-14 21:01:05.642 | INFO     | __main__:log_results:113 - Torque [N m] | mean_absolute_error: 0.047434
2025-11-14 21:01:05.642 | INFO     | __main__:log_results:113 - Torque [N m] | median_absolute_error: 0.031602
2025-11-14 21:01:05.642 | INFO     | __main__:log_results:113 - Torque [N m] | mean_squared_error: 0.005099
2025-11-14 21:01:05.642 | INFO     | __main__:log_results:113 - Torque [N m] | rmse: 0.071408
2025-11-14 21:01:05.642 | INFO     | __main__:log_results:113 - Torque [N m] | mean_squared_log_error: 0.000263
2025-11-14 21:01:05.642 | INFO     | __main__:log_results:113 - Torque [N m] | rmsle: 0.016227
2025-11-14 21:01:05.643 | INFO     | __main__:log_results:113 - Torque [N m] | mean_absolute_percentage_error: 0.013194
2025-11-14 21:01:05.643 | INFO     | __main__:log_results:113 - Torque [N m] | max_error: 0.263361
2025-11-14 21:01:05.643 | INFO     | __main__:log_results:113 - Torque [N m] | mean_pinball_loss(alpha=0.5): 0.023717
2025-11-14 21:01:05.643 | INFO     | __main__:log_results:113 - Torque [N m] | mean_poisson_deviance: 0.001433
2025-11-14 21:01:05.643 | INFO     | __main__:log_results:113 - Torque [N m] | mean_gamma_deviance: 0.000546
2025-11-14 21:01:05.643 | INFO     | __main__:log_results:113 - Torque [N m] | mean_tweedie_deviance(power=0.0): 0.005099
2025-11-14 21:01:05.643 | INFO     | __main__:log_results:113 - Efficiency [%] | explained_variance_score: 0.992765
2025-11-14 21:01:05.644 | INFO     | __main__:log_results:113 - Efficiency [%] | r2_score: 0.992429
2025-11-14 21:01:05.644 | INFO     | __main__:log_results:113 - Efficiency [%] | d2_absolute_error_score: 0.931695
2025-11-14 21:01:05.644 | INFO     | __main__:log_results:113 - Efficiency [%] | d2_pinball_score: 0.931695
2025-11-14 21:01:05.644 | INFO     | __main__:log_results:113 - Efficiency [%] | d2_tweedie_score: 0.992429
2025-11-14 21:01:05.644 | INFO     | __main__:log_results:113 - Efficiency [%] | mean_absolute_error: 0.783495
2025-11-14 21:01:05.644 | INFO     | __main__:log_results:113 - Efficiency [%] | median_absolute_error: 0.517709
2025-11-14 21:01:05.644 | INFO     | __main__:log_results:113 - Efficiency [%] | mean_squared_error: 1.462045
2025-11-14 21:01:05.644 | INFO     | __main__:log_results:113 - Efficiency [%] | rmse: 1.209150
2025-11-14 21:01:05.645 | INFO     | __main__:log_results:113 - Efficiency [%] | mean_squared_log_error: 0.000355
2025-11-14 21:01:05.645 | INFO     | __main__:log_results:113 - Efficiency [%] | rmsle: 0.018835
2025-11-14 21:01:05.645 | INFO     | __main__:log_results:113 - Efficiency [%] | mean_absolute_percentage_error: 0.011214
2025-11-14 21:01:05.645 | INFO     | __main__:log_results:113 - Efficiency [%] | max_error: 5.369292
2025-11-14 21:01:05.645 | INFO     | __main__:log_results:113 - Efficiency [%] | mean_pinball_loss(alpha=0.5): 0.391747
2025-11-14 21:01:05.645 | INFO     | __main__:log_results:113 - Efficiency [%] | mean_poisson_deviance: 0.022601
2025-11-14 21:01:05.645 | INFO     | __main__:log_results:113 - Efficiency [%] | mean_gamma_deviance: 0.000362
2025-11-14 21:01:05.645 | INFO     | __main__:log_results:113 - Efficiency [%] | mean_tweedie_deviance(power=0.0): 1.462045
2025-11-14 21:01:05.646 | INFO     | __main__:log_results:113 - Efficiency (Pt_out - Pt_in) | explained_variance_score: 0.990134
2025-11-14 21:01:05.646 | INFO     | __main__:log_results:113 - Efficiency (Pt_out - Pt_in) | r2_score: 0.989215
2025-11-14 21:01:05.646 | INFO     | __main__:log_results:113 - Efficiency (Pt_out - Pt_in) | d2_absolute_error_score: 0.915958
2025-11-14 21:01:05.646 | INFO     | __main__:log_results:113 - Efficiency (Pt_out - Pt_in) | d2_pinball_score: 0.915958
2025-11-14 21:01:05.646 | INFO     | __main__:log_results:113 - Efficiency (Pt_out - Pt_in) | d2_tweedie_score: 0.989215
2025-11-14 21:01:05.646 | INFO     | __main__:log_results:113 - Efficiency (Pt_out - Pt_in) | mean_absolute_error: 0.950466
2025-11-14 21:01:05.646 | INFO     | __main__:log_results:113 - Efficiency (Pt_out - Pt_in) | median_absolute_error: 0.608631
2025-11-14 21:01:05.646 | INFO     | __main__:log_results:113 - Efficiency (Pt_out - Pt_in) | mean_squared_error: 2.006189
2025-11-14 21:01:05.646 | INFO     | __main__:log_results:113 - Efficiency (Pt_out - Pt_in) | rmse: 1.416400
2025-11-14 21:01:05.646 | INFO     | __main__:log_results:113 - Efficiency (Pt_out - Pt_in) | mean_squared_log_error: 0.000515
2025-11-14 21:01:05.647 | INFO     | __main__:log_results:113 - Efficiency (Pt_out - Pt_in) | rmsle: 0.022692
2025-11-14 21:01:05.647 | INFO     | __main__:log_results:113 - Efficiency (Pt_out - Pt_in) | mean_absolute_percentage_error: 0.013592
2025-11-14 21:01:05.647 | INFO     | __main__:log_results:113 - Efficiency (Pt_out - Pt_in) | max_error: 6.967240
2025-11-14 21:01:05.647 | INFO     | __main__:log_results:113 - Efficiency (Pt_out - Pt_in) | mean_pinball_loss(alpha=0.5): 0.475233
2025-11-14 21:01:05.647 | INFO     | __main__:log_results:113 - Efficiency (Pt_out - Pt_in) | mean_poisson_deviance: 0.031591
2025-11-14 21:01:05.647 | INFO     | __main__:log_results:113 - Efficiency (Pt_out - Pt_in) | mean_gamma_deviance: 0.000520
2025-11-14 21:01:05.647 | INFO     | __main__:log_results:113 - Efficiency (Pt_out - Pt_in) | mean_tweedie_deviance(power=0.0): 2.006189
