2025-11-14 18:03:30.094 | INFO     | __main__:log_results:110 - num_trainval: 20
2025-11-14 18:03:30.094 | INFO     | __main__:log_results:110 - is_random_sample: True
2025-11-14 18:03:30.095 | INFO     | __main__:log_results:110 - which_FeatureAugmentation: 3
2025-11-14 18:03:30.095 | INFO     | __main__:log_results:110 - FeatureAugmentation_Runs: 2
2025-11-14 18:03:30.095 | INFO     | __main__:log_results:110 - x_transformer_type: standardize
2025-11-14 18:03:30.096 | INFO     | __main__:log_results:110 - y_transformer_type: standardize
2025-11-14 18:03:30.096 | INFO     | __main__:log_results:110 - num_trainval_slice: 40
2025-11-14 18:03:30.096 | INFO     | __main__:log_results:110 - EPOCH: 500
2025-11-14 18:03:30.100 | INFO     | __main__:log_results:110 - exp_name: DGP05_SciGP_Far2
2025-11-14 18:03:30.100 | INFO     | __main__:log_results:110 - random_round_num: 1
2025-11-14 18:03:30.100 | INFO     | __main__:log_results:113 - Pt_in [Pa] | explained_variance_score: -0.180449
2025-11-14 18:03:30.101 | INFO     | __main__:log_results:113 - Pt_in [Pa] | r2_score: -0.249562
2025-11-14 18:03:30.101 | INFO     | __main__:log_results:113 - Pt_in [Pa] | d2_absolute_error_score: -0.231370
2025-11-14 18:03:30.101 | INFO     | __main__:log_results:113 - Pt_in [Pa] | d2_pinball_score: -0.231370
2025-11-14 18:03:30.101 | INFO     | __main__:log_results:113 - Pt_in [Pa] | d2_tweedie_score: -0.249562
2025-11-14 18:03:30.102 | INFO     | __main__:log_results:113 - Pt_in [Pa] | mean_absolute_error: 0.685324
2025-11-14 18:03:30.102 | INFO     | __main__:log_results:113 - Pt_in [Pa] | median_absolute_error: 0.548172
2025-11-14 18:03:30.102 | INFO     | __main__:log_results:113 - Pt_in [Pa] | mean_squared_error: 0.742942
2025-11-14 18:03:30.102 | INFO     | __main__:log_results:113 - Pt_in [Pa] | rmse: 0.861941
2025-11-14 18:03:30.103 | INFO     | __main__:log_results:113 - Pt_in [Pa] | mean_squared_log_error: 0.142367
2025-11-14 18:03:30.103 | INFO     | __main__:log_results:113 - Pt_in [Pa] | rmsle: 0.377315
2025-11-14 18:03:30.103 | INFO     | __main__:log_results:113 - Pt_in [Pa] | mean_absolute_percentage_error: 0.450746
2025-11-14 18:03:30.103 | INFO     | __main__:log_results:113 - Pt_in [Pa] | max_error: 2.063345
2025-11-14 18:03:30.104 | INFO     | __main__:log_results:113 - Pt_in [Pa] | mean_pinball_loss(alpha=0.5): 0.342662
2025-11-14 18:03:30.104 | INFO     | __main__:log_results:113 - Pt_in [Pa] | mean_poisson_deviance: 0.826855
2025-11-14 18:03:30.104 | INFO     | __main__:log_results:113 - Pt_in [Pa] | mean_gamma_deviance: 2.183117
2025-11-14 18:03:30.104 | INFO     | __main__:log_results:113 - Pt_in [Pa] | mean_tweedie_deviance(power=0.0): 0.742942
2025-11-14 18:03:30.105 | INFO     | __main__:log_results:113 - Pt_out [Pa] | explained_variance_score: 1.000000
2025-11-14 18:03:30.105 | INFO     | __main__:log_results:113 - Pt_out [Pa] | r2_score: 1.000000
2025-11-14 18:03:30.105 | INFO     | __main__:log_results:113 - Pt_out [Pa] | d2_absolute_error_score: 0.999644
2025-11-14 18:03:30.107 | INFO     | __main__:log_results:113 - Pt_out [Pa] | d2_pinball_score: 0.999644
2025-11-14 18:03:30.107 | INFO     | __main__:log_results:113 - Pt_out [Pa] | d2_tweedie_score: 1.000000
2025-11-14 18:03:30.108 | INFO     | __main__:log_results:113 - Pt_out [Pa] | mean_absolute_error: 9.011777
2025-11-14 18:03:30.108 | INFO     | __main__:log_results:113 - Pt_out [Pa] | median_absolute_error: 5.457359
2025-11-14 18:03:30.108 | INFO     | __main__:log_results:113 - Pt_out [Pa] | mean_squared_error: 182.336033
2025-11-14 18:03:30.108 | INFO     | __main__:log_results:113 - Pt_out [Pa] | rmse: 13.503186
2025-11-14 18:03:30.109 | INFO     | __main__:log_results:113 - Pt_out [Pa] | mean_squared_log_error: 0.000000
2025-11-14 18:03:30.109 | INFO     | __main__:log_results:113 - Pt_out [Pa] | rmsle: 0.000313
2025-11-14 18:03:30.109 | INFO     | __main__:log_results:113 - Pt_out [Pa] | mean_absolute_percentage_error: 0.000192
2025-11-14 18:03:30.109 | INFO     | __main__:log_results:113 - Pt_out [Pa] | max_error: 61.177423
2025-11-14 18:03:30.109 | INFO     | __main__:log_results:113 - Pt_out [Pa] | mean_pinball_loss(alpha=0.5): 4.505888
2025-11-14 18:03:30.109 | INFO     | __main__:log_results:113 - Pt_out [Pa] | mean_poisson_deviance: 0.003237
2025-11-14 18:03:30.110 | INFO     | __main__:log_results:113 - Pt_out [Pa] | mean_gamma_deviance: 0.000000
2025-11-14 18:03:30.110 | INFO     | __main__:log_results:113 - Pt_out [Pa] | mean_tweedie_deviance(power=0.0): 182.336033
2025-11-14 18:03:30.110 | INFO     | __main__:log_results:113 - Torque [N m] | explained_variance_score: 0.994851
2025-11-14 18:03:30.111 | INFO     | __main__:log_results:113 - Torque [N m] | r2_score: 0.994759
2025-11-14 18:03:30.111 | INFO     | __main__:log_results:113 - Torque [N m] | d2_absolute_error_score: 0.941504
2025-11-14 18:03:30.111 | INFO     | __main__:log_results:113 - Torque [N m] | d2_pinball_score: 0.941504
2025-11-14 18:03:30.111 | INFO     | __main__:log_results:113 - Torque [N m] | d2_tweedie_score: 0.994759
2025-11-14 18:03:30.112 | INFO     | __main__:log_results:113 - Torque [N m] | mean_absolute_error: 0.108013
2025-11-14 18:03:30.112 | INFO     | __main__:log_results:113 - Torque [N m] | median_absolute_error: 0.057568
2025-11-14 18:03:30.116 | INFO     | __main__:log_results:113 - Torque [N m] | mean_squared_error: 0.028793
2025-11-14 18:03:30.116 | INFO     | __main__:log_results:113 - Torque [N m] | rmse: 0.169686
2025-11-14 18:03:30.116 | INFO     | __main__:log_results:113 - Torque [N m] | mean_squared_log_error: 0.001294
2025-11-14 18:03:30.116 | INFO     | __main__:log_results:113 - Torque [N m] | rmsle: 0.035971
2025-11-14 18:03:30.116 | INFO     | __main__:log_results:113 - Torque [N m] | mean_absolute_percentage_error: 0.030057
2025-11-14 18:03:30.116 | INFO     | __main__:log_results:113 - Torque [N m] | max_error: 0.681947
2025-11-14 18:03:30.116 | INFO     | __main__:log_results:113 - Torque [N m] | mean_pinball_loss(alpha=0.5): 0.054007
2025-11-14 18:03:30.116 | INFO     | __main__:log_results:113 - Torque [N m] | mean_poisson_deviance: 0.007263
2025-11-14 18:03:30.116 | INFO     | __main__:log_results:113 - Torque [N m] | mean_gamma_deviance: 0.003099
2025-11-14 18:03:30.116 | INFO     | __main__:log_results:113 - Torque [N m] | mean_tweedie_deviance(power=0.0): 0.028793
2025-11-14 18:03:30.116 | INFO     | __main__:log_results:113 - Efficiency [%] | explained_variance_score: 0.953967
2025-11-14 18:03:30.116 | INFO     | __main__:log_results:113 - Efficiency [%] | r2_score: 0.953350
2025-11-14 18:03:30.116 | INFO     | __main__:log_results:113 - Efficiency [%] | d2_absolute_error_score: 0.856110
2025-11-14 18:03:30.116 | INFO     | __main__:log_results:113 - Efficiency [%] | d2_pinball_score: 0.856110
2025-11-14 18:03:30.116 | INFO     | __main__:log_results:113 - Efficiency [%] | d2_tweedie_score: 0.953350
2025-11-14 18:03:30.116 | INFO     | __main__:log_results:113 - Efficiency [%] | mean_absolute_error: 1.541048
2025-11-14 18:03:30.116 | INFO     | __main__:log_results:113 - Efficiency [%] | median_absolute_error: 0.768524
2025-11-14 18:03:30.117 | INFO     | __main__:log_results:113 - Efficiency [%] | mean_squared_error: 7.834610
2025-11-14 18:03:30.117 | INFO     | __main__:log_results:113 - Efficiency [%] | rmse: 2.799037
2025-11-14 18:03:30.117 | INFO     | __main__:log_results:113 - Efficiency [%] | mean_squared_log_error: 0.001862
2025-11-14 18:03:30.117 | INFO     | __main__:log_results:113 - Efficiency [%] | rmsle: 0.043145
2025-11-14 18:03:30.117 | INFO     | __main__:log_results:113 - Efficiency [%] | mean_absolute_percentage_error: 0.021613
2025-11-14 18:03:30.117 | INFO     | __main__:log_results:113 - Efficiency [%] | max_error: 14.513710
2025-11-14 18:03:30.117 | INFO     | __main__:log_results:113 - Efficiency [%] | mean_pinball_loss(alpha=0.5): 0.770524
2025-11-14 18:03:30.117 | INFO     | __main__:log_results:113 - Efficiency [%] | mean_poisson_deviance: 0.124361
2025-11-14 18:03:30.117 | INFO     | __main__:log_results:113 - Efficiency [%] | mean_gamma_deviance: 0.002009
2025-11-14 18:03:30.118 | INFO     | __main__:log_results:113 - Efficiency [%] | mean_tweedie_deviance(power=0.0): 7.834610
2025-11-14 18:03:30.118 | INFO     | __main__:log_results:113 - Efficiency (Pt_out - Pt_in) | explained_variance_score: 0.956421
2025-11-14 18:03:30.118 | INFO     | __main__:log_results:113 - Efficiency (Pt_out - Pt_in) | r2_score: 0.952823
2025-11-14 18:03:30.118 | INFO     | __main__:log_results:113 - Efficiency (Pt_out - Pt_in) | d2_absolute_error_score: 0.828885
2025-11-14 18:03:30.118 | INFO     | __main__:log_results:113 - Efficiency (Pt_out - Pt_in) | d2_pinball_score: 0.828885
2025-11-14 18:03:30.118 | INFO     | __main__:log_results:113 - Efficiency (Pt_out - Pt_in) | d2_tweedie_score: 0.952823
2025-11-14 18:03:30.118 | INFO     | __main__:log_results:113 - Efficiency (Pt_out - Pt_in) | mean_absolute_error: 2.172719
2025-11-14 18:03:30.118 | INFO     | __main__:log_results:113 - Efficiency (Pt_out - Pt_in) | median_absolute_error: 1.319548
2025-11-14 18:03:30.118 | INFO     | __main__:log_results:113 - Efficiency (Pt_out - Pt_in) | mean_squared_error: 11.131224
2025-11-14 18:03:30.118 | INFO     | __main__:log_results:113 - Efficiency (Pt_out - Pt_in) | rmse: 3.336349
2025-11-14 18:03:30.118 | INFO     | __main__:log_results:113 - Efficiency (Pt_out - Pt_in) | mean_squared_log_error: 0.002860
2025-11-14 18:03:30.119 | INFO     | __main__:log_results:113 - Efficiency (Pt_out - Pt_in) | rmsle: 0.053475
2025-11-14 18:03:30.119 | INFO     | __main__:log_results:113 - Efficiency (Pt_out - Pt_in) | mean_absolute_percentage_error: 0.032685
2025-11-14 18:03:30.119 | INFO     | __main__:log_results:113 - Efficiency (Pt_out - Pt_in) | max_error: 13.834478
2025-11-14 18:03:30.119 | INFO     | __main__:log_results:113 - Efficiency (Pt_out - Pt_in) | mean_pinball_loss(alpha=0.5): 1.086360
2025-11-14 18:03:30.119 | INFO     | __main__:log_results:113 - Efficiency (Pt_out - Pt_in) | mean_poisson_deviance: 0.172466
2025-11-14 18:03:30.119 | INFO     | __main__:log_results:113 - Efficiency (Pt_out - Pt_in) | mean_gamma_deviance: 0.002812
2025-11-14 18:03:30.119 | INFO     | __main__:log_results:113 - Efficiency (Pt_out - Pt_in) | mean_tweedie_deviance(power=0.0): 11.131224
