2025-11-14 18:08:38.800 | INFO     | __main__:log_results:110 - num_trainval: 70
2025-11-14 18:08:38.800 | INFO     | __main__:log_results:110 - is_random_sample: True
2025-11-14 18:08:38.801 | INFO     | __main__:log_results:110 - which_FeatureAugmentation: 3
2025-11-14 18:08:38.801 | INFO     | __main__:log_results:110 - FeatureAugmentation_Runs: 2
2025-11-14 18:08:38.801 | INFO     | __main__:log_results:110 - x_transformer_type: standardize
2025-11-14 18:08:38.801 | INFO     | __main__:log_results:110 - y_transformer_type: standardize
2025-11-14 18:08:38.801 | INFO     | __main__:log_results:110 - num_trainval_slice: 40
2025-11-14 18:08:38.801 | INFO     | __main__:log_results:110 - EPOCH: 500
2025-11-14 18:08:38.802 | INFO     | __main__:log_results:110 - exp_name: DGP05_SciGP_Far2
2025-11-14 18:08:38.802 | INFO     | __main__:log_results:110 - random_round_num: 4
2025-11-14 18:08:38.802 | INFO     | __main__:log_results:113 - Pt_in [Pa] | explained_variance_score: 0.380999
2025-11-14 18:08:38.803 | INFO     | __main__:log_results:113 - Pt_in [Pa] | r2_score: 0.380528
2025-11-14 18:08:38.803 | INFO     | __main__:log_results:113 - Pt_in [Pa] | d2_absolute_error_score: 0.245702
2025-11-14 18:08:38.803 | INFO     | __main__:log_results:113 - Pt_in [Pa] | d2_pinball_score: 0.245702
2025-11-14 18:08:38.803 | INFO     | __main__:log_results:113 - Pt_in [Pa] | d2_tweedie_score: 0.380528
2025-11-14 18:08:38.804 | INFO     | __main__:log_results:113 - Pt_in [Pa] | mean_absolute_error: 0.572946
2025-11-14 18:08:38.808 | INFO     | __main__:log_results:113 - Pt_in [Pa] | median_absolute_error: 0.473895
2025-11-14 18:08:38.808 | INFO     | __main__:log_results:113 - Pt_in [Pa] | mean_squared_error: 0.570453
2025-11-14 18:08:38.808 | INFO     | __main__:log_results:113 - Pt_in [Pa] | rmse: 0.755283
2025-11-14 18:08:38.808 | INFO     | __main__:log_results:113 - Pt_in [Pa] | mean_squared_log_error: 0.142944
2025-11-14 18:08:38.808 | INFO     | __main__:log_results:113 - Pt_in [Pa] | rmsle: 0.378080
2025-11-14 18:08:38.808 | INFO     | __main__:log_results:113 - Pt_in [Pa] | mean_absolute_percentage_error: 1.636556
2025-11-14 18:08:38.808 | INFO     | __main__:log_results:113 - Pt_in [Pa] | max_error: 2.631959
2025-11-14 18:08:38.808 | INFO     | __main__:log_results:113 - Pt_in [Pa] | mean_pinball_loss(alpha=0.5): 0.286473
2025-11-14 18:08:38.808 | INFO     | __main__:log_results:113 - Pt_in [Pa] | mean_poisson_deviance: nan
2025-11-14 18:08:38.808 | INFO     | __main__:log_results:113 - Pt_in [Pa] | mean_gamma_deviance: nan
2025-11-14 18:08:38.808 | INFO     | __main__:log_results:113 - Pt_in [Pa] | mean_tweedie_deviance(power=0.0): 0.570453
2025-11-14 18:08:38.808 | INFO     | __main__:log_results:113 - Pt_out [Pa] | explained_variance_score: 1.000000
2025-11-14 18:08:38.808 | INFO     | __main__:log_results:113 - Pt_out [Pa] | r2_score: 1.000000
2025-11-14 18:08:38.808 | INFO     | __main__:log_results:113 - Pt_out [Pa] | d2_absolute_error_score: 0.999972
2025-11-14 18:08:38.808 | INFO     | __main__:log_results:113 - Pt_out [Pa] | d2_pinball_score: 0.999972
2025-11-14 18:08:38.809 | INFO     | __main__:log_results:113 - Pt_out [Pa] | d2_tweedie_score: 1.000000
2025-11-14 18:08:38.809 | INFO     | __main__:log_results:113 - Pt_out [Pa] | mean_absolute_error: 0.713809
2025-11-14 18:08:38.809 | INFO     | __main__:log_results:113 - Pt_out [Pa] | median_absolute_error: 0.493546
2025-11-14 18:08:38.809 | INFO     | __main__:log_results:113 - Pt_out [Pa] | mean_squared_error: 0.961665
2025-11-14 18:08:38.809 | INFO     | __main__:log_results:113 - Pt_out [Pa] | rmse: 0.980645
2025-11-14 18:08:38.809 | INFO     | __main__:log_results:113 - Pt_out [Pa] | mean_squared_log_error: 0.000000
2025-11-14 18:08:38.809 | INFO     | __main__:log_results:113 - Pt_out [Pa] | rmsle: 0.000026
2025-11-14 18:08:38.809 | INFO     | __main__:log_results:113 - Pt_out [Pa] | mean_absolute_percentage_error: 0.000016
2025-11-14 18:08:38.809 | INFO     | __main__:log_results:113 - Pt_out [Pa] | max_error: 3.085971
2025-11-14 18:08:38.811 | INFO     | __main__:log_results:113 - Pt_out [Pa] | mean_pinball_loss(alpha=0.5): 0.356905
2025-11-14 18:08:38.811 | INFO     | __main__:log_results:113 - Pt_out [Pa] | mean_poisson_deviance: 0.000020
2025-11-14 18:08:38.811 | INFO     | __main__:log_results:113 - Pt_out [Pa] | mean_gamma_deviance: 0.000000
2025-11-14 18:08:38.811 | INFO     | __main__:log_results:113 - Pt_out [Pa] | mean_tweedie_deviance(power=0.0): 0.961665
2025-11-14 18:08:38.811 | INFO     | __main__:log_results:113 - Torque [N m] | explained_variance_score: 0.998105
2025-11-14 18:08:38.811 | INFO     | __main__:log_results:113 - Torque [N m] | r2_score: 0.998021
2025-11-14 18:08:38.811 | INFO     | __main__:log_results:113 - Torque [N m] | d2_absolute_error_score: 0.964121
2025-11-14 18:08:38.811 | INFO     | __main__:log_results:113 - Torque [N m] | d2_pinball_score: 0.964121
2025-11-14 18:08:38.811 | INFO     | __main__:log_results:113 - Torque [N m] | d2_tweedie_score: 0.998021
2025-11-14 18:08:38.811 | INFO     | __main__:log_results:113 - Torque [N m] | mean_absolute_error: 0.068259
2025-11-14 18:08:38.811 | INFO     | __main__:log_results:113 - Torque [N m] | median_absolute_error: 0.039192
2025-11-14 18:08:38.812 | INFO     | __main__:log_results:113 - Torque [N m] | mean_squared_error: 0.011654
2025-11-14 18:08:38.812 | INFO     | __main__:log_results:113 - Torque [N m] | rmse: 0.107952
2025-11-14 18:08:38.812 | INFO     | __main__:log_results:113 - Torque [N m] | mean_squared_log_error: 0.000876
2025-11-14 18:08:38.812 | INFO     | __main__:log_results:113 - Torque [N m] | rmsle: 0.029596
2025-11-14 18:08:38.812 | INFO     | __main__:log_results:113 - Torque [N m] | mean_absolute_percentage_error: 0.025005
2025-11-14 18:08:38.812 | INFO     | __main__:log_results:113 - Torque [N m] | max_error: 0.406720
2025-11-14 18:08:38.812 | INFO     | __main__:log_results:113 - Torque [N m] | mean_pinball_loss(alpha=0.5): 0.034129
2025-11-14 18:08:38.812 | INFO     | __main__:log_results:113 - Torque [N m] | mean_poisson_deviance: 0.004278
2025-11-14 18:08:38.813 | INFO     | __main__:log_results:113 - Torque [N m] | mean_gamma_deviance: 0.001933
2025-11-14 18:08:38.813 | INFO     | __main__:log_results:113 - Torque [N m] | mean_tweedie_deviance(power=0.0): 0.011654
2025-11-14 18:08:38.813 | INFO     | __main__:log_results:113 - Efficiency [%] | explained_variance_score: 0.969318
2025-11-14 18:08:38.813 | INFO     | __main__:log_results:113 - Efficiency [%] | r2_score: 0.968622
2025-11-14 18:08:38.814 | INFO     | __main__:log_results:113 - Efficiency [%] | d2_absolute_error_score: 0.871006
2025-11-14 18:08:38.814 | INFO     | __main__:log_results:113 - Efficiency [%] | d2_pinball_score: 0.871006
2025-11-14 18:08:38.814 | INFO     | __main__:log_results:113 - Efficiency [%] | d2_tweedie_score: 0.968622
2025-11-14 18:08:38.814 | INFO     | __main__:log_results:113 - Efficiency [%] | mean_absolute_error: 1.413289
2025-11-14 18:08:38.814 | INFO     | __main__:log_results:113 - Efficiency [%] | median_absolute_error: 0.685071
2025-11-14 18:08:38.814 | INFO     | __main__:log_results:113 - Efficiency [%] | mean_squared_error: 5.165702
2025-11-14 18:08:38.815 | INFO     | __main__:log_results:113 - Efficiency [%] | rmse: 2.272818
2025-11-14 18:08:38.815 | INFO     | __main__:log_results:113 - Efficiency [%] | mean_squared_log_error: 0.001222
2025-11-14 18:08:38.815 | INFO     | __main__:log_results:113 - Efficiency [%] | rmsle: 0.034951
2025-11-14 18:08:38.815 | INFO     | __main__:log_results:113 - Efficiency [%] | mean_absolute_percentage_error: 0.019965
2025-11-14 18:08:38.815 | INFO     | __main__:log_results:113 - Efficiency [%] | max_error: 9.143075
2025-11-14 18:08:38.815 | INFO     | __main__:log_results:113 - Efficiency [%] | mean_pinball_loss(alpha=0.5): 0.706644
2025-11-14 18:08:38.816 | INFO     | __main__:log_results:113 - Efficiency [%] | mean_poisson_deviance: 0.080909
2025-11-14 18:08:38.816 | INFO     | __main__:log_results:113 - Efficiency [%] | mean_gamma_deviance: 0.001297
2025-11-14 18:08:38.816 | INFO     | __main__:log_results:113 - Efficiency [%] | mean_tweedie_deviance(power=0.0): 5.165702
2025-11-14 18:08:38.820 | INFO     | __main__:log_results:113 - Efficiency (Pt_out - Pt_in) | explained_variance_score: 0.950766
2025-11-14 18:08:38.820 | INFO     | __main__:log_results:113 - Efficiency (Pt_out - Pt_in) | r2_score: 0.949634
2025-11-14 18:08:38.820 | INFO     | __main__:log_results:113 - Efficiency (Pt_out - Pt_in) | d2_absolute_error_score: 0.844442
2025-11-14 18:08:38.820 | INFO     | __main__:log_results:113 - Efficiency (Pt_out - Pt_in) | d2_pinball_score: 0.844442
2025-11-14 18:08:38.820 | INFO     | __main__:log_results:113 - Efficiency (Pt_out - Pt_in) | d2_tweedie_score: 0.949634
2025-11-14 18:08:38.820 | INFO     | __main__:log_results:113 - Efficiency (Pt_out - Pt_in) | mean_absolute_error: 1.739119
2025-11-14 18:08:38.820 | INFO     | __main__:log_results:113 - Efficiency (Pt_out - Pt_in) | median_absolute_error: 0.755718
2025-11-14 18:08:38.820 | INFO     | __main__:log_results:113 - Efficiency (Pt_out - Pt_in) | mean_squared_error: 8.897173
2025-11-14 18:08:38.820 | INFO     | __main__:log_results:113 - Efficiency (Pt_out - Pt_in) | rmse: 2.982813
2025-11-14 18:08:38.820 | INFO     | __main__:log_results:113 - Efficiency (Pt_out - Pt_in) | mean_squared_log_error: 0.001909
2025-11-14 18:08:38.820 | INFO     | __main__:log_results:113 - Efficiency (Pt_out - Pt_in) | rmsle: 0.043689
2025-11-14 18:08:38.820 | INFO     | __main__:log_results:113 - Efficiency (Pt_out - Pt_in) | mean_absolute_percentage_error: 0.024179
2025-11-14 18:08:38.821 | INFO     | __main__:log_results:113 - Efficiency (Pt_out - Pt_in) | max_error: 12.003316
2025-11-14 18:08:38.821 | INFO     | __main__:log_results:113 - Efficiency (Pt_out - Pt_in) | mean_pinball_loss(alpha=0.5): 0.869560
2025-11-14 18:08:38.821 | INFO     | __main__:log_results:113 - Efficiency (Pt_out - Pt_in) | mean_poisson_deviance: 0.131628
2025-11-14 18:08:38.821 | INFO     | __main__:log_results:113 - Efficiency (Pt_out - Pt_in) | mean_gamma_deviance: 0.002011
2025-11-14 18:08:38.821 | INFO     | __main__:log_results:113 - Efficiency (Pt_out - Pt_in) | mean_tweedie_deviance(power=0.0): 8.897173
