2025-11-14 21:02:25.601 | INFO     | __main__:log_results:110 - num_trainval: 120
2025-11-14 21:02:25.601 | INFO     | __main__:log_results:110 - is_random_sample: True
2025-11-14 21:02:25.601 | INFO     | __main__:log_results:110 - which_FeatureAugmentation: 3
2025-11-14 21:02:25.601 | INFO     | __main__:log_results:110 - FeatureAugmentation_Runs: 2
2025-11-14 21:02:25.601 | INFO     | __main__:log_results:110 - x_transformer_type: standardize
2025-11-14 21:02:25.601 | INFO     | __main__:log_results:110 - y_transformer_type: standardize
2025-11-14 21:02:25.602 | INFO     | __main__:log_results:110 - num_trainval_slice: 40
2025-11-14 21:02:25.602 | INFO     | __main__:log_results:110 - EPOCH: 500
2025-11-14 21:02:25.602 | INFO     | __main__:log_results:110 - exp_name: DGP05_SciGP_Far2_v2
2025-11-14 21:02:25.602 | INFO     | __main__:log_results:110 - random_round_num: 4
2025-11-14 21:02:25.602 | INFO     | __main__:log_results:113 - Pt_in [Pa] | explained_variance_score: 0.622477
2025-11-14 21:02:25.602 | INFO     | __main__:log_results:113 - Pt_in [Pa] | r2_score: 0.622441
2025-11-14 21:02:25.602 | INFO     | __main__:log_results:113 - Pt_in [Pa] | d2_absolute_error_score: 0.315393
2025-11-14 21:02:25.602 | INFO     | __main__:log_results:113 - Pt_in [Pa] | d2_pinball_score: 0.315393
2025-11-14 21:02:25.602 | INFO     | __main__:log_results:113 - Pt_in [Pa] | d2_tweedie_score: 0.622441
2025-11-14 21:02:25.602 | INFO     | __main__:log_results:113 - Pt_in [Pa] | mean_absolute_error: 0.524032
2025-11-14 21:02:25.602 | INFO     | __main__:log_results:113 - Pt_in [Pa] | median_absolute_error: 0.416853
2025-11-14 21:02:25.602 | INFO     | __main__:log_results:113 - Pt_in [Pa] | mean_squared_error: 0.448972
2025-11-14 21:02:25.602 | INFO     | __main__:log_results:113 - Pt_in [Pa] | rmse: 0.670054
2025-11-14 21:02:25.602 | INFO     | __main__:log_results:113 - Pt_in [Pa] | mean_squared_log_error: 0.091832
2025-11-14 21:02:25.602 | INFO     | __main__:log_results:113 - Pt_in [Pa] | rmsle: 0.303037
2025-11-14 21:02:25.602 | INFO     | __main__:log_results:113 - Pt_in [Pa] | mean_absolute_percentage_error: 0.536874
2025-11-14 21:02:25.602 | INFO     | __main__:log_results:113 - Pt_in [Pa] | max_error: 2.021969
2025-11-14 21:02:25.602 | INFO     | __main__:log_results:113 - Pt_in [Pa] | mean_pinball_loss(alpha=0.5): 0.262016
2025-11-14 21:02:25.602 | INFO     | __main__:log_results:113 - Pt_in [Pa] | mean_poisson_deviance: 0.450990
2025-11-14 21:02:25.602 | INFO     | __main__:log_results:113 - Pt_in [Pa] | mean_gamma_deviance: 0.953327
2025-11-14 21:02:25.603 | INFO     | __main__:log_results:113 - Pt_in [Pa] | mean_tweedie_deviance(power=0.0): 0.448972
2025-11-14 21:02:25.603 | INFO     | __main__:log_results:113 - Pt_out [Pa] | explained_variance_score: 1.000000
2025-11-14 21:02:25.603 | INFO     | __main__:log_results:113 - Pt_out [Pa] | r2_score: 1.000000
2025-11-14 21:02:25.603 | INFO     | __main__:log_results:113 - Pt_out [Pa] | d2_absolute_error_score: 0.999980
2025-11-14 21:02:25.603 | INFO     | __main__:log_results:113 - Pt_out [Pa] | d2_pinball_score: 0.999980
2025-11-14 21:02:25.603 | INFO     | __main__:log_results:113 - Pt_out [Pa] | d2_tweedie_score: 1.000000
2025-11-14 21:02:25.603 | INFO     | __main__:log_results:113 - Pt_out [Pa] | mean_absolute_error: 0.511601
2025-11-14 21:02:25.603 | INFO     | __main__:log_results:113 - Pt_out [Pa] | median_absolute_error: 0.436844
2025-11-14 21:02:25.603 | INFO     | __main__:log_results:113 - Pt_out [Pa] | mean_squared_error: 0.420473
2025-11-14 21:02:25.603 | INFO     | __main__:log_results:113 - Pt_out [Pa] | rmse: 0.648439
2025-11-14 21:02:25.603 | INFO     | __main__:log_results:113 - Pt_out [Pa] | mean_squared_log_error: 0.000000
2025-11-14 21:02:25.603 | INFO     | __main__:log_results:113 - Pt_out [Pa] | rmsle: 0.000016
2025-11-14 21:02:25.603 | INFO     | __main__:log_results:113 - Pt_out [Pa] | mean_absolute_percentage_error: 0.000012
2025-11-14 21:02:25.603 | INFO     | __main__:log_results:113 - Pt_out [Pa] | max_error: 2.138014
2025-11-14 21:02:25.603 | INFO     | __main__:log_results:113 - Pt_out [Pa] | mean_pinball_loss(alpha=0.5): 0.255801
2025-11-14 21:02:25.603 | INFO     | __main__:log_results:113 - Pt_out [Pa] | mean_poisson_deviance: 0.000009
2025-11-14 21:02:25.603 | INFO     | __main__:log_results:113 - Pt_out [Pa] | mean_gamma_deviance: 0.000000
2025-11-14 21:02:25.603 | INFO     | __main__:log_results:113 - Pt_out [Pa] | mean_tweedie_deviance(power=0.0): 0.420473
2025-11-14 21:02:25.603 | INFO     | __main__:log_results:113 - Torque [N m] | explained_variance_score: 0.999778
2025-11-14 21:02:25.603 | INFO     | __main__:log_results:113 - Torque [N m] | r2_score: 0.999777
2025-11-14 21:02:25.604 | INFO     | __main__:log_results:113 - Torque [N m] | d2_absolute_error_score: 0.985151
2025-11-14 21:02:25.604 | INFO     | __main__:log_results:113 - Torque [N m] | d2_pinball_score: 0.985151
2025-11-14 21:02:25.604 | INFO     | __main__:log_results:113 - Torque [N m] | d2_tweedie_score: 0.999777
2025-11-14 21:02:25.604 | INFO     | __main__:log_results:113 - Torque [N m] | mean_absolute_error: 0.027963
2025-11-14 21:02:25.604 | INFO     | __main__:log_results:113 - Torque [N m] | median_absolute_error: 0.020495
2025-11-14 21:02:25.604 | INFO     | __main__:log_results:113 - Torque [N m] | mean_squared_error: 0.001310
2025-11-14 21:02:25.604 | INFO     | __main__:log_results:113 - Torque [N m] | rmse: 0.036194
2025-11-14 21:02:25.604 | INFO     | __main__:log_results:113 - Torque [N m] | mean_squared_log_error: 0.000073
2025-11-14 21:02:25.604 | INFO     | __main__:log_results:113 - Torque [N m] | rmsle: 0.008565
2025-11-14 21:02:25.604 | INFO     | __main__:log_results:113 - Torque [N m] | mean_absolute_percentage_error: 0.008196
2025-11-14 21:02:25.604 | INFO     | __main__:log_results:113 - Torque [N m] | max_error: 0.112941
2025-11-14 21:02:25.604 | INFO     | __main__:log_results:113 - Torque [N m] | mean_pinball_loss(alpha=0.5): 0.013981
2025-11-14 21:02:25.604 | INFO     | __main__:log_results:113 - Torque [N m] | mean_poisson_deviance: 0.000391
2025-11-14 21:02:25.604 | INFO     | __main__:log_results:113 - Torque [N m] | mean_gamma_deviance: 0.000165
2025-11-14 21:02:25.604 | INFO     | __main__:log_results:113 - Torque [N m] | mean_tweedie_deviance(power=0.0): 0.001310
2025-11-14 21:02:25.604 | INFO     | __main__:log_results:113 - Efficiency [%] | explained_variance_score: 0.986777
2025-11-14 21:02:25.604 | INFO     | __main__:log_results:113 - Efficiency [%] | r2_score: 0.986632
2025-11-14 21:02:25.604 | INFO     | __main__:log_results:113 - Efficiency [%] | d2_absolute_error_score: 0.917287
2025-11-14 21:02:25.604 | INFO     | __main__:log_results:113 - Efficiency [%] | d2_pinball_score: 0.917287
2025-11-14 21:02:25.604 | INFO     | __main__:log_results:113 - Efficiency [%] | d2_tweedie_score: 0.986632
2025-11-14 21:02:25.604 | INFO     | __main__:log_results:113 - Efficiency [%] | mean_absolute_error: 0.933096
2025-11-14 21:02:25.605 | INFO     | __main__:log_results:113 - Efficiency [%] | median_absolute_error: 0.555487
2025-11-14 21:02:25.605 | INFO     | __main__:log_results:113 - Efficiency [%] | mean_squared_error: 2.528582
2025-11-14 21:02:25.605 | INFO     | __main__:log_results:113 - Efficiency [%] | rmse: 1.590152
2025-11-14 21:02:25.605 | INFO     | __main__:log_results:113 - Efficiency [%] | mean_squared_log_error: 0.000590
2025-11-14 21:02:25.605 | INFO     | __main__:log_results:113 - Efficiency [%] | rmsle: 0.024289
2025-11-14 21:02:25.605 | INFO     | __main__:log_results:113 - Efficiency [%] | mean_absolute_percentage_error: 0.013359
2025-11-14 21:02:25.605 | INFO     | __main__:log_results:113 - Efficiency [%] | max_error: 7.868352
2025-11-14 21:02:25.605 | INFO     | __main__:log_results:113 - Efficiency [%] | mean_pinball_loss(alpha=0.5): 0.466548
2025-11-14 21:02:25.605 | INFO     | __main__:log_results:113 - Efficiency [%] | mean_poisson_deviance: 0.038722
2025-11-14 21:02:25.605 | INFO     | __main__:log_results:113 - Efficiency [%] | mean_gamma_deviance: 0.000612
2025-11-14 21:02:25.605 | INFO     | __main__:log_results:113 - Efficiency [%] | mean_tweedie_deviance(power=0.0): 2.528582
2025-11-14 21:02:25.605 | INFO     | __main__:log_results:113 - Efficiency (Pt_out - Pt_in) | explained_variance_score: 0.996492
2025-11-14 21:02:25.605 | INFO     | __main__:log_results:113 - Efficiency (Pt_out - Pt_in) | r2_score: 0.996472
2025-11-14 21:02:25.605 | INFO     | __main__:log_results:113 - Efficiency (Pt_out - Pt_in) | d2_absolute_error_score: 0.947597
2025-11-14 21:02:25.605 | INFO     | __main__:log_results:113 - Efficiency (Pt_out - Pt_in) | d2_pinball_score: 0.947597
2025-11-14 21:02:25.605 | INFO     | __main__:log_results:113 - Efficiency (Pt_out - Pt_in) | d2_tweedie_score: 0.996472
2025-11-14 21:02:25.605 | INFO     | __main__:log_results:113 - Efficiency (Pt_out - Pt_in) | mean_absolute_error: 0.599342
2025-11-14 21:02:25.605 | INFO     | __main__:log_results:113 - Efficiency (Pt_out - Pt_in) | median_absolute_error: 0.505083
2025-11-14 21:02:25.605 | INFO     | __main__:log_results:113 - Efficiency (Pt_out - Pt_in) | mean_squared_error: 0.673534
2025-11-14 21:02:25.605 | INFO     | __main__:log_results:113 - Efficiency (Pt_out - Pt_in) | rmse: 0.820691
2025-11-14 21:02:25.605 | INFO     | __main__:log_results:113 - Efficiency (Pt_out - Pt_in) | mean_squared_log_error: 0.000158
2025-11-14 21:02:25.606 | INFO     | __main__:log_results:113 - Efficiency (Pt_out - Pt_in) | rmsle: 0.012585
2025-11-14 21:02:25.606 | INFO     | __main__:log_results:113 - Efficiency (Pt_out - Pt_in) | mean_absolute_percentage_error: 0.008253
2025-11-14 21:02:25.606 | INFO     | __main__:log_results:113 - Efficiency (Pt_out - Pt_in) | max_error: 3.383551
2025-11-14 21:02:25.606 | INFO     | __main__:log_results:113 - Efficiency (Pt_out - Pt_in) | mean_pinball_loss(alpha=0.5): 0.299671
2025-11-14 21:02:25.606 | INFO     | __main__:log_results:113 - Efficiency (Pt_out - Pt_in) | mean_poisson_deviance: 0.010242
2025-11-14 21:02:25.606 | INFO     | __main__:log_results:113 - Efficiency (Pt_out - Pt_in) | mean_gamma_deviance: 0.000162
2025-11-14 21:02:25.606 | INFO     | __main__:log_results:113 - Efficiency (Pt_out - Pt_in) | mean_tweedie_deviance(power=0.0): 0.673534
