2025-11-14 18:21:29.482 | INFO     | __main__:log_results:110 - num_trainval: 200
2025-11-14 18:21:29.482 | INFO     | __main__:log_results:110 - is_random_sample: True
2025-11-14 18:21:29.482 | INFO     | __main__:log_results:110 - which_FeatureAugmentation: 3
2025-11-14 18:21:29.482 | INFO     | __main__:log_results:110 - FeatureAugmentation_Runs: 2
2025-11-14 18:21:29.482 | INFO     | __main__:log_results:110 - x_transformer_type: standardize
2025-11-14 18:21:29.482 | INFO     | __main__:log_results:110 - y_transformer_type: standardize
2025-11-14 18:21:29.482 | INFO     | __main__:log_results:110 - num_trainval_slice: 40
2025-11-14 18:21:29.482 | INFO     | __main__:log_results:110 - EPOCH: 500
2025-11-14 18:21:29.482 | INFO     | __main__:log_results:110 - exp_name: DGP05_SciGP_Far2
2025-11-14 18:21:29.482 | INFO     | __main__:log_results:110 - random_round_num: 2
2025-11-14 18:21:29.482 | INFO     | __main__:log_results:113 - Pt_in [Pa] | explained_variance_score: 0.316980
2025-11-14 18:21:29.483 | INFO     | __main__:log_results:113 - Pt_in [Pa] | r2_score: 0.315891
2025-11-14 18:21:29.483 | INFO     | __main__:log_results:113 - Pt_in [Pa] | d2_absolute_error_score: 0.193264
2025-11-14 18:21:29.483 | INFO     | __main__:log_results:113 - Pt_in [Pa] | d2_pinball_score: 0.193264
2025-11-14 18:21:29.483 | INFO     | __main__:log_results:113 - Pt_in [Pa] | d2_tweedie_score: 0.315891
2025-11-14 18:21:29.483 | INFO     | __main__:log_results:113 - Pt_in [Pa] | mean_absolute_error: 0.556673
2025-11-14 18:21:29.483 | INFO     | __main__:log_results:113 - Pt_in [Pa] | median_absolute_error: 0.436843
2025-11-14 18:21:29.483 | INFO     | __main__:log_results:113 - Pt_in [Pa] | mean_squared_error: 0.549377
2025-11-14 18:21:29.483 | INFO     | __main__:log_results:113 - Pt_in [Pa] | rmse: 0.741200
2025-11-14 18:21:29.483 | INFO     | __main__:log_results:113 - Pt_in [Pa] | mean_squared_log_error: 0.100305
2025-11-14 18:21:29.483 | INFO     | __main__:log_results:113 - Pt_in [Pa] | rmsle: 0.316710
2025-11-14 18:21:29.483 | INFO     | __main__:log_results:113 - Pt_in [Pa] | mean_absolute_percentage_error: 1.097358
2025-11-14 18:21:29.483 | INFO     | __main__:log_results:113 - Pt_in [Pa] | max_error: 2.168209
2025-11-14 18:21:29.483 | INFO     | __main__:log_results:113 - Pt_in [Pa] | mean_pinball_loss(alpha=0.5): 0.278336
2025-11-14 18:21:29.483 | INFO     | __main__:log_results:113 - Pt_in [Pa] | mean_poisson_deviance: nan
2025-11-14 18:21:29.483 | INFO     | __main__:log_results:113 - Pt_in [Pa] | mean_gamma_deviance: nan
2025-11-14 18:21:29.483 | INFO     | __main__:log_results:113 - Pt_in [Pa] | mean_tweedie_deviance(power=0.0): 0.549377
2025-11-14 18:21:29.483 | INFO     | __main__:log_results:113 - Pt_out [Pa] | explained_variance_score: 1.000000
2025-11-14 18:21:29.483 | INFO     | __main__:log_results:113 - Pt_out [Pa] | r2_score: 1.000000
2025-11-14 18:21:29.484 | INFO     | __main__:log_results:113 - Pt_out [Pa] | d2_absolute_error_score: 0.999980
2025-11-14 18:21:29.484 | INFO     | __main__:log_results:113 - Pt_out [Pa] | d2_pinball_score: 0.999980
2025-11-14 18:21:29.484 | INFO     | __main__:log_results:113 - Pt_out [Pa] | d2_tweedie_score: 1.000000
2025-11-14 18:21:29.484 | INFO     | __main__:log_results:113 - Pt_out [Pa] | mean_absolute_error: 0.498662
2025-11-14 18:21:29.484 | INFO     | __main__:log_results:113 - Pt_out [Pa] | median_absolute_error: 0.472500
2025-11-14 18:21:29.484 | INFO     | __main__:log_results:113 - Pt_out [Pa] | mean_squared_error: 0.410256
2025-11-14 18:21:29.484 | INFO     | __main__:log_results:113 - Pt_out [Pa] | rmse: 0.640513
2025-11-14 18:21:29.484 | INFO     | __main__:log_results:113 - Pt_out [Pa] | mean_squared_log_error: 0.000000
2025-11-14 18:21:29.484 | INFO     | __main__:log_results:113 - Pt_out [Pa] | rmsle: 0.000016
2025-11-14 18:21:29.484 | INFO     | __main__:log_results:113 - Pt_out [Pa] | mean_absolute_percentage_error: 0.000011
2025-11-14 18:21:29.484 | INFO     | __main__:log_results:113 - Pt_out [Pa] | max_error: 2.152947
2025-11-14 18:21:29.484 | INFO     | __main__:log_results:113 - Pt_out [Pa] | mean_pinball_loss(alpha=0.5): 0.249331
2025-11-14 18:21:29.484 | INFO     | __main__:log_results:113 - Pt_out [Pa] | mean_poisson_deviance: 0.000008
2025-11-14 18:21:29.484 | INFO     | __main__:log_results:113 - Pt_out [Pa] | mean_gamma_deviance: 0.000000
2025-11-14 18:21:29.484 | INFO     | __main__:log_results:113 - Pt_out [Pa] | mean_tweedie_deviance(power=0.0): 0.410256
2025-11-14 18:21:29.484 | INFO     | __main__:log_results:113 - Torque [N m] | explained_variance_score: 0.999739
2025-11-14 18:21:29.484 | INFO     | __main__:log_results:113 - Torque [N m] | r2_score: 0.999738
2025-11-14 18:21:29.485 | INFO     | __main__:log_results:113 - Torque [N m] | d2_absolute_error_score: 0.985137
2025-11-14 18:21:29.485 | INFO     | __main__:log_results:113 - Torque [N m] | d2_pinball_score: 0.985137
2025-11-14 18:21:29.485 | INFO     | __main__:log_results:113 - Torque [N m] | d2_tweedie_score: 0.999738
2025-11-14 18:21:29.485 | INFO     | __main__:log_results:113 - Torque [N m] | mean_absolute_error: 0.028006
2025-11-14 18:21:29.485 | INFO     | __main__:log_results:113 - Torque [N m] | median_absolute_error: 0.019241
2025-11-14 18:21:29.485 | INFO     | __main__:log_results:113 - Torque [N m] | mean_squared_error: 0.001545
2025-11-14 18:21:29.485 | INFO     | __main__:log_results:113 - Torque [N m] | rmse: 0.039306
2025-11-14 18:21:29.485 | INFO     | __main__:log_results:113 - Torque [N m] | mean_squared_log_error: 0.000075
2025-11-14 18:21:29.485 | INFO     | __main__:log_results:113 - Torque [N m] | rmsle: 0.008634
2025-11-14 18:21:29.485 | INFO     | __main__:log_results:113 - Torque [N m] | mean_absolute_percentage_error: 0.007752
2025-11-14 18:21:29.485 | INFO     | __main__:log_results:113 - Torque [N m] | max_error: 0.118044
2025-11-14 18:21:29.485 | INFO     | __main__:log_results:113 - Torque [N m] | mean_pinball_loss(alpha=0.5): 0.014003
2025-11-14 18:21:29.485 | INFO     | __main__:log_results:113 - Torque [N m] | mean_poisson_deviance: 0.000407
2025-11-14 18:21:29.485 | INFO     | __main__:log_results:113 - Torque [N m] | mean_gamma_deviance: 0.000163
2025-11-14 18:21:29.485 | INFO     | __main__:log_results:113 - Torque [N m] | mean_tweedie_deviance(power=0.0): 0.001545
2025-11-14 18:21:29.485 | INFO     | __main__:log_results:113 - Efficiency [%] | explained_variance_score: 0.995796
2025-11-14 18:21:29.485 | INFO     | __main__:log_results:113 - Efficiency [%] | r2_score: 0.995746
2025-11-14 18:21:29.485 | INFO     | __main__:log_results:113 - Efficiency [%] | d2_absolute_error_score: 0.948571
2025-11-14 18:21:29.486 | INFO     | __main__:log_results:113 - Efficiency [%] | d2_pinball_score: 0.948571
2025-11-14 18:21:29.486 | INFO     | __main__:log_results:113 - Efficiency [%] | d2_tweedie_score: 0.995746
2025-11-14 18:21:29.486 | INFO     | __main__:log_results:113 - Efficiency [%] | mean_absolute_error: 0.578964
2025-11-14 18:21:29.486 | INFO     | __main__:log_results:113 - Efficiency [%] | median_absolute_error: 0.343365
2025-11-14 18:21:29.486 | INFO     | __main__:log_results:113 - Efficiency [%] | mean_squared_error: 0.783846
2025-11-14 18:21:29.486 | INFO     | __main__:log_results:113 - Efficiency [%] | rmse: 0.885351
2025-11-14 18:21:29.486 | INFO     | __main__:log_results:113 - Efficiency [%] | mean_squared_log_error: 0.000191
2025-11-14 18:21:29.486 | INFO     | __main__:log_results:113 - Efficiency [%] | rmsle: 0.013833
2025-11-14 18:21:29.486 | INFO     | __main__:log_results:113 - Efficiency [%] | mean_absolute_percentage_error: 0.008156
2025-11-14 18:21:29.486 | INFO     | __main__:log_results:113 - Efficiency [%] | max_error: 3.146181
2025-11-14 18:21:29.486 | INFO     | __main__:log_results:113 - Efficiency [%] | mean_pinball_loss(alpha=0.5): 0.289482
2025-11-14 18:21:29.486 | INFO     | __main__:log_results:113 - Efficiency [%] | mean_poisson_deviance: 0.012238
2025-11-14 18:21:29.486 | INFO     | __main__:log_results:113 - Efficiency [%] | mean_gamma_deviance: 0.000199
2025-11-14 18:21:29.486 | INFO     | __main__:log_results:113 - Efficiency [%] | mean_tweedie_deviance(power=0.0): 0.783846
2025-11-14 18:21:29.486 | INFO     | __main__:log_results:113 - Efficiency (Pt_out - Pt_in) | explained_variance_score: 0.996548
2025-11-14 18:21:29.486 | INFO     | __main__:log_results:113 - Efficiency (Pt_out - Pt_in) | r2_score: 0.996517
2025-11-14 18:21:29.486 | INFO     | __main__:log_results:113 - Efficiency (Pt_out - Pt_in) | d2_absolute_error_score: 0.950576
2025-11-14 18:21:29.487 | INFO     | __main__:log_results:113 - Efficiency (Pt_out - Pt_in) | d2_pinball_score: 0.950576
2025-11-14 18:21:29.487 | INFO     | __main__:log_results:113 - Efficiency (Pt_out - Pt_in) | d2_tweedie_score: 0.996517
2025-11-14 18:21:29.487 | INFO     | __main__:log_results:113 - Efficiency (Pt_out - Pt_in) | mean_absolute_error: 0.559379
2025-11-14 18:21:29.487 | INFO     | __main__:log_results:113 - Efficiency (Pt_out - Pt_in) | median_absolute_error: 0.463435
2025-11-14 18:21:29.487 | INFO     | __main__:log_results:113 - Efficiency (Pt_out - Pt_in) | mean_squared_error: 0.647774
2025-11-14 18:21:29.487 | INFO     | __main__:log_results:113 - Efficiency (Pt_out - Pt_in) | rmse: 0.804844
2025-11-14 18:21:29.487 | INFO     | __main__:log_results:113 - Efficiency (Pt_out - Pt_in) | mean_squared_log_error: 0.000157
2025-11-14 18:21:29.487 | INFO     | __main__:log_results:113 - Efficiency (Pt_out - Pt_in) | rmsle: 0.012531
2025-11-14 18:21:29.487 | INFO     | __main__:log_results:113 - Efficiency (Pt_out - Pt_in) | mean_absolute_percentage_error: 0.007714
2025-11-14 18:21:29.487 | INFO     | __main__:log_results:113 - Efficiency (Pt_out - Pt_in) | max_error: 3.220514
2025-11-14 18:21:29.487 | INFO     | __main__:log_results:113 - Efficiency (Pt_out - Pt_in) | mean_pinball_loss(alpha=0.5): 0.279690
2025-11-14 18:21:29.487 | INFO     | __main__:log_results:113 - Efficiency (Pt_out - Pt_in) | mean_poisson_deviance: 0.010022
2025-11-14 18:21:29.487 | INFO     | __main__:log_results:113 - Efficiency (Pt_out - Pt_in) | mean_gamma_deviance: 0.000162
2025-11-14 18:21:29.487 | INFO     | __main__:log_results:113 - Efficiency (Pt_out - Pt_in) | mean_tweedie_deviance(power=0.0): 0.647774
