2025-11-14 20:56:44.387 | INFO     | __main__:log_results:110 - num_trainval: 30
2025-11-14 20:56:44.387 | INFO     | __main__:log_results:110 - is_random_sample: True
2025-11-14 20:56:44.387 | INFO     | __main__:log_results:110 - which_FeatureAugmentation: 3
2025-11-14 20:56:44.387 | INFO     | __main__:log_results:110 - FeatureAugmentation_Runs: 2
2025-11-14 20:56:44.387 | INFO     | __main__:log_results:110 - x_transformer_type: standardize
2025-11-14 20:56:44.387 | INFO     | __main__:log_results:110 - y_transformer_type: standardize
2025-11-14 20:56:44.388 | INFO     | __main__:log_results:110 - num_trainval_slice: 40
2025-11-14 20:56:44.388 | INFO     | __main__:log_results:110 - EPOCH: 500
2025-11-14 20:56:44.388 | INFO     | __main__:log_results:110 - exp_name: DGP05_SciGP_Far2_v2
2025-11-14 20:56:44.388 | INFO     | __main__:log_results:110 - random_round_num: 1
2025-11-14 20:56:44.388 | INFO     | __main__:log_results:113 - Pt_in [Pa] | explained_variance_score: -0.767451
2025-11-14 20:56:44.388 | INFO     | __main__:log_results:113 - Pt_in [Pa] | r2_score: -0.773534
2025-11-14 20:56:44.388 | INFO     | __main__:log_results:113 - Pt_in [Pa] | d2_absolute_error_score: -0.096556
2025-11-14 20:56:44.388 | INFO     | __main__:log_results:113 - Pt_in [Pa] | d2_pinball_score: -0.096556
2025-11-14 20:56:44.388 | INFO     | __main__:log_results:113 - Pt_in [Pa] | d2_tweedie_score: -0.773534
2025-11-14 20:56:44.388 | INFO     | __main__:log_results:113 - Pt_in [Pa] | mean_absolute_error: 0.983429
2025-11-14 20:56:44.388 | INFO     | __main__:log_results:113 - Pt_in [Pa] | median_absolute_error: 0.555401
2025-11-14 20:56:44.388 | INFO     | __main__:log_results:113 - Pt_in [Pa] | mean_squared_error: 2.066912
2025-11-14 20:56:44.388 | INFO     | __main__:log_results:113 - Pt_in [Pa] | rmse: 1.437676
2025-11-14 20:56:44.388 | INFO     | __main__:log_results:113 - Pt_in [Pa] | mean_squared_log_error: 0.274626
2025-11-14 20:56:44.388 | INFO     | __main__:log_results:113 - Pt_in [Pa] | rmsle: 0.524048
2025-11-14 20:56:44.388 | INFO     | __main__:log_results:113 - Pt_in [Pa] | mean_absolute_percentage_error: 2.263894
2025-11-14 20:56:44.388 | INFO     | __main__:log_results:113 - Pt_in [Pa] | max_error: 4.548724
2025-11-14 20:56:44.389 | INFO     | __main__:log_results:113 - Pt_in [Pa] | mean_pinball_loss(alpha=0.5): 0.491715
2025-11-14 20:56:44.389 | INFO     | __main__:log_results:113 - Pt_in [Pa] | mean_poisson_deviance: nan
2025-11-14 20:56:44.389 | INFO     | __main__:log_results:113 - Pt_in [Pa] | mean_gamma_deviance: nan
2025-11-14 20:56:44.389 | INFO     | __main__:log_results:113 - Pt_in [Pa] | mean_tweedie_deviance(power=0.0): 2.066912
2025-11-14 20:56:44.389 | INFO     | __main__:log_results:113 - Pt_out [Pa] | explained_variance_score: 1.000000
2025-11-14 20:56:44.389 | INFO     | __main__:log_results:113 - Pt_out [Pa] | r2_score: 1.000000
2025-11-14 20:56:44.389 | INFO     | __main__:log_results:113 - Pt_out [Pa] | d2_absolute_error_score: 0.999829
2025-11-14 20:56:44.389 | INFO     | __main__:log_results:113 - Pt_out [Pa] | d2_pinball_score: 0.999829
2025-11-14 20:56:44.389 | INFO     | __main__:log_results:113 - Pt_out [Pa] | d2_tweedie_score: 1.000000
2025-11-14 20:56:44.390 | INFO     | __main__:log_results:113 - Pt_out [Pa] | mean_absolute_error: 4.322449
2025-11-14 20:56:44.390 | INFO     | __main__:log_results:113 - Pt_out [Pa] | median_absolute_error: 1.973536
2025-11-14 20:56:44.390 | INFO     | __main__:log_results:113 - Pt_out [Pa] | mean_squared_error: 71.889284
2025-11-14 20:56:44.390 | INFO     | __main__:log_results:113 - Pt_out [Pa] | rmse: 8.478755
2025-11-14 20:56:44.390 | INFO     | __main__:log_results:113 - Pt_out [Pa] | mean_squared_log_error: 0.000000
2025-11-14 20:56:44.390 | INFO     | __main__:log_results:113 - Pt_out [Pa] | rmsle: 0.000107
2025-11-14 20:56:44.390 | INFO     | __main__:log_results:113 - Pt_out [Pa] | mean_absolute_percentage_error: 0.000069
2025-11-14 20:56:44.390 | INFO     | __main__:log_results:113 - Pt_out [Pa] | max_error: 48.848596
2025-11-14 20:56:44.390 | INFO     | __main__:log_results:113 - Pt_out [Pa] | mean_pinball_loss(alpha=0.5): 2.161225
2025-11-14 20:56:44.390 | INFO     | __main__:log_results:113 - Pt_out [Pa] | mean_poisson_deviance: 0.000832
2025-11-14 20:56:44.391 | INFO     | __main__:log_results:113 - Pt_out [Pa] | mean_gamma_deviance: 0.000000
2025-11-14 20:56:44.391 | INFO     | __main__:log_results:113 - Pt_out [Pa] | mean_tweedie_deviance(power=0.0): 71.889284
2025-11-14 20:56:44.391 | INFO     | __main__:log_results:113 - Torque [N m] | explained_variance_score: 0.998467
2025-11-14 20:56:44.391 | INFO     | __main__:log_results:113 - Torque [N m] | r2_score: 0.998446
2025-11-14 20:56:44.391 | INFO     | __main__:log_results:113 - Torque [N m] | d2_absolute_error_score: 0.964410
2025-11-14 20:56:44.391 | INFO     | __main__:log_results:113 - Torque [N m] | d2_pinball_score: 0.964410
2025-11-14 20:56:44.391 | INFO     | __main__:log_results:113 - Torque [N m] | d2_tweedie_score: 0.998446
2025-11-14 20:56:44.391 | INFO     | __main__:log_results:113 - Torque [N m] | mean_absolute_error: 0.067180
2025-11-14 20:56:44.391 | INFO     | __main__:log_results:113 - Torque [N m] | median_absolute_error: 0.038665
2025-11-14 20:56:44.391 | INFO     | __main__:log_results:113 - Torque [N m] | mean_squared_error: 0.009163
2025-11-14 20:56:44.391 | INFO     | __main__:log_results:113 - Torque [N m] | rmse: 0.095724
2025-11-14 20:56:44.391 | INFO     | __main__:log_results:113 - Torque [N m] | mean_squared_log_error: 0.000336
2025-11-14 20:56:44.392 | INFO     | __main__:log_results:113 - Torque [N m] | rmsle: 0.018318
2025-11-14 20:56:44.392 | INFO     | __main__:log_results:113 - Torque [N m] | mean_absolute_percentage_error: 0.016138
2025-11-14 20:56:44.392 | INFO     | __main__:log_results:113 - Torque [N m] | max_error: 0.284187
2025-11-14 20:56:44.392 | INFO     | __main__:log_results:113 - Torque [N m] | mean_pinball_loss(alpha=0.5): 0.033590
2025-11-14 20:56:44.392 | INFO     | __main__:log_results:113 - Torque [N m] | mean_poisson_deviance: 0.002070
2025-11-14 20:56:44.392 | INFO     | __main__:log_results:113 - Torque [N m] | mean_gamma_deviance: 0.000635
2025-11-14 20:56:44.392 | INFO     | __main__:log_results:113 - Torque [N m] | mean_tweedie_deviance(power=0.0): 0.009163
2025-11-14 20:56:44.392 | INFO     | __main__:log_results:113 - Efficiency [%] | explained_variance_score: 0.986671
2025-11-14 20:56:44.392 | INFO     | __main__:log_results:113 - Efficiency [%] | r2_score: 0.986577
2025-11-14 20:56:44.392 | INFO     | __main__:log_results:113 - Efficiency [%] | d2_absolute_error_score: 0.901022
2025-11-14 20:56:44.392 | INFO     | __main__:log_results:113 - Efficiency [%] | d2_pinball_score: 0.901022
2025-11-14 20:56:44.392 | INFO     | __main__:log_results:113 - Efficiency [%] | d2_tweedie_score: 0.986577
2025-11-14 20:56:44.393 | INFO     | __main__:log_results:113 - Efficiency [%] | mean_absolute_error: 1.132250
2025-11-14 20:56:44.393 | INFO     | __main__:log_results:113 - Efficiency [%] | median_absolute_error: 0.776961
2025-11-14 20:56:44.393 | INFO     | __main__:log_results:113 - Efficiency [%] | mean_squared_error: 2.546686
2025-11-14 20:56:44.393 | INFO     | __main__:log_results:113 - Efficiency [%] | rmse: 1.595834
2025-11-14 20:56:44.393 | INFO     | __main__:log_results:113 - Efficiency [%] | mean_squared_log_error: 0.000554
2025-11-14 20:56:44.393 | INFO     | __main__:log_results:113 - Efficiency [%] | rmsle: 0.023547
2025-11-14 20:56:44.393 | INFO     | __main__:log_results:113 - Efficiency [%] | mean_absolute_percentage_error: 0.015643
2025-11-14 20:56:44.393 | INFO     | __main__:log_results:113 - Efficiency [%] | max_error: 6.921153
2025-11-14 20:56:44.393 | INFO     | __main__:log_results:113 - Efficiency [%] | mean_pinball_loss(alpha=0.5): 0.566125
2025-11-14 20:56:44.393 | INFO     | __main__:log_results:113 - Efficiency [%] | mean_poisson_deviance: 0.037151
2025-11-14 20:56:44.393 | INFO     | __main__:log_results:113 - Efficiency [%] | mean_gamma_deviance: 0.000564
2025-11-14 20:56:44.393 | INFO     | __main__:log_results:113 - Efficiency [%] | mean_tweedie_deviance(power=0.0): 2.546686
2025-11-14 20:56:44.394 | INFO     | __main__:log_results:113 - Efficiency (Pt_out - Pt_in) | explained_variance_score: 0.986012
2025-11-14 20:56:44.394 | INFO     | __main__:log_results:113 - Efficiency (Pt_out - Pt_in) | r2_score: 0.985697
2025-11-14 20:56:44.394 | INFO     | __main__:log_results:113 - Efficiency (Pt_out - Pt_in) | d2_absolute_error_score: 0.895345
2025-11-14 20:56:44.394 | INFO     | __main__:log_results:113 - Efficiency (Pt_out - Pt_in) | d2_pinball_score: 0.895345
2025-11-14 20:56:44.394 | INFO     | __main__:log_results:113 - Efficiency (Pt_out - Pt_in) | d2_tweedie_score: 0.985697
2025-11-14 20:56:44.394 | INFO     | __main__:log_results:113 - Efficiency (Pt_out - Pt_in) | mean_absolute_error: 1.186190
2025-11-14 20:56:44.394 | INFO     | __main__:log_results:113 - Efficiency (Pt_out - Pt_in) | median_absolute_error: 0.844659
2025-11-14 20:56:44.394 | INFO     | __main__:log_results:113 - Efficiency (Pt_out - Pt_in) | mean_squared_error: 2.674053
2025-11-14 20:56:44.394 | INFO     | __main__:log_results:113 - Efficiency (Pt_out - Pt_in) | rmse: 1.635253
2025-11-14 20:56:44.394 | INFO     | __main__:log_results:113 - Efficiency (Pt_out - Pt_in) | mean_squared_log_error: 0.000605
2025-11-14 20:56:44.394 | INFO     | __main__:log_results:113 - Efficiency (Pt_out - Pt_in) | rmsle: 0.024595
2025-11-14 20:56:44.394 | INFO     | __main__:log_results:113 - Efficiency (Pt_out - Pt_in) | mean_absolute_percentage_error: 0.016418
2025-11-14 20:56:44.395 | INFO     | __main__:log_results:113 - Efficiency (Pt_out - Pt_in) | max_error: 7.717651
2025-11-14 20:56:44.395 | INFO     | __main__:log_results:113 - Efficiency (Pt_out - Pt_in) | mean_pinball_loss(alpha=0.5): 0.593095
2025-11-14 20:56:44.395 | INFO     | __main__:log_results:113 - Efficiency (Pt_out - Pt_in) | mean_poisson_deviance: 0.039697
2025-11-14 20:56:44.395 | INFO     | __main__:log_results:113 - Efficiency (Pt_out - Pt_in) | mean_gamma_deviance: 0.000614
2025-11-14 20:56:44.395 | INFO     | __main__:log_results:113 - Efficiency (Pt_out - Pt_in) | mean_tweedie_deviance(power=0.0): 2.674053
