2025-11-14 20:56:51.996 | INFO     | __main__:log_results:110 - num_trainval: 40
2025-11-14 20:56:51.996 | INFO     | __main__:log_results:110 - is_random_sample: True
2025-11-14 20:56:51.996 | INFO     | __main__:log_results:110 - which_FeatureAugmentation: 3
2025-11-14 20:56:51.996 | INFO     | __main__:log_results:110 - FeatureAugmentation_Runs: 2
2025-11-14 20:56:51.996 | INFO     | __main__:log_results:110 - x_transformer_type: standardize
2025-11-14 20:56:51.996 | INFO     | __main__:log_results:110 - y_transformer_type: standardize
2025-11-14 20:56:51.996 | INFO     | __main__:log_results:110 - num_trainval_slice: 40
2025-11-14 20:56:51.996 | INFO     | __main__:log_results:110 - EPOCH: 500
2025-11-14 20:56:51.997 | INFO     | __main__:log_results:110 - exp_name: DGP05_SciGP_Far2_v2
2025-11-14 20:56:51.997 | INFO     | __main__:log_results:110 - random_round_num: 5
2025-11-14 20:56:51.997 | INFO     | __main__:log_results:113 - Pt_in [Pa] | explained_variance_score: -1.483627
2025-11-14 20:56:51.997 | INFO     | __main__:log_results:113 - Pt_in [Pa] | r2_score: -1.548293
2025-11-14 20:56:51.997 | INFO     | __main__:log_results:113 - Pt_in [Pa] | d2_absolute_error_score: -0.327724
2025-11-14 20:56:51.997 | INFO     | __main__:log_results:113 - Pt_in [Pa] | d2_pinball_score: -0.327724
2025-11-14 20:56:51.997 | INFO     | __main__:log_results:113 - Pt_in [Pa] | d2_tweedie_score: -1.548293
2025-11-14 20:56:51.997 | INFO     | __main__:log_results:113 - Pt_in [Pa] | mean_absolute_error: 0.721342
2025-11-14 20:56:51.997 | INFO     | __main__:log_results:113 - Pt_in [Pa] | median_absolute_error: 0.564461
2025-11-14 20:56:51.998 | INFO     | __main__:log_results:113 - Pt_in [Pa] | mean_squared_error: 0.982124
2025-11-14 20:56:51.998 | INFO     | __main__:log_results:113 - Pt_in [Pa] | rmse: 0.991022
2025-11-14 20:56:51.998 | INFO     | __main__:log_results:113 - Pt_in [Pa] | mean_squared_log_error: 0.129504
2025-11-14 20:56:51.998 | INFO     | __main__:log_results:113 - Pt_in [Pa] | rmsle: 0.359867
2025-11-14 20:56:51.998 | INFO     | __main__:log_results:113 - Pt_in [Pa] | mean_absolute_percentage_error: 0.602547
2025-11-14 20:56:51.999 | INFO     | __main__:log_results:113 - Pt_in [Pa] | max_error: 3.541105
2025-11-14 20:56:51.999 | INFO     | __main__:log_results:113 - Pt_in [Pa] | mean_pinball_loss(alpha=0.5): 0.360671
2025-11-14 20:56:51.999 | INFO     | __main__:log_results:113 - Pt_in [Pa] | mean_poisson_deviance: 0.657024
2025-11-14 20:56:51.999 | INFO     | __main__:log_results:113 - Pt_in [Pa] | mean_gamma_deviance: 1.194217
2025-11-14 20:56:51.999 | INFO     | __main__:log_results:113 - Pt_in [Pa] | mean_tweedie_deviance(power=0.0): 0.982124
2025-11-14 20:56:51.999 | INFO     | __main__:log_results:113 - Pt_out [Pa] | explained_variance_score: 1.000000
2025-11-14 20:56:51.999 | INFO     | __main__:log_results:113 - Pt_out [Pa] | r2_score: 1.000000
2025-11-14 20:56:52.000 | INFO     | __main__:log_results:113 - Pt_out [Pa] | d2_absolute_error_score: 0.999951
2025-11-14 20:56:52.000 | INFO     | __main__:log_results:113 - Pt_out [Pa] | d2_pinball_score: 0.999951
2025-11-14 20:56:52.000 | INFO     | __main__:log_results:113 - Pt_out [Pa] | d2_tweedie_score: 1.000000
2025-11-14 20:56:52.000 | INFO     | __main__:log_results:113 - Pt_out [Pa] | mean_absolute_error: 1.242553
2025-11-14 20:56:52.000 | INFO     | __main__:log_results:113 - Pt_out [Pa] | median_absolute_error: 0.668399
2025-11-14 20:56:52.000 | INFO     | __main__:log_results:113 - Pt_out [Pa] | mean_squared_error: 4.811303
2025-11-14 20:56:52.000 | INFO     | __main__:log_results:113 - Pt_out [Pa] | rmse: 2.193468
2025-11-14 20:56:52.000 | INFO     | __main__:log_results:113 - Pt_out [Pa] | mean_squared_log_error: 0.000000
2025-11-14 20:56:52.000 | INFO     | __main__:log_results:113 - Pt_out [Pa] | rmsle: 0.000031
2025-11-14 20:56:52.001 | INFO     | __main__:log_results:113 - Pt_out [Pa] | mean_absolute_percentage_error: 0.000022
2025-11-14 20:56:52.001 | INFO     | __main__:log_results:113 - Pt_out [Pa] | max_error: 11.812641
2025-11-14 20:56:52.001 | INFO     | __main__:log_results:113 - Pt_out [Pa] | mean_pinball_loss(alpha=0.5): 0.621277
2025-11-14 20:56:52.001 | INFO     | __main__:log_results:113 - Pt_out [Pa] | mean_poisson_deviance: 0.000058
2025-11-14 20:56:52.001 | INFO     | __main__:log_results:113 - Pt_out [Pa] | mean_gamma_deviance: 0.000000
2025-11-14 20:56:52.001 | INFO     | __main__:log_results:113 - Pt_out [Pa] | mean_tweedie_deviance(power=0.0): 4.811303
2025-11-14 20:56:52.001 | INFO     | __main__:log_results:113 - Torque [N m] | explained_variance_score: 0.998781
2025-11-14 20:56:52.001 | INFO     | __main__:log_results:113 - Torque [N m] | r2_score: 0.998504
2025-11-14 20:56:52.001 | INFO     | __main__:log_results:113 - Torque [N m] | d2_absolute_error_score: 0.966323
2025-11-14 20:56:52.001 | INFO     | __main__:log_results:113 - Torque [N m] | d2_pinball_score: 0.966323
2025-11-14 20:56:52.002 | INFO     | __main__:log_results:113 - Torque [N m] | d2_tweedie_score: 0.998504
2025-11-14 20:56:52.002 | INFO     | __main__:log_results:113 - Torque [N m] | mean_absolute_error: 0.064380
2025-11-14 20:56:52.002 | INFO     | __main__:log_results:113 - Torque [N m] | median_absolute_error: 0.038505
2025-11-14 20:56:52.002 | INFO     | __main__:log_results:113 - Torque [N m] | mean_squared_error: 0.009026
2025-11-14 20:56:52.002 | INFO     | __main__:log_results:113 - Torque [N m] | rmse: 0.095005
2025-11-14 20:56:52.002 | INFO     | __main__:log_results:113 - Torque [N m] | mean_squared_log_error: 0.000338
2025-11-14 20:56:52.002 | INFO     | __main__:log_results:113 - Torque [N m] | rmsle: 0.018394
2025-11-14 20:56:52.002 | INFO     | __main__:log_results:113 - Torque [N m] | mean_absolute_percentage_error: 0.015600
2025-11-14 20:56:52.002 | INFO     | __main__:log_results:113 - Torque [N m] | max_error: 0.290434
2025-11-14 20:56:52.002 | INFO     | __main__:log_results:113 - Torque [N m] | mean_pinball_loss(alpha=0.5): 0.032190
2025-11-14 20:56:52.002 | INFO     | __main__:log_results:113 - Torque [N m] | mean_poisson_deviance: 0.002055
2025-11-14 20:56:52.003 | INFO     | __main__:log_results:113 - Torque [N m] | mean_gamma_deviance: 0.000649
2025-11-14 20:56:52.003 | INFO     | __main__:log_results:113 - Torque [N m] | mean_tweedie_deviance(power=0.0): 0.009026
2025-11-14 20:56:52.003 | INFO     | __main__:log_results:113 - Efficiency [%] | explained_variance_score: 0.981697
2025-11-14 20:56:52.003 | INFO     | __main__:log_results:113 - Efficiency [%] | r2_score: 0.981697
2025-11-14 20:56:52.003 | INFO     | __main__:log_results:113 - Efficiency [%] | d2_absolute_error_score: 0.908064
2025-11-14 20:56:52.003 | INFO     | __main__:log_results:113 - Efficiency [%] | d2_pinball_score: 0.908064
2025-11-14 20:56:52.003 | INFO     | __main__:log_results:113 - Efficiency [%] | d2_tweedie_score: 0.981697
2025-11-14 20:56:52.003 | INFO     | __main__:log_results:113 - Efficiency [%] | mean_absolute_error: 1.034846
2025-11-14 20:56:52.003 | INFO     | __main__:log_results:113 - Efficiency [%] | median_absolute_error: 0.494142
2025-11-14 20:56:52.003 | INFO     | __main__:log_results:113 - Efficiency [%] | mean_squared_error: 3.341559
2025-11-14 20:56:52.004 | INFO     | __main__:log_results:113 - Efficiency [%] | rmse: 1.827993
2025-11-14 20:56:52.004 | INFO     | __main__:log_results:113 - Efficiency [%] | mean_squared_log_error: 0.000793
2025-11-14 20:56:52.004 | INFO     | __main__:log_results:113 - Efficiency [%] | rmsle: 0.028159
2025-11-14 20:56:52.004 | INFO     | __main__:log_results:113 - Efficiency [%] | mean_absolute_percentage_error: 0.014229
2025-11-14 20:56:52.004 | INFO     | __main__:log_results:113 - Efficiency [%] | max_error: 9.220414
2025-11-14 20:56:52.004 | INFO     | __main__:log_results:113 - Efficiency [%] | mean_pinball_loss(alpha=0.5): 0.517423
2025-11-14 20:56:52.004 | INFO     | __main__:log_results:113 - Efficiency [%] | mean_poisson_deviance: 0.051831
2025-11-14 20:56:52.004 | INFO     | __main__:log_results:113 - Efficiency [%] | mean_gamma_deviance: 0.000829
2025-11-14 20:56:52.004 | INFO     | __main__:log_results:113 - Efficiency [%] | mean_tweedie_deviance(power=0.0): 3.341559
2025-11-14 20:56:52.004 | INFO     | __main__:log_results:113 - Efficiency (Pt_out - Pt_in) | explained_variance_score: 0.985866
2025-11-14 20:56:52.004 | INFO     | __main__:log_results:113 - Efficiency (Pt_out - Pt_in) | r2_score: 0.983819
2025-11-14 20:56:52.004 | INFO     | __main__:log_results:113 - Efficiency (Pt_out - Pt_in) | d2_absolute_error_score: 0.893398
2025-11-14 20:56:52.005 | INFO     | __main__:log_results:113 - Efficiency (Pt_out - Pt_in) | d2_pinball_score: 0.893398
2025-11-14 20:56:52.005 | INFO     | __main__:log_results:113 - Efficiency (Pt_out - Pt_in) | d2_tweedie_score: 0.983819
2025-11-14 20:56:52.005 | INFO     | __main__:log_results:113 - Efficiency (Pt_out - Pt_in) | mean_absolute_error: 1.215557
2025-11-14 20:56:52.005 | INFO     | __main__:log_results:113 - Efficiency (Pt_out - Pt_in) | median_absolute_error: 0.779586
2025-11-14 20:56:52.005 | INFO     | __main__:log_results:113 - Efficiency (Pt_out - Pt_in) | mean_squared_error: 3.037091
2025-11-14 20:56:52.005 | INFO     | __main__:log_results:113 - Efficiency (Pt_out - Pt_in) | rmse: 1.742725
2025-11-14 20:56:52.005 | INFO     | __main__:log_results:113 - Efficiency (Pt_out - Pt_in) | mean_squared_log_error: 0.000613
2025-11-14 20:56:52.005 | INFO     | __main__:log_results:113 - Efficiency (Pt_out - Pt_in) | rmsle: 0.024757
2025-11-14 20:56:52.005 | INFO     | __main__:log_results:113 - Efficiency (Pt_out - Pt_in) | mean_absolute_percentage_error: 0.016136
2025-11-14 20:56:52.006 | INFO     | __main__:log_results:113 - Efficiency (Pt_out - Pt_in) | max_error: 7.705781
2025-11-14 20:56:52.006 | INFO     | __main__:log_results:113 - Efficiency (Pt_out - Pt_in) | mean_pinball_loss(alpha=0.5): 0.607779
2025-11-14 20:56:52.006 | INFO     | __main__:log_results:113 - Efficiency (Pt_out - Pt_in) | mean_poisson_deviance: 0.041902
2025-11-14 20:56:52.006 | INFO     | __main__:log_results:113 - Efficiency (Pt_out - Pt_in) | mean_gamma_deviance: 0.000616
2025-11-14 20:56:52.006 | INFO     | __main__:log_results:113 - Efficiency (Pt_out - Pt_in) | mean_tweedie_deviance(power=0.0): 3.037091
