2025-11-14 21:01:15.528 | INFO     | __main__:log_results:110 - num_trainval: 110
2025-11-14 21:01:15.528 | INFO     | __main__:log_results:110 - is_random_sample: True
2025-11-14 21:01:15.528 | INFO     | __main__:log_results:110 - which_FeatureAugmentation: 3
2025-11-14 21:01:15.528 | INFO     | __main__:log_results:110 - FeatureAugmentation_Runs: 2
2025-11-14 21:01:15.528 | INFO     | __main__:log_results:110 - x_transformer_type: standardize
2025-11-14 21:01:15.528 | INFO     | __main__:log_results:110 - y_transformer_type: standardize
2025-11-14 21:01:15.528 | INFO     | __main__:log_results:110 - num_trainval_slice: 40
2025-11-14 21:01:15.528 | INFO     | __main__:log_results:110 - EPOCH: 500
2025-11-14 21:01:15.528 | INFO     | __main__:log_results:110 - exp_name: DGP05_SciGP_Far2_v2
2025-11-14 21:01:15.528 | INFO     | __main__:log_results:110 - random_round_num: 2
2025-11-14 21:01:15.528 | INFO     | __main__:log_results:113 - Pt_in [Pa] | explained_variance_score: 0.771329
2025-11-14 21:01:15.528 | INFO     | __main__:log_results:113 - Pt_in [Pa] | r2_score: 0.771325
2025-11-14 21:01:15.528 | INFO     | __main__:log_results:113 - Pt_in [Pa] | d2_absolute_error_score: 0.505052
2025-11-14 21:01:15.528 | INFO     | __main__:log_results:113 - Pt_in [Pa] | d2_pinball_score: 0.505052
2025-11-14 21:01:15.528 | INFO     | __main__:log_results:113 - Pt_in [Pa] | d2_tweedie_score: 0.771325
2025-11-14 21:01:15.528 | INFO     | __main__:log_results:113 - Pt_in [Pa] | mean_absolute_error: 0.420146
2025-11-14 21:01:15.528 | INFO     | __main__:log_results:113 - Pt_in [Pa] | median_absolute_error: 0.318916
2025-11-14 21:01:15.528 | INFO     | __main__:log_results:113 - Pt_in [Pa] | mean_squared_error: 0.302309
2025-11-14 21:01:15.529 | INFO     | __main__:log_results:113 - Pt_in [Pa] | rmse: 0.549826
2025-11-14 21:01:15.529 | INFO     | __main__:log_results:113 - Pt_in [Pa] | mean_squared_log_error: 0.075325
2025-11-14 21:01:15.529 | INFO     | __main__:log_results:113 - Pt_in [Pa] | rmsle: 0.274454
2025-11-14 21:01:15.529 | INFO     | __main__:log_results:113 - Pt_in [Pa] | mean_absolute_percentage_error: 0.747986
2025-11-14 21:01:15.529 | INFO     | __main__:log_results:113 - Pt_in [Pa] | max_error: 1.889591
2025-11-14 21:01:15.529 | INFO     | __main__:log_results:113 - Pt_in [Pa] | mean_pinball_loss(alpha=0.5): 0.210073
2025-11-14 21:01:15.529 | INFO     | __main__:log_results:113 - Pt_in [Pa] | mean_poisson_deviance: nan
2025-11-14 21:01:15.529 | INFO     | __main__:log_results:113 - Pt_in [Pa] | mean_gamma_deviance: nan
2025-11-14 21:01:15.529 | INFO     | __main__:log_results:113 - Pt_in [Pa] | mean_tweedie_deviance(power=0.0): 0.302309
2025-11-14 21:01:15.529 | INFO     | __main__:log_results:113 - Pt_out [Pa] | explained_variance_score: 1.000000
2025-11-14 21:01:15.529 | INFO     | __main__:log_results:113 - Pt_out [Pa] | r2_score: 1.000000
2025-11-14 21:01:15.529 | INFO     | __main__:log_results:113 - Pt_out [Pa] | d2_absolute_error_score: 0.999980
2025-11-14 21:01:15.529 | INFO     | __main__:log_results:113 - Pt_out [Pa] | d2_pinball_score: 0.999980
2025-11-14 21:01:15.529 | INFO     | __main__:log_results:113 - Pt_out [Pa] | d2_tweedie_score: 1.000000
2025-11-14 21:01:15.529 | INFO     | __main__:log_results:113 - Pt_out [Pa] | mean_absolute_error: 0.493683
2025-11-14 21:01:15.529 | INFO     | __main__:log_results:113 - Pt_out [Pa] | median_absolute_error: 0.349547
2025-11-14 21:01:15.529 | INFO     | __main__:log_results:113 - Pt_out [Pa] | mean_squared_error: 0.462093
2025-11-14 21:01:15.529 | INFO     | __main__:log_results:113 - Pt_out [Pa] | rmse: 0.679774
2025-11-14 21:01:15.529 | INFO     | __main__:log_results:113 - Pt_out [Pa] | mean_squared_log_error: 0.000000
2025-11-14 21:01:15.530 | INFO     | __main__:log_results:113 - Pt_out [Pa] | rmsle: 0.000021
2025-11-14 21:01:15.530 | INFO     | __main__:log_results:113 - Pt_out [Pa] | mean_absolute_percentage_error: 0.000012
2025-11-14 21:01:15.530 | INFO     | __main__:log_results:113 - Pt_out [Pa] | max_error: 2.179476
2025-11-14 21:01:15.530 | INFO     | __main__:log_results:113 - Pt_out [Pa] | mean_pinball_loss(alpha=0.5): 0.246841
2025-11-14 21:01:15.530 | INFO     | __main__:log_results:113 - Pt_out [Pa] | mean_poisson_deviance: 0.000012
2025-11-14 21:01:15.530 | INFO     | __main__:log_results:113 - Pt_out [Pa] | mean_gamma_deviance: 0.000000
2025-11-14 21:01:15.530 | INFO     | __main__:log_results:113 - Pt_out [Pa] | mean_tweedie_deviance(power=0.0): 0.462093
2025-11-14 21:01:15.530 | INFO     | __main__:log_results:113 - Torque [N m] | explained_variance_score: 0.999214
2025-11-14 21:01:15.530 | INFO     | __main__:log_results:113 - Torque [N m] | r2_score: 0.999214
2025-11-14 21:01:15.530 | INFO     | __main__:log_results:113 - Torque [N m] | d2_absolute_error_score: 0.976185
2025-11-14 21:01:15.530 | INFO     | __main__:log_results:113 - Torque [N m] | d2_pinball_score: 0.976185
2025-11-14 21:01:15.530 | INFO     | __main__:log_results:113 - Torque [N m] | d2_tweedie_score: 0.999214
2025-11-14 21:01:15.530 | INFO     | __main__:log_results:113 - Torque [N m] | mean_absolute_error: 0.044788
2025-11-14 21:01:15.530 | INFO     | __main__:log_results:113 - Torque [N m] | median_absolute_error: 0.026943
2025-11-14 21:01:15.530 | INFO     | __main__:log_results:113 - Torque [N m] | mean_squared_error: 0.004552
2025-11-14 21:01:15.530 | INFO     | __main__:log_results:113 - Torque [N m] | rmse: 0.067469
2025-11-14 21:01:15.530 | INFO     | __main__:log_results:113 - Torque [N m] | mean_squared_log_error: 0.000228
2025-11-14 21:01:15.530 | INFO     | __main__:log_results:113 - Torque [N m] | rmsle: 0.015088
2025-11-14 21:01:15.530 | INFO     | __main__:log_results:113 - Torque [N m] | mean_absolute_percentage_error: 0.013510
2025-11-14 21:01:15.530 | INFO     | __main__:log_results:113 - Torque [N m] | max_error: 0.233819
2025-11-14 21:01:15.530 | INFO     | __main__:log_results:113 - Torque [N m] | mean_pinball_loss(alpha=0.5): 0.022394
2025-11-14 21:01:15.531 | INFO     | __main__:log_results:113 - Torque [N m] | mean_poisson_deviance: 0.001252
2025-11-14 21:01:15.531 | INFO     | __main__:log_results:113 - Torque [N m] | mean_gamma_deviance: 0.000461
2025-11-14 21:01:15.531 | INFO     | __main__:log_results:113 - Torque [N m] | mean_tweedie_deviance(power=0.0): 0.004552
2025-11-14 21:01:15.531 | INFO     | __main__:log_results:113 - Efficiency [%] | explained_variance_score: 0.986922
2025-11-14 21:01:15.531 | INFO     | __main__:log_results:113 - Efficiency [%] | r2_score: 0.986884
2025-11-14 21:01:15.531 | INFO     | __main__:log_results:113 - Efficiency [%] | d2_absolute_error_score: 0.916059
2025-11-14 21:01:15.531 | INFO     | __main__:log_results:113 - Efficiency [%] | d2_pinball_score: 0.916059
2025-11-14 21:01:15.531 | INFO     | __main__:log_results:113 - Efficiency [%] | d2_tweedie_score: 0.986884
2025-11-14 21:01:15.531 | INFO     | __main__:log_results:113 - Efficiency [%] | mean_absolute_error: 0.934036
2025-11-14 21:01:15.531 | INFO     | __main__:log_results:113 - Efficiency [%] | median_absolute_error: 0.529353
2025-11-14 21:01:15.531 | INFO     | __main__:log_results:113 - Efficiency [%] | mean_squared_error: 2.384106
2025-11-14 21:01:15.531 | INFO     | __main__:log_results:113 - Efficiency [%] | rmse: 1.544055
2025-11-14 21:01:15.531 | INFO     | __main__:log_results:113 - Efficiency [%] | mean_squared_log_error: 0.000580
2025-11-14 21:01:15.531 | INFO     | __main__:log_results:113 - Efficiency [%] | rmsle: 0.024077
2025-11-14 21:01:15.531 | INFO     | __main__:log_results:113 - Efficiency [%] | mean_absolute_percentage_error: 0.013198
2025-11-14 21:01:15.531 | INFO     | __main__:log_results:113 - Efficiency [%] | max_error: 6.632024
2025-11-14 21:01:15.531 | INFO     | __main__:log_results:113 - Efficiency [%] | mean_pinball_loss(alpha=0.5): 0.467018
2025-11-14 21:01:15.531 | INFO     | __main__:log_results:113 - Efficiency [%] | mean_poisson_deviance: 0.037422
2025-11-14 21:01:15.532 | INFO     | __main__:log_results:113 - Efficiency [%] | mean_gamma_deviance: 0.000605
2025-11-14 21:01:15.532 | INFO     | __main__:log_results:113 - Efficiency [%] | mean_tweedie_deviance(power=0.0): 2.384106
2025-11-14 21:01:15.532 | INFO     | __main__:log_results:113 - Efficiency (Pt_out - Pt_in) | explained_variance_score: 0.990016
2025-11-14 21:01:15.532 | INFO     | __main__:log_results:113 - Efficiency (Pt_out - Pt_in) | r2_score: 0.989842
2025-11-14 21:01:15.532 | INFO     | __main__:log_results:113 - Efficiency (Pt_out - Pt_in) | d2_absolute_error_score: 0.916633
2025-11-14 21:01:15.532 | INFO     | __main__:log_results:113 - Efficiency (Pt_out - Pt_in) | d2_pinball_score: 0.916633
2025-11-14 21:01:15.532 | INFO     | __main__:log_results:113 - Efficiency (Pt_out - Pt_in) | d2_tweedie_score: 0.989842
2025-11-14 21:01:15.532 | INFO     | __main__:log_results:113 - Efficiency (Pt_out - Pt_in) | mean_absolute_error: 0.953296
2025-11-14 21:01:15.532 | INFO     | __main__:log_results:113 - Efficiency (Pt_out - Pt_in) | median_absolute_error: 0.580385
2025-11-14 21:01:15.532 | INFO     | __main__:log_results:113 - Efficiency (Pt_out - Pt_in) | mean_squared_error: 1.920957
2025-11-14 21:01:15.532 | INFO     | __main__:log_results:113 - Efficiency (Pt_out - Pt_in) | rmse: 1.385986
2025-11-14 21:01:15.532 | INFO     | __main__:log_results:113 - Efficiency (Pt_out - Pt_in) | mean_squared_log_error: 0.000447
2025-11-14 21:01:15.532 | INFO     | __main__:log_results:113 - Efficiency (Pt_out - Pt_in) | rmsle: 0.021131
2025-11-14 21:01:15.532 | INFO     | __main__:log_results:113 - Efficiency (Pt_out - Pt_in) | mean_absolute_percentage_error: 0.013572
2025-11-14 21:01:15.532 | INFO     | __main__:log_results:113 - Efficiency (Pt_out - Pt_in) | max_error: 4.584988
2025-11-14 21:01:15.532 | INFO     | __main__:log_results:113 - Efficiency (Pt_out - Pt_in) | mean_pinball_loss(alpha=0.5): 0.476648
2025-11-14 21:01:15.532 | INFO     | __main__:log_results:113 - Efficiency (Pt_out - Pt_in) | mean_poisson_deviance: 0.029264
2025-11-14 21:01:15.532 | INFO     | __main__:log_results:113 - Efficiency (Pt_out - Pt_in) | mean_gamma_deviance: 0.000461
2025-11-14 21:01:15.532 | INFO     | __main__:log_results:113 - Efficiency (Pt_out - Pt_in) | mean_tweedie_deviance(power=0.0): 1.920957
