2025-11-14 18:03:14.032 | INFO     | __main__:log_results:110 - num_trainval: 10
2025-11-14 18:03:14.032 | INFO     | __main__:log_results:110 - is_random_sample: True
2025-11-14 18:03:14.032 | INFO     | __main__:log_results:110 - which_FeatureAugmentation: 3
2025-11-14 18:03:14.032 | INFO     | __main__:log_results:110 - FeatureAugmentation_Runs: 2
2025-11-14 18:03:14.033 | INFO     | __main__:log_results:110 - x_transformer_type: standardize
2025-11-14 18:03:14.033 | INFO     | __main__:log_results:110 - y_transformer_type: standardize
2025-11-14 18:03:14.033 | INFO     | __main__:log_results:110 - num_trainval_slice: 40
2025-11-14 18:03:14.033 | INFO     | __main__:log_results:110 - EPOCH: 500
2025-11-14 18:03:14.033 | INFO     | __main__:log_results:110 - exp_name: DGP05_SciGP_Far2
2025-11-14 18:03:14.033 | INFO     | __main__:log_results:110 - random_round_num: 1
2025-11-14 18:03:14.033 | INFO     | __main__:log_results:113 - Pt_in [Pa] | explained_variance_score: -1.344606
2025-11-14 18:03:14.033 | INFO     | __main__:log_results:113 - Pt_in [Pa] | r2_score: -1.367240
2025-11-14 18:03:14.033 | INFO     | __main__:log_results:113 - Pt_in [Pa] | d2_absolute_error_score: -0.456403
2025-11-14 18:03:14.033 | INFO     | __main__:log_results:113 - Pt_in [Pa] | d2_pinball_score: -0.456403
2025-11-14 18:03:14.033 | INFO     | __main__:log_results:113 - Pt_in [Pa] | d2_tweedie_score: -1.367240
2025-11-14 18:03:14.034 | INFO     | __main__:log_results:113 - Pt_in [Pa] | mean_absolute_error: 0.817110
2025-11-14 18:03:14.034 | INFO     | __main__:log_results:113 - Pt_in [Pa] | median_absolute_error: 0.641192
2025-11-14 18:03:14.034 | INFO     | __main__:log_results:113 - Pt_in [Pa] | mean_squared_error: 1.172758
2025-11-14 18:03:14.034 | INFO     | __main__:log_results:113 - Pt_in [Pa] | rmse: 1.082939
2025-11-14 18:03:14.034 | INFO     | __main__:log_results:113 - Pt_in [Pa] | mean_squared_log_error: 0.170528
2025-11-14 18:03:14.034 | INFO     | __main__:log_results:113 - Pt_in [Pa] | rmsle: 0.412950
2025-11-14 18:03:14.034 | INFO     | __main__:log_results:113 - Pt_in [Pa] | mean_absolute_percentage_error: 1.591035
2025-11-14 18:03:14.034 | INFO     | __main__:log_results:113 - Pt_in [Pa] | max_error: 3.617344
2025-11-14 18:03:14.035 | INFO     | __main__:log_results:113 - Pt_in [Pa] | mean_pinball_loss(alpha=0.5): 0.408555
2025-11-14 18:03:14.035 | INFO     | __main__:log_results:113 - Pt_in [Pa] | mean_poisson_deviance: 0.942191
2025-11-14 18:03:14.035 | INFO     | __main__:log_results:113 - Pt_in [Pa] | mean_gamma_deviance: 1.917912
2025-11-14 18:03:14.035 | INFO     | __main__:log_results:113 - Pt_in [Pa] | mean_tweedie_deviance(power=0.0): 1.172758
2025-11-14 18:03:14.035 | INFO     | __main__:log_results:113 - Pt_out [Pa] | explained_variance_score: 0.998089
2025-11-14 18:03:14.035 | INFO     | __main__:log_results:113 - Pt_out [Pa] | r2_score: 0.997844
2025-11-14 18:03:14.035 | INFO     | __main__:log_results:113 - Pt_out [Pa] | d2_absolute_error_score: 0.963656
2025-11-14 18:03:14.035 | INFO     | __main__:log_results:113 - Pt_out [Pa] | d2_pinball_score: 0.963656
2025-11-14 18:03:14.035 | INFO     | __main__:log_results:113 - Pt_out [Pa] | d2_tweedie_score: 0.997844
2025-11-14 18:03:14.035 | INFO     | __main__:log_results:113 - Pt_out [Pa] | mean_absolute_error: 907.659160
2025-11-14 18:03:14.035 | INFO     | __main__:log_results:113 - Pt_out [Pa] | median_absolute_error: 531.804475
2025-11-14 18:03:14.036 | INFO     | __main__:log_results:113 - Pt_out [Pa] | mean_squared_error: 1721507.593227
2025-11-14 18:03:14.036 | INFO     | __main__:log_results:113 - Pt_out [Pa] | rmse: 1312.062343
2025-11-14 18:03:14.036 | INFO     | __main__:log_results:113 - Pt_out [Pa] | mean_squared_log_error: 0.001312
2025-11-14 18:03:14.036 | INFO     | __main__:log_results:113 - Pt_out [Pa] | rmsle: 0.036222
2025-11-14 18:03:14.036 | INFO     | __main__:log_results:113 - Pt_out [Pa] | mean_absolute_percentage_error: 0.020229
2025-11-14 18:03:14.036 | INFO     | __main__:log_results:113 - Pt_out [Pa] | max_error: 4921.087004
2025-11-14 18:03:14.036 | INFO     | __main__:log_results:113 - Pt_out [Pa] | mean_pinball_loss(alpha=0.5): 453.829580
2025-11-14 18:03:14.036 | INFO     | __main__:log_results:113 - Pt_out [Pa] | mean_poisson_deviance: 36.972028
2025-11-14 18:03:14.036 | INFO     | __main__:log_results:113 - Pt_out [Pa] | mean_gamma_deviance: 0.001357
2025-11-14 18:03:14.036 | INFO     | __main__:log_results:113 - Pt_out [Pa] | mean_tweedie_deviance(power=0.0): 1721507.593227
2025-11-14 18:03:14.036 | INFO     | __main__:log_results:113 - Torque [N m] | explained_variance_score: 0.947609
2025-11-14 18:03:14.037 | INFO     | __main__:log_results:113 - Torque [N m] | r2_score: 0.933502
2025-11-14 18:03:14.037 | INFO     | __main__:log_results:113 - Torque [N m] | d2_absolute_error_score: 0.809028
2025-11-14 18:03:14.037 | INFO     | __main__:log_results:113 - Torque [N m] | d2_pinball_score: 0.809028
2025-11-14 18:03:14.037 | INFO     | __main__:log_results:113 - Torque [N m] | d2_tweedie_score: 0.933502
2025-11-14 18:03:14.037 | INFO     | __main__:log_results:113 - Torque [N m] | mean_absolute_error: 0.312998
2025-11-14 18:03:14.037 | INFO     | __main__:log_results:113 - Torque [N m] | median_absolute_error: 0.150447
2025-11-14 18:03:14.037 | INFO     | __main__:log_results:113 - Torque [N m] | mean_squared_error: 0.283892
2025-11-14 18:03:14.037 | INFO     | __main__:log_results:113 - Torque [N m] | rmse: 0.532816
2025-11-14 18:03:14.037 | INFO     | __main__:log_results:113 - Torque [N m] | mean_squared_log_error: 0.005433
2025-11-14 18:03:14.037 | INFO     | __main__:log_results:113 - Torque [N m] | rmsle: 0.073708
2025-11-14 18:03:14.037 | INFO     | __main__:log_results:113 - Torque [N m] | mean_absolute_percentage_error: 0.070073
2025-11-14 18:03:14.038 | INFO     | __main__:log_results:113 - Torque [N m] | max_error: 2.055232
2025-11-14 18:03:14.038 | INFO     | __main__:log_results:113 - Torque [N m] | mean_pinball_loss(alpha=0.5): 0.156499
2025-11-14 18:03:14.038 | INFO     | __main__:log_results:113 - Torque [N m] | mean_poisson_deviance: 0.041881
2025-11-14 18:03:14.038 | INFO     | __main__:log_results:113 - Torque [N m] | mean_gamma_deviance: 0.009195
2025-11-14 18:03:14.038 | INFO     | __main__:log_results:113 - Torque [N m] | mean_tweedie_deviance(power=0.0): 0.283892
2025-11-14 18:03:14.038 | INFO     | __main__:log_results:113 - Efficiency [%] | explained_variance_score: 0.910442
2025-11-14 18:03:14.038 | INFO     | __main__:log_results:113 - Efficiency [%] | r2_score: 0.910163
2025-11-14 18:03:14.038 | INFO     | __main__:log_results:113 - Efficiency [%] | d2_absolute_error_score: 0.748579
2025-11-14 18:03:14.038 | INFO     | __main__:log_results:113 - Efficiency [%] | d2_pinball_score: 0.748579
2025-11-14 18:03:14.038 | INFO     | __main__:log_results:113 - Efficiency [%] | d2_tweedie_score: 0.910163
2025-11-14 18:03:14.038 | INFO     | __main__:log_results:113 - Efficiency [%] | mean_absolute_error: 3.161481
2025-11-14 18:03:14.039 | INFO     | __main__:log_results:113 - Efficiency [%] | median_absolute_error: 2.026068
2025-11-14 18:03:14.039 | INFO     | __main__:log_results:113 - Efficiency [%] | mean_squared_error: 20.472203
2025-11-14 18:03:14.039 | INFO     | __main__:log_results:113 - Efficiency [%] | rmse: 4.524622
2025-11-14 18:03:14.039 | INFO     | __main__:log_results:113 - Efficiency [%] | mean_squared_log_error: 0.004706
2025-11-14 18:03:14.039 | INFO     | __main__:log_results:113 - Efficiency [%] | rmsle: 0.068602
2025-11-14 18:03:14.039 | INFO     | __main__:log_results:113 - Efficiency [%] | mean_absolute_percentage_error: 0.045210
2025-11-14 18:03:14.039 | INFO     | __main__:log_results:113 - Efficiency [%] | max_error: 15.457949
2025-11-14 18:03:14.039 | INFO     | __main__:log_results:113 - Efficiency [%] | mean_pinball_loss(alpha=0.5): 1.580740
2025-11-14 18:03:14.039 | INFO     | __main__:log_results:113 - Efficiency [%] | mean_poisson_deviance: 0.312977
2025-11-14 18:03:14.039 | INFO     | __main__:log_results:113 - Efficiency [%] | mean_gamma_deviance: 0.004927
2025-11-14 18:03:14.040 | INFO     | __main__:log_results:113 - Efficiency [%] | mean_tweedie_deviance(power=0.0): 20.472203
2025-11-14 18:03:14.040 | INFO     | __main__:log_results:113 - Efficiency (Pt_out - Pt_in) | explained_variance_score: 0.897180
2025-11-14 18:03:14.040 | INFO     | __main__:log_results:113 - Efficiency (Pt_out - Pt_in) | r2_score: 0.868688
2025-11-14 18:03:14.040 | INFO     | __main__:log_results:113 - Efficiency (Pt_out - Pt_in) | d2_absolute_error_score: 0.703609
2025-11-14 18:03:14.040 | INFO     | __main__:log_results:113 - Efficiency (Pt_out - Pt_in) | d2_pinball_score: 0.703609
2025-11-14 18:03:14.040 | INFO     | __main__:log_results:113 - Efficiency (Pt_out - Pt_in) | d2_tweedie_score: 0.868688
2025-11-14 18:03:14.040 | INFO     | __main__:log_results:113 - Efficiency (Pt_out - Pt_in) | mean_absolute_error: 4.422643
2025-11-14 18:03:14.040 | INFO     | __main__:log_results:113 - Efficiency (Pt_out - Pt_in) | median_absolute_error: 2.388514
2025-11-14 18:03:14.040 | INFO     | __main__:log_results:113 - Efficiency (Pt_out - Pt_in) | mean_squared_error: 41.935821
2025-11-14 18:03:14.040 | INFO     | __main__:log_results:113 - Efficiency (Pt_out - Pt_in) | rmse: 6.475787
2025-11-14 18:03:14.041 | INFO     | __main__:log_results:113 - Efficiency (Pt_out - Pt_in) | mean_squared_log_error: 0.004998
2025-11-14 18:03:14.041 | INFO     | __main__:log_results:113 - Efficiency (Pt_out - Pt_in) | rmsle: 0.070695
2025-11-14 18:03:14.041 | INFO     | __main__:log_results:113 - Efficiency (Pt_out - Pt_in) | mean_absolute_percentage_error: 0.049680
2025-11-14 18:03:14.041 | INFO     | __main__:log_results:113 - Efficiency (Pt_out - Pt_in) | max_error: 19.210324
2025-11-14 18:03:14.041 | INFO     | __main__:log_results:113 - Efficiency (Pt_out - Pt_in) | mean_pinball_loss(alpha=0.5): 2.211321
2025-11-14 18:03:14.041 | INFO     | __main__:log_results:113 - Efficiency (Pt_out - Pt_in) | mean_poisson_deviance: 0.460220
2025-11-14 18:03:14.041 | INFO     | __main__:log_results:113 - Efficiency (Pt_out - Pt_in) | mean_gamma_deviance: 0.005243
2025-11-14 18:03:14.041 | INFO     | __main__:log_results:113 - Efficiency (Pt_out - Pt_in) | mean_tweedie_deviance(power=0.0): 41.935821
