2025-11-14 18:08:52.058 | INFO     | __main__:log_results:110 - num_trainval: 70
2025-11-14 18:08:52.059 | INFO     | __main__:log_results:110 - is_random_sample: True
2025-11-14 18:08:52.059 | INFO     | __main__:log_results:110 - which_FeatureAugmentation: 3
2025-11-14 18:08:52.059 | INFO     | __main__:log_results:110 - FeatureAugmentation_Runs: 2
2025-11-14 18:08:52.059 | INFO     | __main__:log_results:110 - x_transformer_type: standardize
2025-11-14 18:08:52.059 | INFO     | __main__:log_results:110 - y_transformer_type: standardize
2025-11-14 18:08:52.059 | INFO     | __main__:log_results:110 - num_trainval_slice: 40
2025-11-14 18:08:52.059 | INFO     | __main__:log_results:110 - EPOCH: 500
2025-11-14 18:08:52.060 | INFO     | __main__:log_results:110 - exp_name: DGP05_SciGP_Far2
2025-11-14 18:08:52.060 | INFO     | __main__:log_results:110 - random_round_num: 5
2025-11-14 18:08:52.060 | INFO     | __main__:log_results:113 - Pt_in [Pa] | explained_variance_score: -3.075897
2025-11-14 18:08:52.060 | INFO     | __main__:log_results:113 - Pt_in [Pa] | r2_score: -3.151915
2025-11-14 18:08:52.060 | INFO     | __main__:log_results:113 - Pt_in [Pa] | d2_absolute_error_score: -1.217823
2025-11-14 18:08:52.060 | INFO     | __main__:log_results:113 - Pt_in [Pa] | d2_pinball_score: -1.217823
2025-11-14 18:08:52.060 | INFO     | __main__:log_results:113 - Pt_in [Pa] | d2_tweedie_score: -3.151915
2025-11-14 18:08:52.061 | INFO     | __main__:log_results:113 - Pt_in [Pa] | mean_absolute_error: 0.718957
2025-11-14 18:08:52.061 | INFO     | __main__:log_results:113 - Pt_in [Pa] | median_absolute_error: 0.617282
2025-11-14 18:08:52.061 | INFO     | __main__:log_results:113 - Pt_in [Pa] | mean_squared_error: 0.907813
2025-11-14 18:08:52.061 | INFO     | __main__:log_results:113 - Pt_in [Pa] | rmse: 0.952792
2025-11-14 18:08:52.061 | INFO     | __main__:log_results:113 - Pt_in [Pa] | mean_squared_log_error: 0.126152
2025-11-14 18:08:52.061 | INFO     | __main__:log_results:113 - Pt_in [Pa] | rmsle: 0.355179
2025-11-14 18:08:52.061 | INFO     | __main__:log_results:113 - Pt_in [Pa] | mean_absolute_percentage_error: 0.525933
2025-11-14 18:08:52.062 | INFO     | __main__:log_results:113 - Pt_in [Pa] | max_error: 3.006190
2025-11-14 18:08:52.062 | INFO     | __main__:log_results:113 - Pt_in [Pa] | mean_pinball_loss(alpha=0.5): 0.359478
2025-11-14 18:08:52.062 | INFO     | __main__:log_results:113 - Pt_in [Pa] | mean_poisson_deviance: 0.685823
2025-11-14 18:08:52.062 | INFO     | __main__:log_results:113 - Pt_in [Pa] | mean_gamma_deviance: 1.600285
2025-11-14 18:08:52.062 | INFO     | __main__:log_results:113 - Pt_in [Pa] | mean_tweedie_deviance(power=0.0): 0.907813
2025-11-14 18:08:52.062 | INFO     | __main__:log_results:113 - Pt_out [Pa] | explained_variance_score: 1.000000
2025-11-14 18:08:52.062 | INFO     | __main__:log_results:113 - Pt_out [Pa] | r2_score: 1.000000
2025-11-14 18:08:52.063 | INFO     | __main__:log_results:113 - Pt_out [Pa] | d2_absolute_error_score: 0.999977
2025-11-14 18:08:52.063 | INFO     | __main__:log_results:113 - Pt_out [Pa] | d2_pinball_score: 0.999977
2025-11-14 18:08:52.063 | INFO     | __main__:log_results:113 - Pt_out [Pa] | d2_tweedie_score: 1.000000
2025-11-14 18:08:52.063 | INFO     | __main__:log_results:113 - Pt_out [Pa] | mean_absolute_error: 0.576808
2025-11-14 18:08:52.063 | INFO     | __main__:log_results:113 - Pt_out [Pa] | median_absolute_error: 0.407921
2025-11-14 18:08:52.063 | INFO     | __main__:log_results:113 - Pt_out [Pa] | mean_squared_error: 0.619394
2025-11-14 18:08:52.063 | INFO     | __main__:log_results:113 - Pt_out [Pa] | rmse: 0.787016
2025-11-14 18:08:52.063 | INFO     | __main__:log_results:113 - Pt_out [Pa] | mean_squared_log_error: 0.000000
2025-11-14 18:08:52.063 | INFO     | __main__:log_results:113 - Pt_out [Pa] | rmsle: 0.000017
2025-11-14 18:08:52.064 | INFO     | __main__:log_results:113 - Pt_out [Pa] | mean_absolute_percentage_error: 0.000012
2025-11-14 18:08:52.064 | INFO     | __main__:log_results:113 - Pt_out [Pa] | max_error: 2.648514
2025-11-14 18:08:52.064 | INFO     | __main__:log_results:113 - Pt_out [Pa] | mean_pinball_loss(alpha=0.5): 0.288404
2025-11-14 18:08:52.064 | INFO     | __main__:log_results:113 - Pt_out [Pa] | mean_poisson_deviance: 0.000011
2025-11-14 18:08:52.064 | INFO     | __main__:log_results:113 - Pt_out [Pa] | mean_gamma_deviance: 0.000000
2025-11-14 18:08:52.064 | INFO     | __main__:log_results:113 - Pt_out [Pa] | mean_tweedie_deviance(power=0.0): 0.619394
2025-11-14 18:08:52.064 | INFO     | __main__:log_results:113 - Torque [N m] | explained_variance_score: 0.998996
2025-11-14 18:08:52.065 | INFO     | __main__:log_results:113 - Torque [N m] | r2_score: 0.998977
2025-11-14 18:08:52.065 | INFO     | __main__:log_results:113 - Torque [N m] | d2_absolute_error_score: 0.970347
2025-11-14 18:08:52.065 | INFO     | __main__:log_results:113 - Torque [N m] | d2_pinball_score: 0.970347
2025-11-14 18:08:52.065 | INFO     | __main__:log_results:113 - Torque [N m] | d2_tweedie_score: 0.998977
2025-11-14 18:08:52.065 | INFO     | __main__:log_results:113 - Torque [N m] | mean_absolute_error: 0.056076
2025-11-14 18:08:52.065 | INFO     | __main__:log_results:113 - Torque [N m] | median_absolute_error: 0.038139
2025-11-14 18:08:52.065 | INFO     | __main__:log_results:113 - Torque [N m] | mean_squared_error: 0.005989
2025-11-14 18:08:52.066 | INFO     | __main__:log_results:113 - Torque [N m] | rmse: 0.077387
2025-11-14 18:08:52.066 | INFO     | __main__:log_results:113 - Torque [N m] | mean_squared_log_error: 0.000276
2025-11-14 18:08:52.066 | INFO     | __main__:log_results:113 - Torque [N m] | rmsle: 0.016627
2025-11-14 18:08:52.066 | INFO     | __main__:log_results:113 - Torque [N m] | mean_absolute_percentage_error: 0.015471
2025-11-14 18:08:52.066 | INFO     | __main__:log_results:113 - Torque [N m] | max_error: 0.227822
2025-11-14 18:08:52.066 | INFO     | __main__:log_results:113 - Torque [N m] | mean_pinball_loss(alpha=0.5): 0.028038
2025-11-14 18:08:52.066 | INFO     | __main__:log_results:113 - Torque [N m] | mean_poisson_deviance: 0.001568
2025-11-14 18:08:52.066 | INFO     | __main__:log_results:113 - Torque [N m] | mean_gamma_deviance: 0.000527
2025-11-14 18:08:52.066 | INFO     | __main__:log_results:113 - Torque [N m] | mean_tweedie_deviance(power=0.0): 0.005989
2025-11-14 18:08:52.067 | INFO     | __main__:log_results:113 - Efficiency [%] | explained_variance_score: 0.987427
2025-11-14 18:08:52.067 | INFO     | __main__:log_results:113 - Efficiency [%] | r2_score: 0.987066
2025-11-14 18:08:52.067 | INFO     | __main__:log_results:113 - Efficiency [%] | d2_absolute_error_score: 0.898795
2025-11-14 18:08:52.067 | INFO     | __main__:log_results:113 - Efficiency [%] | d2_pinball_score: 0.898795
2025-11-14 18:08:52.067 | INFO     | __main__:log_results:113 - Efficiency [%] | d2_tweedie_score: 0.987066
2025-11-14 18:08:52.067 | INFO     | __main__:log_results:113 - Efficiency [%] | mean_absolute_error: 1.132001
2025-11-14 18:08:52.067 | INFO     | __main__:log_results:113 - Efficiency [%] | median_absolute_error: 0.915594
2025-11-14 18:08:52.067 | INFO     | __main__:log_results:113 - Efficiency [%] | mean_squared_error: 2.351803
2025-11-14 18:08:52.068 | INFO     | __main__:log_results:113 - Efficiency [%] | rmse: 1.533559
2025-11-14 18:08:52.068 | INFO     | __main__:log_results:113 - Efficiency [%] | mean_squared_log_error: 0.000497
2025-11-14 18:08:52.068 | INFO     | __main__:log_results:113 - Efficiency [%] | rmsle: 0.022287
2025-11-14 18:08:52.068 | INFO     | __main__:log_results:113 - Efficiency [%] | mean_absolute_percentage_error: 0.015594
2025-11-14 18:08:52.068 | INFO     | __main__:log_results:113 - Efficiency [%] | max_error: 5.009109
2025-11-14 18:08:52.068 | INFO     | __main__:log_results:113 - Efficiency [%] | mean_pinball_loss(alpha=0.5): 0.566001
2025-11-14 18:08:52.068 | INFO     | __main__:log_results:113 - Efficiency [%] | mean_poisson_deviance: 0.033995
2025-11-14 18:08:52.068 | INFO     | __main__:log_results:113 - Efficiency [%] | mean_gamma_deviance: 0.000513
2025-11-14 18:08:52.068 | INFO     | __main__:log_results:113 - Efficiency [%] | mean_tweedie_deviance(power=0.0): 2.351803
2025-11-14 18:08:52.069 | INFO     | __main__:log_results:113 - Efficiency (Pt_out - Pt_in) | explained_variance_score: 0.988343
2025-11-14 18:08:52.069 | INFO     | __main__:log_results:113 - Efficiency (Pt_out - Pt_in) | r2_score: 0.987976
2025-11-14 18:08:52.069 | INFO     | __main__:log_results:113 - Efficiency (Pt_out - Pt_in) | d2_absolute_error_score: 0.902184
2025-11-14 18:08:52.069 | INFO     | __main__:log_results:113 - Efficiency (Pt_out - Pt_in) | d2_pinball_score: 0.902184
2025-11-14 18:08:52.069 | INFO     | __main__:log_results:113 - Efficiency (Pt_out - Pt_in) | d2_tweedie_score: 0.987976
2025-11-14 18:08:52.069 | INFO     | __main__:log_results:113 - Efficiency (Pt_out - Pt_in) | mean_absolute_error: 1.106148
2025-11-14 18:08:52.069 | INFO     | __main__:log_results:113 - Efficiency (Pt_out - Pt_in) | median_absolute_error: 0.773742
2025-11-14 18:08:52.070 | INFO     | __main__:log_results:113 - Efficiency (Pt_out - Pt_in) | mean_squared_error: 2.235876
2025-11-14 18:08:52.070 | INFO     | __main__:log_results:113 - Efficiency (Pt_out - Pt_in) | rmse: 1.495285
2025-11-14 18:08:52.070 | INFO     | __main__:log_results:113 - Efficiency (Pt_out - Pt_in) | mean_squared_log_error: 0.000508
2025-11-14 18:08:52.070 | INFO     | __main__:log_results:113 - Efficiency (Pt_out - Pt_in) | rmsle: 0.022533
2025-11-14 18:08:52.070 | INFO     | __main__:log_results:113 - Efficiency (Pt_out - Pt_in) | mean_absolute_percentage_error: 0.015575
2025-11-14 18:08:52.070 | INFO     | __main__:log_results:113 - Efficiency (Pt_out - Pt_in) | max_error: 5.722724
2025-11-14 18:08:52.070 | INFO     | __main__:log_results:113 - Efficiency (Pt_out - Pt_in) | mean_pinball_loss(alpha=0.5): 0.553074
2025-11-14 18:08:52.071 | INFO     | __main__:log_results:113 - Efficiency (Pt_out - Pt_in) | mean_poisson_deviance: 0.033434
2025-11-14 18:08:52.071 | INFO     | __main__:log_results:113 - Efficiency (Pt_out - Pt_in) | mean_gamma_deviance: 0.000522
2025-11-14 18:08:52.071 | INFO     | __main__:log_results:113 - Efficiency (Pt_out - Pt_in) | mean_tweedie_deviance(power=0.0): 2.235876
