2025-11-14 18:22:25.694 | INFO     | __main__:log_results:110 - num_trainval: 250
2025-11-14 18:22:25.694 | INFO     | __main__:log_results:110 - is_random_sample: True
2025-11-14 18:22:25.694 | INFO     | __main__:log_results:110 - which_FeatureAugmentation: 3
2025-11-14 18:22:25.695 | INFO     | __main__:log_results:110 - FeatureAugmentation_Runs: 2
2025-11-14 18:22:25.695 | INFO     | __main__:log_results:110 - x_transformer_type: standardize
2025-11-14 18:22:25.695 | INFO     | __main__:log_results:110 - y_transformer_type: standardize
2025-11-14 18:22:25.696 | INFO     | __main__:log_results:110 - num_trainval_slice: 40
2025-11-14 18:22:25.696 | INFO     | __main__:log_results:110 - EPOCH: 500
2025-11-14 18:22:25.696 | INFO     | __main__:log_results:110 - exp_name: DGP05_SciGP_Far2
2025-11-14 18:22:25.696 | INFO     | __main__:log_results:110 - random_round_num: 2
2025-11-14 18:22:25.697 | INFO     | __main__:log_results:113 - Pt_in [Pa] | explained_variance_score: 0.745222
2025-11-14 18:22:25.697 | INFO     | __main__:log_results:113 - Pt_in [Pa] | r2_score: 0.744183
2025-11-14 18:22:25.697 | INFO     | __main__:log_results:113 - Pt_in [Pa] | d2_absolute_error_score: 0.512085
2025-11-14 18:22:25.697 | INFO     | __main__:log_results:113 - Pt_in [Pa] | d2_pinball_score: 0.512085
2025-11-14 18:22:25.697 | INFO     | __main__:log_results:113 - Pt_in [Pa] | d2_tweedie_score: 0.744183
2025-11-14 18:22:25.698 | INFO     | __main__:log_results:113 - Pt_in [Pa] | mean_absolute_error: 0.394069
2025-11-14 18:22:25.698 | INFO     | __main__:log_results:113 - Pt_in [Pa] | median_absolute_error: 0.280268
2025-11-14 18:22:25.698 | INFO     | __main__:log_results:113 - Pt_in [Pa] | mean_squared_error: 0.326256
2025-11-14 18:22:25.698 | INFO     | __main__:log_results:113 - Pt_in [Pa] | rmse: 0.571188
2025-11-14 18:22:25.698 | INFO     | __main__:log_results:113 - Pt_in [Pa] | mean_squared_log_error: 0.066414
2025-11-14 18:22:25.698 | INFO     | __main__:log_results:113 - Pt_in [Pa] | rmsle: 0.257709
2025-11-14 18:22:25.699 | INFO     | __main__:log_results:113 - Pt_in [Pa] | mean_absolute_percentage_error: 0.429195
2025-11-14 18:22:25.699 | INFO     | __main__:log_results:113 - Pt_in [Pa] | max_error: 2.429158
2025-11-14 18:22:25.699 | INFO     | __main__:log_results:113 - Pt_in [Pa] | mean_pinball_loss(alpha=0.5): 0.197035
2025-11-14 18:22:25.699 | INFO     | __main__:log_results:113 - Pt_in [Pa] | mean_poisson_deviance: nan
2025-11-14 18:22:25.699 | INFO     | __main__:log_results:113 - Pt_in [Pa] | mean_gamma_deviance: nan
2025-11-14 18:22:25.700 | INFO     | __main__:log_results:113 - Pt_in [Pa] | mean_tweedie_deviance(power=0.0): 0.326256
2025-11-14 18:22:25.700 | INFO     | __main__:log_results:113 - Pt_out [Pa] | explained_variance_score: 1.000000
2025-11-14 18:22:25.700 | INFO     | __main__:log_results:113 - Pt_out [Pa] | r2_score: 1.000000
2025-11-14 18:22:25.700 | INFO     | __main__:log_results:113 - Pt_out [Pa] | d2_absolute_error_score: 0.999982
2025-11-14 18:22:25.700 | INFO     | __main__:log_results:113 - Pt_out [Pa] | d2_pinball_score: 0.999982
2025-11-14 18:22:25.700 | INFO     | __main__:log_results:113 - Pt_out [Pa] | d2_tweedie_score: 1.000000
2025-11-14 18:22:25.701 | INFO     | __main__:log_results:113 - Pt_out [Pa] | mean_absolute_error: 0.445469
2025-11-14 18:22:25.701 | INFO     | __main__:log_results:113 - Pt_out [Pa] | median_absolute_error: 0.373287
2025-11-14 18:22:25.701 | INFO     | __main__:log_results:113 - Pt_out [Pa] | mean_squared_error: 0.323370
2025-11-14 18:22:25.701 | INFO     | __main__:log_results:113 - Pt_out [Pa] | rmse: 0.568656
2025-11-14 18:22:25.702 | INFO     | __main__:log_results:113 - Pt_out [Pa] | mean_squared_log_error: 0.000000
2025-11-14 18:22:25.702 | INFO     | __main__:log_results:113 - Pt_out [Pa] | rmsle: 0.000016
2025-11-14 18:22:25.702 | INFO     | __main__:log_results:113 - Pt_out [Pa] | mean_absolute_percentage_error: 0.000011
2025-11-14 18:22:25.702 | INFO     | __main__:log_results:113 - Pt_out [Pa] | max_error: 2.021264
2025-11-14 18:22:25.702 | INFO     | __main__:log_results:113 - Pt_out [Pa] | mean_pinball_loss(alpha=0.5): 0.222734
2025-11-14 18:22:25.702 | INFO     | __main__:log_results:113 - Pt_out [Pa] | mean_poisson_deviance: 0.000008
2025-11-14 18:22:25.703 | INFO     | __main__:log_results:113 - Pt_out [Pa] | mean_gamma_deviance: 0.000000
2025-11-14 18:22:25.703 | INFO     | __main__:log_results:113 - Pt_out [Pa] | mean_tweedie_deviance(power=0.0): 0.323370
2025-11-14 18:22:25.703 | INFO     | __main__:log_results:113 - Torque [N m] | explained_variance_score: 0.999685
2025-11-14 18:22:25.703 | INFO     | __main__:log_results:113 - Torque [N m] | r2_score: 0.999678
2025-11-14 18:22:25.703 | INFO     | __main__:log_results:113 - Torque [N m] | d2_absolute_error_score: 0.985461
2025-11-14 18:22:25.704 | INFO     | __main__:log_results:113 - Torque [N m] | d2_pinball_score: 0.985461
2025-11-14 18:22:25.704 | INFO     | __main__:log_results:113 - Torque [N m] | d2_tweedie_score: 0.999678
2025-11-14 18:22:25.704 | INFO     | __main__:log_results:113 - Torque [N m] | mean_absolute_error: 0.027323
2025-11-14 18:22:25.704 | INFO     | __main__:log_results:113 - Torque [N m] | median_absolute_error: 0.016936
2025-11-14 18:22:25.704 | INFO     | __main__:log_results:113 - Torque [N m] | mean_squared_error: 0.001888
2025-11-14 18:22:25.705 | INFO     | __main__:log_results:113 - Torque [N m] | rmse: 0.043447
2025-11-14 18:22:25.705 | INFO     | __main__:log_results:113 - Torque [N m] | mean_squared_log_error: 0.000058
2025-11-14 18:22:25.705 | INFO     | __main__:log_results:113 - Torque [N m] | rmsle: 0.007643
2025-11-14 18:22:25.705 | INFO     | __main__:log_results:113 - Torque [N m] | mean_absolute_percentage_error: 0.006974
2025-11-14 18:22:25.705 | INFO     | __main__:log_results:113 - Torque [N m] | max_error: 0.233239
2025-11-14 18:22:25.706 | INFO     | __main__:log_results:113 - Torque [N m] | mean_pinball_loss(alpha=0.5): 0.013662
2025-11-14 18:22:25.706 | INFO     | __main__:log_results:113 - Torque [N m] | mean_poisson_deviance: 0.000367
2025-11-14 18:22:25.706 | INFO     | __main__:log_results:113 - Torque [N m] | mean_gamma_deviance: 0.000123
2025-11-14 18:22:25.706 | INFO     | __main__:log_results:113 - Torque [N m] | mean_tweedie_deviance(power=0.0): 0.001888
2025-11-14 18:22:25.706 | INFO     | __main__:log_results:113 - Efficiency [%] | explained_variance_score: 0.996630
2025-11-14 18:22:25.706 | INFO     | __main__:log_results:113 - Efficiency [%] | r2_score: 0.996551
2025-11-14 18:22:25.707 | INFO     | __main__:log_results:113 - Efficiency [%] | d2_absolute_error_score: 0.952715
2025-11-14 18:22:25.707 | INFO     | __main__:log_results:113 - Efficiency [%] | d2_pinball_score: 0.952715
2025-11-14 18:22:25.707 | INFO     | __main__:log_results:113 - Efficiency [%] | d2_tweedie_score: 0.996551
2025-11-14 18:22:25.707 | INFO     | __main__:log_results:113 - Efficiency [%] | mean_absolute_error: 0.540279
2025-11-14 18:22:25.707 | INFO     | __main__:log_results:113 - Efficiency [%] | median_absolute_error: 0.359513
2025-11-14 18:22:25.707 | INFO     | __main__:log_results:113 - Efficiency [%] | mean_squared_error: 0.666579
2025-11-14 18:22:25.708 | INFO     | __main__:log_results:113 - Efficiency [%] | rmse: 0.816443
2025-11-14 18:22:25.708 | INFO     | __main__:log_results:113 - Efficiency [%] | mean_squared_log_error: 0.000166
2025-11-14 18:22:25.708 | INFO     | __main__:log_results:113 - Efficiency [%] | rmsle: 0.012874
2025-11-14 18:22:25.708 | INFO     | __main__:log_results:113 - Efficiency [%] | mean_absolute_percentage_error: 0.007582
2025-11-14 18:22:25.708 | INFO     | __main__:log_results:113 - Efficiency [%] | max_error: 3.711218
2025-11-14 18:22:25.709 | INFO     | __main__:log_results:113 - Efficiency [%] | mean_pinball_loss(alpha=0.5): 0.270139
2025-11-14 18:22:25.709 | INFO     | __main__:log_results:113 - Efficiency [%] | mean_poisson_deviance: 0.010401
2025-11-14 18:22:25.709 | INFO     | __main__:log_results:113 - Efficiency [%] | mean_gamma_deviance: 0.000169
2025-11-14 18:22:25.709 | INFO     | __main__:log_results:113 - Efficiency [%] | mean_tweedie_deviance(power=0.0): 0.666579
2025-11-14 18:22:25.709 | INFO     | __main__:log_results:113 - Efficiency (Pt_out - Pt_in) | explained_variance_score: 0.997304
2025-11-14 18:22:25.709 | INFO     | __main__:log_results:113 - Efficiency (Pt_out - Pt_in) | r2_score: 0.997179
2025-11-14 18:22:25.710 | INFO     | __main__:log_results:113 - Efficiency (Pt_out - Pt_in) | d2_absolute_error_score: 0.954600
2025-11-14 18:22:25.710 | INFO     | __main__:log_results:113 - Efficiency (Pt_out - Pt_in) | d2_pinball_score: 0.954600
2025-11-14 18:22:25.710 | INFO     | __main__:log_results:113 - Efficiency (Pt_out - Pt_in) | d2_tweedie_score: 0.997179
2025-11-14 18:22:25.710 | INFO     | __main__:log_results:113 - Efficiency (Pt_out - Pt_in) | mean_absolute_error: 0.517646
2025-11-14 18:22:25.710 | INFO     | __main__:log_results:113 - Efficiency (Pt_out - Pt_in) | median_absolute_error: 0.351428
2025-11-14 18:22:25.711 | INFO     | __main__:log_results:113 - Efficiency (Pt_out - Pt_in) | mean_squared_error: 0.542442
2025-11-14 18:22:25.711 | INFO     | __main__:log_results:113 - Efficiency (Pt_out - Pt_in) | rmse: 0.736507
2025-11-14 18:22:25.711 | INFO     | __main__:log_results:113 - Efficiency (Pt_out - Pt_in) | mean_squared_log_error: 0.000118
2025-11-14 18:22:25.711 | INFO     | __main__:log_results:113 - Efficiency (Pt_out - Pt_in) | rmsle: 0.010852
2025-11-14 18:22:25.711 | INFO     | __main__:log_results:113 - Efficiency (Pt_out - Pt_in) | mean_absolute_percentage_error: 0.007050
2025-11-14 18:22:25.711 | INFO     | __main__:log_results:113 - Efficiency (Pt_out - Pt_in) | max_error: 2.857766
2025-11-14 18:22:25.712 | INFO     | __main__:log_results:113 - Efficiency (Pt_out - Pt_in) | mean_pinball_loss(alpha=0.5): 0.258823
2025-11-14 18:22:25.712 | INFO     | __main__:log_results:113 - Efficiency (Pt_out - Pt_in) | mean_poisson_deviance: 0.007869
2025-11-14 18:22:25.712 | INFO     | __main__:log_results:113 - Efficiency (Pt_out - Pt_in) | mean_gamma_deviance: 0.000121
2025-11-14 18:22:25.712 | INFO     | __main__:log_results:113 - Efficiency (Pt_out - Pt_in) | mean_tweedie_deviance(power=0.0): 0.542442
