2025-11-14 18:26:04.698 | INFO     | __main__:log_results:110 - num_trainval: 500
2025-11-14 18:26:04.698 | INFO     | __main__:log_results:110 - is_random_sample: True
2025-11-14 18:26:04.698 | INFO     | __main__:log_results:110 - which_FeatureAugmentation: 3
2025-11-14 18:26:04.698 | INFO     | __main__:log_results:110 - FeatureAugmentation_Runs: 2
2025-11-14 18:26:04.698 | INFO     | __main__:log_results:110 - x_transformer_type: standardize
2025-11-14 18:26:04.698 | INFO     | __main__:log_results:110 - y_transformer_type: standardize
2025-11-14 18:26:04.698 | INFO     | __main__:log_results:110 - num_trainval_slice: 40
2025-11-14 18:26:04.699 | INFO     | __main__:log_results:110 - EPOCH: 500
2025-11-14 18:26:04.699 | INFO     | __main__:log_results:110 - exp_name: DGP05_SciGP_Far2
2025-11-14 18:26:04.699 | INFO     | __main__:log_results:110 - random_round_num: 2
2025-11-14 18:26:04.699 | INFO     | __main__:log_results:113 - Pt_in [Pa] | explained_variance_score: 0.773651
2025-11-14 18:26:04.699 | INFO     | __main__:log_results:113 - Pt_in [Pa] | r2_score: 0.767989
2025-11-14 18:26:04.699 | INFO     | __main__:log_results:113 - Pt_in [Pa] | d2_absolute_error_score: 0.507793
2025-11-14 18:26:04.699 | INFO     | __main__:log_results:113 - Pt_in [Pa] | d2_pinball_score: 0.507793
2025-11-14 18:26:04.699 | INFO     | __main__:log_results:113 - Pt_in [Pa] | d2_tweedie_score: 0.767989
2025-11-14 18:26:04.699 | INFO     | __main__:log_results:113 - Pt_in [Pa] | mean_absolute_error: 0.392807
2025-11-14 18:26:04.699 | INFO     | __main__:log_results:113 - Pt_in [Pa] | median_absolute_error: 0.324913
2025-11-14 18:26:04.700 | INFO     | __main__:log_results:113 - Pt_in [Pa] | mean_squared_error: 0.295132
2025-11-14 18:26:04.700 | INFO     | __main__:log_results:113 - Pt_in [Pa] | rmse: 0.543261
2025-11-14 18:26:04.700 | INFO     | __main__:log_results:113 - Pt_in [Pa] | mean_squared_log_error: 0.080950
2025-11-14 18:26:04.700 | INFO     | __main__:log_results:113 - Pt_in [Pa] | rmsle: 0.284517
2025-11-14 18:26:04.700 | INFO     | __main__:log_results:113 - Pt_in [Pa] | mean_absolute_percentage_error: 2.721254
2025-11-14 18:26:04.700 | INFO     | __main__:log_results:113 - Pt_in [Pa] | max_error: 2.267733
2025-11-14 18:26:04.700 | INFO     | __main__:log_results:113 - Pt_in [Pa] | mean_pinball_loss(alpha=0.5): 0.196403
2025-11-14 18:26:04.700 | INFO     | __main__:log_results:113 - Pt_in [Pa] | mean_poisson_deviance: nan
2025-11-14 18:26:04.700 | INFO     | __main__:log_results:113 - Pt_in [Pa] | mean_gamma_deviance: nan
2025-11-14 18:26:04.700 | INFO     | __main__:log_results:113 - Pt_in [Pa] | mean_tweedie_deviance(power=0.0): 0.295132
2025-11-14 18:26:04.701 | INFO     | __main__:log_results:113 - Pt_out [Pa] | explained_variance_score: 1.000000
2025-11-14 18:26:04.701 | INFO     | __main__:log_results:113 - Pt_out [Pa] | r2_score: 1.000000
2025-11-14 18:26:04.701 | INFO     | __main__:log_results:113 - Pt_out [Pa] | d2_absolute_error_score: 0.999983
2025-11-14 18:26:04.701 | INFO     | __main__:log_results:113 - Pt_out [Pa] | d2_pinball_score: 0.999983
2025-11-14 18:26:04.701 | INFO     | __main__:log_results:113 - Pt_out [Pa] | d2_tweedie_score: 1.000000
2025-11-14 18:26:04.701 | INFO     | __main__:log_results:113 - Pt_out [Pa] | mean_absolute_error: 0.436721
2025-11-14 18:26:04.701 | INFO     | __main__:log_results:113 - Pt_out [Pa] | median_absolute_error: 0.368840
2025-11-14 18:26:04.701 | INFO     | __main__:log_results:113 - Pt_out [Pa] | mean_squared_error: 0.315598
2025-11-14 18:26:04.701 | INFO     | __main__:log_results:113 - Pt_out [Pa] | rmse: 0.561781
2025-11-14 18:26:04.701 | INFO     | __main__:log_results:113 - Pt_out [Pa] | mean_squared_log_error: 0.000000
2025-11-14 18:26:04.702 | INFO     | __main__:log_results:113 - Pt_out [Pa] | rmsle: 0.000016
2025-11-14 18:26:04.702 | INFO     | __main__:log_results:113 - Pt_out [Pa] | mean_absolute_percentage_error: 0.000010
2025-11-14 18:26:04.702 | INFO     | __main__:log_results:113 - Pt_out [Pa] | max_error: 1.927011
2025-11-14 18:26:04.702 | INFO     | __main__:log_results:113 - Pt_out [Pa] | mean_pinball_loss(alpha=0.5): 0.218361
2025-11-14 18:26:04.702 | INFO     | __main__:log_results:113 - Pt_out [Pa] | mean_poisson_deviance: 0.000007
2025-11-14 18:26:04.702 | INFO     | __main__:log_results:113 - Pt_out [Pa] | mean_gamma_deviance: 0.000000
2025-11-14 18:26:04.702 | INFO     | __main__:log_results:113 - Pt_out [Pa] | mean_tweedie_deviance(power=0.0): 0.315598
2025-11-14 18:26:04.702 | INFO     | __main__:log_results:113 - Torque [N m] | explained_variance_score: 0.999667
2025-11-14 18:26:04.702 | INFO     | __main__:log_results:113 - Torque [N m] | r2_score: 0.999663
2025-11-14 18:26:04.702 | INFO     | __main__:log_results:113 - Torque [N m] | d2_absolute_error_score: 0.985702
2025-11-14 18:26:04.703 | INFO     | __main__:log_results:113 - Torque [N m] | d2_pinball_score: 0.985702
2025-11-14 18:26:04.703 | INFO     | __main__:log_results:113 - Torque [N m] | d2_tweedie_score: 0.999663
2025-11-14 18:26:04.703 | INFO     | __main__:log_results:113 - Torque [N m] | mean_absolute_error: 0.026772
2025-11-14 18:26:04.703 | INFO     | __main__:log_results:113 - Torque [N m] | median_absolute_error: 0.013603
2025-11-14 18:26:04.703 | INFO     | __main__:log_results:113 - Torque [N m] | mean_squared_error: 0.001957
2025-11-14 18:26:04.703 | INFO     | __main__:log_results:113 - Torque [N m] | rmse: 0.044243
2025-11-14 18:26:04.703 | INFO     | __main__:log_results:113 - Torque [N m] | mean_squared_log_error: 0.000082
2025-11-14 18:26:04.703 | INFO     | __main__:log_results:113 - Torque [N m] | rmsle: 0.009034
2025-11-14 18:26:04.703 | INFO     | __main__:log_results:113 - Torque [N m] | mean_absolute_percentage_error: 0.007257
2025-11-14 18:26:04.703 | INFO     | __main__:log_results:113 - Torque [N m] | max_error: 0.217361
2025-11-14 18:26:04.704 | INFO     | __main__:log_results:113 - Torque [N m] | mean_pinball_loss(alpha=0.5): 0.013386
2025-11-14 18:26:04.704 | INFO     | __main__:log_results:113 - Torque [N m] | mean_poisson_deviance: 0.000491
2025-11-14 18:26:04.704 | INFO     | __main__:log_results:113 - Torque [N m] | mean_gamma_deviance: 0.000143
2025-11-14 18:26:04.704 | INFO     | __main__:log_results:113 - Torque [N m] | mean_tweedie_deviance(power=0.0): 0.001957
2025-11-14 18:26:04.704 | INFO     | __main__:log_results:113 - Efficiency [%] | explained_variance_score: 0.994749
2025-11-14 18:26:04.704 | INFO     | __main__:log_results:113 - Efficiency [%] | r2_score: 0.994627
2025-11-14 18:26:04.704 | INFO     | __main__:log_results:113 - Efficiency [%] | d2_absolute_error_score: 0.947354
2025-11-14 18:26:04.704 | INFO     | __main__:log_results:113 - Efficiency [%] | d2_pinball_score: 0.947354
2025-11-14 18:26:04.704 | INFO     | __main__:log_results:113 - Efficiency [%] | d2_tweedie_score: 0.994627
2025-11-14 18:26:04.704 | INFO     | __main__:log_results:113 - Efficiency [%] | mean_absolute_error: 0.602432
2025-11-14 18:26:04.705 | INFO     | __main__:log_results:113 - Efficiency [%] | median_absolute_error: 0.418529
2025-11-14 18:26:04.705 | INFO     | __main__:log_results:113 - Efficiency [%] | mean_squared_error: 1.042566
2025-11-14 18:26:04.705 | INFO     | __main__:log_results:113 - Efficiency [%] | rmse: 1.021061
2025-11-14 18:26:04.705 | INFO     | __main__:log_results:113 - Efficiency [%] | mean_squared_log_error: 0.000269
2025-11-14 18:26:04.705 | INFO     | __main__:log_results:113 - Efficiency [%] | rmsle: 0.016409
2025-11-14 18:26:04.705 | INFO     | __main__:log_results:113 - Efficiency [%] | mean_absolute_percentage_error: 0.008801
2025-11-14 18:26:04.705 | INFO     | __main__:log_results:113 - Efficiency [%] | max_error: 5.487457
2025-11-14 18:26:04.705 | INFO     | __main__:log_results:113 - Efficiency [%] | mean_pinball_loss(alpha=0.5): 0.301216
2025-11-14 18:26:04.705 | INFO     | __main__:log_results:113 - Efficiency [%] | mean_poisson_deviance: 0.016761
2025-11-14 18:26:04.705 | INFO     | __main__:log_results:113 - Efficiency [%] | mean_gamma_deviance: 0.000275
2025-11-14 18:26:04.705 | INFO     | __main__:log_results:113 - Efficiency [%] | mean_tweedie_deviance(power=0.0): 1.042566
2025-11-14 18:26:04.706 | INFO     | __main__:log_results:113 - Efficiency (Pt_out - Pt_in) | explained_variance_score: 0.997048
2025-11-14 18:26:04.706 | INFO     | __main__:log_results:113 - Efficiency (Pt_out - Pt_in) | r2_score: 0.996952
2025-11-14 18:26:04.706 | INFO     | __main__:log_results:113 - Efficiency (Pt_out - Pt_in) | d2_absolute_error_score: 0.954500
2025-11-14 18:26:04.706 | INFO     | __main__:log_results:113 - Efficiency (Pt_out - Pt_in) | d2_pinball_score: 0.954500
2025-11-14 18:26:04.706 | INFO     | __main__:log_results:113 - Efficiency (Pt_out - Pt_in) | d2_tweedie_score: 0.996952
2025-11-14 18:26:04.706 | INFO     | __main__:log_results:113 - Efficiency (Pt_out - Pt_in) | mean_absolute_error: 0.520773
2025-11-14 18:26:04.706 | INFO     | __main__:log_results:113 - Efficiency (Pt_out - Pt_in) | median_absolute_error: 0.344161
2025-11-14 18:26:04.706 | INFO     | __main__:log_results:113 - Efficiency (Pt_out - Pt_in) | mean_squared_error: 0.588799
2025-11-14 18:26:04.706 | INFO     | __main__:log_results:113 - Efficiency (Pt_out - Pt_in) | rmse: 0.767333
2025-11-14 18:26:04.706 | INFO     | __main__:log_results:113 - Efficiency (Pt_out - Pt_in) | mean_squared_log_error: 0.000138
2025-11-14 18:26:04.707 | INFO     | __main__:log_results:113 - Efficiency (Pt_out - Pt_in) | rmsle: 0.011732
2025-11-14 18:26:04.707 | INFO     | __main__:log_results:113 - Efficiency (Pt_out - Pt_in) | mean_absolute_percentage_error: 0.007330
2025-11-14 18:26:04.707 | INFO     | __main__:log_results:113 - Efficiency (Pt_out - Pt_in) | max_error: 3.357164
2025-11-14 18:26:04.707 | INFO     | __main__:log_results:113 - Efficiency (Pt_out - Pt_in) | mean_pinball_loss(alpha=0.5): 0.260387
2025-11-14 18:26:04.707 | INFO     | __main__:log_results:113 - Efficiency (Pt_out - Pt_in) | mean_poisson_deviance: 0.008966
2025-11-14 18:26:04.707 | INFO     | __main__:log_results:113 - Efficiency (Pt_out - Pt_in) | mean_gamma_deviance: 0.000141
2025-11-14 18:26:04.707 | INFO     | __main__:log_results:113 - Efficiency (Pt_out - Pt_in) | mean_tweedie_deviance(power=0.0): 0.588799
