2025-11-14 21:09:28.064 | INFO     | __main__:log_results:110 - num_trainval: 300
2025-11-14 21:09:28.064 | INFO     | __main__:log_results:110 - is_random_sample: True
2025-11-14 21:09:28.064 | INFO     | __main__:log_results:110 - which_FeatureAugmentation: 3
2025-11-14 21:09:28.064 | INFO     | __main__:log_results:110 - FeatureAugmentation_Runs: 2
2025-11-14 21:09:28.064 | INFO     | __main__:log_results:110 - x_transformer_type: standardize
2025-11-14 21:09:28.064 | INFO     | __main__:log_results:110 - y_transformer_type: standardize
2025-11-14 21:09:28.064 | INFO     | __main__:log_results:110 - num_trainval_slice: 40
2025-11-14 21:09:28.064 | INFO     | __main__:log_results:110 - EPOCH: 500
2025-11-14 21:09:28.064 | INFO     | __main__:log_results:110 - exp_name: DGP05_SciGP_Far2_v2
2025-11-14 21:09:28.065 | INFO     | __main__:log_results:110 - random_round_num: 1
2025-11-14 21:09:28.065 | INFO     | __main__:log_results:113 - Pt_in [Pa] | explained_variance_score: 0.788565
2025-11-14 21:09:28.065 | INFO     | __main__:log_results:113 - Pt_in [Pa] | r2_score: 0.788514
2025-11-14 21:09:28.065 | INFO     | __main__:log_results:113 - Pt_in [Pa] | d2_absolute_error_score: 0.560505
2025-11-14 21:09:28.065 | INFO     | __main__:log_results:113 - Pt_in [Pa] | d2_pinball_score: 0.560505
2025-11-14 21:09:28.065 | INFO     | __main__:log_results:113 - Pt_in [Pa] | d2_tweedie_score: 0.788514
2025-11-14 21:09:28.065 | INFO     | __main__:log_results:113 - Pt_in [Pa] | mean_absolute_error: 0.357014
2025-11-14 21:09:28.065 | INFO     | __main__:log_results:113 - Pt_in [Pa] | median_absolute_error: 0.221323
2025-11-14 21:09:28.065 | INFO     | __main__:log_results:113 - Pt_in [Pa] | mean_squared_error: 0.279329
2025-11-14 21:09:28.065 | INFO     | __main__:log_results:113 - Pt_in [Pa] | rmse: 0.528516
2025-11-14 21:09:28.065 | INFO     | __main__:log_results:113 - Pt_in [Pa] | mean_squared_log_error: 0.056230
2025-11-14 21:09:28.065 | INFO     | __main__:log_results:113 - Pt_in [Pa] | rmsle: 0.237129
2025-11-14 21:09:28.065 | INFO     | __main__:log_results:113 - Pt_in [Pa] | mean_absolute_percentage_error: 0.398824
2025-11-14 21:09:28.065 | INFO     | __main__:log_results:113 - Pt_in [Pa] | max_error: 2.304042
2025-11-14 21:09:28.065 | INFO     | __main__:log_results:113 - Pt_in [Pa] | mean_pinball_loss(alpha=0.5): 0.178507
2025-11-14 21:09:28.065 | INFO     | __main__:log_results:113 - Pt_in [Pa] | mean_poisson_deviance: 0.266154
2025-11-14 21:09:28.065 | INFO     | __main__:log_results:113 - Pt_in [Pa] | mean_gamma_deviance: 0.562448
2025-11-14 21:09:28.065 | INFO     | __main__:log_results:113 - Pt_in [Pa] | mean_tweedie_deviance(power=0.0): 0.279329
2025-11-14 21:09:28.065 | INFO     | __main__:log_results:113 - Pt_out [Pa] | explained_variance_score: 1.000000
2025-11-14 21:09:28.065 | INFO     | __main__:log_results:113 - Pt_out [Pa] | r2_score: 1.000000
2025-11-14 21:09:28.066 | INFO     | __main__:log_results:113 - Pt_out [Pa] | d2_absolute_error_score: 0.999982
2025-11-14 21:09:28.066 | INFO     | __main__:log_results:113 - Pt_out [Pa] | d2_pinball_score: 0.999982
2025-11-14 21:09:28.066 | INFO     | __main__:log_results:113 - Pt_out [Pa] | d2_tweedie_score: 1.000000
2025-11-14 21:09:28.066 | INFO     | __main__:log_results:113 - Pt_out [Pa] | mean_absolute_error: 0.459201
2025-11-14 21:09:28.066 | INFO     | __main__:log_results:113 - Pt_out [Pa] | median_absolute_error: 0.359323
2025-11-14 21:09:28.066 | INFO     | __main__:log_results:113 - Pt_out [Pa] | mean_squared_error: 0.358196
2025-11-14 21:09:28.066 | INFO     | __main__:log_results:113 - Pt_out [Pa] | rmse: 0.598495
2025-11-14 21:09:28.066 | INFO     | __main__:log_results:113 - Pt_out [Pa] | mean_squared_log_error: 0.000000
2025-11-14 21:09:28.066 | INFO     | __main__:log_results:113 - Pt_out [Pa] | rmsle: 0.000017
2025-11-14 21:09:28.066 | INFO     | __main__:log_results:113 - Pt_out [Pa] | mean_absolute_percentage_error: 0.000011
2025-11-14 21:09:28.066 | INFO     | __main__:log_results:113 - Pt_out [Pa] | max_error: 1.861464
2025-11-14 21:09:28.066 | INFO     | __main__:log_results:113 - Pt_out [Pa] | mean_pinball_loss(alpha=0.5): 0.229600
2025-11-14 21:09:28.066 | INFO     | __main__:log_results:113 - Pt_out [Pa] | mean_poisson_deviance: 0.000009
2025-11-14 21:09:28.066 | INFO     | __main__:log_results:113 - Pt_out [Pa] | mean_gamma_deviance: 0.000000
2025-11-14 21:09:28.066 | INFO     | __main__:log_results:113 - Pt_out [Pa] | mean_tweedie_deviance(power=0.0): 0.358196
2025-11-14 21:09:28.066 | INFO     | __main__:log_results:113 - Torque [N m] | explained_variance_score: 0.999819
2025-11-14 21:09:28.066 | INFO     | __main__:log_results:113 - Torque [N m] | r2_score: 0.999819
2025-11-14 21:09:28.066 | INFO     | __main__:log_results:113 - Torque [N m] | d2_absolute_error_score: 0.987340
2025-11-14 21:09:28.066 | INFO     | __main__:log_results:113 - Torque [N m] | d2_pinball_score: 0.987340
2025-11-14 21:09:28.066 | INFO     | __main__:log_results:113 - Torque [N m] | d2_tweedie_score: 0.999819
2025-11-14 21:09:28.066 | INFO     | __main__:log_results:113 - Torque [N m] | mean_absolute_error: 0.023827
2025-11-14 21:09:28.067 | INFO     | __main__:log_results:113 - Torque [N m] | median_absolute_error: 0.015333
2025-11-14 21:09:28.067 | INFO     | __main__:log_results:113 - Torque [N m] | mean_squared_error: 0.001056
2025-11-14 21:09:28.067 | INFO     | __main__:log_results:113 - Torque [N m] | rmse: 0.032498
2025-11-14 21:09:28.067 | INFO     | __main__:log_results:113 - Torque [N m] | mean_squared_log_error: 0.000044
2025-11-14 21:09:28.067 | INFO     | __main__:log_results:113 - Torque [N m] | rmsle: 0.006654
2025-11-14 21:09:28.067 | INFO     | __main__:log_results:113 - Torque [N m] | mean_absolute_percentage_error: 0.006641
2025-11-14 21:09:28.067 | INFO     | __main__:log_results:113 - Torque [N m] | max_error: 0.127726
2025-11-14 21:09:28.067 | INFO     | __main__:log_results:113 - Torque [N m] | mean_pinball_loss(alpha=0.5): 0.011914
2025-11-14 21:09:28.067 | INFO     | __main__:log_results:113 - Torque [N m] | mean_poisson_deviance: 0.000260
2025-11-14 21:09:28.067 | INFO     | __main__:log_results:113 - Torque [N m] | mean_gamma_deviance: 0.000085
2025-11-14 21:09:28.067 | INFO     | __main__:log_results:113 - Torque [N m] | mean_tweedie_deviance(power=0.0): 0.001056
2025-11-14 21:09:28.067 | INFO     | __main__:log_results:113 - Efficiency [%] | explained_variance_score: 0.997274
2025-11-14 21:09:28.067 | INFO     | __main__:log_results:113 - Efficiency [%] | r2_score: 0.997273
2025-11-14 21:09:28.067 | INFO     | __main__:log_results:113 - Efficiency [%] | d2_absolute_error_score: 0.953273
2025-11-14 21:09:28.067 | INFO     | __main__:log_results:113 - Efficiency [%] | d2_pinball_score: 0.953273
2025-11-14 21:09:28.067 | INFO     | __main__:log_results:113 - Efficiency [%] | d2_tweedie_score: 0.997273
2025-11-14 21:09:28.067 | INFO     | __main__:log_results:113 - Efficiency [%] | mean_absolute_error: 0.535214
2025-11-14 21:09:28.067 | INFO     | __main__:log_results:113 - Efficiency [%] | median_absolute_error: 0.401733
2025-11-14 21:09:28.067 | INFO     | __main__:log_results:113 - Efficiency [%] | mean_squared_error: 0.522238
2025-11-14 21:09:28.067 | INFO     | __main__:log_results:113 - Efficiency [%] | rmse: 0.722660
2025-11-14 21:09:28.067 | INFO     | __main__:log_results:113 - Efficiency [%] | mean_squared_log_error: 0.000102
2025-11-14 21:09:28.068 | INFO     | __main__:log_results:113 - Efficiency [%] | rmsle: 0.010084
2025-11-14 21:09:28.068 | INFO     | __main__:log_results:113 - Efficiency [%] | mean_absolute_percentage_error: 0.007196
2025-11-14 21:09:28.068 | INFO     | __main__:log_results:113 - Efficiency [%] | max_error: 2.097874
2025-11-14 21:09:28.068 | INFO     | __main__:log_results:113 - Efficiency [%] | mean_pinball_loss(alpha=0.5): 0.267607
2025-11-14 21:09:28.068 | INFO     | __main__:log_results:113 - Efficiency [%] | mean_poisson_deviance: 0.007210
2025-11-14 21:09:28.068 | INFO     | __main__:log_results:113 - Efficiency [%] | mean_gamma_deviance: 0.000105
2025-11-14 21:09:28.068 | INFO     | __main__:log_results:113 - Efficiency [%] | mean_tweedie_deviance(power=0.0): 0.522238
2025-11-14 21:09:28.068 | INFO     | __main__:log_results:113 - Efficiency (Pt_out - Pt_in) | explained_variance_score: 0.997644
2025-11-14 21:09:28.068 | INFO     | __main__:log_results:113 - Efficiency (Pt_out - Pt_in) | r2_score: 0.997644
2025-11-14 21:09:28.068 | INFO     | __main__:log_results:113 - Efficiency (Pt_out - Pt_in) | d2_absolute_error_score: 0.955997
2025-11-14 21:09:28.068 | INFO     | __main__:log_results:113 - Efficiency (Pt_out - Pt_in) | d2_pinball_score: 0.955997
2025-11-14 21:09:28.068 | INFO     | __main__:log_results:113 - Efficiency (Pt_out - Pt_in) | d2_tweedie_score: 0.997644
2025-11-14 21:09:28.068 | INFO     | __main__:log_results:113 - Efficiency (Pt_out - Pt_in) | mean_absolute_error: 0.504104
2025-11-14 21:09:28.068 | INFO     | __main__:log_results:113 - Efficiency (Pt_out - Pt_in) | median_absolute_error: 0.347200
2025-11-14 21:09:28.068 | INFO     | __main__:log_results:113 - Efficiency (Pt_out - Pt_in) | mean_squared_error: 0.450347
2025-11-14 21:09:28.068 | INFO     | __main__:log_results:113 - Efficiency (Pt_out - Pt_in) | rmse: 0.671079
2025-11-14 21:09:28.068 | INFO     | __main__:log_results:113 - Efficiency (Pt_out - Pt_in) | mean_squared_log_error: 0.000082
2025-11-14 21:09:28.068 | INFO     | __main__:log_results:113 - Efficiency (Pt_out - Pt_in) | rmsle: 0.009054
2025-11-14 21:09:28.068 | INFO     | __main__:log_results:113 - Efficiency (Pt_out - Pt_in) | mean_absolute_percentage_error: 0.006652
2025-11-14 21:09:28.069 | INFO     | __main__:log_results:113 - Efficiency (Pt_out - Pt_in) | max_error: 1.998257
2025-11-14 21:09:28.069 | INFO     | __main__:log_results:113 - Efficiency (Pt_out - Pt_in) | mean_pinball_loss(alpha=0.5): 0.252052
2025-11-14 21:09:28.069 | INFO     | __main__:log_results:113 - Efficiency (Pt_out - Pt_in) | mean_poisson_deviance: 0.006007
2025-11-14 21:09:28.069 | INFO     | __main__:log_results:113 - Efficiency (Pt_out - Pt_in) | mean_gamma_deviance: 0.000084
2025-11-14 21:09:28.069 | INFO     | __main__:log_results:113 - Efficiency (Pt_out - Pt_in) | mean_tweedie_deviance(power=0.0): 0.450347
