2025-11-14 20:56:55.328 | INFO     | __main__:log_results:110 - num_trainval: 50
2025-11-14 20:56:55.328 | INFO     | __main__:log_results:110 - is_random_sample: True
2025-11-14 20:56:55.328 | INFO     | __main__:log_results:110 - which_FeatureAugmentation: 3
2025-11-14 20:56:55.328 | INFO     | __main__:log_results:110 - FeatureAugmentation_Runs: 2
2025-11-14 20:56:55.328 | INFO     | __main__:log_results:110 - x_transformer_type: standardize
2025-11-14 20:56:55.328 | INFO     | __main__:log_results:110 - y_transformer_type: standardize
2025-11-14 20:56:55.328 | INFO     | __main__:log_results:110 - num_trainval_slice: 40
2025-11-14 20:56:55.328 | INFO     | __main__:log_results:110 - EPOCH: 500
2025-11-14 20:56:55.329 | INFO     | __main__:log_results:110 - exp_name: DGP05_SciGP_Far2_v2
2025-11-14 20:56:55.329 | INFO     | __main__:log_results:110 - random_round_num: 3
2025-11-14 20:56:55.329 | INFO     | __main__:log_results:113 - Pt_in [Pa] | explained_variance_score: 0.221519
2025-11-14 20:56:55.329 | INFO     | __main__:log_results:113 - Pt_in [Pa] | r2_score: 0.209979
2025-11-14 20:56:55.329 | INFO     | __main__:log_results:113 - Pt_in [Pa] | d2_absolute_error_score: 0.041773
2025-11-14 20:56:55.329 | INFO     | __main__:log_results:113 - Pt_in [Pa] | d2_pinball_score: 0.041773
2025-11-14 20:56:55.329 | INFO     | __main__:log_results:113 - Pt_in [Pa] | d2_tweedie_score: 0.209979
2025-11-14 20:56:55.329 | INFO     | __main__:log_results:113 - Pt_in [Pa] | mean_absolute_error: 0.623001
2025-11-14 20:56:55.329 | INFO     | __main__:log_results:113 - Pt_in [Pa] | median_absolute_error: 0.541966
2025-11-14 20:56:55.329 | INFO     | __main__:log_results:113 - Pt_in [Pa] | mean_squared_error: 0.642823
2025-11-14 20:56:55.329 | INFO     | __main__:log_results:113 - Pt_in [Pa] | rmse: 0.801762
2025-11-14 20:56:55.329 | INFO     | __main__:log_results:113 - Pt_in [Pa] | mean_squared_log_error: 0.114921
2025-11-14 20:56:55.329 | INFO     | __main__:log_results:113 - Pt_in [Pa] | rmsle: 0.338999
2025-11-14 20:56:55.329 | INFO     | __main__:log_results:113 - Pt_in [Pa] | mean_absolute_percentage_error: 0.766919
2025-11-14 20:56:55.329 | INFO     | __main__:log_results:113 - Pt_in [Pa] | max_error: 2.466692
2025-11-14 20:56:55.329 | INFO     | __main__:log_results:113 - Pt_in [Pa] | mean_pinball_loss(alpha=0.5): 0.311501
2025-11-14 20:56:55.329 | INFO     | __main__:log_results:113 - Pt_in [Pa] | mean_poisson_deviance: nan
2025-11-14 20:56:55.330 | INFO     | __main__:log_results:113 - Pt_in [Pa] | mean_gamma_deviance: nan
2025-11-14 20:56:55.330 | INFO     | __main__:log_results:113 - Pt_in [Pa] | mean_tweedie_deviance(power=0.0): 0.642823
2025-11-14 20:56:55.330 | INFO     | __main__:log_results:113 - Pt_out [Pa] | explained_variance_score: 1.000000
2025-11-14 20:56:55.330 | INFO     | __main__:log_results:113 - Pt_out [Pa] | r2_score: 1.000000
2025-11-14 20:56:55.330 | INFO     | __main__:log_results:113 - Pt_out [Pa] | d2_absolute_error_score: 0.999971
2025-11-14 20:56:55.330 | INFO     | __main__:log_results:113 - Pt_out [Pa] | d2_pinball_score: 0.999971
2025-11-14 20:56:55.330 | INFO     | __main__:log_results:113 - Pt_out [Pa] | d2_tweedie_score: 1.000000
2025-11-14 20:56:55.330 | INFO     | __main__:log_results:113 - Pt_out [Pa] | mean_absolute_error: 0.744073
2025-11-14 20:56:55.330 | INFO     | __main__:log_results:113 - Pt_out [Pa] | median_absolute_error: 0.583785
2025-11-14 20:56:55.330 | INFO     | __main__:log_results:113 - Pt_out [Pa] | mean_squared_error: 1.011909
2025-11-14 20:56:55.330 | INFO     | __main__:log_results:113 - Pt_out [Pa] | rmse: 1.005937
2025-11-14 20:56:55.330 | INFO     | __main__:log_results:113 - Pt_out [Pa] | mean_squared_log_error: 0.000000
2025-11-14 20:56:55.333 | INFO     | __main__:log_results:113 - Pt_out [Pa] | rmsle: 0.000031
2025-11-14 20:56:55.334 | INFO     | __main__:log_results:113 - Pt_out [Pa] | mean_absolute_percentage_error: 0.000019
2025-11-14 20:56:55.334 | INFO     | __main__:log_results:113 - Pt_out [Pa] | max_error: 3.625761
2025-11-14 20:56:55.334 | INFO     | __main__:log_results:113 - Pt_out [Pa] | mean_pinball_loss(alpha=0.5): 0.372036
2025-11-14 20:56:55.334 | INFO     | __main__:log_results:113 - Pt_out [Pa] | mean_poisson_deviance: 0.000026
2025-11-14 20:56:55.334 | INFO     | __main__:log_results:113 - Pt_out [Pa] | mean_gamma_deviance: 0.000000
2025-11-14 20:56:55.334 | INFO     | __main__:log_results:113 - Pt_out [Pa] | mean_tweedie_deviance(power=0.0): 1.011909
2025-11-14 20:56:55.334 | INFO     | __main__:log_results:113 - Torque [N m] | explained_variance_score: 0.998805
2025-11-14 20:56:55.334 | INFO     | __main__:log_results:113 - Torque [N m] | r2_score: 0.998805
2025-11-14 20:56:55.334 | INFO     | __main__:log_results:113 - Torque [N m] | d2_absolute_error_score: 0.968828
2025-11-14 20:56:55.334 | INFO     | __main__:log_results:113 - Torque [N m] | d2_pinball_score: 0.968828
2025-11-14 20:56:55.334 | INFO     | __main__:log_results:113 - Torque [N m] | d2_tweedie_score: 0.998805
2025-11-14 20:56:55.334 | INFO     | __main__:log_results:113 - Torque [N m] | mean_absolute_error: 0.059728
2025-11-14 20:56:55.334 | INFO     | __main__:log_results:113 - Torque [N m] | median_absolute_error: 0.035141
2025-11-14 20:56:55.334 | INFO     | __main__:log_results:113 - Torque [N m] | mean_squared_error: 0.007127
2025-11-14 20:56:55.334 | INFO     | __main__:log_results:113 - Torque [N m] | rmse: 0.084420
2025-11-14 20:56:55.334 | INFO     | __main__:log_results:113 - Torque [N m] | mean_squared_log_error: 0.000377
2025-11-14 20:56:55.334 | INFO     | __main__:log_results:113 - Torque [N m] | rmsle: 0.019420
2025-11-14 20:56:55.335 | INFO     | __main__:log_results:113 - Torque [N m] | mean_absolute_percentage_error: 0.017761
2025-11-14 20:56:55.335 | INFO     | __main__:log_results:113 - Torque [N m] | max_error: 0.254373
2025-11-14 20:56:55.335 | INFO     | __main__:log_results:113 - Torque [N m] | mean_pinball_loss(alpha=0.5): 0.029864
2025-11-14 20:56:55.335 | INFO     | __main__:log_results:113 - Torque [N m] | mean_poisson_deviance: 0.002053
2025-11-14 20:56:55.335 | INFO     | __main__:log_results:113 - Torque [N m] | mean_gamma_deviance: 0.000725
2025-11-14 20:56:55.335 | INFO     | __main__:log_results:113 - Torque [N m] | mean_tweedie_deviance(power=0.0): 0.007127
2025-11-14 20:56:55.335 | INFO     | __main__:log_results:113 - Efficiency [%] | explained_variance_score: 0.980182
2025-11-14 20:56:55.335 | INFO     | __main__:log_results:113 - Efficiency [%] | r2_score: 0.977590
2025-11-14 20:56:55.335 | INFO     | __main__:log_results:113 - Efficiency [%] | d2_absolute_error_score: 0.884664
2025-11-14 20:56:55.335 | INFO     | __main__:log_results:113 - Efficiency [%] | d2_pinball_score: 0.884664
2025-11-14 20:56:55.335 | INFO     | __main__:log_results:113 - Efficiency [%] | d2_tweedie_score: 0.977590
2025-11-14 20:56:55.335 | INFO     | __main__:log_results:113 - Efficiency [%] | mean_absolute_error: 1.234740
2025-11-14 20:56:55.335 | INFO     | __main__:log_results:113 - Efficiency [%] | median_absolute_error: 0.747062
2025-11-14 20:56:55.335 | INFO     | __main__:log_results:113 - Efficiency [%] | mean_squared_error: 3.584376
2025-11-14 20:56:55.335 | INFO     | __main__:log_results:113 - Efficiency [%] | rmse: 1.893245
2025-11-14 20:56:55.335 | INFO     | __main__:log_results:113 - Efficiency [%] | mean_squared_log_error: 0.000887
2025-11-14 20:56:55.335 | INFO     | __main__:log_results:113 - Efficiency [%] | rmsle: 0.029789
2025-11-14 20:56:55.335 | INFO     | __main__:log_results:113 - Efficiency [%] | mean_absolute_percentage_error: 0.017743
2025-11-14 20:56:55.336 | INFO     | __main__:log_results:113 - Efficiency [%] | max_error: 6.964124
2025-11-14 20:56:55.336 | INFO     | __main__:log_results:113 - Efficiency [%] | mean_pinball_loss(alpha=0.5): 0.617370
2025-11-14 20:56:55.336 | INFO     | __main__:log_results:113 - Efficiency [%] | mean_poisson_deviance: 0.057572
2025-11-14 20:56:55.336 | INFO     | __main__:log_results:113 - Efficiency [%] | mean_gamma_deviance: 0.000940
2025-11-14 20:56:55.336 | INFO     | __main__:log_results:113 - Efficiency [%] | mean_tweedie_deviance(power=0.0): 3.584376
2025-11-14 20:56:55.336 | INFO     | __main__:log_results:113 - Efficiency (Pt_out - Pt_in) | explained_variance_score: 0.982487
2025-11-14 20:56:55.336 | INFO     | __main__:log_results:113 - Efficiency (Pt_out - Pt_in) | r2_score: 0.982382
2025-11-14 20:56:55.336 | INFO     | __main__:log_results:113 - Efficiency (Pt_out - Pt_in) | d2_absolute_error_score: 0.888973
2025-11-14 20:56:55.336 | INFO     | __main__:log_results:113 - Efficiency (Pt_out - Pt_in) | d2_pinball_score: 0.888973
2025-11-14 20:56:55.336 | INFO     | __main__:log_results:113 - Efficiency (Pt_out - Pt_in) | d2_tweedie_score: 0.982382
2025-11-14 20:56:55.336 | INFO     | __main__:log_results:113 - Efficiency (Pt_out - Pt_in) | mean_absolute_error: 1.232011
2025-11-14 20:56:55.336 | INFO     | __main__:log_results:113 - Efficiency (Pt_out - Pt_in) | median_absolute_error: 0.786060
2025-11-14 20:56:55.336 | INFO     | __main__:log_results:113 - Efficiency (Pt_out - Pt_in) | mean_squared_error: 3.050684
2025-11-14 20:56:55.336 | INFO     | __main__:log_results:113 - Efficiency (Pt_out - Pt_in) | rmse: 1.746621
2025-11-14 20:56:55.337 | INFO     | __main__:log_results:113 - Efficiency (Pt_out - Pt_in) | mean_squared_log_error: 0.000710
2025-11-14 20:56:55.337 | INFO     | __main__:log_results:113 - Efficiency (Pt_out - Pt_in) | rmsle: 0.026645
2025-11-14 20:56:55.337 | INFO     | __main__:log_results:113 - Efficiency (Pt_out - Pt_in) | mean_absolute_percentage_error: 0.017451
2025-11-14 20:56:55.337 | INFO     | __main__:log_results:113 - Efficiency (Pt_out - Pt_in) | max_error: 5.134830
2025-11-14 20:56:55.337 | INFO     | __main__:log_results:113 - Efficiency (Pt_out - Pt_in) | mean_pinball_loss(alpha=0.5): 0.616005
2025-11-14 20:56:55.337 | INFO     | __main__:log_results:113 - Efficiency (Pt_out - Pt_in) | mean_poisson_deviance: 0.046919
2025-11-14 20:56:55.337 | INFO     | __main__:log_results:113 - Efficiency (Pt_out - Pt_in) | mean_gamma_deviance: 0.000741
2025-11-14 20:56:55.337 | INFO     | __main__:log_results:113 - Efficiency (Pt_out - Pt_in) | mean_tweedie_deviance(power=0.0): 3.050684
