2025-11-14 20:56:46.826 | INFO     | __main__:log_results:110 - num_trainval: 30
2025-11-14 20:56:46.826 | INFO     | __main__:log_results:110 - is_random_sample: True
2025-11-14 20:56:46.826 | INFO     | __main__:log_results:110 - which_FeatureAugmentation: 3
2025-11-14 20:56:46.827 | INFO     | __main__:log_results:110 - FeatureAugmentation_Runs: 2
2025-11-14 20:56:46.827 | INFO     | __main__:log_results:110 - x_transformer_type: standardize
2025-11-14 20:56:46.827 | INFO     | __main__:log_results:110 - y_transformer_type: standardize
2025-11-14 20:56:46.828 | INFO     | __main__:log_results:110 - num_trainval_slice: 40
2025-11-14 20:56:46.828 | INFO     | __main__:log_results:110 - EPOCH: 500
2025-11-14 20:56:46.828 | INFO     | __main__:log_results:110 - exp_name: DGP05_SciGP_Far2_v2
2025-11-14 20:56:46.828 | INFO     | __main__:log_results:110 - random_round_num: 5
2025-11-14 20:56:46.829 | INFO     | __main__:log_results:113 - Pt_in [Pa] | explained_variance_score: 0.417438
2025-11-14 20:56:46.829 | INFO     | __main__:log_results:113 - Pt_in [Pa] | r2_score: 0.335618
2025-11-14 20:56:46.829 | INFO     | __main__:log_results:113 - Pt_in [Pa] | d2_absolute_error_score: 0.087245
2025-11-14 20:56:46.829 | INFO     | __main__:log_results:113 - Pt_in [Pa] | d2_pinball_score: 0.087245
2025-11-14 20:56:46.829 | INFO     | __main__:log_results:113 - Pt_in [Pa] | d2_tweedie_score: 0.335618
2025-11-14 20:56:46.830 | INFO     | __main__:log_results:113 - Pt_in [Pa] | mean_absolute_error: 0.723897
2025-11-14 20:56:46.830 | INFO     | __main__:log_results:113 - Pt_in [Pa] | median_absolute_error: 0.610804
2025-11-14 20:56:46.830 | INFO     | __main__:log_results:113 - Pt_in [Pa] | mean_squared_error: 0.772342
2025-11-14 20:56:46.830 | INFO     | __main__:log_results:113 - Pt_in [Pa] | rmse: 0.878830
2025-11-14 20:56:46.830 | INFO     | __main__:log_results:113 - Pt_in [Pa] | mean_squared_log_error: 0.155730
2025-11-14 20:56:46.830 | INFO     | __main__:log_results:113 - Pt_in [Pa] | rmsle: 0.394627
2025-11-14 20:56:46.830 | INFO     | __main__:log_results:113 - Pt_in [Pa] | mean_absolute_percentage_error: 0.647985
2025-11-14 20:56:46.831 | INFO     | __main__:log_results:113 - Pt_in [Pa] | max_error: 2.234192
2025-11-14 20:56:46.831 | INFO     | __main__:log_results:113 - Pt_in [Pa] | mean_pinball_loss(alpha=0.5): 0.361948
2025-11-14 20:56:46.831 | INFO     | __main__:log_results:113 - Pt_in [Pa] | mean_poisson_deviance: nan
2025-11-14 20:56:46.831 | INFO     | __main__:log_results:113 - Pt_in [Pa] | mean_gamma_deviance: nan
2025-11-14 20:56:46.831 | INFO     | __main__:log_results:113 - Pt_in [Pa] | mean_tweedie_deviance(power=0.0): 0.772342
2025-11-14 20:56:46.831 | INFO     | __main__:log_results:113 - Pt_out [Pa] | explained_variance_score: 1.000000
2025-11-14 20:56:46.831 | INFO     | __main__:log_results:113 - Pt_out [Pa] | r2_score: 1.000000
2025-11-14 20:56:46.832 | INFO     | __main__:log_results:113 - Pt_out [Pa] | d2_absolute_error_score: 0.999905
2025-11-14 20:56:46.832 | INFO     | __main__:log_results:113 - Pt_out [Pa] | d2_pinball_score: 0.999905
2025-11-14 20:56:46.832 | INFO     | __main__:log_results:113 - Pt_out [Pa] | d2_tweedie_score: 1.000000
2025-11-14 20:56:46.832 | INFO     | __main__:log_results:113 - Pt_out [Pa] | mean_absolute_error: 2.406769
2025-11-14 20:56:46.832 | INFO     | __main__:log_results:113 - Pt_out [Pa] | median_absolute_error: 1.513932
2025-11-14 20:56:46.832 | INFO     | __main__:log_results:113 - Pt_out [Pa] | mean_squared_error: 11.889826
2025-11-14 20:56:46.833 | INFO     | __main__:log_results:113 - Pt_out [Pa] | rmse: 3.448163
2025-11-14 20:56:46.833 | INFO     | __main__:log_results:113 - Pt_out [Pa] | mean_squared_log_error: 0.000000
2025-11-14 20:56:46.833 | INFO     | __main__:log_results:113 - Pt_out [Pa] | rmsle: 0.000080
2025-11-14 20:56:46.833 | INFO     | __main__:log_results:113 - Pt_out [Pa] | mean_absolute_percentage_error: 0.000053
2025-11-14 20:56:46.833 | INFO     | __main__:log_results:113 - Pt_out [Pa] | max_error: 18.031727
2025-11-14 20:56:46.833 | INFO     | __main__:log_results:113 - Pt_out [Pa] | mean_pinball_loss(alpha=0.5): 1.203385
2025-11-14 20:56:46.834 | INFO     | __main__:log_results:113 - Pt_out [Pa] | mean_poisson_deviance: 0.000228
2025-11-14 20:56:46.834 | INFO     | __main__:log_results:113 - Pt_out [Pa] | mean_gamma_deviance: 0.000000
2025-11-14 20:56:46.834 | INFO     | __main__:log_results:113 - Pt_out [Pa] | mean_tweedie_deviance(power=0.0): 11.889826
2025-11-14 20:56:46.834 | INFO     | __main__:log_results:113 - Torque [N m] | explained_variance_score: 0.998823
2025-11-14 20:56:46.834 | INFO     | __main__:log_results:113 - Torque [N m] | r2_score: 0.998810
2025-11-14 20:56:46.835 | INFO     | __main__:log_results:113 - Torque [N m] | d2_absolute_error_score: 0.967799
2025-11-14 20:56:46.835 | INFO     | __main__:log_results:113 - Torque [N m] | d2_pinball_score: 0.967799
2025-11-14 20:56:46.835 | INFO     | __main__:log_results:113 - Torque [N m] | d2_tweedie_score: 0.998810
2025-11-14 20:56:46.835 | INFO     | __main__:log_results:113 - Torque [N m] | mean_absolute_error: 0.060891
2025-11-14 20:56:46.835 | INFO     | __main__:log_results:113 - Torque [N m] | median_absolute_error: 0.041579
2025-11-14 20:56:46.835 | INFO     | __main__:log_results:113 - Torque [N m] | mean_squared_error: 0.007128
2025-11-14 20:56:46.835 | INFO     | __main__:log_results:113 - Torque [N m] | rmse: 0.084429
2025-11-14 20:56:46.836 | INFO     | __main__:log_results:113 - Torque [N m] | mean_squared_log_error: 0.000282
2025-11-14 20:56:46.836 | INFO     | __main__:log_results:113 - Torque [N m] | rmsle: 0.016784
2025-11-14 20:56:46.836 | INFO     | __main__:log_results:113 - Torque [N m] | mean_absolute_percentage_error: 0.016814
2025-11-14 20:56:46.836 | INFO     | __main__:log_results:113 - Torque [N m] | max_error: 0.351120
2025-11-14 20:56:46.836 | INFO     | __main__:log_results:113 - Torque [N m] | mean_pinball_loss(alpha=0.5): 0.030445
2025-11-14 20:56:46.836 | INFO     | __main__:log_results:113 - Torque [N m] | mean_poisson_deviance: 0.001647
2025-11-14 20:56:46.836 | INFO     | __main__:log_results:113 - Torque [N m] | mean_gamma_deviance: 0.000555
2025-11-14 20:56:46.837 | INFO     | __main__:log_results:113 - Torque [N m] | mean_tweedie_deviance(power=0.0): 0.007128
2025-11-14 20:56:46.837 | INFO     | __main__:log_results:113 - Efficiency [%] | explained_variance_score: 0.972527
2025-11-14 20:56:46.837 | INFO     | __main__:log_results:113 - Efficiency [%] | r2_score: 0.971011
2025-11-14 20:56:46.837 | INFO     | __main__:log_results:113 - Efficiency [%] | d2_absolute_error_score: 0.852831
2025-11-14 20:56:46.837 | INFO     | __main__:log_results:113 - Efficiency [%] | d2_pinball_score: 0.852831
2025-11-14 20:56:46.837 | INFO     | __main__:log_results:113 - Efficiency [%] | d2_tweedie_score: 0.971011
2025-11-14 20:56:46.838 | INFO     | __main__:log_results:113 - Efficiency [%] | mean_absolute_error: 1.648153
2025-11-14 20:56:46.838 | INFO     | __main__:log_results:113 - Efficiency [%] | median_absolute_error: 1.293488
2025-11-14 20:56:46.838 | INFO     | __main__:log_results:113 - Efficiency [%] | mean_squared_error: 5.330313
2025-11-14 20:56:46.838 | INFO     | __main__:log_results:113 - Efficiency [%] | rmse: 2.308747
2025-11-14 20:56:46.838 | INFO     | __main__:log_results:113 - Efficiency [%] | mean_squared_log_error: 0.000944
2025-11-14 20:56:46.838 | INFO     | __main__:log_results:113 - Efficiency [%] | rmsle: 0.030722
2025-11-14 20:56:46.839 | INFO     | __main__:log_results:113 - Efficiency [%] | mean_absolute_percentage_error: 0.022184
2025-11-14 20:56:46.839 | INFO     | __main__:log_results:113 - Efficiency [%] | max_error: 8.595599
2025-11-14 20:56:46.839 | INFO     | __main__:log_results:113 - Efficiency [%] | mean_pinball_loss(alpha=0.5): 0.824077
2025-11-14 20:56:46.839 | INFO     | __main__:log_results:113 - Efficiency [%] | mean_poisson_deviance: 0.070636
2025-11-14 20:56:46.839 | INFO     | __main__:log_results:113 - Efficiency [%] | mean_gamma_deviance: 0.000964
2025-11-14 20:56:46.839 | INFO     | __main__:log_results:113 - Efficiency [%] | mean_tweedie_deviance(power=0.0): 5.330313
2025-11-14 20:56:46.839 | INFO     | __main__:log_results:113 - Efficiency (Pt_out - Pt_in) | explained_variance_score: 0.987895
2025-11-14 20:56:46.840 | INFO     | __main__:log_results:113 - Efficiency (Pt_out - Pt_in) | r2_score: 0.987524
2025-11-14 20:56:46.840 | INFO     | __main__:log_results:113 - Efficiency (Pt_out - Pt_in) | d2_absolute_error_score: 0.895287
2025-11-14 20:56:46.840 | INFO     | __main__:log_results:113 - Efficiency (Pt_out - Pt_in) | d2_pinball_score: 0.895287
2025-11-14 20:56:46.840 | INFO     | __main__:log_results:113 - Efficiency (Pt_out - Pt_in) | d2_tweedie_score: 0.987524
2025-11-14 20:56:46.840 | INFO     | __main__:log_results:113 - Efficiency (Pt_out - Pt_in) | mean_absolute_error: 1.185245
2025-11-14 20:56:46.840 | INFO     | __main__:log_results:113 - Efficiency (Pt_out - Pt_in) | median_absolute_error: 0.958536
2025-11-14 20:56:46.841 | INFO     | __main__:log_results:113 - Efficiency (Pt_out - Pt_in) | mean_squared_error: 2.298552
2025-11-14 20:56:46.841 | INFO     | __main__:log_results:113 - Efficiency (Pt_out - Pt_in) | rmse: 1.516098
2025-11-14 20:56:46.841 | INFO     | __main__:log_results:113 - Efficiency (Pt_out - Pt_in) | mean_squared_log_error: 0.000534
2025-11-14 20:56:46.841 | INFO     | __main__:log_results:113 - Efficiency (Pt_out - Pt_in) | rmsle: 0.023110
2025-11-14 20:56:46.841 | INFO     | __main__:log_results:113 - Efficiency (Pt_out - Pt_in) | mean_absolute_percentage_error: 0.016760
2025-11-14 20:56:46.841 | INFO     | __main__:log_results:113 - Efficiency (Pt_out - Pt_in) | max_error: 4.978391
2025-11-14 20:56:46.842 | INFO     | __main__:log_results:113 - Efficiency (Pt_out - Pt_in) | mean_pinball_loss(alpha=0.5): 0.592623
2025-11-14 20:56:46.842 | INFO     | __main__:log_results:113 - Efficiency (Pt_out - Pt_in) | mean_poisson_deviance: 0.034865
2025-11-14 20:56:46.842 | INFO     | __main__:log_results:113 - Efficiency (Pt_out - Pt_in) | mean_gamma_deviance: 0.000550
2025-11-14 20:56:46.842 | INFO     | __main__:log_results:113 - Efficiency (Pt_out - Pt_in) | mean_tweedie_deviance(power=0.0): 2.298552
