2025-11-14 21:03:36.642 | INFO     | __main__:log_results:110 - num_trainval: 140
2025-11-14 21:03:36.642 | INFO     | __main__:log_results:110 - is_random_sample: True
2025-11-14 21:03:36.642 | INFO     | __main__:log_results:110 - which_FeatureAugmentation: 3
2025-11-14 21:03:36.642 | INFO     | __main__:log_results:110 - FeatureAugmentation_Runs: 2
2025-11-14 21:03:36.642 | INFO     | __main__:log_results:110 - x_transformer_type: standardize
2025-11-14 21:03:36.642 | INFO     | __main__:log_results:110 - y_transformer_type: standardize
2025-11-14 21:03:36.642 | INFO     | __main__:log_results:110 - num_trainval_slice: 40
2025-11-14 21:03:36.643 | INFO     | __main__:log_results:110 - EPOCH: 500
2025-11-14 21:03:36.643 | INFO     | __main__:log_results:110 - exp_name: DGP05_SciGP_Far2_v2
2025-11-14 21:03:36.643 | INFO     | __main__:log_results:110 - random_round_num: 1
2025-11-14 21:03:36.643 | INFO     | __main__:log_results:113 - Pt_in [Pa] | explained_variance_score: 0.504642
2025-11-14 21:03:36.643 | INFO     | __main__:log_results:113 - Pt_in [Pa] | r2_score: 0.503884
2025-11-14 21:03:36.643 | INFO     | __main__:log_results:113 - Pt_in [Pa] | d2_absolute_error_score: 0.188968
2025-11-14 21:03:36.643 | INFO     | __main__:log_results:113 - Pt_in [Pa] | d2_pinball_score: 0.188968
2025-11-14 21:03:36.643 | INFO     | __main__:log_results:113 - Pt_in [Pa] | d2_tweedie_score: 0.503884
2025-11-14 21:03:36.643 | INFO     | __main__:log_results:113 - Pt_in [Pa] | mean_absolute_error: 0.524157
2025-11-14 21:03:36.644 | INFO     | __main__:log_results:113 - Pt_in [Pa] | median_absolute_error: 0.432802
2025-11-14 21:03:36.644 | INFO     | __main__:log_results:113 - Pt_in [Pa] | mean_squared_error: 0.481322
2025-11-14 21:03:36.644 | INFO     | __main__:log_results:113 - Pt_in [Pa] | rmse: 0.693774
2025-11-14 21:03:36.644 | INFO     | __main__:log_results:113 - Pt_in [Pa] | mean_squared_log_error: 0.098970
2025-11-14 21:03:36.644 | INFO     | __main__:log_results:113 - Pt_in [Pa] | rmsle: 0.314595
2025-11-14 21:03:36.644 | INFO     | __main__:log_results:113 - Pt_in [Pa] | mean_absolute_percentage_error: 0.574316
2025-11-14 21:03:36.644 | INFO     | __main__:log_results:113 - Pt_in [Pa] | max_error: 2.738750
2025-11-14 21:03:36.644 | INFO     | __main__:log_results:113 - Pt_in [Pa] | mean_pinball_loss(alpha=0.5): 0.262078
2025-11-14 21:03:36.644 | INFO     | __main__:log_results:113 - Pt_in [Pa] | mean_poisson_deviance: nan
2025-11-14 21:03:36.644 | INFO     | __main__:log_results:113 - Pt_in [Pa] | mean_gamma_deviance: nan
2025-11-14 21:03:36.645 | INFO     | __main__:log_results:113 - Pt_in [Pa] | mean_tweedie_deviance(power=0.0): 0.481322
2025-11-14 21:03:36.645 | INFO     | __main__:log_results:113 - Pt_out [Pa] | explained_variance_score: 1.000000
2025-11-14 21:03:36.645 | INFO     | __main__:log_results:113 - Pt_out [Pa] | r2_score: 1.000000
2025-11-14 21:03:36.645 | INFO     | __main__:log_results:113 - Pt_out [Pa] | d2_absolute_error_score: 0.999979
2025-11-14 21:03:36.645 | INFO     | __main__:log_results:113 - Pt_out [Pa] | d2_pinball_score: 0.999979
2025-11-14 21:03:36.645 | INFO     | __main__:log_results:113 - Pt_out [Pa] | d2_tweedie_score: 1.000000
2025-11-14 21:03:36.645 | INFO     | __main__:log_results:113 - Pt_out [Pa] | mean_absolute_error: 0.521426
2025-11-14 21:03:36.645 | INFO     | __main__:log_results:113 - Pt_out [Pa] | median_absolute_error: 0.439498
2025-11-14 21:03:36.645 | INFO     | __main__:log_results:113 - Pt_out [Pa] | mean_squared_error: 0.435712
2025-11-14 21:03:36.646 | INFO     | __main__:log_results:113 - Pt_out [Pa] | rmse: 0.660084
2025-11-14 21:03:36.646 | INFO     | __main__:log_results:113 - Pt_out [Pa] | mean_squared_log_error: 0.000000
2025-11-14 21:03:36.646 | INFO     | __main__:log_results:113 - Pt_out [Pa] | rmsle: 0.000017
2025-11-14 21:03:36.646 | INFO     | __main__:log_results:113 - Pt_out [Pa] | mean_absolute_percentage_error: 0.000011
2025-11-14 21:03:36.646 | INFO     | __main__:log_results:113 - Pt_out [Pa] | max_error: 2.091376
2025-11-14 21:03:36.646 | INFO     | __main__:log_results:113 - Pt_out [Pa] | mean_pinball_loss(alpha=0.5): 0.260713
2025-11-14 21:03:36.646 | INFO     | __main__:log_results:113 - Pt_out [Pa] | mean_poisson_deviance: 0.000009
2025-11-14 21:03:36.646 | INFO     | __main__:log_results:113 - Pt_out [Pa] | mean_gamma_deviance: 0.000000
2025-11-14 21:03:36.646 | INFO     | __main__:log_results:113 - Pt_out [Pa] | mean_tweedie_deviance(power=0.0): 0.435712
2025-11-14 21:03:36.646 | INFO     | __main__:log_results:113 - Torque [N m] | explained_variance_score: 0.999461
2025-11-14 21:03:36.647 | INFO     | __main__:log_results:113 - Torque [N m] | r2_score: 0.999455
2025-11-14 21:03:36.647 | INFO     | __main__:log_results:113 - Torque [N m] | d2_absolute_error_score: 0.977842
2025-11-14 21:03:36.647 | INFO     | __main__:log_results:113 - Torque [N m] | d2_pinball_score: 0.977842
2025-11-14 21:03:36.647 | INFO     | __main__:log_results:113 - Torque [N m] | d2_tweedie_score: 0.999455
2025-11-14 21:03:36.647 | INFO     | __main__:log_results:113 - Torque [N m] | mean_absolute_error: 0.041935
2025-11-14 21:03:36.647 | INFO     | __main__:log_results:113 - Torque [N m] | median_absolute_error: 0.032424
2025-11-14 21:03:36.647 | INFO     | __main__:log_results:113 - Torque [N m] | mean_squared_error: 0.003219
2025-11-14 21:03:36.647 | INFO     | __main__:log_results:113 - Torque [N m] | rmse: 0.056734
2025-11-14 21:03:36.647 | INFO     | __main__:log_results:113 - Torque [N m] | mean_squared_log_error: 0.000178
2025-11-14 21:03:36.648 | INFO     | __main__:log_results:113 - Torque [N m] | rmsle: 0.013330
2025-11-14 21:03:36.648 | INFO     | __main__:log_results:113 - Torque [N m] | mean_absolute_percentage_error: 0.012527
2025-11-14 21:03:36.648 | INFO     | __main__:log_results:113 - Torque [N m] | max_error: 0.193981
2025-11-14 21:03:36.648 | INFO     | __main__:log_results:113 - Torque [N m] | mean_pinball_loss(alpha=0.5): 0.020967
2025-11-14 21:03:36.648 | INFO     | __main__:log_results:113 - Torque [N m] | mean_poisson_deviance: 0.000964
2025-11-14 21:03:36.648 | INFO     | __main__:log_results:113 - Torque [N m] | mean_gamma_deviance: 0.000335
2025-11-14 21:03:36.648 | INFO     | __main__:log_results:113 - Torque [N m] | mean_tweedie_deviance(power=0.0): 0.003219
2025-11-14 21:03:36.648 | INFO     | __main__:log_results:113 - Efficiency [%] | explained_variance_score: 0.990598
2025-11-14 21:03:36.648 | INFO     | __main__:log_results:113 - Efficiency [%] | r2_score: 0.990586
2025-11-14 21:03:36.649 | INFO     | __main__:log_results:113 - Efficiency [%] | d2_absolute_error_score: 0.923965
2025-11-14 21:03:36.649 | INFO     | __main__:log_results:113 - Efficiency [%] | d2_pinball_score: 0.923965
2025-11-14 21:03:36.649 | INFO     | __main__:log_results:113 - Efficiency [%] | d2_tweedie_score: 0.990586
2025-11-14 21:03:36.649 | INFO     | __main__:log_results:113 - Efficiency [%] | mean_absolute_error: 0.848004
2025-11-14 21:03:36.649 | INFO     | __main__:log_results:113 - Efficiency [%] | median_absolute_error: 0.492206
2025-11-14 21:03:36.649 | INFO     | __main__:log_results:113 - Efficiency [%] | mean_squared_error: 1.660020
2025-11-14 21:03:36.649 | INFO     | __main__:log_results:113 - Efficiency [%] | rmse: 1.288418
2025-11-14 21:03:36.649 | INFO     | __main__:log_results:113 - Efficiency [%] | mean_squared_log_error: 0.000407
2025-11-14 21:03:36.649 | INFO     | __main__:log_results:113 - Efficiency [%] | rmsle: 0.020163
2025-11-14 21:03:36.649 | INFO     | __main__:log_results:113 - Efficiency [%] | mean_absolute_percentage_error: 0.012126
2025-11-14 21:03:36.649 | INFO     | __main__:log_results:113 - Efficiency [%] | max_error: 4.607142
2025-11-14 21:03:36.650 | INFO     | __main__:log_results:113 - Efficiency [%] | mean_pinball_loss(alpha=0.5): 0.424002
2025-11-14 21:03:36.650 | INFO     | __main__:log_results:113 - Efficiency [%] | mean_poisson_deviance: 0.026298
2025-11-14 21:03:36.650 | INFO     | __main__:log_results:113 - Efficiency [%] | mean_gamma_deviance: 0.000426
2025-11-14 21:03:36.650 | INFO     | __main__:log_results:113 - Efficiency [%] | mean_tweedie_deviance(power=0.0): 1.660020
2025-11-14 21:03:36.650 | INFO     | __main__:log_results:113 - Efficiency (Pt_out - Pt_in) | explained_variance_score: 0.992007
2025-11-14 21:03:36.650 | INFO     | __main__:log_results:113 - Efficiency (Pt_out - Pt_in) | r2_score: 0.991886
2025-11-14 21:03:36.650 | INFO     | __main__:log_results:113 - Efficiency (Pt_out - Pt_in) | d2_absolute_error_score: 0.920730
2025-11-14 21:03:36.650 | INFO     | __main__:log_results:113 - Efficiency (Pt_out - Pt_in) | d2_pinball_score: 0.920730
2025-11-14 21:03:36.650 | INFO     | __main__:log_results:113 - Efficiency (Pt_out - Pt_in) | d2_tweedie_score: 0.991886
2025-11-14 21:03:36.651 | INFO     | __main__:log_results:113 - Efficiency (Pt_out - Pt_in) | mean_absolute_error: 0.889824
2025-11-14 21:03:36.651 | INFO     | __main__:log_results:113 - Efficiency (Pt_out - Pt_in) | median_absolute_error: 0.639105
2025-11-14 21:03:36.651 | INFO     | __main__:log_results:113 - Efficiency (Pt_out - Pt_in) | mean_squared_error: 1.451906
2025-11-14 21:03:36.651 | INFO     | __main__:log_results:113 - Efficiency (Pt_out - Pt_in) | rmse: 1.204951
2025-11-14 21:03:36.651 | INFO     | __main__:log_results:113 - Efficiency (Pt_out - Pt_in) | mean_squared_log_error: 0.000326
2025-11-14 21:03:36.651 | INFO     | __main__:log_results:113 - Efficiency (Pt_out - Pt_in) | rmsle: 0.018060
2025-11-14 21:03:36.651 | INFO     | __main__:log_results:113 - Efficiency (Pt_out - Pt_in) | mean_absolute_percentage_error: 0.012466
2025-11-14 21:03:36.651 | INFO     | __main__:log_results:113 - Efficiency (Pt_out - Pt_in) | max_error: 4.213640
2025-11-14 21:03:36.651 | INFO     | __main__:log_results:113 - Efficiency (Pt_out - Pt_in) | mean_pinball_loss(alpha=0.5): 0.444912
2025-11-14 21:03:36.652 | INFO     | __main__:log_results:113 - Efficiency (Pt_out - Pt_in) | mean_poisson_deviance: 0.021776
2025-11-14 21:03:36.652 | INFO     | __main__:log_results:113 - Efficiency (Pt_out - Pt_in) | mean_gamma_deviance: 0.000339
2025-11-14 21:03:36.652 | INFO     | __main__:log_results:113 - Efficiency (Pt_out - Pt_in) | mean_tweedie_deviance(power=0.0): 1.451906
