2025-11-14 20:58:20.549 | INFO     | __main__:log_results:110 - num_trainval: 80
2025-11-14 20:58:20.549 | INFO     | __main__:log_results:110 - is_random_sample: True
2025-11-14 20:58:20.549 | INFO     | __main__:log_results:110 - which_FeatureAugmentation: 3
2025-11-14 20:58:20.549 | INFO     | __main__:log_results:110 - FeatureAugmentation_Runs: 2
2025-11-14 20:58:20.549 | INFO     | __main__:log_results:110 - x_transformer_type: standardize
2025-11-14 20:58:20.549 | INFO     | __main__:log_results:110 - y_transformer_type: standardize
2025-11-14 20:58:20.549 | INFO     | __main__:log_results:110 - num_trainval_slice: 40
2025-11-14 20:58:20.549 | INFO     | __main__:log_results:110 - EPOCH: 500
2025-11-14 20:58:20.549 | INFO     | __main__:log_results:110 - exp_name: DGP05_SciGP_Far2_v2
2025-11-14 20:58:20.550 | INFO     | __main__:log_results:110 - random_round_num: 1
2025-11-14 20:58:20.550 | INFO     | __main__:log_results:113 - Pt_in [Pa] | explained_variance_score: 0.237927
2025-11-14 20:58:20.550 | INFO     | __main__:log_results:113 - Pt_in [Pa] | r2_score: 0.157759
2025-11-14 20:58:20.550 | INFO     | __main__:log_results:113 - Pt_in [Pa] | d2_absolute_error_score: 0.204454
2025-11-14 20:58:20.550 | INFO     | __main__:log_results:113 - Pt_in [Pa] | d2_pinball_score: 0.204454
2025-11-14 20:58:20.550 | INFO     | __main__:log_results:113 - Pt_in [Pa] | d2_tweedie_score: 0.157759
2025-11-14 20:58:20.550 | INFO     | __main__:log_results:113 - Pt_in [Pa] | mean_absolute_error: 0.730128
2025-11-14 20:58:20.550 | INFO     | __main__:log_results:113 - Pt_in [Pa] | median_absolute_error: 0.503190
2025-11-14 20:58:20.550 | INFO     | __main__:log_results:113 - Pt_in [Pa] | mean_squared_error: 1.164976
2025-11-14 20:58:20.551 | INFO     | __main__:log_results:113 - Pt_in [Pa] | rmse: 1.079341
2025-11-14 20:58:20.551 | INFO     | __main__:log_results:113 - Pt_in [Pa] | mean_squared_log_error: 0.178281
2025-11-14 20:58:20.551 | INFO     | __main__:log_results:113 - Pt_in [Pa] | rmsle: 0.422233
2025-11-14 20:58:20.551 | INFO     | __main__:log_results:113 - Pt_in [Pa] | mean_absolute_percentage_error: 0.850468
2025-11-14 20:58:20.551 | INFO     | __main__:log_results:113 - Pt_in [Pa] | max_error: 4.778212
2025-11-14 20:58:20.551 | INFO     | __main__:log_results:113 - Pt_in [Pa] | mean_pinball_loss(alpha=0.5): 0.365064
2025-11-14 20:58:20.551 | INFO     | __main__:log_results:113 - Pt_in [Pa] | mean_poisson_deviance: nan
2025-11-14 20:58:20.551 | INFO     | __main__:log_results:113 - Pt_in [Pa] | mean_gamma_deviance: nan
2025-11-14 20:58:20.551 | INFO     | __main__:log_results:113 - Pt_in [Pa] | mean_tweedie_deviance(power=0.0): 1.164976
2025-11-14 20:58:20.552 | INFO     | __main__:log_results:113 - Pt_out [Pa] | explained_variance_score: 1.000000
2025-11-14 20:58:20.552 | INFO     | __main__:log_results:113 - Pt_out [Pa] | r2_score: 1.000000
2025-11-14 20:58:20.552 | INFO     | __main__:log_results:113 - Pt_out [Pa] | d2_absolute_error_score: 0.999973
2025-11-14 20:58:20.552 | INFO     | __main__:log_results:113 - Pt_out [Pa] | d2_pinball_score: 0.999973
2025-11-14 20:58:20.552 | INFO     | __main__:log_results:113 - Pt_out [Pa] | d2_tweedie_score: 1.000000
2025-11-14 20:58:20.552 | INFO     | __main__:log_results:113 - Pt_out [Pa] | mean_absolute_error: 0.672929
2025-11-14 20:58:20.552 | INFO     | __main__:log_results:113 - Pt_out [Pa] | median_absolute_error: 0.480388
2025-11-14 20:58:20.552 | INFO     | __main__:log_results:113 - Pt_out [Pa] | mean_squared_error: 0.819072
2025-11-14 20:58:20.552 | INFO     | __main__:log_results:113 - Pt_out [Pa] | rmse: 0.905026
2025-11-14 20:58:20.552 | INFO     | __main__:log_results:113 - Pt_out [Pa] | mean_squared_log_error: 0.000000
2025-11-14 20:58:20.553 | INFO     | __main__:log_results:113 - Pt_out [Pa] | rmsle: 0.000019
2025-11-14 20:58:20.553 | INFO     | __main__:log_results:113 - Pt_out [Pa] | mean_absolute_percentage_error: 0.000014
2025-11-14 20:58:20.553 | INFO     | __main__:log_results:113 - Pt_out [Pa] | max_error: 3.404630
2025-11-14 20:58:20.553 | INFO     | __main__:log_results:113 - Pt_out [Pa] | mean_pinball_loss(alpha=0.5): 0.336464
2025-11-14 20:58:20.553 | INFO     | __main__:log_results:113 - Pt_out [Pa] | mean_poisson_deviance: 0.000014
2025-11-14 20:58:20.553 | INFO     | __main__:log_results:113 - Pt_out [Pa] | mean_gamma_deviance: 0.000000
2025-11-14 20:58:20.553 | INFO     | __main__:log_results:113 - Pt_out [Pa] | mean_tweedie_deviance(power=0.0): 0.819072
2025-11-14 20:58:20.553 | INFO     | __main__:log_results:113 - Torque [N m] | explained_variance_score: 0.998107
2025-11-14 20:58:20.553 | INFO     | __main__:log_results:113 - Torque [N m] | r2_score: 0.998103
2025-11-14 20:58:20.554 | INFO     | __main__:log_results:113 - Torque [N m] | d2_absolute_error_score: 0.963383
2025-11-14 20:58:20.554 | INFO     | __main__:log_results:113 - Torque [N m] | d2_pinball_score: 0.963383
2025-11-14 20:58:20.554 | INFO     | __main__:log_results:113 - Torque [N m] | d2_tweedie_score: 0.998103
2025-11-14 20:58:20.554 | INFO     | __main__:log_results:113 - Torque [N m] | mean_absolute_error: 0.070885
2025-11-14 20:58:20.554 | INFO     | __main__:log_results:113 - Torque [N m] | median_absolute_error: 0.042535
2025-11-14 20:58:20.554 | INFO     | __main__:log_results:113 - Torque [N m] | mean_squared_error: 0.011801
2025-11-14 20:58:20.554 | INFO     | __main__:log_results:113 - Torque [N m] | rmse: 0.108634
2025-11-14 20:58:20.554 | INFO     | __main__:log_results:113 - Torque [N m] | mean_squared_log_error: 0.000434
2025-11-14 20:58:20.554 | INFO     | __main__:log_results:113 - Torque [N m] | rmsle: 0.020823
2025-11-14 20:58:20.555 | INFO     | __main__:log_results:113 - Torque [N m] | mean_absolute_percentage_error: 0.020239
2025-11-14 20:58:20.555 | INFO     | __main__:log_results:113 - Torque [N m] | max_error: 0.514944
2025-11-14 20:58:20.555 | INFO     | __main__:log_results:113 - Torque [N m] | mean_pinball_loss(alpha=0.5): 0.035442
2025-11-14 20:58:20.555 | INFO     | __main__:log_results:113 - Torque [N m] | mean_poisson_deviance: 0.002519
2025-11-14 20:58:20.555 | INFO     | __main__:log_results:113 - Torque [N m] | mean_gamma_deviance: 0.000877
2025-11-14 20:58:20.555 | INFO     | __main__:log_results:113 - Torque [N m] | mean_tweedie_deviance(power=0.0): 0.011801
2025-11-14 20:58:20.555 | INFO     | __main__:log_results:113 - Efficiency [%] | explained_variance_score: 0.973075
2025-11-14 20:58:20.555 | INFO     | __main__:log_results:113 - Efficiency [%] | r2_score: 0.971285
2025-11-14 20:58:20.555 | INFO     | __main__:log_results:113 - Efficiency [%] | d2_absolute_error_score: 0.867384
2025-11-14 20:58:20.556 | INFO     | __main__:log_results:113 - Efficiency [%] | d2_pinball_score: 0.867384
2025-11-14 20:58:20.556 | INFO     | __main__:log_results:113 - Efficiency [%] | d2_tweedie_score: 0.971285
2025-11-14 20:58:20.556 | INFO     | __main__:log_results:113 - Efficiency [%] | mean_absolute_error: 1.379669
2025-11-14 20:58:20.556 | INFO     | __main__:log_results:113 - Efficiency [%] | median_absolute_error: 0.789019
2025-11-14 20:58:20.556 | INFO     | __main__:log_results:113 - Efficiency [%] | mean_squared_error: 4.400139
2025-11-14 20:58:20.556 | INFO     | __main__:log_results:113 - Efficiency [%] | rmse: 2.097651
2025-11-14 20:58:20.556 | INFO     | __main__:log_results:113 - Efficiency [%] | mean_squared_log_error: 0.001084
2025-11-14 20:58:20.556 | INFO     | __main__:log_results:113 - Efficiency [%] | rmsle: 0.032920
2025-11-14 20:58:20.556 | INFO     | __main__:log_results:113 - Efficiency [%] | mean_absolute_percentage_error: 0.019764
2025-11-14 20:58:20.556 | INFO     | __main__:log_results:113 - Efficiency [%] | max_error: 8.150900
2025-11-14 20:58:20.557 | INFO     | __main__:log_results:113 - Efficiency [%] | mean_pinball_loss(alpha=0.5): 0.689834
2025-11-14 20:58:20.557 | INFO     | __main__:log_results:113 - Efficiency [%] | mean_poisson_deviance: 0.070458
2025-11-14 20:58:20.557 | INFO     | __main__:log_results:113 - Efficiency [%] | mean_gamma_deviance: 0.001150
2025-11-14 20:58:20.557 | INFO     | __main__:log_results:113 - Efficiency [%] | mean_tweedie_deviance(power=0.0): 4.400139
2025-11-14 20:58:20.557 | INFO     | __main__:log_results:113 - Efficiency (Pt_out - Pt_in) | explained_variance_score: 0.977216
2025-11-14 20:58:20.557 | INFO     | __main__:log_results:113 - Efficiency (Pt_out - Pt_in) | r2_score: 0.976443
2025-11-14 20:58:20.557 | INFO     | __main__:log_results:113 - Efficiency (Pt_out - Pt_in) | d2_absolute_error_score: 0.868021
2025-11-14 20:58:20.557 | INFO     | __main__:log_results:113 - Efficiency (Pt_out - Pt_in) | d2_pinball_score: 0.868021
2025-11-14 20:58:20.557 | INFO     | __main__:log_results:113 - Efficiency (Pt_out - Pt_in) | d2_tweedie_score: 0.976443
2025-11-14 20:58:20.557 | INFO     | __main__:log_results:113 - Efficiency (Pt_out - Pt_in) | mean_absolute_error: 1.384133
2025-11-14 20:58:20.557 | INFO     | __main__:log_results:113 - Efficiency (Pt_out - Pt_in) | median_absolute_error: 0.945221
2025-11-14 20:58:20.557 | INFO     | __main__:log_results:113 - Efficiency (Pt_out - Pt_in) | mean_squared_error: 3.649803
2025-11-14 20:58:20.558 | INFO     | __main__:log_results:113 - Efficiency (Pt_out - Pt_in) | rmse: 1.910446
2025-11-14 20:58:20.558 | INFO     | __main__:log_results:113 - Efficiency (Pt_out - Pt_in) | mean_squared_log_error: 0.000865
2025-11-14 20:58:20.558 | INFO     | __main__:log_results:113 - Efficiency (Pt_out - Pt_in) | rmsle: 0.029411
2025-11-14 20:58:20.558 | INFO     | __main__:log_results:113 - Efficiency (Pt_out - Pt_in) | mean_absolute_percentage_error: 0.019570
2025-11-14 20:58:20.558 | INFO     | __main__:log_results:113 - Efficiency (Pt_out - Pt_in) | max_error: 5.953619
2025-11-14 20:58:20.558 | INFO     | __main__:log_results:113 - Efficiency (Pt_out - Pt_in) | mean_pinball_loss(alpha=0.5): 0.692067
2025-11-14 20:58:20.558 | INFO     | __main__:log_results:113 - Efficiency (Pt_out - Pt_in) | mean_poisson_deviance: 0.056835
2025-11-14 20:58:20.558 | INFO     | __main__:log_results:113 - Efficiency (Pt_out - Pt_in) | mean_gamma_deviance: 0.000911
2025-11-14 20:58:20.558 | INFO     | __main__:log_results:113 - Efficiency (Pt_out - Pt_in) | mean_tweedie_deviance(power=0.0): 3.649803
