2025-11-14 18:03:33.648 | INFO     | __main__:log_results:110 - num_trainval: 20
2025-11-14 18:03:33.648 | INFO     | __main__:log_results:110 - is_random_sample: True
2025-11-14 18:03:33.648 | INFO     | __main__:log_results:110 - which_FeatureAugmentation: 3
2025-11-14 18:03:33.648 | INFO     | __main__:log_results:110 - FeatureAugmentation_Runs: 2
2025-11-14 18:03:33.648 | INFO     | __main__:log_results:110 - x_transformer_type: standardize
2025-11-14 18:03:33.648 | INFO     | __main__:log_results:110 - y_transformer_type: standardize
2025-11-14 18:03:33.648 | INFO     | __main__:log_results:110 - num_trainval_slice: 40
2025-11-14 18:03:33.648 | INFO     | __main__:log_results:110 - EPOCH: 500
2025-11-14 18:03:33.648 | INFO     | __main__:log_results:110 - exp_name: DGP05_SciGP_Far2
2025-11-14 18:03:33.648 | INFO     | __main__:log_results:110 - random_round_num: 2
2025-11-14 18:03:33.648 | INFO     | __main__:log_results:113 - Pt_in [Pa] | explained_variance_score: -16275.316216
2025-11-14 18:03:33.648 | INFO     | __main__:log_results:113 - Pt_in [Pa] | r2_score: -16616.201093
2025-11-14 18:03:33.648 | INFO     | __main__:log_results:113 - Pt_in [Pa] | d2_absolute_error_score: -631.352757
2025-11-14 18:03:33.649 | INFO     | __main__:log_results:113 - Pt_in [Pa] | d2_pinball_score: -631.352757
2025-11-14 18:03:33.649 | INFO     | __main__:log_results:113 - Pt_in [Pa] | d2_tweedie_score: -16616.201093
2025-11-14 18:03:33.649 | INFO     | __main__:log_results:113 - Pt_in [Pa] | mean_absolute_error: 0.996708
2025-11-14 18:03:33.649 | INFO     | __main__:log_results:113 - Pt_in [Pa] | median_absolute_error: 0.922938
2025-11-14 18:03:33.649 | INFO     | __main__:log_results:113 - Pt_in [Pa] | mean_squared_error: 1.521013
2025-11-14 18:03:33.649 | INFO     | __main__:log_results:113 - Pt_in [Pa] | rmse: 1.233294
2025-11-14 18:03:33.649 | INFO     | __main__:log_results:113 - Pt_in [Pa] | mean_squared_log_error: 0.238804
2025-11-14 18:03:33.649 | INFO     | __main__:log_results:113 - Pt_in [Pa] | rmsle: 0.488676
2025-11-14 18:03:33.649 | INFO     | __main__:log_results:113 - Pt_in [Pa] | mean_absolute_percentage_error: 0.601890
2025-11-14 18:03:33.649 | INFO     | __main__:log_results:113 - Pt_in [Pa] | max_error: 3.912394
2025-11-14 18:03:33.649 | INFO     | __main__:log_results:113 - Pt_in [Pa] | mean_pinball_loss(alpha=0.5): 0.498354
2025-11-14 18:03:33.649 | INFO     | __main__:log_results:113 - Pt_in [Pa] | mean_poisson_deviance: 1.400862
2025-11-14 18:03:33.649 | INFO     | __main__:log_results:113 - Pt_in [Pa] | mean_gamma_deviance: 3.705989
2025-11-14 18:03:33.649 | INFO     | __main__:log_results:113 - Pt_in [Pa] | mean_tweedie_deviance(power=0.0): 1.521013
2025-11-14 18:03:33.649 | INFO     | __main__:log_results:113 - Pt_out [Pa] | explained_variance_score: 0.999999
2025-11-14 18:03:33.649 | INFO     | __main__:log_results:113 - Pt_out [Pa] | r2_score: 0.999998
2025-11-14 18:03:33.649 | INFO     | __main__:log_results:113 - Pt_out [Pa] | d2_absolute_error_score: 0.999161
2025-11-14 18:03:33.649 | INFO     | __main__:log_results:113 - Pt_out [Pa] | d2_pinball_score: 0.999161
2025-11-14 18:03:33.649 | INFO     | __main__:log_results:113 - Pt_out [Pa] | d2_tweedie_score: 0.999998
2025-11-14 18:03:33.649 | INFO     | __main__:log_results:113 - Pt_out [Pa] | mean_absolute_error: 21.233794
2025-11-14 18:03:33.650 | INFO     | __main__:log_results:113 - Pt_out [Pa] | median_absolute_error: 12.137960
2025-11-14 18:03:33.650 | INFO     | __main__:log_results:113 - Pt_out [Pa] | mean_squared_error: 1257.626565
2025-11-14 18:03:33.650 | INFO     | __main__:log_results:113 - Pt_out [Pa] | rmse: 35.463031
2025-11-14 18:03:33.650 | INFO     | __main__:log_results:113 - Pt_out [Pa] | mean_squared_log_error: 0.000001
2025-11-14 18:03:33.650 | INFO     | __main__:log_results:113 - Pt_out [Pa] | rmsle: 0.000991
2025-11-14 18:03:33.650 | INFO     | __main__:log_results:113 - Pt_out [Pa] | mean_absolute_percentage_error: 0.000540
2025-11-14 18:03:33.650 | INFO     | __main__:log_results:113 - Pt_out [Pa] | max_error: 172.839544
2025-11-14 18:03:33.650 | INFO     | __main__:log_results:113 - Pt_out [Pa] | mean_pinball_loss(alpha=0.5): 10.616897
2025-11-14 18:03:33.650 | INFO     | __main__:log_results:113 - Pt_out [Pa] | mean_poisson_deviance: 0.026847
2025-11-14 18:03:33.650 | INFO     | __main__:log_results:113 - Pt_out [Pa] | mean_gamma_deviance: 0.000001
2025-11-14 18:03:33.650 | INFO     | __main__:log_results:113 - Pt_out [Pa] | mean_tweedie_deviance(power=0.0): 1257.626565
2025-11-14 18:03:33.650 | INFO     | __main__:log_results:113 - Torque [N m] | explained_variance_score: 0.996818
2025-11-14 18:03:33.650 | INFO     | __main__:log_results:113 - Torque [N m] | r2_score: 0.996818
2025-11-14 18:03:33.650 | INFO     | __main__:log_results:113 - Torque [N m] | d2_absolute_error_score: 0.952900
2025-11-14 18:03:33.650 | INFO     | __main__:log_results:113 - Torque [N m] | d2_pinball_score: 0.952900
2025-11-14 18:03:33.650 | INFO     | __main__:log_results:113 - Torque [N m] | d2_tweedie_score: 0.996818
2025-11-14 18:03:33.650 | INFO     | __main__:log_results:113 - Torque [N m] | mean_absolute_error: 0.087211
2025-11-14 18:03:33.650 | INFO     | __main__:log_results:113 - Torque [N m] | median_absolute_error: 0.060108
2025-11-14 18:03:33.650 | INFO     | __main__:log_results:113 - Torque [N m] | mean_squared_error: 0.018124
2025-11-14 18:03:33.650 | INFO     | __main__:log_results:113 - Torque [N m] | rmse: 0.134624
2025-11-14 18:03:33.654 | INFO     | __main__:log_results:113 - Torque [N m] | mean_squared_log_error: 0.000934
2025-11-14 18:03:33.654 | INFO     | __main__:log_results:113 - Torque [N m] | rmsle: 0.030564
2025-11-14 18:03:33.654 | INFO     | __main__:log_results:113 - Torque [N m] | mean_absolute_percentage_error: 0.026764
2025-11-14 18:03:33.654 | INFO     | __main__:log_results:113 - Torque [N m] | max_error: 0.617697
2025-11-14 18:03:33.654 | INFO     | __main__:log_results:113 - Torque [N m] | mean_pinball_loss(alpha=0.5): 0.043606
2025-11-14 18:03:33.654 | INFO     | __main__:log_results:113 - Torque [N m] | mean_poisson_deviance: 0.005122
2025-11-14 18:03:33.654 | INFO     | __main__:log_results:113 - Torque [N m] | mean_gamma_deviance: 0.002106
2025-11-14 18:03:33.654 | INFO     | __main__:log_results:113 - Torque [N m] | mean_tweedie_deviance(power=0.0): 0.018124
2025-11-14 18:03:33.654 | INFO     | __main__:log_results:113 - Efficiency [%] | explained_variance_score: 0.962636
2025-11-14 18:03:33.654 | INFO     | __main__:log_results:113 - Efficiency [%] | r2_score: 0.955708
2025-11-14 18:03:33.654 | INFO     | __main__:log_results:113 - Efficiency [%] | d2_absolute_error_score: 0.851272
2025-11-14 18:03:33.654 | INFO     | __main__:log_results:113 - Efficiency [%] | d2_pinball_score: 0.851272
2025-11-14 18:03:33.654 | INFO     | __main__:log_results:113 - Efficiency [%] | d2_tweedie_score: 0.955708
2025-11-14 18:03:33.654 | INFO     | __main__:log_results:113 - Efficiency [%] | mean_absolute_error: 1.805443
2025-11-14 18:03:33.654 | INFO     | __main__:log_results:113 - Efficiency [%] | median_absolute_error: 0.913409
2025-11-14 18:03:33.654 | INFO     | __main__:log_results:113 - Efficiency [%] | mean_squared_error: 9.215386
2025-11-14 18:03:33.654 | INFO     | __main__:log_results:113 - Efficiency [%] | rmse: 3.035685
2025-11-14 18:03:33.654 | INFO     | __main__:log_results:113 - Efficiency [%] | mean_squared_log_error: 0.001923
2025-11-14 18:03:33.654 | INFO     | __main__:log_results:113 - Efficiency [%] | rmsle: 0.043847
2025-11-14 18:03:33.654 | INFO     | __main__:log_results:113 - Efficiency [%] | mean_absolute_percentage_error: 0.026719
2025-11-14 18:03:33.655 | INFO     | __main__:log_results:113 - Efficiency [%] | max_error: 13.615289
2025-11-14 18:03:33.655 | INFO     | __main__:log_results:113 - Efficiency [%] | mean_pinball_loss(alpha=0.5): 0.902721
2025-11-14 18:03:33.655 | INFO     | __main__:log_results:113 - Efficiency [%] | mean_poisson_deviance: 0.129963
2025-11-14 18:03:33.655 | INFO     | __main__:log_results:113 - Efficiency [%] | mean_gamma_deviance: 0.001913
2025-11-14 18:03:33.655 | INFO     | __main__:log_results:113 - Efficiency [%] | mean_tweedie_deviance(power=0.0): 9.215386
2025-11-14 18:03:33.655 | INFO     | __main__:log_results:113 - Efficiency (Pt_out - Pt_in) | explained_variance_score: 0.959265
2025-11-14 18:03:33.655 | INFO     | __main__:log_results:113 - Efficiency (Pt_out - Pt_in) | r2_score: 0.959144
2025-11-14 18:03:33.655 | INFO     | __main__:log_results:113 - Efficiency (Pt_out - Pt_in) | d2_absolute_error_score: 0.840577
2025-11-14 18:03:33.655 | INFO     | __main__:log_results:113 - Efficiency (Pt_out - Pt_in) | d2_pinball_score: 0.840577
2025-11-14 18:03:33.655 | INFO     | __main__:log_results:113 - Efficiency (Pt_out - Pt_in) | d2_tweedie_score: 0.959144
2025-11-14 18:03:33.655 | INFO     | __main__:log_results:113 - Efficiency (Pt_out - Pt_in) | mean_absolute_error: 1.941328
2025-11-14 18:03:33.655 | INFO     | __main__:log_results:113 - Efficiency (Pt_out - Pt_in) | median_absolute_error: 1.313495
2025-11-14 18:03:33.655 | INFO     | __main__:log_results:113 - Efficiency (Pt_out - Pt_in) | mean_squared_error: 9.003079
2025-11-14 18:03:33.655 | INFO     | __main__:log_results:113 - Efficiency (Pt_out - Pt_in) | rmse: 3.000513
2025-11-14 18:03:33.655 | INFO     | __main__:log_results:113 - Efficiency (Pt_out - Pt_in) | mean_squared_log_error: 0.002033
2025-11-14 18:03:33.655 | INFO     | __main__:log_results:113 - Efficiency (Pt_out - Pt_in) | rmsle: 0.045088
2025-11-14 18:03:33.655 | INFO     | __main__:log_results:113 - Efficiency (Pt_out - Pt_in) | mean_absolute_percentage_error: 0.027269
2025-11-14 18:03:33.655 | INFO     | __main__:log_results:113 - Efficiency (Pt_out - Pt_in) | max_error: 11.770332
2025-11-14 18:03:33.655 | INFO     | __main__:log_results:113 - Efficiency (Pt_out - Pt_in) | mean_pinball_loss(alpha=0.5): 0.970664
2025-11-14 18:03:33.655 | INFO     | __main__:log_results:113 - Efficiency (Pt_out - Pt_in) | mean_poisson_deviance: 0.133185
2025-11-14 18:03:33.656 | INFO     | __main__:log_results:113 - Efficiency (Pt_out - Pt_in) | mean_gamma_deviance: 0.002072
2025-11-14 18:03:33.656 | INFO     | __main__:log_results:113 - Efficiency (Pt_out - Pt_in) | mean_tweedie_deviance(power=0.0): 9.003079
