2025-11-14 18:12:57.248 | INFO     | __main__:log_results:110 - num_trainval: 100
2025-11-14 18:12:57.248 | INFO     | __main__:log_results:110 - is_random_sample: True
2025-11-14 18:12:57.248 | INFO     | __main__:log_results:110 - which_FeatureAugmentation: 3
2025-11-14 18:12:57.248 | INFO     | __main__:log_results:110 - FeatureAugmentation_Runs: 2
2025-11-14 18:12:57.248 | INFO     | __main__:log_results:110 - x_transformer_type: standardize
2025-11-14 18:12:57.248 | INFO     | __main__:log_results:110 - y_transformer_type: standardize
2025-11-14 18:12:57.248 | INFO     | __main__:log_results:110 - num_trainval_slice: 40
2025-11-14 18:12:57.248 | INFO     | __main__:log_results:110 - EPOCH: 500
2025-11-14 18:12:57.248 | INFO     | __main__:log_results:110 - exp_name: DGP05_SciGP_Far2
2025-11-14 18:12:57.248 | INFO     | __main__:log_results:110 - random_round_num: 4
2025-11-14 18:12:57.248 | INFO     | __main__:log_results:113 - Pt_in [Pa] | explained_variance_score: 0.696445
2025-11-14 18:12:57.248 | INFO     | __main__:log_results:113 - Pt_in [Pa] | r2_score: 0.696204
2025-11-14 18:12:57.248 | INFO     | __main__:log_results:113 - Pt_in [Pa] | d2_absolute_error_score: 0.460929
2025-11-14 18:12:57.249 | INFO     | __main__:log_results:113 - Pt_in [Pa] | d2_pinball_score: 0.460929
2025-11-14 18:12:57.249 | INFO     | __main__:log_results:113 - Pt_in [Pa] | d2_tweedie_score: 0.696204
2025-11-14 18:12:57.249 | INFO     | __main__:log_results:113 - Pt_in [Pa] | mean_absolute_error: 0.415259
2025-11-14 18:12:57.249 | INFO     | __main__:log_results:113 - Pt_in [Pa] | median_absolute_error: 0.285934
2025-11-14 18:12:57.249 | INFO     | __main__:log_results:113 - Pt_in [Pa] | mean_squared_error: 0.342978
2025-11-14 18:12:57.249 | INFO     | __main__:log_results:113 - Pt_in [Pa] | rmse: 0.585643
2025-11-14 18:12:57.249 | INFO     | __main__:log_results:113 - Pt_in [Pa] | mean_squared_log_error: 0.066164
2025-11-14 18:12:57.249 | INFO     | __main__:log_results:113 - Pt_in [Pa] | rmsle: 0.257223
2025-11-14 18:12:57.249 | INFO     | __main__:log_results:113 - Pt_in [Pa] | mean_absolute_percentage_error: 0.476710
2025-11-14 18:12:57.249 | INFO     | __main__:log_results:113 - Pt_in [Pa] | max_error: 1.837047
2025-11-14 18:12:57.249 | INFO     | __main__:log_results:113 - Pt_in [Pa] | mean_pinball_loss(alpha=0.5): 0.207630
2025-11-14 18:12:57.249 | INFO     | __main__:log_results:113 - Pt_in [Pa] | mean_poisson_deviance: 0.337147
2025-11-14 18:12:57.249 | INFO     | __main__:log_results:113 - Pt_in [Pa] | mean_gamma_deviance: 0.968067
2025-11-14 18:12:57.249 | INFO     | __main__:log_results:113 - Pt_in [Pa] | mean_tweedie_deviance(power=0.0): 0.342978
2025-11-14 18:12:57.249 | INFO     | __main__:log_results:113 - Pt_out [Pa] | explained_variance_score: 1.000000
2025-11-14 18:12:57.249 | INFO     | __main__:log_results:113 - Pt_out [Pa] | r2_score: 1.000000
2025-11-14 18:12:57.249 | INFO     | __main__:log_results:113 - Pt_out [Pa] | d2_absolute_error_score: 0.999976
2025-11-14 18:12:57.249 | INFO     | __main__:log_results:113 - Pt_out [Pa] | d2_pinball_score: 0.999976
2025-11-14 18:12:57.249 | INFO     | __main__:log_results:113 - Pt_out [Pa] | d2_tweedie_score: 1.000000
2025-11-14 18:12:57.250 | INFO     | __main__:log_results:113 - Pt_out [Pa] | mean_absolute_error: 0.601683
2025-11-14 18:12:57.250 | INFO     | __main__:log_results:113 - Pt_out [Pa] | median_absolute_error: 0.517589
2025-11-14 18:12:57.250 | INFO     | __main__:log_results:113 - Pt_out [Pa] | mean_squared_error: 0.584155
2025-11-14 18:12:57.250 | INFO     | __main__:log_results:113 - Pt_out [Pa] | rmse: 0.764300
2025-11-14 18:12:57.250 | INFO     | __main__:log_results:113 - Pt_out [Pa] | mean_squared_log_error: 0.000000
2025-11-14 18:12:57.250 | INFO     | __main__:log_results:113 - Pt_out [Pa] | rmsle: 0.000025
2025-11-14 18:12:57.250 | INFO     | __main__:log_results:113 - Pt_out [Pa] | mean_absolute_percentage_error: 0.000016
2025-11-14 18:12:57.250 | INFO     | __main__:log_results:113 - Pt_out [Pa] | max_error: 2.241334
2025-11-14 18:12:57.250 | INFO     | __main__:log_results:113 - Pt_out [Pa] | mean_pinball_loss(alpha=0.5): 0.300842
2025-11-14 18:12:57.250 | INFO     | __main__:log_results:113 - Pt_out [Pa] | mean_poisson_deviance: 0.000017
2025-11-14 18:12:57.250 | INFO     | __main__:log_results:113 - Pt_out [Pa] | mean_gamma_deviance: 0.000000
2025-11-14 18:12:57.250 | INFO     | __main__:log_results:113 - Pt_out [Pa] | mean_tweedie_deviance(power=0.0): 0.584155
2025-11-14 18:12:57.250 | INFO     | __main__:log_results:113 - Torque [N m] | explained_variance_score: 0.998926
2025-11-14 18:12:57.250 | INFO     | __main__:log_results:113 - Torque [N m] | r2_score: 0.998812
2025-11-14 18:12:57.250 | INFO     | __main__:log_results:113 - Torque [N m] | d2_absolute_error_score: 0.971300
2025-11-14 18:12:57.250 | INFO     | __main__:log_results:113 - Torque [N m] | d2_pinball_score: 0.971300
2025-11-14 18:12:57.250 | INFO     | __main__:log_results:113 - Torque [N m] | d2_tweedie_score: 0.998812
2025-11-14 18:12:57.250 | INFO     | __main__:log_results:113 - Torque [N m] | mean_absolute_error: 0.054424
2025-11-14 18:12:57.251 | INFO     | __main__:log_results:113 - Torque [N m] | median_absolute_error: 0.031887
2025-11-14 18:12:57.251 | INFO     | __main__:log_results:113 - Torque [N m] | mean_squared_error: 0.007029
2025-11-14 18:12:57.251 | INFO     | __main__:log_results:113 - Torque [N m] | rmse: 0.083841
2025-11-14 18:12:57.251 | INFO     | __main__:log_results:113 - Torque [N m] | mean_squared_log_error: 0.000431
2025-11-14 18:12:57.251 | INFO     | __main__:log_results:113 - Torque [N m] | rmsle: 0.020761
2025-11-14 18:12:57.251 | INFO     | __main__:log_results:113 - Torque [N m] | mean_absolute_percentage_error: 0.017614
2025-11-14 18:12:57.251 | INFO     | __main__:log_results:113 - Torque [N m] | max_error: 0.283497
2025-11-14 18:12:57.251 | INFO     | __main__:log_results:113 - Torque [N m] | mean_pinball_loss(alpha=0.5): 0.027212
2025-11-14 18:12:57.251 | INFO     | __main__:log_results:113 - Torque [N m] | mean_poisson_deviance: 0.002261
2025-11-14 18:12:57.251 | INFO     | __main__:log_results:113 - Torque [N m] | mean_gamma_deviance: 0.000801
2025-11-14 18:12:57.251 | INFO     | __main__:log_results:113 - Torque [N m] | mean_tweedie_deviance(power=0.0): 0.007029
2025-11-14 18:12:57.251 | INFO     | __main__:log_results:113 - Efficiency [%] | explained_variance_score: 0.979194
2025-11-14 18:12:57.251 | INFO     | __main__:log_results:113 - Efficiency [%] | r2_score: 0.976162
2025-11-14 18:12:57.251 | INFO     | __main__:log_results:113 - Efficiency [%] | d2_absolute_error_score: 0.887770
2025-11-14 18:12:57.251 | INFO     | __main__:log_results:113 - Efficiency [%] | d2_pinball_score: 0.887770
2025-11-14 18:12:57.251 | INFO     | __main__:log_results:113 - Efficiency [%] | d2_tweedie_score: 0.976162
2025-11-14 18:12:57.251 | INFO     | __main__:log_results:113 - Efficiency [%] | mean_absolute_error: 1.196284
2025-11-14 18:12:57.251 | INFO     | __main__:log_results:113 - Efficiency [%] | median_absolute_error: 0.594156
2025-11-14 18:12:57.251 | INFO     | __main__:log_results:113 - Efficiency [%] | mean_squared_error: 3.832909
2025-11-14 18:12:57.252 | INFO     | __main__:log_results:113 - Efficiency [%] | rmse: 1.957782
2025-11-14 18:12:57.252 | INFO     | __main__:log_results:113 - Efficiency [%] | mean_squared_log_error: 0.000937
2025-11-14 18:12:57.252 | INFO     | __main__:log_results:113 - Efficiency [%] | rmsle: 0.030603
2025-11-14 18:12:57.252 | INFO     | __main__:log_results:113 - Efficiency [%] | mean_absolute_percentage_error: 0.017126
2025-11-14 18:12:57.252 | INFO     | __main__:log_results:113 - Efficiency [%] | max_error: 6.833907
2025-11-14 18:12:57.252 | INFO     | __main__:log_results:113 - Efficiency [%] | mean_pinball_loss(alpha=0.5): 0.598142
2025-11-14 18:12:57.252 | INFO     | __main__:log_results:113 - Efficiency [%] | mean_poisson_deviance: 0.061247
2025-11-14 18:12:57.252 | INFO     | __main__:log_results:113 - Efficiency [%] | mean_gamma_deviance: 0.000993
2025-11-14 18:12:57.252 | INFO     | __main__:log_results:113 - Efficiency [%] | mean_tweedie_deviance(power=0.0): 3.832909
2025-11-14 18:12:57.252 | INFO     | __main__:log_results:113 - Efficiency (Pt_out - Pt_in) | explained_variance_score: 0.982526
2025-11-14 18:12:57.252 | INFO     | __main__:log_results:113 - Efficiency (Pt_out - Pt_in) | r2_score: 0.980881
2025-11-14 18:12:57.252 | INFO     | __main__:log_results:113 - Efficiency (Pt_out - Pt_in) | d2_absolute_error_score: 0.891341
2025-11-14 18:12:57.252 | INFO     | __main__:log_results:113 - Efficiency (Pt_out - Pt_in) | d2_pinball_score: 0.891341
2025-11-14 18:12:57.252 | INFO     | __main__:log_results:113 - Efficiency (Pt_out - Pt_in) | d2_tweedie_score: 0.980881
2025-11-14 18:12:57.252 | INFO     | __main__:log_results:113 - Efficiency (Pt_out - Pt_in) | mean_absolute_error: 1.180219
2025-11-14 18:12:57.252 | INFO     | __main__:log_results:113 - Efficiency (Pt_out - Pt_in) | median_absolute_error: 0.623514
2025-11-14 18:12:57.252 | INFO     | __main__:log_results:113 - Efficiency (Pt_out - Pt_in) | mean_squared_error: 3.176413
2025-11-14 18:12:57.252 | INFO     | __main__:log_results:113 - Efficiency (Pt_out - Pt_in) | rmse: 1.782249
2025-11-14 18:12:57.252 | INFO     | __main__:log_results:113 - Efficiency (Pt_out - Pt_in) | mean_squared_log_error: 0.000791
2025-11-14 18:12:57.253 | INFO     | __main__:log_results:113 - Efficiency (Pt_out - Pt_in) | rmsle: 0.028116
2025-11-14 18:12:57.253 | INFO     | __main__:log_results:113 - Efficiency (Pt_out - Pt_in) | mean_absolute_percentage_error: 0.016976
2025-11-14 18:12:57.253 | INFO     | __main__:log_results:113 - Efficiency (Pt_out - Pt_in) | max_error: 5.892076
2025-11-14 18:12:57.253 | INFO     | __main__:log_results:113 - Efficiency (Pt_out - Pt_in) | mean_pinball_loss(alpha=0.5): 0.590110
2025-11-14 18:12:57.253 | INFO     | __main__:log_results:113 - Efficiency (Pt_out - Pt_in) | mean_poisson_deviance: 0.050962
2025-11-14 18:12:57.253 | INFO     | __main__:log_results:113 - Efficiency (Pt_out - Pt_in) | mean_gamma_deviance: 0.000833
2025-11-14 18:12:57.253 | INFO     | __main__:log_results:113 - Efficiency (Pt_out - Pt_in) | mean_tweedie_deviance(power=0.0): 3.176413
