2025-11-14 21:05:27.990 | INFO     | __main__:log_results:110 - num_trainval: 175
2025-11-14 21:05:27.990 | INFO     | __main__:log_results:110 - is_random_sample: True
2025-11-14 21:05:27.990 | INFO     | __main__:log_results:110 - which_FeatureAugmentation: 3
2025-11-14 21:05:27.991 | INFO     | __main__:log_results:110 - FeatureAugmentation_Runs: 2
2025-11-14 21:05:27.991 | INFO     | __main__:log_results:110 - x_transformer_type: standardize
2025-11-14 21:05:27.991 | INFO     | __main__:log_results:110 - y_transformer_type: standardize
2025-11-14 21:05:27.991 | INFO     | __main__:log_results:110 - num_trainval_slice: 40
2025-11-14 21:05:27.991 | INFO     | __main__:log_results:110 - EPOCH: 500
2025-11-14 21:05:27.992 | INFO     | __main__:log_results:110 - exp_name: DGP05_SciGP_Far2_v2
2025-11-14 21:05:27.992 | INFO     | __main__:log_results:110 - random_round_num: 1
2025-11-14 21:05:27.992 | INFO     | __main__:log_results:113 - Pt_in [Pa] | explained_variance_score: 0.723683
2025-11-14 21:05:27.992 | INFO     | __main__:log_results:113 - Pt_in [Pa] | r2_score: 0.721466
2025-11-14 21:05:27.992 | INFO     | __main__:log_results:113 - Pt_in [Pa] | d2_absolute_error_score: 0.441771
2025-11-14 21:05:27.992 | INFO     | __main__:log_results:113 - Pt_in [Pa] | d2_pinball_score: 0.441771
2025-11-14 21:05:27.992 | INFO     | __main__:log_results:113 - Pt_in [Pa] | d2_tweedie_score: 0.721466
2025-11-14 21:05:27.992 | INFO     | __main__:log_results:113 - Pt_in [Pa] | mean_absolute_error: 0.456539
2025-11-14 21:05:27.992 | INFO     | __main__:log_results:113 - Pt_in [Pa] | median_absolute_error: 0.351050
2025-11-14 21:05:27.993 | INFO     | __main__:log_results:113 - Pt_in [Pa] | mean_squared_error: 0.356870
2025-11-14 21:05:27.993 | INFO     | __main__:log_results:113 - Pt_in [Pa] | rmse: 0.597386
2025-11-14 21:05:27.993 | INFO     | __main__:log_results:113 - Pt_in [Pa] | mean_squared_log_error: 0.077165
2025-11-14 21:05:27.993 | INFO     | __main__:log_results:113 - Pt_in [Pa] | rmsle: 0.277786
2025-11-14 21:05:27.993 | INFO     | __main__:log_results:113 - Pt_in [Pa] | mean_absolute_percentage_error: 0.882717
2025-11-14 21:05:27.993 | INFO     | __main__:log_results:113 - Pt_in [Pa] | max_error: 2.325055
2025-11-14 21:05:27.993 | INFO     | __main__:log_results:113 - Pt_in [Pa] | mean_pinball_loss(alpha=0.5): 0.228269
2025-11-14 21:05:27.994 | INFO     | __main__:log_results:113 - Pt_in [Pa] | mean_poisson_deviance: nan
2025-11-14 21:05:27.994 | INFO     | __main__:log_results:113 - Pt_in [Pa] | mean_gamma_deviance: nan
2025-11-14 21:05:27.994 | INFO     | __main__:log_results:113 - Pt_in [Pa] | mean_tweedie_deviance(power=0.0): 0.356870
2025-11-14 21:05:27.994 | INFO     | __main__:log_results:113 - Pt_out [Pa] | explained_variance_score: 1.000000
2025-11-14 21:05:27.994 | INFO     | __main__:log_results:113 - Pt_out [Pa] | r2_score: 1.000000
2025-11-14 21:05:27.994 | INFO     | __main__:log_results:113 - Pt_out [Pa] | d2_absolute_error_score: 0.999982
2025-11-14 21:05:27.994 | INFO     | __main__:log_results:113 - Pt_out [Pa] | d2_pinball_score: 0.999982
2025-11-14 21:05:27.994 | INFO     | __main__:log_results:113 - Pt_out [Pa] | d2_tweedie_score: 1.000000
2025-11-14 21:05:27.994 | INFO     | __main__:log_results:113 - Pt_out [Pa] | mean_absolute_error: 0.456105
2025-11-14 21:05:27.995 | INFO     | __main__:log_results:113 - Pt_out [Pa] | median_absolute_error: 0.340891
2025-11-14 21:05:27.995 | INFO     | __main__:log_results:113 - Pt_out [Pa] | mean_squared_error: 0.358105
2025-11-14 21:05:27.995 | INFO     | __main__:log_results:113 - Pt_out [Pa] | rmse: 0.598419
2025-11-14 21:05:27.995 | INFO     | __main__:log_results:113 - Pt_out [Pa] | mean_squared_log_error: 0.000000
2025-11-14 21:05:27.996 | INFO     | __main__:log_results:113 - Pt_out [Pa] | rmsle: 0.000017
2025-11-14 21:05:27.996 | INFO     | __main__:log_results:113 - Pt_out [Pa] | mean_absolute_percentage_error: 0.000011
2025-11-14 21:05:27.996 | INFO     | __main__:log_results:113 - Pt_out [Pa] | max_error: 1.880507
2025-11-14 21:05:27.996 | INFO     | __main__:log_results:113 - Pt_out [Pa] | mean_pinball_loss(alpha=0.5): 0.228053
2025-11-14 21:05:27.996 | INFO     | __main__:log_results:113 - Pt_out [Pa] | mean_poisson_deviance: 0.000009
2025-11-14 21:05:27.996 | INFO     | __main__:log_results:113 - Pt_out [Pa] | mean_gamma_deviance: 0.000000
2025-11-14 21:05:27.996 | INFO     | __main__:log_results:113 - Pt_out [Pa] | mean_tweedie_deviance(power=0.0): 0.358105
2025-11-14 21:05:27.996 | INFO     | __main__:log_results:113 - Torque [N m] | explained_variance_score: 0.999549
2025-11-14 21:05:27.996 | INFO     | __main__:log_results:113 - Torque [N m] | r2_score: 0.999542
2025-11-14 21:05:27.996 | INFO     | __main__:log_results:113 - Torque [N m] | d2_absolute_error_score: 0.981494
2025-11-14 21:05:27.996 | INFO     | __main__:log_results:113 - Torque [N m] | d2_pinball_score: 0.981494
2025-11-14 21:05:27.996 | INFO     | __main__:log_results:113 - Torque [N m] | d2_tweedie_score: 0.999542
2025-11-14 21:05:27.996 | INFO     | __main__:log_results:113 - Torque [N m] | mean_absolute_error: 0.035143
2025-11-14 21:05:27.996 | INFO     | __main__:log_results:113 - Torque [N m] | median_absolute_error: 0.024111
2025-11-14 21:05:27.997 | INFO     | __main__:log_results:113 - Torque [N m] | mean_squared_error: 0.002726
2025-11-14 21:05:27.997 | INFO     | __main__:log_results:113 - Torque [N m] | rmse: 0.052212
2025-11-14 21:05:27.997 | INFO     | __main__:log_results:113 - Torque [N m] | mean_squared_log_error: 0.000093
2025-11-14 21:05:27.997 | INFO     | __main__:log_results:113 - Torque [N m] | rmsle: 0.009636
2025-11-14 21:05:27.997 | INFO     | __main__:log_results:113 - Torque [N m] | mean_absolute_percentage_error: 0.009018
2025-11-14 21:05:27.997 | INFO     | __main__:log_results:113 - Torque [N m] | max_error: 0.243879
2025-11-14 21:05:27.997 | INFO     | __main__:log_results:113 - Torque [N m] | mean_pinball_loss(alpha=0.5): 0.017572
2025-11-14 21:05:27.997 | INFO     | __main__:log_results:113 - Torque [N m] | mean_poisson_deviance: 0.000570
2025-11-14 21:05:27.997 | INFO     | __main__:log_results:113 - Torque [N m] | mean_gamma_deviance: 0.000174
2025-11-14 21:05:27.997 | INFO     | __main__:log_results:113 - Torque [N m] | mean_tweedie_deviance(power=0.0): 0.002726
2025-11-14 21:05:27.997 | INFO     | __main__:log_results:113 - Efficiency [%] | explained_variance_score: 0.981679
2025-11-14 21:05:27.997 | INFO     | __main__:log_results:113 - Efficiency [%] | r2_score: 0.980752
2025-11-14 21:05:27.997 | INFO     | __main__:log_results:113 - Efficiency [%] | d2_absolute_error_score: 0.905400
2025-11-14 21:05:27.997 | INFO     | __main__:log_results:113 - Efficiency [%] | d2_pinball_score: 0.905400
2025-11-14 21:05:27.997 | INFO     | __main__:log_results:113 - Efficiency [%] | d2_tweedie_score: 0.980752
2025-11-14 21:05:27.997 | INFO     | __main__:log_results:113 - Efficiency [%] | mean_absolute_error: 1.092990
2025-11-14 21:05:27.998 | INFO     | __main__:log_results:113 - Efficiency [%] | median_absolute_error: 0.597695
2025-11-14 21:05:27.998 | INFO     | __main__:log_results:113 - Efficiency [%] | mean_squared_error: 3.907549
2025-11-14 21:05:27.998 | INFO     | __main__:log_results:113 - Efficiency [%] | rmse: 1.976752
2025-11-14 21:05:27.998 | INFO     | __main__:log_results:113 - Efficiency [%] | mean_squared_log_error: 0.001088
2025-11-14 21:05:27.998 | INFO     | __main__:log_results:113 - Efficiency [%] | rmsle: 0.032987
2025-11-14 21:05:27.998 | INFO     | __main__:log_results:113 - Efficiency [%] | mean_absolute_percentage_error: 0.016828
2025-11-14 21:05:27.998 | INFO     | __main__:log_results:113 - Efficiency [%] | max_error: 9.670710
2025-11-14 21:05:27.998 | INFO     | __main__:log_results:113 - Efficiency [%] | mean_pinball_loss(alpha=0.5): 0.546495
2025-11-14 21:05:27.998 | INFO     | __main__:log_results:113 - Efficiency [%] | mean_poisson_deviance: 0.064314
2025-11-14 21:05:27.998 | INFO     | __main__:log_results:113 - Efficiency [%] | mean_gamma_deviance: 0.001085
2025-11-14 21:05:27.998 | INFO     | __main__:log_results:113 - Efficiency [%] | mean_tweedie_deviance(power=0.0): 3.907549
2025-11-14 21:05:27.998 | INFO     | __main__:log_results:113 - Efficiency (Pt_out - Pt_in) | explained_variance_score: 0.995820
2025-11-14 21:05:27.998 | INFO     | __main__:log_results:113 - Efficiency (Pt_out - Pt_in) | r2_score: 0.995798
2025-11-14 21:05:27.998 | INFO     | __main__:log_results:113 - Efficiency (Pt_out - Pt_in) | d2_absolute_error_score: 0.941773
2025-11-14 21:05:27.998 | INFO     | __main__:log_results:113 - Efficiency (Pt_out - Pt_in) | d2_pinball_score: 0.941773
2025-11-14 21:05:27.998 | INFO     | __main__:log_results:113 - Efficiency (Pt_out - Pt_in) | d2_tweedie_score: 0.995798
2025-11-14 21:05:27.998 | INFO     | __main__:log_results:113 - Efficiency (Pt_out - Pt_in) | mean_absolute_error: 0.657944
2025-11-14 21:05:27.999 | INFO     | __main__:log_results:113 - Efficiency (Pt_out - Pt_in) | median_absolute_error: 0.548188
2025-11-14 21:05:27.999 | INFO     | __main__:log_results:113 - Efficiency (Pt_out - Pt_in) | mean_squared_error: 0.765690
2025-11-14 21:05:27.999 | INFO     | __main__:log_results:113 - Efficiency (Pt_out - Pt_in) | rmse: 0.875037
2025-11-14 21:05:27.999 | INFO     | __main__:log_results:113 - Efficiency (Pt_out - Pt_in) | mean_squared_log_error: 0.000169
2025-11-14 21:05:27.999 | INFO     | __main__:log_results:113 - Efficiency (Pt_out - Pt_in) | rmsle: 0.012997
2025-11-14 21:05:27.999 | INFO     | __main__:log_results:113 - Efficiency (Pt_out - Pt_in) | mean_absolute_percentage_error: 0.008984
2025-11-14 21:05:27.999 | INFO     | __main__:log_results:113 - Efficiency (Pt_out - Pt_in) | max_error: 3.524604
2025-11-14 21:05:27.999 | INFO     | __main__:log_results:113 - Efficiency (Pt_out - Pt_in) | mean_pinball_loss(alpha=0.5): 0.328972
2025-11-14 21:05:27.999 | INFO     | __main__:log_results:113 - Efficiency (Pt_out - Pt_in) | mean_poisson_deviance: 0.011296
2025-11-14 21:05:27.999 | INFO     | __main__:log_results:113 - Efficiency (Pt_out - Pt_in) | mean_gamma_deviance: 0.000175
2025-11-14 21:05:27.999 | INFO     | __main__:log_results:113 - Efficiency (Pt_out - Pt_in) | mean_tweedie_deviance(power=0.0): 0.765690
