2025-11-14 21:04:13.992 | INFO     | __main__:log_results:110 - num_trainval: 140
2025-11-14 21:04:13.992 | INFO     | __main__:log_results:110 - is_random_sample: True
2025-11-14 21:04:13.992 | INFO     | __main__:log_results:110 - which_FeatureAugmentation: 3
2025-11-14 21:04:13.992 | INFO     | __main__:log_results:110 - FeatureAugmentation_Runs: 2
2025-11-14 21:04:13.992 | INFO     | __main__:log_results:110 - x_transformer_type: standardize
2025-11-14 21:04:13.992 | INFO     | __main__:log_results:110 - y_transformer_type: standardize
2025-11-14 21:04:13.992 | INFO     | __main__:log_results:110 - num_trainval_slice: 40
2025-11-14 21:04:13.992 | INFO     | __main__:log_results:110 - EPOCH: 500
2025-11-14 21:04:13.992 | INFO     | __main__:log_results:110 - exp_name: DGP05_SciGP_Far2_v2
2025-11-14 21:04:13.992 | INFO     | __main__:log_results:110 - random_round_num: 4
2025-11-14 21:04:13.992 | INFO     | __main__:log_results:113 - Pt_in [Pa] | explained_variance_score: 0.619576
2025-11-14 21:04:13.992 | INFO     | __main__:log_results:113 - Pt_in [Pa] | r2_score: 0.616978
2025-11-14 21:04:13.992 | INFO     | __main__:log_results:113 - Pt_in [Pa] | d2_absolute_error_score: 0.395554
2025-11-14 21:04:13.992 | INFO     | __main__:log_results:113 - Pt_in [Pa] | d2_pinball_score: 0.395554
2025-11-14 21:04:13.992 | INFO     | __main__:log_results:113 - Pt_in [Pa] | d2_tweedie_score: 0.616978
2025-11-14 21:04:13.992 | INFO     | __main__:log_results:113 - Pt_in [Pa] | mean_absolute_error: 0.492144
2025-11-14 21:04:13.993 | INFO     | __main__:log_results:113 - Pt_in [Pa] | median_absolute_error: 0.331647
2025-11-14 21:04:13.993 | INFO     | __main__:log_results:113 - Pt_in [Pa] | mean_squared_error: 0.463191
2025-11-14 21:04:13.993 | INFO     | __main__:log_results:113 - Pt_in [Pa] | rmse: 0.680581
2025-11-14 21:04:13.993 | INFO     | __main__:log_results:113 - Pt_in [Pa] | mean_squared_log_error: 0.096247
2025-11-14 21:04:13.993 | INFO     | __main__:log_results:113 - Pt_in [Pa] | rmsle: 0.310236
2025-11-14 21:04:13.993 | INFO     | __main__:log_results:113 - Pt_in [Pa] | mean_absolute_percentage_error: 0.683837
2025-11-14 21:04:13.993 | INFO     | __main__:log_results:113 - Pt_in [Pa] | max_error: 2.556702
2025-11-14 21:04:13.993 | INFO     | __main__:log_results:113 - Pt_in [Pa] | mean_pinball_loss(alpha=0.5): 0.246072
2025-11-14 21:04:13.993 | INFO     | __main__:log_results:113 - Pt_in [Pa] | mean_poisson_deviance: nan
2025-11-14 21:04:13.993 | INFO     | __main__:log_results:113 - Pt_in [Pa] | mean_gamma_deviance: nan
2025-11-14 21:04:13.993 | INFO     | __main__:log_results:113 - Pt_in [Pa] | mean_tweedie_deviance(power=0.0): 0.463191
2025-11-14 21:04:13.993 | INFO     | __main__:log_results:113 - Pt_out [Pa] | explained_variance_score: 1.000000
2025-11-14 21:04:13.993 | INFO     | __main__:log_results:113 - Pt_out [Pa] | r2_score: 1.000000
2025-11-14 21:04:13.993 | INFO     | __main__:log_results:113 - Pt_out [Pa] | d2_absolute_error_score: 0.999981
2025-11-14 21:04:13.993 | INFO     | __main__:log_results:113 - Pt_out [Pa] | d2_pinball_score: 0.999981
2025-11-14 21:04:13.993 | INFO     | __main__:log_results:113 - Pt_out [Pa] | d2_tweedie_score: 1.000000
2025-11-14 21:04:13.993 | INFO     | __main__:log_results:113 - Pt_out [Pa] | mean_absolute_error: 0.478945
2025-11-14 21:04:13.993 | INFO     | __main__:log_results:113 - Pt_out [Pa] | median_absolute_error: 0.389231
2025-11-14 21:04:13.993 | INFO     | __main__:log_results:113 - Pt_out [Pa] | mean_squared_error: 0.387547
2025-11-14 21:04:13.993 | INFO     | __main__:log_results:113 - Pt_out [Pa] | rmse: 0.622533
2025-11-14 21:04:13.993 | INFO     | __main__:log_results:113 - Pt_out [Pa] | mean_squared_log_error: 0.000000
2025-11-14 21:04:13.993 | INFO     | __main__:log_results:113 - Pt_out [Pa] | rmsle: 0.000019
2025-11-14 21:04:13.993 | INFO     | __main__:log_results:113 - Pt_out [Pa] | mean_absolute_percentage_error: 0.000012
2025-11-14 21:04:13.993 | INFO     | __main__:log_results:113 - Pt_out [Pa] | max_error: 2.129979
2025-11-14 21:04:13.993 | INFO     | __main__:log_results:113 - Pt_out [Pa] | mean_pinball_loss(alpha=0.5): 0.239472
2025-11-14 21:04:13.993 | INFO     | __main__:log_results:113 - Pt_out [Pa] | mean_poisson_deviance: 0.000009
2025-11-14 21:04:13.994 | INFO     | __main__:log_results:113 - Pt_out [Pa] | mean_gamma_deviance: 0.000000
2025-11-14 21:04:13.994 | INFO     | __main__:log_results:113 - Pt_out [Pa] | mean_tweedie_deviance(power=0.0): 0.387547
2025-11-14 21:04:13.994 | INFO     | __main__:log_results:113 - Torque [N m] | explained_variance_score: 0.999574
2025-11-14 21:04:13.994 | INFO     | __main__:log_results:113 - Torque [N m] | r2_score: 0.999551
2025-11-14 21:04:13.994 | INFO     | __main__:log_results:113 - Torque [N m] | d2_absolute_error_score: 0.981943
2025-11-14 21:04:13.994 | INFO     | __main__:log_results:113 - Torque [N m] | d2_pinball_score: 0.981943
2025-11-14 21:04:13.994 | INFO     | __main__:log_results:113 - Torque [N m] | d2_tweedie_score: 0.999551
2025-11-14 21:04:13.994 | INFO     | __main__:log_results:113 - Torque [N m] | mean_absolute_error: 0.033848
2025-11-14 21:04:13.994 | INFO     | __main__:log_results:113 - Torque [N m] | median_absolute_error: 0.020442
2025-11-14 21:04:13.994 | INFO     | __main__:log_results:113 - Torque [N m] | mean_squared_error: 0.002617
2025-11-14 21:04:13.994 | INFO     | __main__:log_results:113 - Torque [N m] | rmse: 0.051155
2025-11-14 21:04:13.994 | INFO     | __main__:log_results:113 - Torque [N m] | mean_squared_log_error: 0.000135
2025-11-14 21:04:13.994 | INFO     | __main__:log_results:113 - Torque [N m] | rmsle: 0.011631
2025-11-14 21:04:13.994 | INFO     | __main__:log_results:113 - Torque [N m] | mean_absolute_percentage_error: 0.010087
2025-11-14 21:04:13.994 | INFO     | __main__:log_results:113 - Torque [N m] | max_error: 0.168800
2025-11-14 21:04:13.994 | INFO     | __main__:log_results:113 - Torque [N m] | mean_pinball_loss(alpha=0.5): 0.016924
2025-11-14 21:04:13.994 | INFO     | __main__:log_results:113 - Torque [N m] | mean_poisson_deviance: 0.000754
2025-11-14 21:04:13.994 | INFO     | __main__:log_results:113 - Torque [N m] | mean_gamma_deviance: 0.000266
2025-11-14 21:04:13.994 | INFO     | __main__:log_results:113 - Torque [N m] | mean_tweedie_deviance(power=0.0): 0.002617
2025-11-14 21:04:13.994 | INFO     | __main__:log_results:113 - Efficiency [%] | explained_variance_score: 0.993386
2025-11-14 21:04:13.994 | INFO     | __main__:log_results:113 - Efficiency [%] | r2_score: 0.993161
2025-11-14 21:04:13.994 | INFO     | __main__:log_results:113 - Efficiency [%] | d2_absolute_error_score: 0.930627
2025-11-14 21:04:13.994 | INFO     | __main__:log_results:113 - Efficiency [%] | d2_pinball_score: 0.930627
2025-11-14 21:04:13.994 | INFO     | __main__:log_results:113 - Efficiency [%] | d2_tweedie_score: 0.993161
2025-11-14 21:04:13.994 | INFO     | __main__:log_results:113 - Efficiency [%] | mean_absolute_error: 0.796632
2025-11-14 21:04:13.994 | INFO     | __main__:log_results:113 - Efficiency [%] | median_absolute_error: 0.423091
2025-11-14 21:04:13.994 | INFO     | __main__:log_results:113 - Efficiency [%] | mean_squared_error: 1.350609
2025-11-14 21:04:13.994 | INFO     | __main__:log_results:113 - Efficiency [%] | rmse: 1.162157
2025-11-14 21:04:13.994 | INFO     | __main__:log_results:113 - Efficiency [%] | mean_squared_log_error: 0.000329
2025-11-14 21:04:13.994 | INFO     | __main__:log_results:113 - Efficiency [%] | rmsle: 0.018133
2025-11-14 21:04:13.995 | INFO     | __main__:log_results:113 - Efficiency [%] | mean_absolute_percentage_error: 0.011484
2025-11-14 21:04:13.995 | INFO     | __main__:log_results:113 - Efficiency [%] | max_error: 4.059593
2025-11-14 21:04:13.995 | INFO     | __main__:log_results:113 - Efficiency [%] | mean_pinball_loss(alpha=0.5): 0.398316
2025-11-14 21:04:13.995 | INFO     | __main__:log_results:113 - Efficiency [%] | mean_poisson_deviance: 0.020889
2025-11-14 21:04:13.995 | INFO     | __main__:log_results:113 - Efficiency [%] | mean_gamma_deviance: 0.000336
2025-11-14 21:04:13.995 | INFO     | __main__:log_results:113 - Efficiency [%] | mean_tweedie_deviance(power=0.0): 1.350609
2025-11-14 21:04:13.995 | INFO     | __main__:log_results:113 - Efficiency (Pt_out - Pt_in) | explained_variance_score: 0.994563
2025-11-14 21:04:13.995 | INFO     | __main__:log_results:113 - Efficiency (Pt_out - Pt_in) | r2_score: 0.994231
2025-11-14 21:04:13.995 | INFO     | __main__:log_results:113 - Efficiency (Pt_out - Pt_in) | d2_absolute_error_score: 0.936238
2025-11-14 21:04:13.995 | INFO     | __main__:log_results:113 - Efficiency (Pt_out - Pt_in) | d2_pinball_score: 0.936238
2025-11-14 21:04:13.995 | INFO     | __main__:log_results:113 - Efficiency (Pt_out - Pt_in) | d2_tweedie_score: 0.994231
2025-11-14 21:04:13.995 | INFO     | __main__:log_results:113 - Efficiency (Pt_out - Pt_in) | mean_absolute_error: 0.730094
2025-11-14 21:04:13.995 | INFO     | __main__:log_results:113 - Efficiency (Pt_out - Pt_in) | median_absolute_error: 0.479739
2025-11-14 21:04:13.995 | INFO     | __main__:log_results:113 - Efficiency (Pt_out - Pt_in) | mean_squared_error: 1.128101
2025-11-14 21:04:13.995 | INFO     | __main__:log_results:113 - Efficiency (Pt_out - Pt_in) | rmse: 1.062121
2025-11-14 21:04:13.995 | INFO     | __main__:log_results:113 - Efficiency (Pt_out - Pt_in) | mean_squared_log_error: 0.000254
2025-11-14 21:04:13.995 | INFO     | __main__:log_results:113 - Efficiency (Pt_out - Pt_in) | rmsle: 0.015952
2025-11-14 21:04:13.995 | INFO     | __main__:log_results:113 - Efficiency (Pt_out - Pt_in) | mean_absolute_percentage_error: 0.010270
2025-11-14 21:04:13.995 | INFO     | __main__:log_results:113 - Efficiency (Pt_out - Pt_in) | max_error: 3.339401
2025-11-14 21:04:13.995 | INFO     | __main__:log_results:113 - Efficiency (Pt_out - Pt_in) | mean_pinball_loss(alpha=0.5): 0.365047
2025-11-14 21:04:13.995 | INFO     | __main__:log_results:113 - Efficiency (Pt_out - Pt_in) | mean_poisson_deviance: 0.016691
2025-11-14 21:04:13.995 | INFO     | __main__:log_results:113 - Efficiency (Pt_out - Pt_in) | mean_gamma_deviance: 0.000260
2025-11-14 21:04:13.995 | INFO     | __main__:log_results:113 - Efficiency (Pt_out - Pt_in) | mean_tweedie_deviance(power=0.0): 1.128101
