2025-11-14 21:01:39.390 | INFO     | __main__:log_results:110 - num_trainval: 110
2025-11-14 21:01:39.390 | INFO     | __main__:log_results:110 - is_random_sample: True
2025-11-14 21:01:39.390 | INFO     | __main__:log_results:110 - which_FeatureAugmentation: 3
2025-11-14 21:01:39.390 | INFO     | __main__:log_results:110 - FeatureAugmentation_Runs: 2
2025-11-14 21:01:39.390 | INFO     | __main__:log_results:110 - x_transformer_type: standardize
2025-11-14 21:01:39.390 | INFO     | __main__:log_results:110 - y_transformer_type: standardize
2025-11-14 21:01:39.390 | INFO     | __main__:log_results:110 - num_trainval_slice: 40
2025-11-14 21:01:39.390 | INFO     | __main__:log_results:110 - EPOCH: 500
2025-11-14 21:01:39.390 | INFO     | __main__:log_results:110 - exp_name: DGP05_SciGP_Far2_v2
2025-11-14 21:01:39.390 | INFO     | __main__:log_results:110 - random_round_num: 4
2025-11-14 21:01:39.390 | INFO     | __main__:log_results:113 - Pt_in [Pa] | explained_variance_score: 0.356994
2025-11-14 21:01:39.390 | INFO     | __main__:log_results:113 - Pt_in [Pa] | r2_score: 0.356720
2025-11-14 21:01:39.390 | INFO     | __main__:log_results:113 - Pt_in [Pa] | d2_absolute_error_score: 0.089288
2025-11-14 21:01:39.390 | INFO     | __main__:log_results:113 - Pt_in [Pa] | d2_pinball_score: 0.089288
2025-11-14 21:01:39.391 | INFO     | __main__:log_results:113 - Pt_in [Pa] | d2_tweedie_score: 0.356720
2025-11-14 21:01:39.391 | INFO     | __main__:log_results:113 - Pt_in [Pa] | mean_absolute_error: 0.544522
2025-11-14 21:01:39.391 | INFO     | __main__:log_results:113 - Pt_in [Pa] | median_absolute_error: 0.476751
2025-11-14 21:01:39.391 | INFO     | __main__:log_results:113 - Pt_in [Pa] | mean_squared_error: 0.458206
2025-11-14 21:01:39.391 | INFO     | __main__:log_results:113 - Pt_in [Pa] | rmse: 0.676909
2025-11-14 21:01:39.391 | INFO     | __main__:log_results:113 - Pt_in [Pa] | mean_squared_log_error: 0.083258
2025-11-14 21:01:39.391 | INFO     | __main__:log_results:113 - Pt_in [Pa] | rmsle: 0.288544
2025-11-14 21:01:39.391 | INFO     | __main__:log_results:113 - Pt_in [Pa] | mean_absolute_percentage_error: 0.826315
2025-11-14 21:01:39.391 | INFO     | __main__:log_results:113 - Pt_in [Pa] | max_error: 2.302951
2025-11-14 21:01:39.391 | INFO     | __main__:log_results:113 - Pt_in [Pa] | mean_pinball_loss(alpha=0.5): 0.272261
2025-11-14 21:01:39.391 | INFO     | __main__:log_results:113 - Pt_in [Pa] | mean_poisson_deviance: nan
2025-11-14 21:01:39.391 | INFO     | __main__:log_results:113 - Pt_in [Pa] | mean_gamma_deviance: nan
2025-11-14 21:01:39.391 | INFO     | __main__:log_results:113 - Pt_in [Pa] | mean_tweedie_deviance(power=0.0): 0.458206
2025-11-14 21:01:39.391 | INFO     | __main__:log_results:113 - Pt_out [Pa] | explained_variance_score: 1.000000
2025-11-14 21:01:39.391 | INFO     | __main__:log_results:113 - Pt_out [Pa] | r2_score: 1.000000
2025-11-14 21:01:39.391 | INFO     | __main__:log_results:113 - Pt_out [Pa] | d2_absolute_error_score: 0.999981
2025-11-14 21:01:39.391 | INFO     | __main__:log_results:113 - Pt_out [Pa] | d2_pinball_score: 0.999981
2025-11-14 21:01:39.391 | INFO     | __main__:log_results:113 - Pt_out [Pa] | d2_tweedie_score: 1.000000
2025-11-14 21:01:39.391 | INFO     | __main__:log_results:113 - Pt_out [Pa] | mean_absolute_error: 0.488446
2025-11-14 21:01:39.391 | INFO     | __main__:log_results:113 - Pt_out [Pa] | median_absolute_error: 0.363922
2025-11-14 21:01:39.391 | INFO     | __main__:log_results:113 - Pt_out [Pa] | mean_squared_error: 0.425622
2025-11-14 21:01:39.391 | INFO     | __main__:log_results:113 - Pt_out [Pa] | rmse: 0.652397
2025-11-14 21:01:39.392 | INFO     | __main__:log_results:113 - Pt_out [Pa] | mean_squared_log_error: 0.000000
2025-11-14 21:01:39.392 | INFO     | __main__:log_results:113 - Pt_out [Pa] | rmsle: 0.000018
2025-11-14 21:01:39.392 | INFO     | __main__:log_results:113 - Pt_out [Pa] | mean_absolute_percentage_error: 0.000011
2025-11-14 21:01:39.392 | INFO     | __main__:log_results:113 - Pt_out [Pa] | max_error: 2.249076
2025-11-14 21:01:39.392 | INFO     | __main__:log_results:113 - Pt_out [Pa] | mean_pinball_loss(alpha=0.5): 0.244223
2025-11-14 21:01:39.392 | INFO     | __main__:log_results:113 - Pt_out [Pa] | mean_poisson_deviance: 0.000009
2025-11-14 21:01:39.392 | INFO     | __main__:log_results:113 - Pt_out [Pa] | mean_gamma_deviance: 0.000000
2025-11-14 21:01:39.392 | INFO     | __main__:log_results:113 - Pt_out [Pa] | mean_tweedie_deviance(power=0.0): 0.425622
2025-11-14 21:01:39.392 | INFO     | __main__:log_results:113 - Torque [N m] | explained_variance_score: 0.999546
2025-11-14 21:01:39.392 | INFO     | __main__:log_results:113 - Torque [N m] | r2_score: 0.999543
2025-11-14 21:01:39.392 | INFO     | __main__:log_results:113 - Torque [N m] | d2_absolute_error_score: 0.981190
2025-11-14 21:01:39.392 | INFO     | __main__:log_results:113 - Torque [N m] | d2_pinball_score: 0.981190
2025-11-14 21:01:39.392 | INFO     | __main__:log_results:113 - Torque [N m] | d2_tweedie_score: 0.999543
2025-11-14 21:01:39.392 | INFO     | __main__:log_results:113 - Torque [N m] | mean_absolute_error: 0.035484
2025-11-14 21:01:39.392 | INFO     | __main__:log_results:113 - Torque [N m] | median_absolute_error: 0.023261
2025-11-14 21:01:39.392 | INFO     | __main__:log_results:113 - Torque [N m] | mean_squared_error: 0.002677
2025-11-14 21:01:39.392 | INFO     | __main__:log_results:113 - Torque [N m] | rmse: 0.051742
2025-11-14 21:01:39.392 | INFO     | __main__:log_results:113 - Torque [N m] | mean_squared_log_error: 0.000168
2025-11-14 21:01:39.392 | INFO     | __main__:log_results:113 - Torque [N m] | rmsle: 0.012958
2025-11-14 21:01:39.392 | INFO     | __main__:log_results:113 - Torque [N m] | mean_absolute_percentage_error: 0.011447
2025-11-14 21:01:39.393 | INFO     | __main__:log_results:113 - Torque [N m] | max_error: 0.224383
2025-11-14 21:01:39.393 | INFO     | __main__:log_results:113 - Torque [N m] | mean_pinball_loss(alpha=0.5): 0.017742
2025-11-14 21:01:39.393 | INFO     | __main__:log_results:113 - Torque [N m] | mean_poisson_deviance: 0.000872
2025-11-14 21:01:39.393 | INFO     | __main__:log_results:113 - Torque [N m] | mean_gamma_deviance: 0.000338
2025-11-14 21:01:39.393 | INFO     | __main__:log_results:113 - Torque [N m] | mean_tweedie_deviance(power=0.0): 0.002677
2025-11-14 21:01:39.393 | INFO     | __main__:log_results:113 - Efficiency [%] | explained_variance_score: 0.991490
2025-11-14 21:01:39.393 | INFO     | __main__:log_results:113 - Efficiency [%] | r2_score: 0.991384
2025-11-14 21:01:39.393 | INFO     | __main__:log_results:113 - Efficiency [%] | d2_absolute_error_score: 0.928869
2025-11-14 21:01:39.393 | INFO     | __main__:log_results:113 - Efficiency [%] | d2_pinball_score: 0.928869
2025-11-14 21:01:39.393 | INFO     | __main__:log_results:113 - Efficiency [%] | d2_tweedie_score: 0.991384
2025-11-14 21:01:39.393 | INFO     | __main__:log_results:113 - Efficiency [%] | mean_absolute_error: 0.800755
2025-11-14 21:01:39.393 | INFO     | __main__:log_results:113 - Efficiency [%] | median_absolute_error: 0.453971
2025-11-14 21:01:39.393 | INFO     | __main__:log_results:113 - Efficiency [%] | mean_squared_error: 1.549296
2025-11-14 21:01:39.393 | INFO     | __main__:log_results:113 - Efficiency [%] | rmse: 1.244707
2025-11-14 21:01:39.393 | INFO     | __main__:log_results:113 - Efficiency [%] | mean_squared_log_error: 0.000388
2025-11-14 21:01:39.393 | INFO     | __main__:log_results:113 - Efficiency [%] | rmsle: 0.019708
2025-11-14 21:01:39.393 | INFO     | __main__:log_results:113 - Efficiency [%] | mean_absolute_percentage_error: 0.011509
2025-11-14 21:01:39.393 | INFO     | __main__:log_results:113 - Efficiency [%] | max_error: 5.262934
2025-11-14 21:01:39.393 | INFO     | __main__:log_results:113 - Efficiency [%] | mean_pinball_loss(alpha=0.5): 0.400378
2025-11-14 21:01:39.393 | INFO     | __main__:log_results:113 - Efficiency [%] | mean_poisson_deviance: 0.024856
2025-11-14 21:01:39.393 | INFO     | __main__:log_results:113 - Efficiency [%] | mean_gamma_deviance: 0.000408
2025-11-14 21:01:39.394 | INFO     | __main__:log_results:113 - Efficiency [%] | mean_tweedie_deviance(power=0.0): 1.549296
2025-11-14 21:01:39.394 | INFO     | __main__:log_results:113 - Efficiency (Pt_out - Pt_in) | explained_variance_score: 0.992880
2025-11-14 21:01:39.394 | INFO     | __main__:log_results:113 - Efficiency (Pt_out - Pt_in) | r2_score: 0.992878
2025-11-14 21:01:39.394 | INFO     | __main__:log_results:113 - Efficiency (Pt_out - Pt_in) | d2_absolute_error_score: 0.929996
2025-11-14 21:01:39.394 | INFO     | __main__:log_results:113 - Efficiency (Pt_out - Pt_in) | d2_pinball_score: 0.929996
2025-11-14 21:01:39.394 | INFO     | __main__:log_results:113 - Efficiency (Pt_out - Pt_in) | d2_tweedie_score: 0.992878
2025-11-14 21:01:39.394 | INFO     | __main__:log_results:113 - Efficiency (Pt_out - Pt_in) | mean_absolute_error: 0.791992
2025-11-14 21:01:39.394 | INFO     | __main__:log_results:113 - Efficiency (Pt_out - Pt_in) | median_absolute_error: 0.453375
2025-11-14 21:01:39.394 | INFO     | __main__:log_results:113 - Efficiency (Pt_out - Pt_in) | mean_squared_error: 1.307029
2025-11-14 21:01:39.394 | INFO     | __main__:log_results:113 - Efficiency (Pt_out - Pt_in) | rmse: 1.143254
2025-11-14 21:01:39.394 | INFO     | __main__:log_results:113 - Efficiency (Pt_out - Pt_in) | mean_squared_log_error: 0.000329
2025-11-14 21:01:39.394 | INFO     | __main__:log_results:113 - Efficiency (Pt_out - Pt_in) | rmsle: 0.018137
2025-11-14 21:01:39.394 | INFO     | __main__:log_results:113 - Efficiency (Pt_out - Pt_in) | mean_absolute_percentage_error: 0.011350
2025-11-14 21:01:39.394 | INFO     | __main__:log_results:113 - Efficiency (Pt_out - Pt_in) | max_error: 4.936184
2025-11-14 21:01:39.394 | INFO     | __main__:log_results:113 - Efficiency (Pt_out - Pt_in) | mean_pinball_loss(alpha=0.5): 0.395996
2025-11-14 21:01:39.394 | INFO     | __main__:log_results:113 - Efficiency (Pt_out - Pt_in) | mean_poisson_deviance: 0.020838
2025-11-14 21:01:39.394 | INFO     | __main__:log_results:113 - Efficiency (Pt_out - Pt_in) | mean_gamma_deviance: 0.000343
2025-11-14 21:01:39.394 | INFO     | __main__:log_results:113 - Efficiency (Pt_out - Pt_in) | mean_tweedie_deviance(power=0.0): 1.307029
