2025-11-14 18:34:41.055 | INFO     | __main__:log_results:110 - num_trainval: 900
2025-11-14 18:34:41.055 | INFO     | __main__:log_results:110 - is_random_sample: True
2025-11-14 18:34:41.055 | INFO     | __main__:log_results:110 - which_FeatureAugmentation: 3
2025-11-14 18:34:41.056 | INFO     | __main__:log_results:110 - FeatureAugmentation_Runs: 2
2025-11-14 18:34:41.056 | INFO     | __main__:log_results:110 - x_transformer_type: standardize
2025-11-14 18:34:41.056 | INFO     | __main__:log_results:110 - y_transformer_type: standardize
2025-11-14 18:34:41.056 | INFO     | __main__:log_results:110 - num_trainval_slice: 40
2025-11-14 18:34:41.056 | INFO     | __main__:log_results:110 - EPOCH: 500
2025-11-14 18:34:41.056 | INFO     | __main__:log_results:110 - exp_name: DGP05_SciGP_Far2
2025-11-14 18:34:41.056 | INFO     | __main__:log_results:110 - random_round_num: 1
2025-11-14 18:34:41.056 | INFO     | __main__:log_results:113 - Pt_in [Pa] | explained_variance_score: 0.864992
2025-11-14 18:34:41.056 | INFO     | __main__:log_results:113 - Pt_in [Pa] | r2_score: 0.863350
2025-11-14 18:34:41.056 | INFO     | __main__:log_results:113 - Pt_in [Pa] | d2_absolute_error_score: 0.640568
2025-11-14 18:34:41.056 | INFO     | __main__:log_results:113 - Pt_in [Pa] | d2_pinball_score: 0.640568
2025-11-14 18:34:41.056 | INFO     | __main__:log_results:113 - Pt_in [Pa] | d2_tweedie_score: 0.863350
2025-11-14 18:34:41.056 | INFO     | __main__:log_results:113 - Pt_in [Pa] | mean_absolute_error: 0.289105
2025-11-14 18:34:41.056 | INFO     | __main__:log_results:113 - Pt_in [Pa] | median_absolute_error: 0.211354
2025-11-14 18:34:41.056 | INFO     | __main__:log_results:113 - Pt_in [Pa] | mean_squared_error: 0.184672
2025-11-14 18:34:41.056 | INFO     | __main__:log_results:113 - Pt_in [Pa] | rmse: 0.429735
2025-11-14 18:34:41.057 | INFO     | __main__:log_results:113 - Pt_in [Pa] | mean_squared_log_error: 0.035494
2025-11-14 18:34:41.057 | INFO     | __main__:log_results:113 - Pt_in [Pa] | rmsle: 0.188400
2025-11-14 18:34:41.057 | INFO     | __main__:log_results:113 - Pt_in [Pa] | mean_absolute_percentage_error: 0.334829
2025-11-14 18:34:41.057 | INFO     | __main__:log_results:113 - Pt_in [Pa] | max_error: 2.181449
2025-11-14 18:34:41.057 | INFO     | __main__:log_results:113 - Pt_in [Pa] | mean_pinball_loss(alpha=0.5): 0.144552
2025-11-14 18:34:41.057 | INFO     | __main__:log_results:113 - Pt_in [Pa] | mean_poisson_deviance: 0.176674
2025-11-14 18:34:41.057 | INFO     | __main__:log_results:113 - Pt_in [Pa] | mean_gamma_deviance: 0.555092
2025-11-14 18:34:41.057 | INFO     | __main__:log_results:113 - Pt_in [Pa] | mean_tweedie_deviance(power=0.0): 0.184672
2025-11-14 18:34:41.057 | INFO     | __main__:log_results:113 - Pt_out [Pa] | explained_variance_score: 1.000000
2025-11-14 18:34:41.057 | INFO     | __main__:log_results:113 - Pt_out [Pa] | r2_score: 1.000000
2025-11-14 18:34:41.057 | INFO     | __main__:log_results:113 - Pt_out [Pa] | d2_absolute_error_score: 0.999984
2025-11-14 18:34:41.057 | INFO     | __main__:log_results:113 - Pt_out [Pa] | d2_pinball_score: 0.999984
2025-11-14 18:34:41.057 | INFO     | __main__:log_results:113 - Pt_out [Pa] | d2_tweedie_score: 1.000000
2025-11-14 18:34:41.057 | INFO     | __main__:log_results:113 - Pt_out [Pa] | mean_absolute_error: 0.417191
2025-11-14 18:34:41.057 | INFO     | __main__:log_results:113 - Pt_out [Pa] | median_absolute_error: 0.339900
2025-11-14 18:34:41.057 | INFO     | __main__:log_results:113 - Pt_out [Pa] | mean_squared_error: 0.298337
2025-11-14 18:34:41.057 | INFO     | __main__:log_results:113 - Pt_out [Pa] | rmse: 0.546202
2025-11-14 18:34:41.058 | INFO     | __main__:log_results:113 - Pt_out [Pa] | mean_squared_log_error: 0.000000
2025-11-14 18:34:41.058 | INFO     | __main__:log_results:113 - Pt_out [Pa] | rmsle: 0.000016
2025-11-14 18:34:41.058 | INFO     | __main__:log_results:113 - Pt_out [Pa] | mean_absolute_percentage_error: 0.000010
2025-11-14 18:34:41.058 | INFO     | __main__:log_results:113 - Pt_out [Pa] | max_error: 1.862074
2025-11-14 18:34:41.058 | INFO     | __main__:log_results:113 - Pt_out [Pa] | mean_pinball_loss(alpha=0.5): 0.208595
2025-11-14 18:34:41.058 | INFO     | __main__:log_results:113 - Pt_out [Pa] | mean_poisson_deviance: 0.000007
2025-11-14 18:34:41.058 | INFO     | __main__:log_results:113 - Pt_out [Pa] | mean_gamma_deviance: 0.000000
2025-11-14 18:34:41.058 | INFO     | __main__:log_results:113 - Pt_out [Pa] | mean_tweedie_deviance(power=0.0): 0.298337
2025-11-14 18:34:41.058 | INFO     | __main__:log_results:113 - Torque [N m] | explained_variance_score: 0.999896
2025-11-14 18:34:41.058 | INFO     | __main__:log_results:113 - Torque [N m] | r2_score: 0.999893
2025-11-14 18:34:41.058 | INFO     | __main__:log_results:113 - Torque [N m] | d2_absolute_error_score: 0.989921
2025-11-14 18:34:41.058 | INFO     | __main__:log_results:113 - Torque [N m] | d2_pinball_score: 0.989921
2025-11-14 18:34:41.058 | INFO     | __main__:log_results:113 - Torque [N m] | d2_tweedie_score: 0.999893
2025-11-14 18:34:41.058 | INFO     | __main__:log_results:113 - Torque [N m] | mean_absolute_error: 0.018958
2025-11-14 18:34:41.058 | INFO     | __main__:log_results:113 - Torque [N m] | median_absolute_error: 0.013075
2025-11-14 18:34:41.058 | INFO     | __main__:log_results:113 - Torque [N m] | mean_squared_error: 0.000629
2025-11-14 18:34:41.059 | INFO     | __main__:log_results:113 - Torque [N m] | rmse: 0.025074
2025-11-14 18:34:41.059 | INFO     | __main__:log_results:113 - Torque [N m] | mean_squared_log_error: 0.000030
2025-11-14 18:34:41.059 | INFO     | __main__:log_results:113 - Torque [N m] | rmsle: 0.005460
2025-11-14 18:34:41.059 | INFO     | __main__:log_results:113 - Torque [N m] | mean_absolute_percentage_error: 0.005490
2025-11-14 18:34:41.059 | INFO     | __main__:log_results:113 - Torque [N m] | max_error: 0.069015
2025-11-14 18:34:41.059 | INFO     | __main__:log_results:113 - Torque [N m] | mean_pinball_loss(alpha=0.5): 0.009479
2025-11-14 18:34:41.059 | INFO     | __main__:log_results:113 - Torque [N m] | mean_poisson_deviance: 0.000169
2025-11-14 18:34:41.059 | INFO     | __main__:log_results:113 - Torque [N m] | mean_gamma_deviance: 0.000060
2025-11-14 18:34:41.059 | INFO     | __main__:log_results:113 - Torque [N m] | mean_tweedie_deviance(power=0.0): 0.000629
2025-11-14 18:34:41.059 | INFO     | __main__:log_results:113 - Efficiency [%] | explained_variance_score: 0.998272
2025-11-14 18:34:41.059 | INFO     | __main__:log_results:113 - Efficiency [%] | r2_score: 0.998216
2025-11-14 18:34:41.059 | INFO     | __main__:log_results:113 - Efficiency [%] | d2_absolute_error_score: 0.962683
2025-11-14 18:34:41.059 | INFO     | __main__:log_results:113 - Efficiency [%] | d2_pinball_score: 0.962683
2025-11-14 18:34:41.059 | INFO     | __main__:log_results:113 - Efficiency [%] | d2_tweedie_score: 0.998216
2025-11-14 18:34:41.059 | INFO     | __main__:log_results:113 - Efficiency [%] | mean_absolute_error: 0.425242
2025-11-14 18:34:41.059 | INFO     | __main__:log_results:113 - Efficiency [%] | median_absolute_error: 0.268853
2025-11-14 18:34:41.059 | INFO     | __main__:log_results:113 - Efficiency [%] | mean_squared_error: 0.340021
2025-11-14 18:34:41.060 | INFO     | __main__:log_results:113 - Efficiency [%] | rmse: 0.583113
2025-11-14 18:34:41.060 | INFO     | __main__:log_results:113 - Efficiency [%] | mean_squared_log_error: 0.000074
2025-11-14 18:34:41.060 | INFO     | __main__:log_results:113 - Efficiency [%] | rmsle: 0.008609
2025-11-14 18:34:41.060 | INFO     | __main__:log_results:113 - Efficiency [%] | mean_absolute_percentage_error: 0.005904
2025-11-14 18:34:41.060 | INFO     | __main__:log_results:113 - Efficiency [%] | max_error: 1.941724
2025-11-14 18:34:41.060 | INFO     | __main__:log_results:113 - Efficiency [%] | mean_pinball_loss(alpha=0.5): 0.212621
2025-11-14 18:34:41.060 | INFO     | __main__:log_results:113 - Efficiency [%] | mean_poisson_deviance: 0.004977
2025-11-14 18:34:41.060 | INFO     | __main__:log_results:113 - Efficiency [%] | mean_gamma_deviance: 0.000076
2025-11-14 18:34:41.060 | INFO     | __main__:log_results:113 - Efficiency [%] | mean_tweedie_deviance(power=0.0): 0.340021
2025-11-14 18:34:41.060 | INFO     | __main__:log_results:113 - Efficiency (Pt_out - Pt_in) | explained_variance_score: 0.998554
2025-11-14 18:34:41.060 | INFO     | __main__:log_results:113 - Efficiency (Pt_out - Pt_in) | r2_score: 0.998489
2025-11-14 18:34:41.060 | INFO     | __main__:log_results:113 - Efficiency (Pt_out - Pt_in) | d2_absolute_error_score: 0.964471
2025-11-14 18:34:41.060 | INFO     | __main__:log_results:113 - Efficiency (Pt_out - Pt_in) | d2_pinball_score: 0.964471
2025-11-14 18:34:41.060 | INFO     | __main__:log_results:113 - Efficiency (Pt_out - Pt_in) | d2_tweedie_score: 0.998489
2025-11-14 18:34:41.060 | INFO     | __main__:log_results:113 - Efficiency (Pt_out - Pt_in) | mean_absolute_error: 0.404639
2025-11-14 18:34:41.060 | INFO     | __main__:log_results:113 - Efficiency (Pt_out - Pt_in) | median_absolute_error: 0.288545
2025-11-14 18:34:41.060 | INFO     | __main__:log_results:113 - Efficiency (Pt_out - Pt_in) | mean_squared_error: 0.287900
2025-11-14 18:34:41.061 | INFO     | __main__:log_results:113 - Efficiency (Pt_out - Pt_in) | rmse: 0.536563
2025-11-14 18:34:41.061 | INFO     | __main__:log_results:113 - Efficiency (Pt_out - Pt_in) | mean_squared_log_error: 0.000058
2025-11-14 18:34:41.061 | INFO     | __main__:log_results:113 - Efficiency (Pt_out - Pt_in) | rmsle: 0.007593
2025-11-14 18:34:41.061 | INFO     | __main__:log_results:113 - Efficiency (Pt_out - Pt_in) | mean_absolute_percentage_error: 0.005513
2025-11-14 18:34:41.061 | INFO     | __main__:log_results:113 - Efficiency (Pt_out - Pt_in) | max_error: 1.483146
2025-11-14 18:34:41.061 | INFO     | __main__:log_results:113 - Efficiency (Pt_out - Pt_in) | mean_pinball_loss(alpha=0.5): 0.202320
2025-11-14 18:34:41.061 | INFO     | __main__:log_results:113 - Efficiency (Pt_out - Pt_in) | mean_poisson_deviance: 0.004025
2025-11-14 18:34:41.061 | INFO     | __main__:log_results:113 - Efficiency (Pt_out - Pt_in) | mean_gamma_deviance: 0.000059
2025-11-14 18:34:41.061 | INFO     | __main__:log_results:113 - Efficiency (Pt_out - Pt_in) | mean_tweedie_deviance(power=0.0): 0.287900
