2025-11-14 18:03:54.658 | INFO     | __main__:log_results:110 - num_trainval: 30
2025-11-14 18:03:54.658 | INFO     | __main__:log_results:110 - is_random_sample: True
2025-11-14 18:03:54.658 | INFO     | __main__:log_results:110 - which_FeatureAugmentation: 3
2025-11-14 18:03:54.659 | INFO     | __main__:log_results:110 - FeatureAugmentation_Runs: 2
2025-11-14 18:03:54.659 | INFO     | __main__:log_results:110 - x_transformer_type: standardize
2025-11-14 18:03:54.659 | INFO     | __main__:log_results:110 - y_transformer_type: standardize
2025-11-14 18:03:54.659 | INFO     | __main__:log_results:110 - num_trainval_slice: 40
2025-11-14 18:03:54.659 | INFO     | __main__:log_results:110 - EPOCH: 500
2025-11-14 18:03:54.660 | INFO     | __main__:log_results:110 - exp_name: DGP05_SciGP_Far2
2025-11-14 18:03:54.660 | INFO     | __main__:log_results:110 - random_round_num: 4
2025-11-14 18:03:54.660 | INFO     | __main__:log_results:113 - Pt_in [Pa] | explained_variance_score: -1.374353
2025-11-14 18:03:54.660 | INFO     | __main__:log_results:113 - Pt_in [Pa] | r2_score: -1.374630
2025-11-14 18:03:54.660 | INFO     | __main__:log_results:113 - Pt_in [Pa] | d2_absolute_error_score: -0.319695
2025-11-14 18:03:54.661 | INFO     | __main__:log_results:113 - Pt_in [Pa] | d2_pinball_score: -0.319695
2025-11-14 18:03:54.661 | INFO     | __main__:log_results:113 - Pt_in [Pa] | d2_tweedie_score: -1.374630
2025-11-14 18:03:54.661 | INFO     | __main__:log_results:113 - Pt_in [Pa] | mean_absolute_error: 0.943752
2025-11-14 18:03:54.661 | INFO     | __main__:log_results:113 - Pt_in [Pa] | median_absolute_error: 0.553991
2025-11-14 18:03:54.661 | INFO     | __main__:log_results:113 - Pt_in [Pa] | mean_squared_error: 1.978705
2025-11-14 18:03:54.661 | INFO     | __main__:log_results:113 - Pt_in [Pa] | rmse: 1.406665
2025-11-14 18:03:54.662 | INFO     | __main__:log_results:113 - Pt_in [Pa] | mean_squared_log_error: 0.258141
2025-11-14 18:03:54.663 | INFO     | __main__:log_results:113 - Pt_in [Pa] | rmsle: 0.508076
2025-11-14 18:03:54.663 | INFO     | __main__:log_results:113 - Pt_in [Pa] | mean_absolute_percentage_error: 1.071492
2025-11-14 18:03:54.663 | INFO     | __main__:log_results:113 - Pt_in [Pa] | max_error: 4.390697
2025-11-14 18:03:54.663 | INFO     | __main__:log_results:113 - Pt_in [Pa] | mean_pinball_loss(alpha=0.5): 0.471876
2025-11-14 18:03:54.663 | INFO     | __main__:log_results:113 - Pt_in [Pa] | mean_poisson_deviance: 1.449488
2025-11-14 18:03:54.663 | INFO     | __main__:log_results:113 - Pt_in [Pa] | mean_gamma_deviance: 2.705734
2025-11-14 18:03:54.663 | INFO     | __main__:log_results:113 - Pt_in [Pa] | mean_tweedie_deviance(power=0.0): 1.978705
2025-11-14 18:03:54.663 | INFO     | __main__:log_results:113 - Pt_out [Pa] | explained_variance_score: 1.000000
2025-11-14 18:03:54.663 | INFO     | __main__:log_results:113 - Pt_out [Pa] | r2_score: 1.000000
2025-11-14 18:03:54.663 | INFO     | __main__:log_results:113 - Pt_out [Pa] | d2_absolute_error_score: 0.999926
2025-11-14 18:03:54.664 | INFO     | __main__:log_results:113 - Pt_out [Pa] | d2_pinball_score: 0.999926
2025-11-14 18:03:54.664 | INFO     | __main__:log_results:113 - Pt_out [Pa] | d2_tweedie_score: 1.000000
2025-11-14 18:03:54.664 | INFO     | __main__:log_results:113 - Pt_out [Pa] | mean_absolute_error: 1.863169
2025-11-14 18:03:54.664 | INFO     | __main__:log_results:113 - Pt_out [Pa] | median_absolute_error: 1.205306
2025-11-14 18:03:54.664 | INFO     | __main__:log_results:113 - Pt_out [Pa] | mean_squared_error: 7.272770
2025-11-14 18:03:54.665 | INFO     | __main__:log_results:113 - Pt_out [Pa] | rmse: 2.696807
2025-11-14 18:03:54.665 | INFO     | __main__:log_results:113 - Pt_out [Pa] | mean_squared_log_error: 0.000000
2025-11-14 18:03:54.665 | INFO     | __main__:log_results:113 - Pt_out [Pa] | rmsle: 0.000084
2025-11-14 18:03:54.665 | INFO     | __main__:log_results:113 - Pt_out [Pa] | mean_absolute_percentage_error: 0.000045
2025-11-14 18:03:54.665 | INFO     | __main__:log_results:113 - Pt_out [Pa] | max_error: 8.984846
2025-11-14 18:03:54.666 | INFO     | __main__:log_results:113 - Pt_out [Pa] | mean_pinball_loss(alpha=0.5): 0.931584
2025-11-14 18:03:54.666 | INFO     | __main__:log_results:113 - Pt_out [Pa] | mean_poisson_deviance: 0.000185
2025-11-14 18:03:54.666 | INFO     | __main__:log_results:113 - Pt_out [Pa] | mean_gamma_deviance: 0.000000
2025-11-14 18:03:54.666 | INFO     | __main__:log_results:113 - Pt_out [Pa] | mean_tweedie_deviance(power=0.0): 7.272770
2025-11-14 18:03:54.666 | INFO     | __main__:log_results:113 - Torque [N m] | explained_variance_score: 0.996352
2025-11-14 18:03:54.666 | INFO     | __main__:log_results:113 - Torque [N m] | r2_score: 0.996239
2025-11-14 18:03:54.666 | INFO     | __main__:log_results:113 - Torque [N m] | d2_absolute_error_score: 0.943675
2025-11-14 18:03:54.667 | INFO     | __main__:log_results:113 - Torque [N m] | d2_pinball_score: 0.943675
2025-11-14 18:03:54.667 | INFO     | __main__:log_results:113 - Torque [N m] | d2_tweedie_score: 0.996239
2025-11-14 18:03:54.667 | INFO     | __main__:log_results:113 - Torque [N m] | mean_absolute_error: 0.106512
2025-11-14 18:03:54.667 | INFO     | __main__:log_results:113 - Torque [N m] | median_absolute_error: 0.077689
2025-11-14 18:03:54.667 | INFO     | __main__:log_results:113 - Torque [N m] | mean_squared_error: 0.022143
2025-11-14 18:03:54.667 | INFO     | __main__:log_results:113 - Torque [N m] | rmse: 0.148806
2025-11-14 18:03:54.668 | INFO     | __main__:log_results:113 - Torque [N m] | mean_squared_log_error: 0.001823
2025-11-14 18:03:54.668 | INFO     | __main__:log_results:113 - Torque [N m] | rmsle: 0.042693
2025-11-14 18:03:54.668 | INFO     | __main__:log_results:113 - Torque [N m] | mean_absolute_percentage_error: 0.038281
2025-11-14 18:03:54.668 | INFO     | __main__:log_results:113 - Torque [N m] | max_error: 0.602042
2025-11-14 18:03:54.668 | INFO     | __main__:log_results:113 - Torque [N m] | mean_pinball_loss(alpha=0.5): 0.053256
2025-11-14 18:03:54.668 | INFO     | __main__:log_results:113 - Torque [N m] | mean_poisson_deviance: 0.008846
2025-11-14 18:03:54.669 | INFO     | __main__:log_results:113 - Torque [N m] | mean_gamma_deviance: 0.004819
2025-11-14 18:03:54.669 | INFO     | __main__:log_results:113 - Torque [N m] | mean_tweedie_deviance(power=0.0): 0.022143
2025-11-14 18:03:54.669 | INFO     | __main__:log_results:113 - Efficiency [%] | explained_variance_score: 0.961025
2025-11-14 18:03:54.669 | INFO     | __main__:log_results:113 - Efficiency [%] | r2_score: 0.960733
2025-11-14 18:03:54.669 | INFO     | __main__:log_results:113 - Efficiency [%] | d2_absolute_error_score: 0.840418
2025-11-14 18:03:54.669 | INFO     | __main__:log_results:113 - Efficiency [%] | d2_pinball_score: 0.840418
2025-11-14 18:03:54.670 | INFO     | __main__:log_results:113 - Efficiency [%] | d2_tweedie_score: 0.960733
2025-11-14 18:03:54.670 | INFO     | __main__:log_results:113 - Efficiency [%] | mean_absolute_error: 1.690103
2025-11-14 18:03:54.670 | INFO     | __main__:log_results:113 - Efficiency [%] | median_absolute_error: 1.049530
2025-11-14 18:03:54.670 | INFO     | __main__:log_results:113 - Efficiency [%] | mean_squared_error: 6.371782
2025-11-14 18:03:54.670 | INFO     | __main__:log_results:113 - Efficiency [%] | rmse: 2.524239
2025-11-14 18:03:54.670 | INFO     | __main__:log_results:113 - Efficiency [%] | mean_squared_log_error: 0.001395
2025-11-14 18:03:54.671 | INFO     | __main__:log_results:113 - Efficiency [%] | rmsle: 0.037348
2025-11-14 18:03:54.671 | INFO     | __main__:log_results:113 - Efficiency [%] | mean_absolute_percentage_error: 0.023070
2025-11-14 18:03:54.671 | INFO     | __main__:log_results:113 - Efficiency [%] | max_error: 11.220237
2025-11-14 18:03:54.671 | INFO     | __main__:log_results:113 - Efficiency [%] | mean_pinball_loss(alpha=0.5): 0.845052
2025-11-14 18:03:54.671 | INFO     | __main__:log_results:113 - Efficiency [%] | mean_poisson_deviance: 0.095838
2025-11-14 18:03:54.671 | INFO     | __main__:log_results:113 - Efficiency [%] | mean_gamma_deviance: 0.001479
2025-11-14 18:03:54.672 | INFO     | __main__:log_results:113 - Efficiency [%] | mean_tweedie_deviance(power=0.0): 6.371782
2025-11-14 18:03:54.672 | INFO     | __main__:log_results:113 - Efficiency (Pt_out - Pt_in) | explained_variance_score: 0.893852
2025-11-14 18:03:54.672 | INFO     | __main__:log_results:113 - Efficiency (Pt_out - Pt_in) | r2_score: 0.893327
2025-11-14 18:03:54.672 | INFO     | __main__:log_results:113 - Efficiency (Pt_out - Pt_in) | d2_absolute_error_score: 0.761081
2025-11-14 18:03:54.672 | INFO     | __main__:log_results:113 - Efficiency (Pt_out - Pt_in) | d2_pinball_score: 0.761081
2025-11-14 18:03:54.673 | INFO     | __main__:log_results:113 - Efficiency (Pt_out - Pt_in) | d2_tweedie_score: 0.893327
2025-11-14 18:03:54.673 | INFO     | __main__:log_results:113 - Efficiency (Pt_out - Pt_in) | mean_absolute_error: 2.703707
2025-11-14 18:03:54.673 | INFO     | __main__:log_results:113 - Efficiency (Pt_out - Pt_in) | median_absolute_error: 1.477682
2025-11-14 18:03:54.673 | INFO     | __main__:log_results:113 - Efficiency (Pt_out - Pt_in) | mean_squared_error: 20.677466
2025-11-14 18:03:54.673 | INFO     | __main__:log_results:113 - Efficiency (Pt_out - Pt_in) | rmse: 4.547248
2025-11-14 18:03:54.673 | INFO     | __main__:log_results:113 - Efficiency (Pt_out - Pt_in) | mean_squared_log_error: 0.004658
2025-11-14 18:03:54.674 | INFO     | __main__:log_results:113 - Efficiency (Pt_out - Pt_in) | rmsle: 0.068248
2025-11-14 18:03:54.674 | INFO     | __main__:log_results:113 - Efficiency (Pt_out - Pt_in) | mean_absolute_percentage_error: 0.038729
2025-11-14 18:03:54.674 | INFO     | __main__:log_results:113 - Efficiency (Pt_out - Pt_in) | max_error: 23.591762
2025-11-14 18:03:54.674 | INFO     | __main__:log_results:113 - Efficiency (Pt_out - Pt_in) | mean_pinball_loss(alpha=0.5): 1.351853
2025-11-14 18:03:54.674 | INFO     | __main__:log_results:113 - Efficiency (Pt_out - Pt_in) | mean_poisson_deviance: 0.312138
2025-11-14 18:03:54.674 | INFO     | __main__:log_results:113 - Efficiency (Pt_out - Pt_in) | mean_gamma_deviance: 0.004845
2025-11-14 18:03:54.674 | INFO     | __main__:log_results:113 - Efficiency (Pt_out - Pt_in) | mean_tweedie_deviance(power=0.0): 20.677466
