2025-11-14 21:14:20.712 | INFO     | __main__:log_results:110 - num_trainval: 500
2025-11-14 21:14:20.712 | INFO     | __main__:log_results:110 - is_random_sample: True
2025-11-14 21:14:20.712 | INFO     | __main__:log_results:110 - which_FeatureAugmentation: 3
2025-11-14 21:14:20.712 | INFO     | __main__:log_results:110 - FeatureAugmentation_Runs: 2
2025-11-14 21:14:20.712 | INFO     | __main__:log_results:110 - x_transformer_type: standardize
2025-11-14 21:14:20.712 | INFO     | __main__:log_results:110 - y_transformer_type: standardize
2025-11-14 21:14:20.713 | INFO     | __main__:log_results:110 - num_trainval_slice: 40
2025-11-14 21:14:20.713 | INFO     | __main__:log_results:110 - EPOCH: 500
2025-11-14 21:14:20.713 | INFO     | __main__:log_results:110 - exp_name: DGP05_SciGP_Far2_v2
2025-11-14 21:14:20.713 | INFO     | __main__:log_results:110 - random_round_num: 2
2025-11-14 21:14:20.713 | INFO     | __main__:log_results:113 - Pt_in [Pa] | explained_variance_score: 0.817382
2025-11-14 21:14:20.713 | INFO     | __main__:log_results:113 - Pt_in [Pa] | r2_score: 0.815424
2025-11-14 21:14:20.713 | INFO     | __main__:log_results:113 - Pt_in [Pa] | d2_absolute_error_score: 0.571712
2025-11-14 21:14:20.713 | INFO     | __main__:log_results:113 - Pt_in [Pa] | d2_pinball_score: 0.571712
2025-11-14 21:14:20.713 | INFO     | __main__:log_results:113 - Pt_in [Pa] | d2_tweedie_score: 0.815424
2025-11-14 21:14:20.713 | INFO     | __main__:log_results:113 - Pt_in [Pa] | mean_absolute_error: 0.342745
2025-11-14 21:14:20.714 | INFO     | __main__:log_results:113 - Pt_in [Pa] | median_absolute_error: 0.237309
2025-11-14 21:14:20.714 | INFO     | __main__:log_results:113 - Pt_in [Pa] | mean_squared_error: 0.223850
2025-11-14 21:14:20.714 | INFO     | __main__:log_results:113 - Pt_in [Pa] | rmse: 0.473128
2025-11-14 21:14:20.714 | INFO     | __main__:log_results:113 - Pt_in [Pa] | mean_squared_log_error: 0.050390
2025-11-14 21:14:20.714 | INFO     | __main__:log_results:113 - Pt_in [Pa] | rmsle: 0.224476
2025-11-14 21:14:20.714 | INFO     | __main__:log_results:113 - Pt_in [Pa] | mean_absolute_percentage_error: 0.430303
2025-11-14 21:14:20.714 | INFO     | __main__:log_results:113 - Pt_in [Pa] | max_error: 1.788575
2025-11-14 21:14:20.714 | INFO     | __main__:log_results:113 - Pt_in [Pa] | mean_pinball_loss(alpha=0.5): 0.171372
2025-11-14 21:14:20.715 | INFO     | __main__:log_results:113 - Pt_in [Pa] | mean_poisson_deviance: nan
2025-11-14 21:14:20.715 | INFO     | __main__:log_results:113 - Pt_in [Pa] | mean_gamma_deviance: nan
2025-11-14 21:14:20.715 | INFO     | __main__:log_results:113 - Pt_in [Pa] | mean_tweedie_deviance(power=0.0): 0.223850
2025-11-14 21:14:20.715 | INFO     | __main__:log_results:113 - Pt_out [Pa] | explained_variance_score: 1.000000
2025-11-14 21:14:20.715 | INFO     | __main__:log_results:113 - Pt_out [Pa] | r2_score: 1.000000
2025-11-14 21:14:20.715 | INFO     | __main__:log_results:113 - Pt_out [Pa] | d2_absolute_error_score: 0.999982
2025-11-14 21:14:20.715 | INFO     | __main__:log_results:113 - Pt_out [Pa] | d2_pinball_score: 0.999982
2025-11-14 21:14:20.715 | INFO     | __main__:log_results:113 - Pt_out [Pa] | d2_tweedie_score: 1.000000
2025-11-14 21:14:20.715 | INFO     | __main__:log_results:113 - Pt_out [Pa] | mean_absolute_error: 0.447351
2025-11-14 21:14:20.715 | INFO     | __main__:log_results:113 - Pt_out [Pa] | median_absolute_error: 0.376929
2025-11-14 21:14:20.715 | INFO     | __main__:log_results:113 - Pt_out [Pa] | mean_squared_error: 0.330296
2025-11-14 21:14:20.716 | INFO     | __main__:log_results:113 - Pt_out [Pa] | rmse: 0.574714
2025-11-14 21:14:20.716 | INFO     | __main__:log_results:113 - Pt_out [Pa] | mean_squared_log_error: 0.000000
2025-11-14 21:14:20.716 | INFO     | __main__:log_results:113 - Pt_out [Pa] | rmsle: 0.000016
2025-11-14 21:14:20.716 | INFO     | __main__:log_results:113 - Pt_out [Pa] | mean_absolute_percentage_error: 0.000011
2025-11-14 21:14:20.716 | INFO     | __main__:log_results:113 - Pt_out [Pa] | max_error: 1.985979
2025-11-14 21:14:20.716 | INFO     | __main__:log_results:113 - Pt_out [Pa] | mean_pinball_loss(alpha=0.5): 0.223675
2025-11-14 21:14:20.716 | INFO     | __main__:log_results:113 - Pt_out [Pa] | mean_poisson_deviance: 0.000008
2025-11-14 21:14:20.716 | INFO     | __main__:log_results:113 - Pt_out [Pa] | mean_gamma_deviance: 0.000000
2025-11-14 21:14:20.716 | INFO     | __main__:log_results:113 - Pt_out [Pa] | mean_tweedie_deviance(power=0.0): 0.330296
2025-11-14 21:14:20.716 | INFO     | __main__:log_results:113 - Torque [N m] | explained_variance_score: 0.999871
2025-11-14 21:14:20.716 | INFO     | __main__:log_results:113 - Torque [N m] | r2_score: 0.999868
2025-11-14 21:14:20.717 | INFO     | __main__:log_results:113 - Torque [N m] | d2_absolute_error_score: 0.989249
2025-11-14 21:14:20.717 | INFO     | __main__:log_results:113 - Torque [N m] | d2_pinball_score: 0.989249
2025-11-14 21:14:20.717 | INFO     | __main__:log_results:113 - Torque [N m] | d2_tweedie_score: 0.999868
2025-11-14 21:14:20.717 | INFO     | __main__:log_results:113 - Torque [N m] | mean_absolute_error: 0.020214
2025-11-14 21:14:20.717 | INFO     | __main__:log_results:113 - Torque [N m] | median_absolute_error: 0.012910
2025-11-14 21:14:20.717 | INFO     | __main__:log_results:113 - Torque [N m] | mean_squared_error: 0.000773
2025-11-14 21:14:20.717 | INFO     | __main__:log_results:113 - Torque [N m] | rmse: 0.027804
2025-11-14 21:14:20.717 | INFO     | __main__:log_results:113 - Torque [N m] | mean_squared_log_error: 0.000038
2025-11-14 21:14:20.717 | INFO     | __main__:log_results:113 - Torque [N m] | rmsle: 0.006197
2025-11-14 21:14:20.717 | INFO     | __main__:log_results:113 - Torque [N m] | mean_absolute_percentage_error: 0.005912
2025-11-14 21:14:20.718 | INFO     | __main__:log_results:113 - Torque [N m] | max_error: 0.100765
2025-11-14 21:14:20.718 | INFO     | __main__:log_results:113 - Torque [N m] | mean_pinball_loss(alpha=0.5): 0.010107
2025-11-14 21:14:20.718 | INFO     | __main__:log_results:113 - Torque [N m] | mean_poisson_deviance: 0.000215
2025-11-14 21:14:20.718 | INFO     | __main__:log_results:113 - Torque [N m] | mean_gamma_deviance: 0.000079
2025-11-14 21:14:20.718 | INFO     | __main__:log_results:113 - Torque [N m] | mean_tweedie_deviance(power=0.0): 0.000773
2025-11-14 21:14:20.718 | INFO     | __main__:log_results:113 - Efficiency [%] | explained_variance_score: 0.997759
2025-11-14 21:14:20.718 | INFO     | __main__:log_results:113 - Efficiency [%] | r2_score: 0.997725
2025-11-14 21:14:20.718 | INFO     | __main__:log_results:113 - Efficiency [%] | d2_absolute_error_score: 0.959568
2025-11-14 21:14:20.719 | INFO     | __main__:log_results:113 - Efficiency [%] | d2_pinball_score: 0.959568
2025-11-14 21:14:20.719 | INFO     | __main__:log_results:113 - Efficiency [%] | d2_tweedie_score: 0.997725
2025-11-14 21:14:20.720 | INFO     | __main__:log_results:113 - Efficiency [%] | mean_absolute_error: 0.461558
2025-11-14 21:14:20.720 | INFO     | __main__:log_results:113 - Efficiency [%] | median_absolute_error: 0.300455
2025-11-14 21:14:20.720 | INFO     | __main__:log_results:113 - Efficiency [%] | mean_squared_error: 0.435418
2025-11-14 21:14:20.720 | INFO     | __main__:log_results:113 - Efficiency [%] | rmse: 0.659862
2025-11-14 21:14:20.720 | INFO     | __main__:log_results:113 - Efficiency [%] | mean_squared_log_error: 0.000104
2025-11-14 21:14:20.721 | INFO     | __main__:log_results:113 - Efficiency [%] | rmsle: 0.010212
2025-11-14 21:14:20.721 | INFO     | __main__:log_results:113 - Efficiency [%] | mean_absolute_percentage_error: 0.006500
2025-11-14 21:14:20.721 | INFO     | __main__:log_results:113 - Efficiency [%] | max_error: 2.370896
2025-11-14 21:14:20.721 | INFO     | __main__:log_results:113 - Efficiency [%] | mean_pinball_loss(alpha=0.5): 0.230779
2025-11-14 21:14:20.721 | INFO     | __main__:log_results:113 - Efficiency [%] | mean_poisson_deviance: 0.006708
2025-11-14 21:14:20.721 | INFO     | __main__:log_results:113 - Efficiency [%] | mean_gamma_deviance: 0.000108
2025-11-14 21:14:20.721 | INFO     | __main__:log_results:113 - Efficiency [%] | mean_tweedie_deviance(power=0.0): 0.435418
2025-11-14 21:14:20.721 | INFO     | __main__:log_results:113 - Efficiency (Pt_out - Pt_in) | explained_variance_score: 0.998230
2025-11-14 21:14:20.721 | INFO     | __main__:log_results:113 - Efficiency (Pt_out - Pt_in) | r2_score: 0.998190
2025-11-14 21:14:20.721 | INFO     | __main__:log_results:113 - Efficiency (Pt_out - Pt_in) | d2_absolute_error_score: 0.962146
2025-11-14 21:14:20.721 | INFO     | __main__:log_results:113 - Efficiency (Pt_out - Pt_in) | d2_pinball_score: 0.962146
2025-11-14 21:14:20.721 | INFO     | __main__:log_results:113 - Efficiency (Pt_out - Pt_in) | d2_tweedie_score: 0.998190
2025-11-14 21:14:20.721 | INFO     | __main__:log_results:113 - Efficiency (Pt_out - Pt_in) | mean_absolute_error: 0.431587
2025-11-14 21:14:20.721 | INFO     | __main__:log_results:113 - Efficiency (Pt_out - Pt_in) | median_absolute_error: 0.308776
2025-11-14 21:14:20.721 | INFO     | __main__:log_results:113 - Efficiency (Pt_out - Pt_in) | mean_squared_error: 0.345329
2025-11-14 21:14:20.722 | INFO     | __main__:log_results:113 - Efficiency (Pt_out - Pt_in) | rmse: 0.587647
2025-11-14 21:14:20.722 | INFO     | __main__:log_results:113 - Efficiency (Pt_out - Pt_in) | mean_squared_log_error: 0.000076
2025-11-14 21:14:20.722 | INFO     | __main__:log_results:113 - Efficiency (Pt_out - Pt_in) | rmsle: 0.008718
2025-11-14 21:14:20.722 | INFO     | __main__:log_results:113 - Efficiency (Pt_out - Pt_in) | mean_absolute_percentage_error: 0.005941
2025-11-14 21:14:20.722 | INFO     | __main__:log_results:113 - Efficiency (Pt_out - Pt_in) | max_error: 2.128614
2025-11-14 21:14:20.722 | INFO     | __main__:log_results:113 - Efficiency (Pt_out - Pt_in) | mean_pinball_loss(alpha=0.5): 0.215794
2025-11-14 21:14:20.722 | INFO     | __main__:log_results:113 - Efficiency (Pt_out - Pt_in) | mean_poisson_deviance: 0.005068
2025-11-14 21:14:20.722 | INFO     | __main__:log_results:113 - Efficiency (Pt_out - Pt_in) | mean_gamma_deviance: 0.000078
2025-11-14 21:14:20.722 | INFO     | __main__:log_results:113 - Efficiency (Pt_out - Pt_in) | mean_tweedie_deviance(power=0.0): 0.345329
