2025-11-14 18:03:18.985 | INFO     | __main__:log_results:110 - num_trainval: 10
2025-11-14 18:03:18.985 | INFO     | __main__:log_results:110 - is_random_sample: True
2025-11-14 18:03:18.985 | INFO     | __main__:log_results:110 - which_FeatureAugmentation: 3
2025-11-14 18:03:18.985 | INFO     | __main__:log_results:110 - FeatureAugmentation_Runs: 2
2025-11-14 18:03:18.985 | INFO     | __main__:log_results:110 - x_transformer_type: standardize
2025-11-14 18:03:18.986 | INFO     | __main__:log_results:110 - y_transformer_type: standardize
2025-11-14 18:03:18.986 | INFO     | __main__:log_results:110 - num_trainval_slice: 40
2025-11-14 18:03:18.986 | INFO     | __main__:log_results:110 - EPOCH: 500
2025-11-14 18:03:18.986 | INFO     | __main__:log_results:110 - exp_name: DGP05_SciGP_Far2
2025-11-14 18:03:18.986 | INFO     | __main__:log_results:110 - random_round_num: 3
2025-11-14 18:03:18.986 | INFO     | __main__:log_results:113 - Pt_in [Pa] | explained_variance_score: -58.395821
2025-11-14 18:03:18.986 | INFO     | __main__:log_results:113 - Pt_in [Pa] | r2_score: -58.580041
2025-11-14 18:03:18.986 | INFO     | __main__:log_results:113 - Pt_in [Pa] | d2_absolute_error_score: -13.217309
2025-11-14 18:03:18.986 | INFO     | __main__:log_results:113 - Pt_in [Pa] | d2_pinball_score: -13.217309
2025-11-14 18:03:18.986 | INFO     | __main__:log_results:113 - Pt_in [Pa] | d2_tweedie_score: -58.580041
2025-11-14 18:03:18.986 | INFO     | __main__:log_results:113 - Pt_in [Pa] | mean_absolute_error: 0.906422
2025-11-14 18:03:18.986 | INFO     | __main__:log_results:113 - Pt_in [Pa] | median_absolute_error: 0.762208
2025-11-14 18:03:18.986 | INFO     | __main__:log_results:113 - Pt_in [Pa] | mean_squared_error: 1.428521
2025-11-14 18:03:18.986 | INFO     | __main__:log_results:113 - Pt_in [Pa] | rmse: 1.195208
2025-11-14 18:03:18.986 | INFO     | __main__:log_results:113 - Pt_in [Pa] | mean_squared_log_error: 0.202601
2025-11-14 18:03:18.986 | INFO     | __main__:log_results:113 - Pt_in [Pa] | rmsle: 0.450112
2025-11-14 18:03:18.986 | INFO     | __main__:log_results:113 - Pt_in [Pa] | mean_absolute_percentage_error: 0.644738
2025-11-14 18:03:18.986 | INFO     | __main__:log_results:113 - Pt_in [Pa] | max_error: 4.078602
2025-11-14 18:03:18.986 | INFO     | __main__:log_results:113 - Pt_in [Pa] | mean_pinball_loss(alpha=0.5): 0.453211
2025-11-14 18:03:18.986 | INFO     | __main__:log_results:113 - Pt_in [Pa] | mean_poisson_deviance: 1.115384
2025-11-14 18:03:18.987 | INFO     | __main__:log_results:113 - Pt_in [Pa] | mean_gamma_deviance: 2.890399
2025-11-14 18:03:18.987 | INFO     | __main__:log_results:113 - Pt_in [Pa] | mean_tweedie_deviance(power=0.0): 1.428521
2025-11-14 18:03:18.987 | INFO     | __main__:log_results:113 - Pt_out [Pa] | explained_variance_score: 0.989325
2025-11-14 18:03:18.987 | INFO     | __main__:log_results:113 - Pt_out [Pa] | r2_score: 0.989294
2025-11-14 18:03:18.987 | INFO     | __main__:log_results:113 - Pt_out [Pa] | d2_absolute_error_score: 0.915561
2025-11-14 18:03:18.987 | INFO     | __main__:log_results:113 - Pt_out [Pa] | d2_pinball_score: 0.915561
2025-11-14 18:03:18.987 | INFO     | __main__:log_results:113 - Pt_out [Pa] | d2_tweedie_score: 0.989294
2025-11-14 18:03:18.987 | INFO     | __main__:log_results:113 - Pt_out [Pa] | mean_absolute_error: 2117.311426
2025-11-14 18:03:18.987 | INFO     | __main__:log_results:113 - Pt_out [Pa] | median_absolute_error: 1408.560789
2025-11-14 18:03:18.987 | INFO     | __main__:log_results:113 - Pt_out [Pa] | mean_squared_error: 8682633.593130
2025-11-14 18:03:18.987 | INFO     | __main__:log_results:113 - Pt_out [Pa] | rmse: 2946.630889
2025-11-14 18:03:18.987 | INFO     | __main__:log_results:113 - Pt_out [Pa] | mean_squared_log_error: 0.012552
2025-11-14 18:03:18.987 | INFO     | __main__:log_results:113 - Pt_out [Pa] | rmsle: 0.112036
2025-11-14 18:03:18.987 | INFO     | __main__:log_results:113 - Pt_out [Pa] | mean_absolute_percentage_error: 0.062651
2025-11-14 18:03:18.987 | INFO     | __main__:log_results:113 - Pt_out [Pa] | max_error: 9504.685286
2025-11-14 18:03:18.987 | INFO     | __main__:log_results:113 - Pt_out [Pa] | mean_pinball_loss(alpha=0.5): 1058.655713
2025-11-14 18:03:18.987 | INFO     | __main__:log_results:113 - Pt_out [Pa] | mean_poisson_deviance: 309.974921
2025-11-14 18:03:18.987 | INFO     | __main__:log_results:113 - Pt_out [Pa] | mean_gamma_deviance: 0.013423
2025-11-14 18:03:18.987 | INFO     | __main__:log_results:113 - Pt_out [Pa] | mean_tweedie_deviance(power=0.0): 8682633.593130
2025-11-14 18:03:18.987 | INFO     | __main__:log_results:113 - Torque [N m] | explained_variance_score: 0.986443
2025-11-14 18:03:18.988 | INFO     | __main__:log_results:113 - Torque [N m] | r2_score: 0.986279
2025-11-14 18:03:18.988 | INFO     | __main__:log_results:113 - Torque [N m] | d2_absolute_error_score: 0.886581
2025-11-14 18:03:18.988 | INFO     | __main__:log_results:113 - Torque [N m] | d2_pinball_score: 0.886581
2025-11-14 18:03:18.988 | INFO     | __main__:log_results:113 - Torque [N m] | d2_tweedie_score: 0.986279
2025-11-14 18:03:18.988 | INFO     | __main__:log_results:113 - Torque [N m] | mean_absolute_error: 0.219879
2025-11-14 18:03:18.988 | INFO     | __main__:log_results:113 - Torque [N m] | median_absolute_error: 0.146982
2025-11-14 18:03:18.988 | INFO     | __main__:log_results:113 - Torque [N m] | mean_squared_error: 0.090728
2025-11-14 18:03:18.988 | INFO     | __main__:log_results:113 - Torque [N m] | rmse: 0.301210
2025-11-14 18:03:18.988 | INFO     | __main__:log_results:113 - Torque [N m] | mean_squared_log_error: 0.003232
2025-11-14 18:03:18.988 | INFO     | __main__:log_results:113 - Torque [N m] | rmsle: 0.056853
2025-11-14 18:03:18.988 | INFO     | __main__:log_results:113 - Torque [N m] | mean_absolute_percentage_error: 0.061009
2025-11-14 18:03:18.988 | INFO     | __main__:log_results:113 - Torque [N m] | max_error: 1.016091
2025-11-14 18:03:18.988 | INFO     | __main__:log_results:113 - Torque [N m] | mean_pinball_loss(alpha=0.5): 0.109939
2025-11-14 18:03:18.988 | INFO     | __main__:log_results:113 - Torque [N m] | mean_poisson_deviance: 0.019535
2025-11-14 18:03:18.988 | INFO     | __main__:log_results:113 - Torque [N m] | mean_gamma_deviance: 0.005905
2025-11-14 18:03:18.988 | INFO     | __main__:log_results:113 - Torque [N m] | mean_tweedie_deviance(power=0.0): 0.090728
2025-11-14 18:03:18.988 | INFO     | __main__:log_results:113 - Efficiency [%] | explained_variance_score: 0.924852
2025-11-14 18:03:18.988 | INFO     | __main__:log_results:113 - Efficiency [%] | r2_score: 0.924785
2025-11-14 18:03:18.988 | INFO     | __main__:log_results:113 - Efficiency [%] | d2_absolute_error_score: 0.804675
2025-11-14 18:03:18.988 | INFO     | __main__:log_results:113 - Efficiency [%] | d2_pinball_score: 0.804675
2025-11-14 18:03:18.989 | INFO     | __main__:log_results:113 - Efficiency [%] | d2_tweedie_score: 0.924785
2025-11-14 18:03:18.989 | INFO     | __main__:log_results:113 - Efficiency [%] | mean_absolute_error: 2.062175
2025-11-14 18:03:18.989 | INFO     | __main__:log_results:113 - Efficiency [%] | median_absolute_error: 1.097623
2025-11-14 18:03:18.989 | INFO     | __main__:log_results:113 - Efficiency [%] | mean_squared_error: 12.616949
2025-11-14 18:03:18.989 | INFO     | __main__:log_results:113 - Efficiency [%] | rmse: 3.552035
2025-11-14 18:03:18.989 | INFO     | __main__:log_results:113 - Efficiency [%] | mean_squared_log_error: 0.002938
2025-11-14 18:03:18.989 | INFO     | __main__:log_results:113 - Efficiency [%] | rmsle: 0.054207
2025-11-14 18:03:18.989 | INFO     | __main__:log_results:113 - Efficiency [%] | mean_absolute_percentage_error: 0.029024
2025-11-14 18:03:18.989 | INFO     | __main__:log_results:113 - Efficiency [%] | max_error: 17.358531
2025-11-14 18:03:18.989 | INFO     | __main__:log_results:113 - Efficiency [%] | mean_pinball_loss(alpha=0.5): 1.031088
2025-11-14 18:03:18.989 | INFO     | __main__:log_results:113 - Efficiency [%] | mean_poisson_deviance: 0.197272
2025-11-14 18:03:18.989 | INFO     | __main__:log_results:113 - Efficiency [%] | mean_gamma_deviance: 0.003153
2025-11-14 18:03:18.989 | INFO     | __main__:log_results:113 - Efficiency [%] | mean_tweedie_deviance(power=0.0): 12.616949
2025-11-14 18:03:18.989 | INFO     | __main__:log_results:113 - Efficiency (Pt_out - Pt_in) | explained_variance_score: 0.755694
2025-11-14 18:03:18.989 | INFO     | __main__:log_results:113 - Efficiency (Pt_out - Pt_in) | r2_score: 0.736418
2025-11-14 18:03:18.989 | INFO     | __main__:log_results:113 - Efficiency (Pt_out - Pt_in) | d2_absolute_error_score: 0.509253
2025-11-14 18:03:18.990 | INFO     | __main__:log_results:113 - Efficiency (Pt_out - Pt_in) | d2_pinball_score: 0.509253
2025-11-14 18:03:18.990 | INFO     | __main__:log_results:113 - Efficiency (Pt_out - Pt_in) | d2_tweedie_score: 0.736418
2025-11-14 18:03:18.990 | INFO     | __main__:log_results:113 - Efficiency (Pt_out - Pt_in) | mean_absolute_error: 5.180023
2025-11-14 18:03:18.990 | INFO     | __main__:log_results:113 - Efficiency (Pt_out - Pt_in) | median_absolute_error: 3.664948
2025-11-14 18:03:18.990 | INFO     | __main__:log_results:113 - Efficiency (Pt_out - Pt_in) | mean_squared_error: 54.741079
2025-11-14 18:03:18.990 | INFO     | __main__:log_results:113 - Efficiency (Pt_out - Pt_in) | rmse: 7.398721
2025-11-14 18:03:18.990 | INFO     | __main__:log_results:113 - Efficiency (Pt_out - Pt_in) | mean_squared_log_error: 0.009801
2025-11-14 18:03:18.990 | INFO     | __main__:log_results:113 - Efficiency (Pt_out - Pt_in) | rmsle: 0.099000
2025-11-14 18:03:18.990 | INFO     | __main__:log_results:113 - Efficiency (Pt_out - Pt_in) | mean_absolute_percentage_error: 0.066203
2025-11-14 18:03:18.990 | INFO     | __main__:log_results:113 - Efficiency (Pt_out - Pt_in) | max_error: 28.200784
2025-11-14 18:03:18.990 | INFO     | __main__:log_results:113 - Efficiency (Pt_out - Pt_in) | mean_pinball_loss(alpha=0.5): 2.590012
2025-11-14 18:03:18.990 | INFO     | __main__:log_results:113 - Efficiency (Pt_out - Pt_in) | mean_poisson_deviance: 0.740622
2025-11-14 18:03:18.990 | INFO     | __main__:log_results:113 - Efficiency (Pt_out - Pt_in) | mean_gamma_deviance: 0.010527
2025-11-14 18:03:18.990 | INFO     | __main__:log_results:113 - Efficiency (Pt_out - Pt_in) | mean_tweedie_deviance(power=0.0): 54.741079
