2025-11-14 18:03:24.822 | INFO     | __main__:log_results:110 - num_trainval: 10
2025-11-14 18:03:24.822 | INFO     | __main__:log_results:110 - is_random_sample: True
2025-11-14 18:03:24.822 | INFO     | __main__:log_results:110 - which_FeatureAugmentation: 3
2025-11-14 18:03:24.823 | INFO     | __main__:log_results:110 - FeatureAugmentation_Runs: 2
2025-11-14 18:03:24.823 | INFO     | __main__:log_results:110 - x_transformer_type: standardize
2025-11-14 18:03:24.827 | INFO     | __main__:log_results:110 - y_transformer_type: standardize
2025-11-14 18:03:24.827 | INFO     | __main__:log_results:110 - num_trainval_slice: 40
2025-11-14 18:03:24.827 | INFO     | __main__:log_results:110 - EPOCH: 500
2025-11-14 18:03:24.827 | INFO     | __main__:log_results:110 - exp_name: DGP05_SciGP_Far2
2025-11-14 18:03:24.827 | INFO     | __main__:log_results:110 - random_round_num: 5
2025-11-14 18:03:24.827 | INFO     | __main__:log_results:113 - Pt_in [Pa] | explained_variance_score: -5.825374
2025-11-14 18:03:24.827 | INFO     | __main__:log_results:113 - Pt_in [Pa] | r2_score: -6.413390
2025-11-14 18:03:24.827 | INFO     | __main__:log_results:113 - Pt_in [Pa] | d2_absolute_error_score: -1.970707
2025-11-14 18:03:24.827 | INFO     | __main__:log_results:113 - Pt_in [Pa] | d2_pinball_score: -1.970707
2025-11-14 18:03:24.827 | INFO     | __main__:log_results:113 - Pt_in [Pa] | d2_tweedie_score: -6.413390
2025-11-14 18:03:24.827 | INFO     | __main__:log_results:113 - Pt_in [Pa] | mean_absolute_error: 0.968092
2025-11-14 18:03:24.827 | INFO     | __main__:log_results:113 - Pt_in [Pa] | median_absolute_error: 0.803772
2025-11-14 18:03:24.827 | INFO     | __main__:log_results:113 - Pt_in [Pa] | mean_squared_error: 1.373647
2025-11-14 18:03:24.827 | INFO     | __main__:log_results:113 - Pt_in [Pa] | rmse: 1.172027
2025-11-14 18:03:24.828 | INFO     | __main__:log_results:113 - Pt_in [Pa] | mean_squared_log_error: 0.232175
2025-11-14 18:03:24.828 | INFO     | __main__:log_results:113 - Pt_in [Pa] | rmsle: 0.481845
2025-11-14 18:03:24.828 | INFO     | __main__:log_results:113 - Pt_in [Pa] | mean_absolute_percentage_error: 0.583579
2025-11-14 18:03:24.828 | INFO     | __main__:log_results:113 - Pt_in [Pa] | max_error: 3.340703
2025-11-14 18:03:24.828 | INFO     | __main__:log_results:113 - Pt_in [Pa] | mean_pinball_loss(alpha=0.5): 0.484046
2025-11-14 18:03:24.828 | INFO     | __main__:log_results:113 - Pt_in [Pa] | mean_poisson_deviance: 1.394682
2025-11-14 18:03:24.828 | INFO     | __main__:log_results:113 - Pt_in [Pa] | mean_gamma_deviance: 3.694415
2025-11-14 18:03:24.828 | INFO     | __main__:log_results:113 - Pt_in [Pa] | mean_tweedie_deviance(power=0.0): 1.373647
2025-11-14 18:03:24.828 | INFO     | __main__:log_results:113 - Pt_out [Pa] | explained_variance_score: 0.990699
2025-11-14 18:03:24.828 | INFO     | __main__:log_results:113 - Pt_out [Pa] | r2_score: 0.990687
2025-11-14 18:03:24.828 | INFO     | __main__:log_results:113 - Pt_out [Pa] | d2_absolute_error_score: 0.925565
2025-11-14 18:03:24.828 | INFO     | __main__:log_results:113 - Pt_out [Pa] | d2_pinball_score: 0.925565
2025-11-14 18:03:24.828 | INFO     | __main__:log_results:113 - Pt_out [Pa] | d2_tweedie_score: 0.990687
2025-11-14 18:03:24.828 | INFO     | __main__:log_results:113 - Pt_out [Pa] | mean_absolute_error: 1852.809656
2025-11-14 18:03:24.829 | INFO     | __main__:log_results:113 - Pt_out [Pa] | median_absolute_error: 1062.227611
2025-11-14 18:03:24.829 | INFO     | __main__:log_results:113 - Pt_out [Pa] | mean_squared_error: 7342931.448814
2025-11-14 18:03:24.829 | INFO     | __main__:log_results:113 - Pt_out [Pa] | rmse: 2709.784392
2025-11-14 18:03:24.829 | INFO     | __main__:log_results:113 - Pt_out [Pa] | mean_squared_log_error: 0.001540
2025-11-14 18:03:24.829 | INFO     | __main__:log_results:113 - Pt_out [Pa] | rmsle: 0.039239
2025-11-14 18:03:24.829 | INFO     | __main__:log_results:113 - Pt_out [Pa] | mean_absolute_percentage_error: 0.030187
2025-11-14 18:03:24.829 | INFO     | __main__:log_results:113 - Pt_out [Pa] | max_error: 9563.535236
2025-11-14 18:03:24.829 | INFO     | __main__:log_results:113 - Pt_out [Pa] | mean_pinball_loss(alpha=0.5): 926.404828
2025-11-14 18:03:24.830 | INFO     | __main__:log_results:113 - Pt_out [Pa] | mean_poisson_deviance: 95.222735
2025-11-14 18:03:24.830 | INFO     | __main__:log_results:113 - Pt_out [Pa] | mean_gamma_deviance: 0.001559
2025-11-14 18:03:24.830 | INFO     | __main__:log_results:113 - Pt_out [Pa] | mean_tweedie_deviance(power=0.0): 7342931.448814
2025-11-14 18:03:24.830 | INFO     | __main__:log_results:113 - Torque [N m] | explained_variance_score: 0.947916
2025-11-14 18:03:24.830 | INFO     | __main__:log_results:113 - Torque [N m] | r2_score: 0.933438
2025-11-14 18:03:24.830 | INFO     | __main__:log_results:113 - Torque [N m] | d2_absolute_error_score: 0.802491
2025-11-14 18:03:24.830 | INFO     | __main__:log_results:113 - Torque [N m] | d2_pinball_score: 0.802491
2025-11-14 18:03:24.830 | INFO     | __main__:log_results:113 - Torque [N m] | d2_tweedie_score: 0.933438
2025-11-14 18:03:24.830 | INFO     | __main__:log_results:113 - Torque [N m] | mean_absolute_error: 0.333826
2025-11-14 18:03:24.831 | INFO     | __main__:log_results:113 - Torque [N m] | median_absolute_error: 0.183419
2025-11-14 18:03:24.832 | INFO     | __main__:log_results:113 - Torque [N m] | mean_squared_error: 0.289178
2025-11-14 18:03:24.833 | INFO     | __main__:log_results:113 - Torque [N m] | rmse: 0.537752
2025-11-14 18:03:24.833 | INFO     | __main__:log_results:113 - Torque [N m] | mean_squared_log_error: 0.005718
2025-11-14 18:03:24.833 | INFO     | __main__:log_results:113 - Torque [N m] | rmsle: 0.075615
2025-11-14 18:03:24.833 | INFO     | __main__:log_results:113 - Torque [N m] | mean_absolute_percentage_error: 0.079362
2025-11-14 18:03:24.833 | INFO     | __main__:log_results:113 - Torque [N m] | max_error: 2.418546
2025-11-14 18:03:24.833 | INFO     | __main__:log_results:113 - Torque [N m] | mean_pinball_loss(alpha=0.5): 0.166913
2025-11-14 18:03:24.833 | INFO     | __main__:log_results:113 - Torque [N m] | mean_poisson_deviance: 0.042896
2025-11-14 18:03:24.833 | INFO     | __main__:log_results:113 - Torque [N m] | mean_gamma_deviance: 0.009098
2025-11-14 18:03:24.833 | INFO     | __main__:log_results:113 - Torque [N m] | mean_tweedie_deviance(power=0.0): 0.289178
2025-11-14 18:03:24.833 | INFO     | __main__:log_results:113 - Efficiency [%] | explained_variance_score: 0.888291
2025-11-14 18:03:24.837 | INFO     | __main__:log_results:113 - Efficiency [%] | r2_score: 0.886628
2025-11-14 18:03:24.837 | INFO     | __main__:log_results:113 - Efficiency [%] | d2_absolute_error_score: 0.689563
2025-11-14 18:03:24.837 | INFO     | __main__:log_results:113 - Efficiency [%] | d2_pinball_score: 0.689563
2025-11-14 18:03:24.837 | INFO     | __main__:log_results:113 - Efficiency [%] | d2_tweedie_score: 0.886628
2025-11-14 18:03:24.837 | INFO     | __main__:log_results:113 - Efficiency [%] | mean_absolute_error: 3.227023
2025-11-14 18:03:24.837 | INFO     | __main__:log_results:113 - Efficiency [%] | median_absolute_error: 2.646375
2025-11-14 18:03:24.837 | INFO     | __main__:log_results:113 - Efficiency [%] | mean_squared_error: 17.449018
2025-11-14 18:03:24.837 | INFO     | __main__:log_results:113 - Efficiency [%] | rmse: 4.177202
2025-11-14 18:03:24.837 | INFO     | __main__:log_results:113 - Efficiency [%] | mean_squared_log_error: 0.003220
2025-11-14 18:03:24.837 | INFO     | __main__:log_results:113 - Efficiency [%] | rmsle: 0.056746
2025-11-14 18:03:24.837 | INFO     | __main__:log_results:113 - Efficiency [%] | mean_absolute_percentage_error: 0.042650
2025-11-14 18:03:24.837 | INFO     | __main__:log_results:113 - Efficiency [%] | max_error: 10.705533
2025-11-14 18:03:24.837 | INFO     | __main__:log_results:113 - Efficiency [%] | mean_pinball_loss(alpha=0.5): 1.613511
2025-11-14 18:03:24.837 | INFO     | __main__:log_results:113 - Efficiency [%] | mean_poisson_deviance: 0.237586
2025-11-14 18:03:24.838 | INFO     | __main__:log_results:113 - Efficiency [%] | mean_gamma_deviance: 0.003349
2025-11-14 18:03:24.838 | INFO     | __main__:log_results:113 - Efficiency [%] | mean_tweedie_deviance(power=0.0): 17.449018
2025-11-14 18:03:24.838 | INFO     | __main__:log_results:113 - Efficiency (Pt_out - Pt_in) | explained_variance_score: 0.827770
2025-11-14 18:03:24.838 | INFO     | __main__:log_results:113 - Efficiency (Pt_out - Pt_in) | r2_score: 0.761363
2025-11-14 18:03:24.838 | INFO     | __main__:log_results:113 - Efficiency (Pt_out - Pt_in) | d2_absolute_error_score: 0.556121
2025-11-14 18:03:24.838 | INFO     | __main__:log_results:113 - Efficiency (Pt_out - Pt_in) | d2_pinball_score: 0.556121
2025-11-14 18:03:24.838 | INFO     | __main__:log_results:113 - Efficiency (Pt_out - Pt_in) | d2_tweedie_score: 0.761363
2025-11-14 18:03:24.838 | INFO     | __main__:log_results:113 - Efficiency (Pt_out - Pt_in) | mean_absolute_error: 4.971445
2025-11-14 18:03:24.838 | INFO     | __main__:log_results:113 - Efficiency (Pt_out - Pt_in) | median_absolute_error: 3.484638
2025-11-14 18:03:24.838 | INFO     | __main__:log_results:113 - Efficiency (Pt_out - Pt_in) | mean_squared_error: 47.331705
2025-11-14 18:03:24.838 | INFO     | __main__:log_results:113 - Efficiency (Pt_out - Pt_in) | rmse: 6.879804
2025-11-14 18:03:24.838 | INFO     | __main__:log_results:113 - Efficiency (Pt_out - Pt_in) | mean_squared_log_error: 0.007878
2025-11-14 18:03:24.838 | INFO     | __main__:log_results:113 - Efficiency (Pt_out - Pt_in) | rmsle: 0.088760
2025-11-14 18:03:24.838 | INFO     | __main__:log_results:113 - Efficiency (Pt_out - Pt_in) | mean_absolute_percentage_error: 0.060348
2025-11-14 18:03:24.839 | INFO     | __main__:log_results:113 - Efficiency (Pt_out - Pt_in) | max_error: 17.788835
2025-11-14 18:03:24.839 | INFO     | __main__:log_results:113 - Efficiency (Pt_out - Pt_in) | mean_pinball_loss(alpha=0.5): 2.485723
2025-11-14 18:03:24.839 | INFO     | __main__:log_results:113 - Efficiency (Pt_out - Pt_in) | mean_poisson_deviance: 0.622046
2025-11-14 18:03:24.839 | INFO     | __main__:log_results:113 - Efficiency (Pt_out - Pt_in) | mean_gamma_deviance: 0.008545
2025-11-14 18:03:24.839 | INFO     | __main__:log_results:113 - Efficiency (Pt_out - Pt_in) | mean_tweedie_deviance(power=0.0): 47.331705
