2025-11-14 18:16:21.200 | INFO     | __main__:log_results:110 - num_trainval: 130
2025-11-14 18:16:21.201 | INFO     | __main__:log_results:110 - is_random_sample: True
2025-11-14 18:16:21.201 | INFO     | __main__:log_results:110 - which_FeatureAugmentation: 3
2025-11-14 18:16:21.201 | INFO     | __main__:log_results:110 - FeatureAugmentation_Runs: 2
2025-11-14 18:16:21.202 | INFO     | __main__:log_results:110 - x_transformer_type: standardize
2025-11-14 18:16:21.202 | INFO     | __main__:log_results:110 - y_transformer_type: standardize
2025-11-14 18:16:21.202 | INFO     | __main__:log_results:110 - num_trainval_slice: 40
2025-11-14 18:16:21.202 | INFO     | __main__:log_results:110 - EPOCH: 500
2025-11-14 18:16:21.202 | INFO     | __main__:log_results:110 - exp_name: DGP05_SciGP_Far2
2025-11-14 18:16:21.203 | INFO     | __main__:log_results:110 - random_round_num: 2
2025-11-14 18:16:21.203 | INFO     | __main__:log_results:113 - Pt_in [Pa] | explained_variance_score: 0.133704
2025-11-14 18:16:21.203 | INFO     | __main__:log_results:113 - Pt_in [Pa] | r2_score: 0.128603
2025-11-14 18:16:21.203 | INFO     | __main__:log_results:113 - Pt_in [Pa] | d2_absolute_error_score: 0.066805
2025-11-14 18:16:21.203 | INFO     | __main__:log_results:113 - Pt_in [Pa] | d2_pinball_score: 0.066805
2025-11-14 18:16:21.204 | INFO     | __main__:log_results:113 - Pt_in [Pa] | d2_tweedie_score: 0.128603
2025-11-14 18:16:21.204 | INFO     | __main__:log_results:113 - Pt_in [Pa] | mean_absolute_error: 0.648741
2025-11-14 18:16:21.204 | INFO     | __main__:log_results:113 - Pt_in [Pa] | median_absolute_error: 0.487650
2025-11-14 18:16:21.204 | INFO     | __main__:log_results:113 - Pt_in [Pa] | mean_squared_error: 0.776837
2025-11-14 18:16:21.204 | INFO     | __main__:log_results:113 - Pt_in [Pa] | rmse: 0.881383
2025-11-14 18:16:21.205 | INFO     | __main__:log_results:113 - Pt_in [Pa] | mean_squared_log_error: 0.117741
2025-11-14 18:16:21.205 | INFO     | __main__:log_results:113 - Pt_in [Pa] | rmsle: 0.343134
2025-11-14 18:16:21.205 | INFO     | __main__:log_results:113 - Pt_in [Pa] | mean_absolute_percentage_error: 0.640720
2025-11-14 18:16:21.205 | INFO     | __main__:log_results:113 - Pt_in [Pa] | max_error: 2.962948
2025-11-14 18:16:21.205 | INFO     | __main__:log_results:113 - Pt_in [Pa] | mean_pinball_loss(alpha=0.5): 0.324371
2025-11-14 18:16:21.205 | INFO     | __main__:log_results:113 - Pt_in [Pa] | mean_poisson_deviance: nan
2025-11-14 18:16:21.206 | INFO     | __main__:log_results:113 - Pt_in [Pa] | mean_gamma_deviance: nan
2025-11-14 18:16:21.206 | INFO     | __main__:log_results:113 - Pt_in [Pa] | mean_tweedie_deviance(power=0.0): 0.776837
2025-11-14 18:16:21.206 | INFO     | __main__:log_results:113 - Pt_out [Pa] | explained_variance_score: 1.000000
2025-11-14 18:16:21.206 | INFO     | __main__:log_results:113 - Pt_out [Pa] | r2_score: 1.000000
2025-11-14 18:16:21.206 | INFO     | __main__:log_results:113 - Pt_out [Pa] | d2_absolute_error_score: 0.999980
2025-11-14 18:16:21.207 | INFO     | __main__:log_results:113 - Pt_out [Pa] | d2_pinball_score: 0.999980
2025-11-14 18:16:21.207 | INFO     | __main__:log_results:113 - Pt_out [Pa] | d2_tweedie_score: 1.000000
2025-11-14 18:16:21.207 | INFO     | __main__:log_results:113 - Pt_out [Pa] | mean_absolute_error: 0.494228
2025-11-14 18:16:21.207 | INFO     | __main__:log_results:113 - Pt_out [Pa] | median_absolute_error: 0.396218
2025-11-14 18:16:21.207 | INFO     | __main__:log_results:113 - Pt_out [Pa] | mean_squared_error: 0.489457
2025-11-14 18:16:21.207 | INFO     | __main__:log_results:113 - Pt_out [Pa] | rmse: 0.699612
2025-11-14 18:16:21.208 | INFO     | __main__:log_results:113 - Pt_out [Pa] | mean_squared_log_error: 0.000000
2025-11-14 18:16:21.208 | INFO     | __main__:log_results:113 - Pt_out [Pa] | rmsle: 0.000016
2025-11-14 18:16:21.208 | INFO     | __main__:log_results:113 - Pt_out [Pa] | mean_absolute_percentage_error: 0.000011
2025-11-14 18:16:21.208 | INFO     | __main__:log_results:113 - Pt_out [Pa] | max_error: 3.553872
2025-11-14 18:16:21.208 | INFO     | __main__:log_results:113 - Pt_out [Pa] | mean_pinball_loss(alpha=0.5): 0.247114
2025-11-14 18:16:21.209 | INFO     | __main__:log_results:113 - Pt_out [Pa] | mean_poisson_deviance: 0.000009
2025-11-14 18:16:21.209 | INFO     | __main__:log_results:113 - Pt_out [Pa] | mean_gamma_deviance: 0.000000
2025-11-14 18:16:21.209 | INFO     | __main__:log_results:113 - Pt_out [Pa] | mean_tweedie_deviance(power=0.0): 0.489457
2025-11-14 18:16:21.209 | INFO     | __main__:log_results:113 - Torque [N m] | explained_variance_score: 0.999524
2025-11-14 18:16:21.209 | INFO     | __main__:log_results:113 - Torque [N m] | r2_score: 0.999500
2025-11-14 18:16:21.209 | INFO     | __main__:log_results:113 - Torque [N m] | d2_absolute_error_score: 0.980047
2025-11-14 18:16:21.210 | INFO     | __main__:log_results:113 - Torque [N m] | d2_pinball_score: 0.980047
2025-11-14 18:16:21.210 | INFO     | __main__:log_results:113 - Torque [N m] | d2_tweedie_score: 0.999500
2025-11-14 18:16:21.210 | INFO     | __main__:log_results:113 - Torque [N m] | mean_absolute_error: 0.037548
2025-11-14 18:16:21.210 | INFO     | __main__:log_results:113 - Torque [N m] | median_absolute_error: 0.025708
2025-11-14 18:16:21.210 | INFO     | __main__:log_results:113 - Torque [N m] | mean_squared_error: 0.002923
2025-11-14 18:16:21.210 | INFO     | __main__:log_results:113 - Torque [N m] | rmse: 0.054062
2025-11-14 18:16:21.211 | INFO     | __main__:log_results:113 - Torque [N m] | mean_squared_log_error: 0.000156
2025-11-14 18:16:21.211 | INFO     | __main__:log_results:113 - Torque [N m] | rmsle: 0.012478
2025-11-14 18:16:21.211 | INFO     | __main__:log_results:113 - Torque [N m] | mean_absolute_percentage_error: 0.011263
2025-11-14 18:16:21.211 | INFO     | __main__:log_results:113 - Torque [N m] | max_error: 0.221649
2025-11-14 18:16:21.211 | INFO     | __main__:log_results:113 - Torque [N m] | mean_pinball_loss(alpha=0.5): 0.018774
2025-11-14 18:16:21.211 | INFO     | __main__:log_results:113 - Torque [N m] | mean_poisson_deviance: 0.000837
2025-11-14 18:16:21.211 | INFO     | __main__:log_results:113 - Torque [N m] | mean_gamma_deviance: 0.000334
2025-11-14 18:16:21.212 | INFO     | __main__:log_results:113 - Torque [N m] | mean_tweedie_deviance(power=0.0): 0.002923
2025-11-14 18:16:21.212 | INFO     | __main__:log_results:113 - Efficiency [%] | explained_variance_score: 0.990593
2025-11-14 18:16:21.212 | INFO     | __main__:log_results:113 - Efficiency [%] | r2_score: 0.990164
2025-11-14 18:16:21.212 | INFO     | __main__:log_results:113 - Efficiency [%] | d2_absolute_error_score: 0.925055
2025-11-14 18:16:21.212 | INFO     | __main__:log_results:113 - Efficiency [%] | d2_pinball_score: 0.925055
2025-11-14 18:16:21.212 | INFO     | __main__:log_results:113 - Efficiency [%] | d2_tweedie_score: 0.990164
2025-11-14 18:16:21.213 | INFO     | __main__:log_results:113 - Efficiency [%] | mean_absolute_error: 0.826300
2025-11-14 18:16:21.213 | INFO     | __main__:log_results:113 - Efficiency [%] | median_absolute_error: 0.474817
2025-11-14 18:16:21.213 | INFO     | __main__:log_results:113 - Efficiency [%] | mean_squared_error: 1.744999
2025-11-14 18:16:21.213 | INFO     | __main__:log_results:113 - Efficiency [%] | rmse: 1.320984
2025-11-14 18:16:21.213 | INFO     | __main__:log_results:113 - Efficiency [%] | mean_squared_log_error: 0.000412
2025-11-14 18:16:21.214 | INFO     | __main__:log_results:113 - Efficiency [%] | rmsle: 0.020290
2025-11-14 18:16:21.214 | INFO     | __main__:log_results:113 - Efficiency [%] | mean_absolute_percentage_error: 0.011483
2025-11-14 18:16:21.214 | INFO     | __main__:log_results:113 - Efficiency [%] | max_error: 5.990940
2025-11-14 18:16:21.214 | INFO     | __main__:log_results:113 - Efficiency [%] | mean_pinball_loss(alpha=0.5): 0.413150
2025-11-14 18:16:21.214 | INFO     | __main__:log_results:113 - Efficiency [%] | mean_poisson_deviance: 0.027165
2025-11-14 18:16:21.215 | INFO     | __main__:log_results:113 - Efficiency [%] | mean_gamma_deviance: 0.000434
2025-11-14 18:16:21.215 | INFO     | __main__:log_results:113 - Efficiency [%] | mean_tweedie_deviance(power=0.0): 1.744999
2025-11-14 18:16:21.215 | INFO     | __main__:log_results:113 - Efficiency (Pt_out - Pt_in) | explained_variance_score: 0.992463
2025-11-14 18:16:21.215 | INFO     | __main__:log_results:113 - Efficiency (Pt_out - Pt_in) | r2_score: 0.992144
2025-11-14 18:16:21.215 | INFO     | __main__:log_results:113 - Efficiency (Pt_out - Pt_in) | d2_absolute_error_score: 0.927870
2025-11-14 18:16:21.215 | INFO     | __main__:log_results:113 - Efficiency (Pt_out - Pt_in) | d2_pinball_score: 0.927870
2025-11-14 18:16:21.216 | INFO     | __main__:log_results:113 - Efficiency (Pt_out - Pt_in) | d2_tweedie_score: 0.992144
2025-11-14 18:16:21.216 | INFO     | __main__:log_results:113 - Efficiency (Pt_out - Pt_in) | mean_absolute_error: 0.802421
2025-11-14 18:16:21.216 | INFO     | __main__:log_results:113 - Efficiency (Pt_out - Pt_in) | median_absolute_error: 0.513284
2025-11-14 18:16:21.216 | INFO     | __main__:log_results:113 - Efficiency (Pt_out - Pt_in) | mean_squared_error: 1.414959
2025-11-14 18:16:21.216 | INFO     | __main__:log_results:113 - Efficiency (Pt_out - Pt_in) | rmse: 1.189520
2025-11-14 18:16:21.216 | INFO     | __main__:log_results:113 - Efficiency (Pt_out - Pt_in) | mean_squared_log_error: 0.000329
2025-11-14 18:16:21.216 | INFO     | __main__:log_results:113 - Efficiency (Pt_out - Pt_in) | rmsle: 0.018133
2025-11-14 18:16:21.217 | INFO     | __main__:log_results:113 - Efficiency (Pt_out - Pt_in) | mean_absolute_percentage_error: 0.011012
2025-11-14 18:16:21.217 | INFO     | __main__:log_results:113 - Efficiency (Pt_out - Pt_in) | max_error: 5.143994
2025-11-14 18:16:21.217 | INFO     | __main__:log_results:113 - Efficiency (Pt_out - Pt_in) | mean_pinball_loss(alpha=0.5): 0.401211
2025-11-14 18:16:21.217 | INFO     | __main__:log_results:113 - Efficiency (Pt_out - Pt_in) | mean_poisson_deviance: 0.021756
2025-11-14 18:16:21.217 | INFO     | __main__:log_results:113 - Efficiency (Pt_out - Pt_in) | mean_gamma_deviance: 0.000345
2025-11-14 18:16:21.217 | INFO     | __main__:log_results:113 - Efficiency (Pt_out - Pt_in) | mean_tweedie_deviance(power=0.0): 1.414959
