2025-11-14 18:10:52.931 | INFO     | __main__:log_results:110 - num_trainval: 90
2025-11-14 18:10:52.931 | INFO     | __main__:log_results:110 - is_random_sample: True
2025-11-14 18:10:52.931 | INFO     | __main__:log_results:110 - which_FeatureAugmentation: 3
2025-11-14 18:10:52.931 | INFO     | __main__:log_results:110 - FeatureAugmentation_Runs: 2
2025-11-14 18:10:52.931 | INFO     | __main__:log_results:110 - x_transformer_type: standardize
2025-11-14 18:10:52.931 | INFO     | __main__:log_results:110 - y_transformer_type: standardize
2025-11-14 18:10:52.932 | INFO     | __main__:log_results:110 - num_trainval_slice: 40
2025-11-14 18:10:52.932 | INFO     | __main__:log_results:110 - EPOCH: 500
2025-11-14 18:10:52.932 | INFO     | __main__:log_results:110 - exp_name: DGP05_SciGP_Far2
2025-11-14 18:10:52.932 | INFO     | __main__:log_results:110 - random_round_num: 4
2025-11-14 18:10:52.932 | INFO     | __main__:log_results:113 - Pt_in [Pa] | explained_variance_score: 0.569880
2025-11-14 18:10:52.932 | INFO     | __main__:log_results:113 - Pt_in [Pa] | r2_score: 0.567771
2025-11-14 18:10:52.932 | INFO     | __main__:log_results:113 - Pt_in [Pa] | d2_absolute_error_score: 0.284273
2025-11-14 18:10:52.932 | INFO     | __main__:log_results:113 - Pt_in [Pa] | d2_pinball_score: 0.284273
2025-11-14 18:10:52.933 | INFO     | __main__:log_results:113 - Pt_in [Pa] | d2_tweedie_score: 0.567771
2025-11-14 18:10:52.933 | INFO     | __main__:log_results:113 - Pt_in [Pa] | mean_absolute_error: 0.515551
2025-11-14 18:10:52.933 | INFO     | __main__:log_results:113 - Pt_in [Pa] | median_absolute_error: 0.409778
2025-11-14 18:10:52.933 | INFO     | __main__:log_results:113 - Pt_in [Pa] | mean_squared_error: 0.446552
2025-11-14 18:10:52.933 | INFO     | __main__:log_results:113 - Pt_in [Pa] | rmse: 0.668246
2025-11-14 18:10:52.933 | INFO     | __main__:log_results:113 - Pt_in [Pa] | mean_squared_log_error: 0.085844
2025-11-14 18:10:52.933 | INFO     | __main__:log_results:113 - Pt_in [Pa] | rmsle: 0.292991
2025-11-14 18:10:52.933 | INFO     | __main__:log_results:113 - Pt_in [Pa] | mean_absolute_percentage_error: 0.726629
2025-11-14 18:10:52.934 | INFO     | __main__:log_results:113 - Pt_in [Pa] | max_error: 1.902665
2025-11-14 18:10:52.934 | INFO     | __main__:log_results:113 - Pt_in [Pa] | mean_pinball_loss(alpha=0.5): 0.257776
2025-11-14 18:10:52.934 | INFO     | __main__:log_results:113 - Pt_in [Pa] | mean_poisson_deviance: nan
2025-11-14 18:10:52.934 | INFO     | __main__:log_results:113 - Pt_in [Pa] | mean_gamma_deviance: nan
2025-11-14 18:10:52.934 | INFO     | __main__:log_results:113 - Pt_in [Pa] | mean_tweedie_deviance(power=0.0): 0.446552
2025-11-14 18:10:52.934 | INFO     | __main__:log_results:113 - Pt_out [Pa] | explained_variance_score: 1.000000
2025-11-14 18:10:52.934 | INFO     | __main__:log_results:113 - Pt_out [Pa] | r2_score: 1.000000
2025-11-14 18:10:52.935 | INFO     | __main__:log_results:113 - Pt_out [Pa] | d2_absolute_error_score: 0.999980
2025-11-14 18:10:52.935 | INFO     | __main__:log_results:113 - Pt_out [Pa] | d2_pinball_score: 0.999980
2025-11-14 18:10:52.935 | INFO     | __main__:log_results:113 - Pt_out [Pa] | d2_tweedie_score: 1.000000
2025-11-14 18:10:52.935 | INFO     | __main__:log_results:113 - Pt_out [Pa] | mean_absolute_error: 0.500707
2025-11-14 18:10:52.935 | INFO     | __main__:log_results:113 - Pt_out [Pa] | median_absolute_error: 0.357841
2025-11-14 18:10:52.935 | INFO     | __main__:log_results:113 - Pt_out [Pa] | mean_squared_error: 0.427320
2025-11-14 18:10:52.936 | INFO     | __main__:log_results:113 - Pt_out [Pa] | rmse: 0.653697
2025-11-14 18:10:52.936 | INFO     | __main__:log_results:113 - Pt_out [Pa] | mean_squared_log_error: 0.000000
2025-11-14 18:10:52.936 | INFO     | __main__:log_results:113 - Pt_out [Pa] | rmsle: 0.000018
2025-11-14 18:10:52.936 | INFO     | __main__:log_results:113 - Pt_out [Pa] | mean_absolute_percentage_error: 0.000012
2025-11-14 18:10:52.937 | INFO     | __main__:log_results:113 - Pt_out [Pa] | max_error: 1.751553
2025-11-14 18:10:52.937 | INFO     | __main__:log_results:113 - Pt_out [Pa] | mean_pinball_loss(alpha=0.5): 0.250353
2025-11-14 18:10:52.937 | INFO     | __main__:log_results:113 - Pt_out [Pa] | mean_poisson_deviance: 0.000010
2025-11-14 18:10:52.940 | INFO     | __main__:log_results:113 - Pt_out [Pa] | mean_gamma_deviance: 0.000000
2025-11-14 18:10:52.940 | INFO     | __main__:log_results:113 - Pt_out [Pa] | mean_tweedie_deviance(power=0.0): 0.427320
2025-11-14 18:10:52.940 | INFO     | __main__:log_results:113 - Torque [N m] | explained_variance_score: 0.999295
2025-11-14 18:10:52.940 | INFO     | __main__:log_results:113 - Torque [N m] | r2_score: 0.999295
2025-11-14 18:10:52.940 | INFO     | __main__:log_results:113 - Torque [N m] | d2_absolute_error_score: 0.977606
2025-11-14 18:10:52.940 | INFO     | __main__:log_results:113 - Torque [N m] | d2_pinball_score: 0.977606
2025-11-14 18:10:52.940 | INFO     | __main__:log_results:113 - Torque [N m] | d2_tweedie_score: 0.999295
2025-11-14 18:10:52.940 | INFO     | __main__:log_results:113 - Torque [N m] | mean_absolute_error: 0.041972
2025-11-14 18:10:52.940 | INFO     | __main__:log_results:113 - Torque [N m] | median_absolute_error: 0.024047
2025-11-14 18:10:52.940 | INFO     | __main__:log_results:113 - Torque [N m] | mean_squared_error: 0.004129
2025-11-14 18:10:52.940 | INFO     | __main__:log_results:113 - Torque [N m] | rmse: 0.064256
2025-11-14 18:10:52.940 | INFO     | __main__:log_results:113 - Torque [N m] | mean_squared_log_error: 0.000133
2025-11-14 18:10:52.940 | INFO     | __main__:log_results:113 - Torque [N m] | rmsle: 0.011527
2025-11-14 18:10:52.940 | INFO     | __main__:log_results:113 - Torque [N m] | mean_absolute_percentage_error: 0.010236
2025-11-14 18:10:52.941 | INFO     | __main__:log_results:113 - Torque [N m] | max_error: 0.242693
2025-11-14 18:10:52.941 | INFO     | __main__:log_results:113 - Torque [N m] | mean_pinball_loss(alpha=0.5): 0.020986
2025-11-14 18:10:52.941 | INFO     | __main__:log_results:113 - Torque [N m] | mean_poisson_deviance: 0.000854
2025-11-14 18:10:52.941 | INFO     | __main__:log_results:113 - Torque [N m] | mean_gamma_deviance: 0.000241
2025-11-14 18:10:52.941 | INFO     | __main__:log_results:113 - Torque [N m] | mean_tweedie_deviance(power=0.0): 0.004129
2025-11-14 18:10:52.941 | INFO     | __main__:log_results:113 - Efficiency [%] | explained_variance_score: 0.991592
2025-11-14 18:10:52.941 | INFO     | __main__:log_results:113 - Efficiency [%] | r2_score: 0.991545
2025-11-14 18:10:52.941 | INFO     | __main__:log_results:113 - Efficiency [%] | d2_absolute_error_score: 0.927053
2025-11-14 18:10:52.941 | INFO     | __main__:log_results:113 - Efficiency [%] | d2_pinball_score: 0.927053
2025-11-14 18:10:52.941 | INFO     | __main__:log_results:113 - Efficiency [%] | d2_tweedie_score: 0.991545
2025-11-14 18:10:52.942 | INFO     | __main__:log_results:113 - Efficiency [%] | mean_absolute_error: 0.829016
2025-11-14 18:10:52.942 | INFO     | __main__:log_results:113 - Efficiency [%] | median_absolute_error: 0.454872
2025-11-14 18:10:52.942 | INFO     | __main__:log_results:113 - Efficiency [%] | mean_squared_error: 1.616472
2025-11-14 18:10:52.942 | INFO     | __main__:log_results:113 - Efficiency [%] | rmse: 1.271405
2025-11-14 18:10:52.942 | INFO     | __main__:log_results:113 - Efficiency [%] | mean_squared_log_error: 0.000373
2025-11-14 18:10:52.942 | INFO     | __main__:log_results:113 - Efficiency [%] | rmsle: 0.019312
2025-11-14 18:10:52.942 | INFO     | __main__:log_results:113 - Efficiency [%] | mean_absolute_percentage_error: 0.011803
2025-11-14 18:10:52.944 | INFO     | __main__:log_results:113 - Efficiency [%] | max_error: 4.995657
2025-11-14 18:10:52.944 | INFO     | __main__:log_results:113 - Efficiency [%] | mean_pinball_loss(alpha=0.5): 0.414508
2025-11-14 18:10:52.944 | INFO     | __main__:log_results:113 - Efficiency [%] | mean_poisson_deviance: 0.024614
2025-11-14 18:10:52.944 | INFO     | __main__:log_results:113 - Efficiency [%] | mean_gamma_deviance: 0.000385
2025-11-14 18:10:52.944 | INFO     | __main__:log_results:113 - Efficiency [%] | mean_tweedie_deviance(power=0.0): 1.616472
2025-11-14 18:10:52.944 | INFO     | __main__:log_results:113 - Efficiency (Pt_out - Pt_in) | explained_variance_score: 0.994365
2025-11-14 18:10:52.944 | INFO     | __main__:log_results:113 - Efficiency (Pt_out - Pt_in) | r2_score: 0.994355
2025-11-14 18:10:52.944 | INFO     | __main__:log_results:113 - Efficiency (Pt_out - Pt_in) | d2_absolute_error_score: 0.934269
2025-11-14 18:10:52.944 | INFO     | __main__:log_results:113 - Efficiency (Pt_out - Pt_in) | d2_pinball_score: 0.934269
2025-11-14 18:10:52.944 | INFO     | __main__:log_results:113 - Efficiency (Pt_out - Pt_in) | d2_tweedie_score: 0.994355
2025-11-14 18:10:52.944 | INFO     | __main__:log_results:113 - Efficiency (Pt_out - Pt_in) | mean_absolute_error: 0.753236
2025-11-14 18:10:52.944 | INFO     | __main__:log_results:113 - Efficiency (Pt_out - Pt_in) | median_absolute_error: 0.468534
2025-11-14 18:10:52.944 | INFO     | __main__:log_results:113 - Efficiency (Pt_out - Pt_in) | mean_squared_error: 1.093965
2025-11-14 18:10:52.945 | INFO     | __main__:log_results:113 - Efficiency (Pt_out - Pt_in) | rmse: 1.045928
2025-11-14 18:10:52.945 | INFO     | __main__:log_results:113 - Efficiency (Pt_out - Pt_in) | mean_squared_log_error: 0.000233
2025-11-14 18:10:52.945 | INFO     | __main__:log_results:113 - Efficiency (Pt_out - Pt_in) | rmsle: 0.015254
2025-11-14 18:10:52.945 | INFO     | __main__:log_results:113 - Efficiency (Pt_out - Pt_in) | mean_absolute_percentage_error: 0.010299
2025-11-14 18:10:52.945 | INFO     | __main__:log_results:113 - Efficiency (Pt_out - Pt_in) | max_error: 2.993202
2025-11-14 18:10:52.945 | INFO     | __main__:log_results:113 - Efficiency (Pt_out - Pt_in) | mean_pinball_loss(alpha=0.5): 0.376618
2025-11-14 18:10:52.945 | INFO     | __main__:log_results:113 - Efficiency (Pt_out - Pt_in) | mean_poisson_deviance: 0.015822
2025-11-14 18:10:52.948 | INFO     | __main__:log_results:113 - Efficiency (Pt_out - Pt_in) | mean_gamma_deviance: 0.000239
2025-11-14 18:10:52.948 | INFO     | __main__:log_results:113 - Efficiency (Pt_out - Pt_in) | mean_tweedie_deviance(power=0.0): 1.093965
