2025-11-14 18:14:57.192 | INFO     | __main__:log_results:110 - num_trainval: 120
2025-11-14 18:14:57.192 | INFO     | __main__:log_results:110 - is_random_sample: True
2025-11-14 18:14:57.193 | INFO     | __main__:log_results:110 - which_FeatureAugmentation: 3
2025-11-14 18:14:57.193 | INFO     | __main__:log_results:110 - FeatureAugmentation_Runs: 2
2025-11-14 18:14:57.193 | INFO     | __main__:log_results:110 - x_transformer_type: standardize
2025-11-14 18:14:57.194 | INFO     | __main__:log_results:110 - y_transformer_type: standardize
2025-11-14 18:14:57.194 | INFO     | __main__:log_results:110 - num_trainval_slice: 40
2025-11-14 18:14:57.194 | INFO     | __main__:log_results:110 - EPOCH: 500
2025-11-14 18:14:57.195 | INFO     | __main__:log_results:110 - exp_name: DGP05_SciGP_Far2
2025-11-14 18:14:57.195 | INFO     | __main__:log_results:110 - random_round_num: 1
2025-11-14 18:14:57.195 | INFO     | __main__:log_results:113 - Pt_in [Pa] | explained_variance_score: 0.713080
2025-11-14 18:14:57.196 | INFO     | __main__:log_results:113 - Pt_in [Pa] | r2_score: 0.694308
2025-11-14 18:14:57.196 | INFO     | __main__:log_results:113 - Pt_in [Pa] | d2_absolute_error_score: 0.373072
2025-11-14 18:14:57.196 | INFO     | __main__:log_results:113 - Pt_in [Pa] | d2_pinball_score: 0.373072
2025-11-14 18:14:57.196 | INFO     | __main__:log_results:113 - Pt_in [Pa] | d2_tweedie_score: 0.694308
2025-11-14 18:14:57.197 | INFO     | __main__:log_results:113 - Pt_in [Pa] | mean_absolute_error: 0.442739
2025-11-14 18:14:57.197 | INFO     | __main__:log_results:113 - Pt_in [Pa] | median_absolute_error: 0.404817
2025-11-14 18:14:57.197 | INFO     | __main__:log_results:113 - Pt_in [Pa] | mean_squared_error: 0.332908
2025-11-14 18:14:57.198 | INFO     | __main__:log_results:113 - Pt_in [Pa] | rmse: 0.576982
2025-11-14 18:14:57.198 | INFO     | __main__:log_results:113 - Pt_in [Pa] | mean_squared_log_error: 0.071455
2025-11-14 18:14:57.198 | INFO     | __main__:log_results:113 - Pt_in [Pa] | rmsle: 0.267311
2025-11-14 18:14:57.199 | INFO     | __main__:log_results:113 - Pt_in [Pa] | mean_absolute_percentage_error: 1.267519
2025-11-14 18:14:57.199 | INFO     | __main__:log_results:113 - Pt_in [Pa] | max_error: 2.325600
2025-11-14 18:14:57.199 | INFO     | __main__:log_results:113 - Pt_in [Pa] | mean_pinball_loss(alpha=0.5): 0.221370
2025-11-14 18:14:57.199 | INFO     | __main__:log_results:113 - Pt_in [Pa] | mean_poisson_deviance: nan
2025-11-14 18:14:57.200 | INFO     | __main__:log_results:113 - Pt_in [Pa] | mean_gamma_deviance: nan
2025-11-14 18:14:57.200 | INFO     | __main__:log_results:113 - Pt_in [Pa] | mean_tweedie_deviance(power=0.0): 0.332908
2025-11-14 18:14:57.200 | INFO     | __main__:log_results:113 - Pt_out [Pa] | explained_variance_score: 1.000000
2025-11-14 18:14:57.201 | INFO     | __main__:log_results:113 - Pt_out [Pa] | r2_score: 1.000000
2025-11-14 18:14:57.201 | INFO     | __main__:log_results:113 - Pt_out [Pa] | d2_absolute_error_score: 0.999981
2025-11-14 18:14:57.201 | INFO     | __main__:log_results:113 - Pt_out [Pa] | d2_pinball_score: 0.999981
2025-11-14 18:14:57.202 | INFO     | __main__:log_results:113 - Pt_out [Pa] | d2_tweedie_score: 1.000000
2025-11-14 18:14:57.202 | INFO     | __main__:log_results:113 - Pt_out [Pa] | mean_absolute_error: 0.476662
2025-11-14 18:14:57.202 | INFO     | __main__:log_results:113 - Pt_out [Pa] | median_absolute_error: 0.385554
2025-11-14 18:14:57.202 | INFO     | __main__:log_results:113 - Pt_out [Pa] | mean_squared_error: 0.378729
2025-11-14 18:14:57.203 | INFO     | __main__:log_results:113 - Pt_out [Pa] | rmse: 0.615409
2025-11-14 18:14:57.205 | INFO     | __main__:log_results:113 - Pt_out [Pa] | mean_squared_log_error: 0.000000
2025-11-14 18:14:57.205 | INFO     | __main__:log_results:113 - Pt_out [Pa] | rmsle: 0.000018
2025-11-14 18:14:57.205 | INFO     | __main__:log_results:113 - Pt_out [Pa] | mean_absolute_percentage_error: 0.000011
2025-11-14 18:14:57.206 | INFO     | __main__:log_results:113 - Pt_out [Pa] | max_error: 2.114788
2025-11-14 18:14:57.206 | INFO     | __main__:log_results:113 - Pt_out [Pa] | mean_pinball_loss(alpha=0.5): 0.238331
2025-11-14 18:14:57.206 | INFO     | __main__:log_results:113 - Pt_out [Pa] | mean_poisson_deviance: 0.000009
2025-11-14 18:14:57.206 | INFO     | __main__:log_results:113 - Pt_out [Pa] | mean_gamma_deviance: 0.000000
2025-11-14 18:14:57.206 | INFO     | __main__:log_results:113 - Pt_out [Pa] | mean_tweedie_deviance(power=0.0): 0.378729
2025-11-14 18:14:57.207 | INFO     | __main__:log_results:113 - Torque [N m] | explained_variance_score: 0.999111
2025-11-14 18:14:57.207 | INFO     | __main__:log_results:113 - Torque [N m] | r2_score: 0.999097
2025-11-14 18:14:57.207 | INFO     | __main__:log_results:113 - Torque [N m] | d2_absolute_error_score: 0.975935
2025-11-14 18:14:57.207 | INFO     | __main__:log_results:113 - Torque [N m] | d2_pinball_score: 0.975935
2025-11-14 18:14:57.207 | INFO     | __main__:log_results:113 - Torque [N m] | d2_tweedie_score: 0.999097
2025-11-14 18:14:57.208 | INFO     | __main__:log_results:113 - Torque [N m] | mean_absolute_error: 0.044879
2025-11-14 18:14:57.208 | INFO     | __main__:log_results:113 - Torque [N m] | median_absolute_error: 0.026461
2025-11-14 18:14:57.208 | INFO     | __main__:log_results:113 - Torque [N m] | mean_squared_error: 0.005216
2025-11-14 18:14:57.208 | INFO     | __main__:log_results:113 - Torque [N m] | rmse: 0.072219
2025-11-14 18:14:57.208 | INFO     | __main__:log_results:113 - Torque [N m] | mean_squared_log_error: 0.000261
2025-11-14 18:14:57.209 | INFO     | __main__:log_results:113 - Torque [N m] | rmsle: 0.016152
2025-11-14 18:14:57.209 | INFO     | __main__:log_results:113 - Torque [N m] | mean_absolute_percentage_error: 0.012780
2025-11-14 18:14:57.209 | INFO     | __main__:log_results:113 - Torque [N m] | max_error: 0.330444
2025-11-14 18:14:57.209 | INFO     | __main__:log_results:113 - Torque [N m] | mean_pinball_loss(alpha=0.5): 0.022440
2025-11-14 18:14:57.209 | INFO     | __main__:log_results:113 - Torque [N m] | mean_poisson_deviance: 0.001479
2025-11-14 18:14:57.210 | INFO     | __main__:log_results:113 - Torque [N m] | mean_gamma_deviance: 0.000489
2025-11-14 18:14:57.210 | INFO     | __main__:log_results:113 - Torque [N m] | mean_tweedie_deviance(power=0.0): 0.005216
2025-11-14 18:14:57.210 | INFO     | __main__:log_results:113 - Efficiency [%] | explained_variance_score: 0.988588
2025-11-14 18:14:57.210 | INFO     | __main__:log_results:113 - Efficiency [%] | r2_score: 0.987860
2025-11-14 18:14:57.210 | INFO     | __main__:log_results:113 - Efficiency [%] | d2_absolute_error_score: 0.915475
2025-11-14 18:14:57.211 | INFO     | __main__:log_results:113 - Efficiency [%] | d2_pinball_score: 0.915475
2025-11-14 18:14:57.211 | INFO     | __main__:log_results:113 - Efficiency [%] | d2_tweedie_score: 0.987860
2025-11-14 18:14:57.211 | INFO     | __main__:log_results:113 - Efficiency [%] | mean_absolute_error: 0.997146
2025-11-14 18:14:57.211 | INFO     | __main__:log_results:113 - Efficiency [%] | median_absolute_error: 0.681131
2025-11-14 18:14:57.211 | INFO     | __main__:log_results:113 - Efficiency [%] | mean_squared_error: 2.538139
2025-11-14 18:14:57.212 | INFO     | __main__:log_results:113 - Efficiency [%] | rmse: 1.593154
2025-11-14 18:14:57.212 | INFO     | __main__:log_results:113 - Efficiency [%] | mean_squared_log_error: 0.000693
2025-11-14 18:14:57.212 | INFO     | __main__:log_results:113 - Efficiency [%] | rmsle: 0.026317
2025-11-14 18:14:57.212 | INFO     | __main__:log_results:113 - Efficiency [%] | mean_absolute_percentage_error: 0.014825
2025-11-14 18:14:57.212 | INFO     | __main__:log_results:113 - Efficiency [%] | max_error: 8.142806
2025-11-14 18:14:57.213 | INFO     | __main__:log_results:113 - Efficiency [%] | mean_pinball_loss(alpha=0.5): 0.498573
2025-11-14 18:14:57.213 | INFO     | __main__:log_results:113 - Efficiency [%] | mean_poisson_deviance: 0.041479
2025-11-14 18:14:57.213 | INFO     | __main__:log_results:113 - Efficiency [%] | mean_gamma_deviance: 0.000695
2025-11-14 18:14:57.213 | INFO     | __main__:log_results:113 - Efficiency [%] | mean_tweedie_deviance(power=0.0): 2.538139
2025-11-14 18:14:57.213 | INFO     | __main__:log_results:113 - Efficiency (Pt_out - Pt_in) | explained_variance_score: 0.991013
2025-11-14 18:14:57.214 | INFO     | __main__:log_results:113 - Efficiency (Pt_out - Pt_in) | r2_score: 0.990875
2025-11-14 18:14:57.214 | INFO     | __main__:log_results:113 - Efficiency (Pt_out - Pt_in) | d2_absolute_error_score: 0.922180
2025-11-14 18:14:57.214 | INFO     | __main__:log_results:113 - Efficiency (Pt_out - Pt_in) | d2_pinball_score: 0.922180
2025-11-14 18:14:57.214 | INFO     | __main__:log_results:113 - Efficiency (Pt_out - Pt_in) | d2_tweedie_score: 0.990875
2025-11-14 18:14:57.214 | INFO     | __main__:log_results:113 - Efficiency (Pt_out - Pt_in) | mean_absolute_error: 0.917153
2025-11-14 18:14:57.214 | INFO     | __main__:log_results:113 - Efficiency (Pt_out - Pt_in) | median_absolute_error: 0.610517
2025-11-14 18:14:57.214 | INFO     | __main__:log_results:113 - Efficiency (Pt_out - Pt_in) | mean_squared_error: 1.884258
2025-11-14 18:14:57.215 | INFO     | __main__:log_results:113 - Efficiency (Pt_out - Pt_in) | rmse: 1.372683
2025-11-14 18:14:57.215 | INFO     | __main__:log_results:113 - Efficiency (Pt_out - Pt_in) | mean_squared_log_error: 0.000464
2025-11-14 18:14:57.215 | INFO     | __main__:log_results:113 - Efficiency (Pt_out - Pt_in) | rmsle: 0.021545
2025-11-14 18:14:57.215 | INFO     | __main__:log_results:113 - Efficiency (Pt_out - Pt_in) | mean_absolute_percentage_error: 0.013122
2025-11-14 18:14:57.215 | INFO     | __main__:log_results:113 - Efficiency (Pt_out - Pt_in) | max_error: 6.111311
2025-11-14 18:14:57.216 | INFO     | __main__:log_results:113 - Efficiency (Pt_out - Pt_in) | mean_pinball_loss(alpha=0.5): 0.458576
2025-11-14 18:14:57.216 | INFO     | __main__:log_results:113 - Efficiency (Pt_out - Pt_in) | mean_poisson_deviance: 0.029219
2025-11-14 18:14:57.216 | INFO     | __main__:log_results:113 - Efficiency (Pt_out - Pt_in) | mean_gamma_deviance: 0.000471
2025-11-14 18:14:57.216 | INFO     | __main__:log_results:113 - Efficiency (Pt_out - Pt_in) | mean_tweedie_deviance(power=0.0): 1.884258
