2025-11-14 20:56:56.256 | INFO     | __main__:log_results:110 - num_trainval: 50
2025-11-14 20:56:56.256 | INFO     | __main__:log_results:110 - is_random_sample: True
2025-11-14 20:56:56.257 | INFO     | __main__:log_results:110 - which_FeatureAugmentation: 3
2025-11-14 20:56:56.257 | INFO     | __main__:log_results:110 - FeatureAugmentation_Runs: 2
2025-11-14 20:56:56.257 | INFO     | __main__:log_results:110 - x_transformer_type: standardize
2025-11-14 20:56:56.257 | INFO     | __main__:log_results:110 - y_transformer_type: standardize
2025-11-14 20:56:56.257 | INFO     | __main__:log_results:110 - num_trainval_slice: 40
2025-11-14 20:56:56.258 | INFO     | __main__:log_results:110 - EPOCH: 500
2025-11-14 20:56:56.258 | INFO     | __main__:log_results:110 - exp_name: DGP05_SciGP_Far2_v2
2025-11-14 20:56:56.258 | INFO     | __main__:log_results:110 - random_round_num: 4
2025-11-14 20:56:56.258 | INFO     | __main__:log_results:113 - Pt_in [Pa] | explained_variance_score: -1.203538
2025-11-14 20:56:56.258 | INFO     | __main__:log_results:113 - Pt_in [Pa] | r2_score: -1.269564
2025-11-14 20:56:56.258 | INFO     | __main__:log_results:113 - Pt_in [Pa] | d2_absolute_error_score: -0.341285
2025-11-14 20:56:56.259 | INFO     | __main__:log_results:113 - Pt_in [Pa] | d2_pinball_score: -0.341285
2025-11-14 20:56:56.259 | INFO     | __main__:log_results:113 - Pt_in [Pa] | d2_tweedie_score: -1.269564
2025-11-14 20:56:56.259 | INFO     | __main__:log_results:113 - Pt_in [Pa] | mean_absolute_error: 0.696897
2025-11-14 20:56:56.259 | INFO     | __main__:log_results:113 - Pt_in [Pa] | median_absolute_error: 0.572694
2025-11-14 20:56:56.259 | INFO     | __main__:log_results:113 - Pt_in [Pa] | mean_squared_error: 0.878116
2025-11-14 20:56:56.260 | INFO     | __main__:log_results:113 - Pt_in [Pa] | rmse: 0.937079
2025-11-14 20:56:56.260 | INFO     | __main__:log_results:113 - Pt_in [Pa] | mean_squared_log_error: 0.121320
2025-11-14 20:56:56.260 | INFO     | __main__:log_results:113 - Pt_in [Pa] | rmsle: 0.348310
2025-11-14 20:56:56.260 | INFO     | __main__:log_results:113 - Pt_in [Pa] | mean_absolute_percentage_error: 0.572578
2025-11-14 20:56:56.260 | INFO     | __main__:log_results:113 - Pt_in [Pa] | max_error: 2.927771
2025-11-14 20:56:56.261 | INFO     | __main__:log_results:113 - Pt_in [Pa] | mean_pinball_loss(alpha=0.5): 0.348449
2025-11-14 20:56:56.261 | INFO     | __main__:log_results:113 - Pt_in [Pa] | mean_poisson_deviance: 0.631514
2025-11-14 20:56:56.261 | INFO     | __main__:log_results:113 - Pt_in [Pa] | mean_gamma_deviance: 1.293578
2025-11-14 20:56:56.262 | INFO     | __main__:log_results:113 - Pt_in [Pa] | mean_tweedie_deviance(power=0.0): 0.878116
2025-11-14 20:56:56.262 | INFO     | __main__:log_results:113 - Pt_out [Pa] | explained_variance_score: 1.000000
2025-11-14 20:56:56.262 | INFO     | __main__:log_results:113 - Pt_out [Pa] | r2_score: 1.000000
2025-11-14 20:56:56.262 | INFO     | __main__:log_results:113 - Pt_out [Pa] | d2_absolute_error_score: 0.999969
2025-11-14 20:56:56.262 | INFO     | __main__:log_results:113 - Pt_out [Pa] | d2_pinball_score: 0.999969
2025-11-14 20:56:56.262 | INFO     | __main__:log_results:113 - Pt_out [Pa] | d2_tweedie_score: 1.000000
2025-11-14 20:56:56.263 | INFO     | __main__:log_results:113 - Pt_out [Pa] | mean_absolute_error: 0.778778
2025-11-14 20:56:56.263 | INFO     | __main__:log_results:113 - Pt_out [Pa] | median_absolute_error: 0.604720
2025-11-14 20:56:56.263 | INFO     | __main__:log_results:113 - Pt_out [Pa] | mean_squared_error: 1.132069
2025-11-14 20:56:56.263 | INFO     | __main__:log_results:113 - Pt_out [Pa] | rmse: 1.063987
2025-11-14 20:56:56.264 | INFO     | __main__:log_results:113 - Pt_out [Pa] | mean_squared_log_error: 0.000000
2025-11-14 20:56:56.264 | INFO     | __main__:log_results:113 - Pt_out [Pa] | rmsle: 0.000021
2025-11-14 20:56:56.264 | INFO     | __main__:log_results:113 - Pt_out [Pa] | mean_absolute_percentage_error: 0.000015
2025-11-14 20:56:56.264 | INFO     | __main__:log_results:113 - Pt_out [Pa] | max_error: 4.319240
2025-11-14 20:56:56.264 | INFO     | __main__:log_results:113 - Pt_out [Pa] | mean_pinball_loss(alpha=0.5): 0.389389
2025-11-14 20:56:56.265 | INFO     | __main__:log_results:113 - Pt_out [Pa] | mean_poisson_deviance: 0.000018
2025-11-14 20:56:56.265 | INFO     | __main__:log_results:113 - Pt_out [Pa] | mean_gamma_deviance: 0.000000
2025-11-14 20:56:56.265 | INFO     | __main__:log_results:113 - Pt_out [Pa] | mean_tweedie_deviance(power=0.0): 1.132069
2025-11-14 20:56:56.265 | INFO     | __main__:log_results:113 - Torque [N m] | explained_variance_score: 0.995578
2025-11-14 20:56:56.265 | INFO     | __main__:log_results:113 - Torque [N m] | r2_score: 0.994708
2025-11-14 20:56:56.266 | INFO     | __main__:log_results:113 - Torque [N m] | d2_absolute_error_score: 0.942701
2025-11-14 20:56:56.266 | INFO     | __main__:log_results:113 - Torque [N m] | d2_pinball_score: 0.942701
2025-11-14 20:56:56.266 | INFO     | __main__:log_results:113 - Torque [N m] | d2_tweedie_score: 0.994708
2025-11-14 20:56:56.266 | INFO     | __main__:log_results:113 - Torque [N m] | mean_absolute_error: 0.107485
2025-11-14 20:56:56.267 | INFO     | __main__:log_results:113 - Torque [N m] | median_absolute_error: 0.042863
2025-11-14 20:56:56.267 | INFO     | __main__:log_results:113 - Torque [N m] | mean_squared_error: 0.031065
2025-11-14 20:56:56.267 | INFO     | __main__:log_results:113 - Torque [N m] | rmse: 0.176252
2025-11-14 20:56:56.267 | INFO     | __main__:log_results:113 - Torque [N m] | mean_squared_log_error: 0.001525
2025-11-14 20:56:56.267 | INFO     | __main__:log_results:113 - Torque [N m] | rmsle: 0.039045
2025-11-14 20:56:56.268 | INFO     | __main__:log_results:113 - Torque [N m] | mean_absolute_percentage_error: 0.031510
2025-11-14 20:56:56.268 | INFO     | __main__:log_results:113 - Torque [N m] | max_error: 0.577874
2025-11-14 20:56:56.268 | INFO     | __main__:log_results:113 - Torque [N m] | mean_pinball_loss(alpha=0.5): 0.053742
2025-11-14 20:56:56.268 | INFO     | __main__:log_results:113 - Torque [N m] | mean_poisson_deviance: 0.008425
2025-11-14 20:56:56.269 | INFO     | __main__:log_results:113 - Torque [N m] | mean_gamma_deviance: 0.002671
2025-11-14 20:56:56.269 | INFO     | __main__:log_results:113 - Torque [N m] | mean_tweedie_deviance(power=0.0): 0.031065
2025-11-14 20:56:56.269 | INFO     | __main__:log_results:113 - Efficiency [%] | explained_variance_score: 0.938822
2025-11-14 20:56:56.269 | INFO     | __main__:log_results:113 - Efficiency [%] | r2_score: 0.927629
2025-11-14 20:56:56.269 | INFO     | __main__:log_results:113 - Efficiency [%] | d2_absolute_error_score: 0.812393
2025-11-14 20:56:56.269 | INFO     | __main__:log_results:113 - Efficiency [%] | d2_pinball_score: 0.812393
2025-11-14 20:56:56.270 | INFO     | __main__:log_results:113 - Efficiency [%] | d2_tweedie_score: 0.927629
2025-11-14 20:56:56.270 | INFO     | __main__:log_results:113 - Efficiency [%] | mean_absolute_error: 1.939698
2025-11-14 20:56:56.270 | INFO     | __main__:log_results:113 - Efficiency [%] | median_absolute_error: 0.846227
2025-11-14 20:56:56.271 | INFO     | __main__:log_results:113 - Efficiency [%] | mean_squared_error: 11.585249
2025-11-14 20:56:56.271 | INFO     | __main__:log_results:113 - Efficiency [%] | rmse: 3.403711
2025-11-14 20:56:56.271 | INFO     | __main__:log_results:113 - Efficiency [%] | mean_squared_log_error: 0.002711
2025-11-14 20:56:56.271 | INFO     | __main__:log_results:113 - Efficiency [%] | rmsle: 0.052063
2025-11-14 20:56:56.271 | INFO     | __main__:log_results:113 - Efficiency [%] | mean_absolute_percentage_error: 0.026963
2025-11-14 20:56:56.271 | INFO     | __main__:log_results:113 - Efficiency [%] | max_error: 13.744947
2025-11-14 20:56:56.271 | INFO     | __main__:log_results:113 - Efficiency [%] | mean_pinball_loss(alpha=0.5): 0.969849
2025-11-14 20:56:56.271 | INFO     | __main__:log_results:113 - Efficiency [%] | mean_poisson_deviance: 0.183186
2025-11-14 20:56:56.272 | INFO     | __main__:log_results:113 - Efficiency [%] | mean_gamma_deviance: 0.002937
2025-11-14 20:56:56.272 | INFO     | __main__:log_results:113 - Efficiency [%] | mean_tweedie_deviance(power=0.0): 11.585249
2025-11-14 20:56:56.272 | INFO     | __main__:log_results:113 - Efficiency (Pt_out - Pt_in) | explained_variance_score: 0.936413
2025-11-14 20:56:56.272 | INFO     | __main__:log_results:113 - Efficiency (Pt_out - Pt_in) | r2_score: 0.924845
2025-11-14 20:56:56.272 | INFO     | __main__:log_results:113 - Efficiency (Pt_out - Pt_in) | d2_absolute_error_score: 0.793725
2025-11-14 20:56:56.272 | INFO     | __main__:log_results:113 - Efficiency (Pt_out - Pt_in) | d2_pinball_score: 0.793725
2025-11-14 20:56:56.273 | INFO     | __main__:log_results:113 - Efficiency (Pt_out - Pt_in) | d2_tweedie_score: 0.924845
2025-11-14 20:56:56.273 | INFO     | __main__:log_results:113 - Efficiency (Pt_out - Pt_in) | mean_absolute_error: 2.157797
2025-11-14 20:56:56.273 | INFO     | __main__:log_results:113 - Efficiency (Pt_out - Pt_in) | median_absolute_error: 1.029797
2025-11-14 20:56:56.273 | INFO     | __main__:log_results:113 - Efficiency (Pt_out - Pt_in) | mean_squared_error: 12.232263
2025-11-14 20:56:56.273 | INFO     | __main__:log_results:113 - Efficiency (Pt_out - Pt_in) | rmse: 3.497465
2025-11-14 20:56:56.274 | INFO     | __main__:log_results:113 - Efficiency (Pt_out - Pt_in) | mean_squared_log_error: 0.002704
2025-11-14 20:56:56.274 | INFO     | __main__:log_results:113 - Efficiency (Pt_out - Pt_in) | rmsle: 0.051996
2025-11-14 20:56:56.274 | INFO     | __main__:log_results:113 - Efficiency (Pt_out - Pt_in) | mean_absolute_percentage_error: 0.029024
2025-11-14 20:56:56.274 | INFO     | __main__:log_results:113 - Efficiency (Pt_out - Pt_in) | max_error: 13.483797
2025-11-14 20:56:56.275 | INFO     | __main__:log_results:113 - Efficiency (Pt_out - Pt_in) | mean_pinball_loss(alpha=0.5): 1.078898
2025-11-14 20:56:56.275 | INFO     | __main__:log_results:113 - Efficiency (Pt_out - Pt_in) | mean_poisson_deviance: 0.186670
2025-11-14 20:56:56.275 | INFO     | __main__:log_results:113 - Efficiency (Pt_out - Pt_in) | mean_gamma_deviance: 0.002919
2025-11-14 20:56:56.275 | INFO     | __main__:log_results:113 - Efficiency (Pt_out - Pt_in) | mean_tweedie_deviance(power=0.0): 12.232263
