2025-11-14 18:16:39.493 | INFO     | __main__:log_results:110 - num_trainval: 130
2025-11-14 18:16:39.493 | INFO     | __main__:log_results:110 - is_random_sample: True
2025-11-14 18:16:39.493 | INFO     | __main__:log_results:110 - which_FeatureAugmentation: 3
2025-11-14 18:16:39.494 | INFO     | __main__:log_results:110 - FeatureAugmentation_Runs: 2
2025-11-14 18:16:39.494 | INFO     | __main__:log_results:110 - x_transformer_type: standardize
2025-11-14 18:16:39.494 | INFO     | __main__:log_results:110 - y_transformer_type: standardize
2025-11-14 18:16:39.495 | INFO     | __main__:log_results:110 - num_trainval_slice: 40
2025-11-14 18:16:39.495 | INFO     | __main__:log_results:110 - EPOCH: 500
2025-11-14 18:16:39.495 | INFO     | __main__:log_results:110 - exp_name: DGP05_SciGP_Far2
2025-11-14 18:16:39.495 | INFO     | __main__:log_results:110 - random_round_num: 3
2025-11-14 18:16:39.495 | INFO     | __main__:log_results:113 - Pt_in [Pa] | explained_variance_score: 0.035516
2025-11-14 18:16:39.495 | INFO     | __main__:log_results:113 - Pt_in [Pa] | r2_score: 0.035420
2025-11-14 18:16:39.496 | INFO     | __main__:log_results:113 - Pt_in [Pa] | d2_absolute_error_score: -0.051298
2025-11-14 18:16:39.496 | INFO     | __main__:log_results:113 - Pt_in [Pa] | d2_pinball_score: -0.051298
2025-11-14 18:16:39.496 | INFO     | __main__:log_results:113 - Pt_in [Pa] | d2_tweedie_score: 0.035420
2025-11-14 18:16:39.496 | INFO     | __main__:log_results:113 - Pt_in [Pa] | mean_absolute_error: 0.582593
2025-11-14 18:16:39.496 | INFO     | __main__:log_results:113 - Pt_in [Pa] | median_absolute_error: 0.475455
2025-11-14 18:16:39.497 | INFO     | __main__:log_results:113 - Pt_in [Pa] | mean_squared_error: 0.584868
2025-11-14 18:16:39.497 | INFO     | __main__:log_results:113 - Pt_in [Pa] | rmse: 0.764766
2025-11-14 18:16:39.497 | INFO     | __main__:log_results:113 - Pt_in [Pa] | mean_squared_log_error: 0.106215
2025-11-14 18:16:39.497 | INFO     | __main__:log_results:113 - Pt_in [Pa] | rmsle: 0.325906
2025-11-14 18:16:39.497 | INFO     | __main__:log_results:113 - Pt_in [Pa] | mean_absolute_percentage_error: 0.467615
2025-11-14 18:16:39.498 | INFO     | __main__:log_results:113 - Pt_in [Pa] | max_error: 1.919094
2025-11-14 18:16:39.498 | INFO     | __main__:log_results:113 - Pt_in [Pa] | mean_pinball_loss(alpha=0.5): 0.291296
2025-11-14 18:16:39.498 | INFO     | __main__:log_results:113 - Pt_in [Pa] | mean_poisson_deviance: 0.634976
2025-11-14 18:16:39.498 | INFO     | __main__:log_results:113 - Pt_in [Pa] | mean_gamma_deviance: 1.958475
2025-11-14 18:16:39.498 | INFO     | __main__:log_results:113 - Pt_in [Pa] | mean_tweedie_deviance(power=0.0): 0.584868
2025-11-14 18:16:39.498 | INFO     | __main__:log_results:113 - Pt_out [Pa] | explained_variance_score: 1.000000
2025-11-14 18:16:39.499 | INFO     | __main__:log_results:113 - Pt_out [Pa] | r2_score: 1.000000
2025-11-14 18:16:39.499 | INFO     | __main__:log_results:113 - Pt_out [Pa] | d2_absolute_error_score: 0.999981
2025-11-14 18:16:39.499 | INFO     | __main__:log_results:113 - Pt_out [Pa] | d2_pinball_score: 0.999981
2025-11-14 18:16:39.499 | INFO     | __main__:log_results:113 - Pt_out [Pa] | d2_tweedie_score: 1.000000
2025-11-14 18:16:39.499 | INFO     | __main__:log_results:113 - Pt_out [Pa] | mean_absolute_error: 0.475984
2025-11-14 18:16:39.500 | INFO     | __main__:log_results:113 - Pt_out [Pa] | median_absolute_error: 0.433110
2025-11-14 18:16:39.500 | INFO     | __main__:log_results:113 - Pt_out [Pa] | mean_squared_error: 0.371155
2025-11-14 18:16:39.500 | INFO     | __main__:log_results:113 - Pt_out [Pa] | rmse: 0.609225
2025-11-14 18:16:39.500 | INFO     | __main__:log_results:113 - Pt_out [Pa] | mean_squared_log_error: 0.000000
2025-11-14 18:16:39.500 | INFO     | __main__:log_results:113 - Pt_out [Pa] | rmsle: 0.000017
2025-11-14 18:16:39.500 | INFO     | __main__:log_results:113 - Pt_out [Pa] | mean_absolute_percentage_error: 0.000011
2025-11-14 18:16:39.500 | INFO     | __main__:log_results:113 - Pt_out [Pa] | max_error: 1.979845
2025-11-14 18:16:39.501 | INFO     | __main__:log_results:113 - Pt_out [Pa] | mean_pinball_loss(alpha=0.5): 0.237992
2025-11-14 18:16:39.501 | INFO     | __main__:log_results:113 - Pt_out [Pa] | mean_poisson_deviance: 0.000009
2025-11-14 18:16:39.501 | INFO     | __main__:log_results:113 - Pt_out [Pa] | mean_gamma_deviance: 0.000000
2025-11-14 18:16:39.501 | INFO     | __main__:log_results:113 - Pt_out [Pa] | mean_tweedie_deviance(power=0.0): 0.371155
2025-11-14 18:16:39.501 | INFO     | __main__:log_results:113 - Torque [N m] | explained_variance_score: 0.999666
2025-11-14 18:16:39.501 | INFO     | __main__:log_results:113 - Torque [N m] | r2_score: 0.999664
2025-11-14 18:16:39.502 | INFO     | __main__:log_results:113 - Torque [N m] | d2_absolute_error_score: 0.983241
2025-11-14 18:16:39.502 | INFO     | __main__:log_results:113 - Torque [N m] | d2_pinball_score: 0.983241
2025-11-14 18:16:39.502 | INFO     | __main__:log_results:113 - Torque [N m] | d2_tweedie_score: 0.999664
2025-11-14 18:16:39.502 | INFO     | __main__:log_results:113 - Torque [N m] | mean_absolute_error: 0.031508
2025-11-14 18:16:39.502 | INFO     | __main__:log_results:113 - Torque [N m] | median_absolute_error: 0.023628
2025-11-14 18:16:39.502 | INFO     | __main__:log_results:113 - Torque [N m] | mean_squared_error: 0.001961
2025-11-14 18:16:39.503 | INFO     | __main__:log_results:113 - Torque [N m] | rmse: 0.044287
2025-11-14 18:16:39.503 | INFO     | __main__:log_results:113 - Torque [N m] | mean_squared_log_error: 0.000071
2025-11-14 18:16:39.503 | INFO     | __main__:log_results:113 - Torque [N m] | rmsle: 0.008431
2025-11-14 18:16:39.503 | INFO     | __main__:log_results:113 - Torque [N m] | mean_absolute_percentage_error: 0.008543
2025-11-14 18:16:39.503 | INFO     | __main__:log_results:113 - Torque [N m] | max_error: 0.213850
2025-11-14 18:16:39.503 | INFO     | __main__:log_results:113 - Torque [N m] | mean_pinball_loss(alpha=0.5): 0.015754
2025-11-14 18:16:39.504 | INFO     | __main__:log_results:113 - Torque [N m] | mean_poisson_deviance: 0.000437
2025-11-14 18:16:39.504 | INFO     | __main__:log_results:113 - Torque [N m] | mean_gamma_deviance: 0.000139
2025-11-14 18:16:39.504 | INFO     | __main__:log_results:113 - Torque [N m] | mean_tweedie_deviance(power=0.0): 0.001961
2025-11-14 18:16:39.504 | INFO     | __main__:log_results:113 - Efficiency [%] | explained_variance_score: 0.996093
2025-11-14 18:16:39.504 | INFO     | __main__:log_results:113 - Efficiency [%] | r2_score: 0.996072
2025-11-14 18:16:39.504 | INFO     | __main__:log_results:113 - Efficiency [%] | d2_absolute_error_score: 0.948239
2025-11-14 18:16:39.505 | INFO     | __main__:log_results:113 - Efficiency [%] | d2_pinball_score: 0.948239
2025-11-14 18:16:39.505 | INFO     | __main__:log_results:113 - Efficiency [%] | d2_tweedie_score: 0.996072
2025-11-14 18:16:39.505 | INFO     | __main__:log_results:113 - Efficiency [%] | mean_absolute_error: 0.589739
2025-11-14 18:16:39.505 | INFO     | __main__:log_results:113 - Efficiency [%] | median_absolute_error: 0.395120
2025-11-14 18:16:39.505 | INFO     | __main__:log_results:113 - Efficiency [%] | mean_squared_error: 0.742686
2025-11-14 18:16:39.505 | INFO     | __main__:log_results:113 - Efficiency [%] | rmse: 0.861792
2025-11-14 18:16:39.505 | INFO     | __main__:log_results:113 - Efficiency [%] | mean_squared_log_error: 0.000174
2025-11-14 18:16:39.506 | INFO     | __main__:log_results:113 - Efficiency [%] | rmsle: 0.013186
2025-11-14 18:16:39.506 | INFO     | __main__:log_results:113 - Efficiency [%] | mean_absolute_percentage_error: 0.008217
2025-11-14 18:16:39.506 | INFO     | __main__:log_results:113 - Efficiency [%] | max_error: 3.800915
2025-11-14 18:16:39.506 | INFO     | __main__:log_results:113 - Efficiency [%] | mean_pinball_loss(alpha=0.5): 0.294869
2025-11-14 18:16:39.506 | INFO     | __main__:log_results:113 - Efficiency [%] | mean_poisson_deviance: 0.011257
2025-11-14 18:16:39.506 | INFO     | __main__:log_results:113 - Efficiency [%] | mean_gamma_deviance: 0.000179
2025-11-14 18:16:39.507 | INFO     | __main__:log_results:113 - Efficiency [%] | mean_tweedie_deviance(power=0.0): 0.742686
2025-11-14 18:16:39.507 | INFO     | __main__:log_results:113 - Efficiency (Pt_out - Pt_in) | explained_variance_score: 0.996605
2025-11-14 18:16:39.507 | INFO     | __main__:log_results:113 - Efficiency (Pt_out - Pt_in) | r2_score: 0.996515
2025-11-14 18:16:39.507 | INFO     | __main__:log_results:113 - Efficiency (Pt_out - Pt_in) | d2_absolute_error_score: 0.944421
2025-11-14 18:16:39.507 | INFO     | __main__:log_results:113 - Efficiency (Pt_out - Pt_in) | d2_pinball_score: 0.944421
2025-11-14 18:16:39.508 | INFO     | __main__:log_results:113 - Efficiency (Pt_out - Pt_in) | d2_tweedie_score: 0.996515
2025-11-14 18:16:39.508 | INFO     | __main__:log_results:113 - Efficiency (Pt_out - Pt_in) | mean_absolute_error: 0.635201
2025-11-14 18:16:39.508 | INFO     | __main__:log_results:113 - Efficiency (Pt_out - Pt_in) | median_absolute_error: 0.524182
2025-11-14 18:16:39.508 | INFO     | __main__:log_results:113 - Efficiency (Pt_out - Pt_in) | mean_squared_error: 0.658906
2025-11-14 18:16:39.508 | INFO     | __main__:log_results:113 - Efficiency (Pt_out - Pt_in) | rmse: 0.811730
2025-11-14 18:16:39.508 | INFO     | __main__:log_results:113 - Efficiency (Pt_out - Pt_in) | mean_squared_log_error: 0.000134
2025-11-14 18:16:39.508 | INFO     | __main__:log_results:113 - Efficiency (Pt_out - Pt_in) | rmsle: 0.011578
2025-11-14 18:16:39.509 | INFO     | __main__:log_results:113 - Efficiency (Pt_out - Pt_in) | mean_absolute_percentage_error: 0.008577
2025-11-14 18:16:39.509 | INFO     | __main__:log_results:113 - Efficiency (Pt_out - Pt_in) | max_error: 2.764418
2025-11-14 18:16:39.509 | INFO     | __main__:log_results:113 - Efficiency (Pt_out - Pt_in) | mean_pinball_loss(alpha=0.5): 0.317600
2025-11-14 18:16:39.509 | INFO     | __main__:log_results:113 - Efficiency (Pt_out - Pt_in) | mean_poisson_deviance: 0.009283
2025-11-14 18:16:39.510 | INFO     | __main__:log_results:113 - Efficiency (Pt_out - Pt_in) | mean_gamma_deviance: 0.000138
2025-11-14 18:16:39.510 | INFO     | __main__:log_results:113 - Efficiency (Pt_out - Pt_in) | mean_tweedie_deviance(power=0.0): 0.658906
