2025-11-14 18:25:02.050 | INFO     | __main__:log_results:110 - num_trainval: 500
2025-11-14 18:25:02.050 | INFO     | __main__:log_results:110 - is_random_sample: True
2025-11-14 18:25:02.050 | INFO     | __main__:log_results:110 - which_FeatureAugmentation: 3
2025-11-14 18:25:02.050 | INFO     | __main__:log_results:110 - FeatureAugmentation_Runs: 2
2025-11-14 18:25:02.051 | INFO     | __main__:log_results:110 - x_transformer_type: standardize
2025-11-14 18:25:02.051 | INFO     | __main__:log_results:110 - y_transformer_type: standardize
2025-11-14 18:25:02.051 | INFO     | __main__:log_results:110 - num_trainval_slice: 40
2025-11-14 18:25:02.051 | INFO     | __main__:log_results:110 - EPOCH: 500
2025-11-14 18:25:02.051 | INFO     | __main__:log_results:110 - exp_name: DGP05_SciGP_Far2
2025-11-14 18:25:02.052 | INFO     | __main__:log_results:110 - random_round_num: 1
2025-11-14 18:25:02.052 | INFO     | __main__:log_results:113 - Pt_in [Pa] | explained_variance_score: 0.857617
2025-11-14 18:25:02.052 | INFO     | __main__:log_results:113 - Pt_in [Pa] | r2_score: 0.854497
2025-11-14 18:25:02.052 | INFO     | __main__:log_results:113 - Pt_in [Pa] | d2_absolute_error_score: 0.613858
2025-11-14 18:25:02.052 | INFO     | __main__:log_results:113 - Pt_in [Pa] | d2_pinball_score: 0.613858
2025-11-14 18:25:02.053 | INFO     | __main__:log_results:113 - Pt_in [Pa] | d2_tweedie_score: 0.854497
2025-11-14 18:25:02.053 | INFO     | __main__:log_results:113 - Pt_in [Pa] | mean_absolute_error: 0.308448
2025-11-14 18:25:02.053 | INFO     | __main__:log_results:113 - Pt_in [Pa] | median_absolute_error: 0.234896
2025-11-14 18:25:02.053 | INFO     | __main__:log_results:113 - Pt_in [Pa] | mean_squared_error: 0.199535
2025-11-14 18:25:02.053 | INFO     | __main__:log_results:113 - Pt_in [Pa] | rmse: 0.446693
2025-11-14 18:25:02.054 | INFO     | __main__:log_results:113 - Pt_in [Pa] | mean_squared_log_error: 0.038908
2025-11-14 18:25:02.054 | INFO     | __main__:log_results:113 - Pt_in [Pa] | rmsle: 0.197250
2025-11-14 18:25:02.054 | INFO     | __main__:log_results:113 - Pt_in [Pa] | mean_absolute_percentage_error: 0.476148
2025-11-14 18:25:02.054 | INFO     | __main__:log_results:113 - Pt_in [Pa] | max_error: 2.372753
2025-11-14 18:25:02.054 | INFO     | __main__:log_results:113 - Pt_in [Pa] | mean_pinball_loss(alpha=0.5): 0.154224
2025-11-14 18:25:02.055 | INFO     | __main__:log_results:113 - Pt_in [Pa] | mean_poisson_deviance: 0.192012
2025-11-14 18:25:02.055 | INFO     | __main__:log_results:113 - Pt_in [Pa] | mean_gamma_deviance: 0.656645
2025-11-14 18:25:02.055 | INFO     | __main__:log_results:113 - Pt_in [Pa] | mean_tweedie_deviance(power=0.0): 0.199535
2025-11-14 18:25:02.055 | INFO     | __main__:log_results:113 - Pt_out [Pa] | explained_variance_score: 1.000000
2025-11-14 18:25:02.055 | INFO     | __main__:log_results:113 - Pt_out [Pa] | r2_score: 1.000000
2025-11-14 18:25:02.055 | INFO     | __main__:log_results:113 - Pt_out [Pa] | d2_absolute_error_score: 0.999984
2025-11-14 18:25:02.055 | INFO     | __main__:log_results:113 - Pt_out [Pa] | d2_pinball_score: 0.999984
2025-11-14 18:25:02.056 | INFO     | __main__:log_results:113 - Pt_out [Pa] | d2_tweedie_score: 1.000000
2025-11-14 18:25:02.056 | INFO     | __main__:log_results:113 - Pt_out [Pa] | mean_absolute_error: 0.415755
2025-11-14 18:25:02.056 | INFO     | __main__:log_results:113 - Pt_out [Pa] | median_absolute_error: 0.332845
2025-11-14 18:25:02.056 | INFO     | __main__:log_results:113 - Pt_out [Pa] | mean_squared_error: 0.292232
2025-11-14 18:25:02.056 | INFO     | __main__:log_results:113 - Pt_out [Pa] | rmse: 0.540585
2025-11-14 18:25:02.056 | INFO     | __main__:log_results:113 - Pt_out [Pa] | mean_squared_log_error: 0.000000
2025-11-14 18:25:02.057 | INFO     | __main__:log_results:113 - Pt_out [Pa] | rmsle: 0.000016
2025-11-14 18:25:02.057 | INFO     | __main__:log_results:113 - Pt_out [Pa] | mean_absolute_percentage_error: 0.000010
2025-11-14 18:25:02.057 | INFO     | __main__:log_results:113 - Pt_out [Pa] | max_error: 1.863406
2025-11-14 18:25:02.057 | INFO     | __main__:log_results:113 - Pt_out [Pa] | mean_pinball_loss(alpha=0.5): 0.207878
2025-11-14 18:25:02.057 | INFO     | __main__:log_results:113 - Pt_out [Pa] | mean_poisson_deviance: 0.000007
2025-11-14 18:25:02.057 | INFO     | __main__:log_results:113 - Pt_out [Pa] | mean_gamma_deviance: 0.000000
2025-11-14 18:25:02.058 | INFO     | __main__:log_results:113 - Pt_out [Pa] | mean_tweedie_deviance(power=0.0): 0.292232
2025-11-14 18:25:02.058 | INFO     | __main__:log_results:113 - Torque [N m] | explained_variance_score: 0.999846
2025-11-14 18:25:02.058 | INFO     | __main__:log_results:113 - Torque [N m] | r2_score: 0.999845
2025-11-14 18:25:02.058 | INFO     | __main__:log_results:113 - Torque [N m] | d2_absolute_error_score: 0.989125
2025-11-14 18:25:02.058 | INFO     | __main__:log_results:113 - Torque [N m] | d2_pinball_score: 0.989125
2025-11-14 18:25:02.058 | INFO     | __main__:log_results:113 - Torque [N m] | d2_tweedie_score: 0.999845
2025-11-14 18:25:02.059 | INFO     | __main__:log_results:113 - Torque [N m] | mean_absolute_error: 0.020492
2025-11-14 18:25:02.059 | INFO     | __main__:log_results:113 - Torque [N m] | median_absolute_error: 0.014679
2025-11-14 18:25:02.059 | INFO     | __main__:log_results:113 - Torque [N m] | mean_squared_error: 0.000909
2025-11-14 18:25:02.059 | INFO     | __main__:log_results:113 - Torque [N m] | rmse: 0.030142
2025-11-14 18:25:02.059 | INFO     | __main__:log_results:113 - Torque [N m] | mean_squared_log_error: 0.000051
2025-11-14 18:25:02.060 | INFO     | __main__:log_results:113 - Torque [N m] | rmsle: 0.007174
2025-11-14 18:25:02.060 | INFO     | __main__:log_results:113 - Torque [N m] | mean_absolute_percentage_error: 0.006123
2025-11-14 18:25:02.060 | INFO     | __main__:log_results:113 - Torque [N m] | max_error: 0.143874
2025-11-14 18:25:02.060 | INFO     | __main__:log_results:113 - Torque [N m] | mean_pinball_loss(alpha=0.5): 0.010246
2025-11-14 18:25:02.060 | INFO     | __main__:log_results:113 - Torque [N m] | mean_poisson_deviance: 0.000273
2025-11-14 18:25:02.060 | INFO     | __main__:log_results:113 - Torque [N m] | mean_gamma_deviance: 0.000110
2025-11-14 18:25:02.060 | INFO     | __main__:log_results:113 - Torque [N m] | mean_tweedie_deviance(power=0.0): 0.000909
2025-11-14 18:25:02.061 | INFO     | __main__:log_results:113 - Efficiency [%] | explained_variance_score: 0.995896
2025-11-14 18:25:02.061 | INFO     | __main__:log_results:113 - Efficiency [%] | r2_score: 0.995896
2025-11-14 18:25:02.061 | INFO     | __main__:log_results:113 - Efficiency [%] | d2_absolute_error_score: 0.949466
2025-11-14 18:25:02.061 | INFO     | __main__:log_results:113 - Efficiency [%] | d2_pinball_score: 0.949466
2025-11-14 18:25:02.061 | INFO     | __main__:log_results:113 - Efficiency [%] | d2_tweedie_score: 0.995896
2025-11-14 18:25:02.061 | INFO     | __main__:log_results:113 - Efficiency [%] | mean_absolute_error: 0.571378
2025-11-14 18:25:02.062 | INFO     | __main__:log_results:113 - Efficiency [%] | median_absolute_error: 0.374484
2025-11-14 18:25:02.062 | INFO     | __main__:log_results:113 - Efficiency [%] | mean_squared_error: 0.765071
2025-11-14 18:25:02.062 | INFO     | __main__:log_results:113 - Efficiency [%] | rmse: 0.874683
2025-11-14 18:25:02.062 | INFO     | __main__:log_results:113 - Efficiency [%] | mean_squared_log_error: 0.000186
2025-11-14 18:25:02.062 | INFO     | __main__:log_results:113 - Efficiency [%] | rmsle: 0.013653
2025-11-14 18:25:02.062 | INFO     | __main__:log_results:113 - Efficiency [%] | mean_absolute_percentage_error: 0.008114
2025-11-14 18:25:02.063 | INFO     | __main__:log_results:113 - Efficiency [%] | max_error: 4.078431
2025-11-14 18:25:02.063 | INFO     | __main__:log_results:113 - Efficiency [%] | mean_pinball_loss(alpha=0.5): 0.285689
2025-11-14 18:25:02.063 | INFO     | __main__:log_results:113 - Efficiency [%] | mean_poisson_deviance: 0.011934
2025-11-14 18:25:02.063 | INFO     | __main__:log_results:113 - Efficiency [%] | mean_gamma_deviance: 0.000194
2025-11-14 18:25:02.063 | INFO     | __main__:log_results:113 - Efficiency [%] | mean_tweedie_deviance(power=0.0): 0.765071
2025-11-14 18:25:02.064 | INFO     | __main__:log_results:113 - Efficiency (Pt_out - Pt_in) | explained_variance_score: 0.997669
2025-11-14 18:25:02.064 | INFO     | __main__:log_results:113 - Efficiency (Pt_out - Pt_in) | r2_score: 0.997654
2025-11-14 18:25:02.064 | INFO     | __main__:log_results:113 - Efficiency (Pt_out - Pt_in) | d2_absolute_error_score: 0.961135
2025-11-14 18:25:02.064 | INFO     | __main__:log_results:113 - Efficiency (Pt_out - Pt_in) | d2_pinball_score: 0.961135
2025-11-14 18:25:02.064 | INFO     | __main__:log_results:113 - Efficiency (Pt_out - Pt_in) | d2_tweedie_score: 0.997654
2025-11-14 18:25:02.065 | INFO     | __main__:log_results:113 - Efficiency (Pt_out - Pt_in) | mean_absolute_error: 0.441821
2025-11-14 18:25:02.065 | INFO     | __main__:log_results:113 - Efficiency (Pt_out - Pt_in) | median_absolute_error: 0.269795
2025-11-14 18:25:02.065 | INFO     | __main__:log_results:113 - Efficiency (Pt_out - Pt_in) | mean_squared_error: 0.441108
2025-11-14 18:25:02.065 | INFO     | __main__:log_results:113 - Efficiency (Pt_out - Pt_in) | rmse: 0.664160
2025-11-14 18:25:02.065 | INFO     | __main__:log_results:113 - Efficiency (Pt_out - Pt_in) | mean_squared_log_error: 0.000107
2025-11-14 18:25:02.065 | INFO     | __main__:log_results:113 - Efficiency (Pt_out - Pt_in) | rmsle: 0.010327
2025-11-14 18:25:02.066 | INFO     | __main__:log_results:113 - Efficiency (Pt_out - Pt_in) | mean_absolute_percentage_error: 0.006129
2025-11-14 18:25:02.066 | INFO     | __main__:log_results:113 - Efficiency (Pt_out - Pt_in) | max_error: 3.061888
2025-11-14 18:25:02.066 | INFO     | __main__:log_results:113 - Efficiency (Pt_out - Pt_in) | mean_pinball_loss(alpha=0.5): 0.220911
2025-11-14 18:25:02.066 | INFO     | __main__:log_results:113 - Efficiency (Pt_out - Pt_in) | mean_poisson_deviance: 0.006803
2025-11-14 18:25:02.066 | INFO     | __main__:log_results:113 - Efficiency (Pt_out - Pt_in) | mean_gamma_deviance: 0.000110
2025-11-14 18:25:02.066 | INFO     | __main__:log_results:113 - Efficiency (Pt_out - Pt_in) | mean_tweedie_deviance(power=0.0): 0.441108
