2025-11-14 20:56:41.546 | INFO     | __main__:log_results:110 - num_trainval: 20
2025-11-14 20:56:41.546 | INFO     | __main__:log_results:110 - is_random_sample: True
2025-11-14 20:56:41.546 | INFO     | __main__:log_results:110 - which_FeatureAugmentation: 3
2025-11-14 20:56:41.546 | INFO     | __main__:log_results:110 - FeatureAugmentation_Runs: 2
2025-11-14 20:56:41.546 | INFO     | __main__:log_results:110 - x_transformer_type: standardize
2025-11-14 20:56:41.547 | INFO     | __main__:log_results:110 - y_transformer_type: standardize
2025-11-14 20:56:41.547 | INFO     | __main__:log_results:110 - num_trainval_slice: 40
2025-11-14 20:56:41.547 | INFO     | __main__:log_results:110 - EPOCH: 500
2025-11-14 20:56:41.547 | INFO     | __main__:log_results:110 - exp_name: DGP05_SciGP_Far2_v2
2025-11-14 20:56:41.547 | INFO     | __main__:log_results:110 - random_round_num: 3
2025-11-14 20:56:41.547 | INFO     | __main__:log_results:113 - Pt_in [Pa] | explained_variance_score: -1.256071
2025-11-14 20:56:41.547 | INFO     | __main__:log_results:113 - Pt_in [Pa] | r2_score: -1.323780
2025-11-14 20:56:41.547 | INFO     | __main__:log_results:113 - Pt_in [Pa] | d2_absolute_error_score: -0.851297
2025-11-14 20:56:41.547 | INFO     | __main__:log_results:113 - Pt_in [Pa] | d2_pinball_score: -0.851297
2025-11-14 20:56:41.547 | INFO     | __main__:log_results:113 - Pt_in [Pa] | d2_tweedie_score: -1.323780
2025-11-14 20:56:41.547 | INFO     | __main__:log_results:113 - Pt_in [Pa] | mean_absolute_error: 0.753672
2025-11-14 20:56:41.547 | INFO     | __main__:log_results:113 - Pt_in [Pa] | median_absolute_error: 0.613672
2025-11-14 20:56:41.547 | INFO     | __main__:log_results:113 - Pt_in [Pa] | mean_squared_error: 0.931700
2025-11-14 20:56:41.547 | INFO     | __main__:log_results:113 - Pt_in [Pa] | rmse: 0.965246
2025-11-14 20:56:41.548 | INFO     | __main__:log_results:113 - Pt_in [Pa] | mean_squared_log_error: 0.143075
2025-11-14 20:56:41.548 | INFO     | __main__:log_results:113 - Pt_in [Pa] | rmsle: 0.378252
2025-11-14 20:56:41.548 | INFO     | __main__:log_results:113 - Pt_in [Pa] | mean_absolute_percentage_error: 0.632435
2025-11-14 20:56:41.548 | INFO     | __main__:log_results:113 - Pt_in [Pa] | max_error: 3.012430
2025-11-14 20:56:41.548 | INFO     | __main__:log_results:113 - Pt_in [Pa] | mean_pinball_loss(alpha=0.5): 0.376836
2025-11-14 20:56:41.548 | INFO     | __main__:log_results:113 - Pt_in [Pa] | mean_poisson_deviance: 0.752706
2025-11-14 20:56:41.548 | INFO     | __main__:log_results:113 - Pt_in [Pa] | mean_gamma_deviance: 1.925860
2025-11-14 20:56:41.548 | INFO     | __main__:log_results:113 - Pt_in [Pa] | mean_tweedie_deviance(power=0.0): 0.931700
2025-11-14 20:56:41.548 | INFO     | __main__:log_results:113 - Pt_out [Pa] | explained_variance_score: 1.000000
2025-11-14 20:56:41.548 | INFO     | __main__:log_results:113 - Pt_out [Pa] | r2_score: 1.000000
2025-11-14 20:56:41.548 | INFO     | __main__:log_results:113 - Pt_out [Pa] | d2_absolute_error_score: 0.999845
2025-11-14 20:56:41.548 | INFO     | __main__:log_results:113 - Pt_out [Pa] | d2_pinball_score: 0.999845
2025-11-14 20:56:41.548 | INFO     | __main__:log_results:113 - Pt_out [Pa] | d2_tweedie_score: 1.000000
2025-11-14 20:56:41.548 | INFO     | __main__:log_results:113 - Pt_out [Pa] | mean_absolute_error: 3.919469
2025-11-14 20:56:41.548 | INFO     | __main__:log_results:113 - Pt_out [Pa] | median_absolute_error: 2.238530
2025-11-14 20:56:41.548 | INFO     | __main__:log_results:113 - Pt_out [Pa] | mean_squared_error: 34.631169
2025-11-14 20:56:41.548 | INFO     | __main__:log_results:113 - Pt_out [Pa] | rmse: 5.884825
2025-11-14 20:56:41.548 | INFO     | __main__:log_results:113 - Pt_out [Pa] | mean_squared_log_error: 0.000000
2025-11-14 20:56:41.549 | INFO     | __main__:log_results:113 - Pt_out [Pa] | rmsle: 0.000209
2025-11-14 20:56:41.549 | INFO     | __main__:log_results:113 - Pt_out [Pa] | mean_absolute_percentage_error: 0.000099
2025-11-14 20:56:41.549 | INFO     | __main__:log_results:113 - Pt_out [Pa] | max_error: 22.553997
2025-11-14 20:56:41.549 | INFO     | __main__:log_results:113 - Pt_out [Pa] | mean_pinball_loss(alpha=0.5): 1.959734
2025-11-14 20:56:41.549 | INFO     | __main__:log_results:113 - Pt_out [Pa] | mean_poisson_deviance: 0.000981
2025-11-14 20:56:41.549 | INFO     | __main__:log_results:113 - Pt_out [Pa] | mean_gamma_deviance: 0.000000
2025-11-14 20:56:41.549 | INFO     | __main__:log_results:113 - Pt_out [Pa] | mean_tweedie_deviance(power=0.0): 34.631169
2025-11-14 20:56:41.549 | INFO     | __main__:log_results:113 - Torque [N m] | explained_variance_score: 0.949998
2025-11-14 20:56:41.549 | INFO     | __main__:log_results:113 - Torque [N m] | r2_score: 0.945938
2025-11-14 20:56:41.549 | INFO     | __main__:log_results:113 - Torque [N m] | d2_absolute_error_score: 0.843732
2025-11-14 20:56:41.549 | INFO     | __main__:log_results:113 - Torque [N m] | d2_pinball_score: 0.843732
2025-11-14 20:56:41.549 | INFO     | __main__:log_results:113 - Torque [N m] | d2_tweedie_score: 0.945938
2025-11-14 20:56:41.549 | INFO     | __main__:log_results:113 - Torque [N m] | mean_absolute_error: 0.262693
2025-11-14 20:56:41.549 | INFO     | __main__:log_results:113 - Torque [N m] | median_absolute_error: 0.108161
2025-11-14 20:56:41.549 | INFO     | __main__:log_results:113 - Torque [N m] | mean_squared_error: 0.234582
2025-11-14 20:56:41.549 | INFO     | __main__:log_results:113 - Torque [N m] | rmse: 0.484337
2025-11-14 20:56:41.549 | INFO     | __main__:log_results:113 - Torque [N m] | mean_squared_log_error: 0.004644
2025-11-14 20:56:41.549 | INFO     | __main__:log_results:113 - Torque [N m] | rmsle: 0.068146
2025-11-14 20:56:41.550 | INFO     | __main__:log_results:113 - Torque [N m] | mean_absolute_percentage_error: 0.059308
2025-11-14 20:56:41.550 | INFO     | __main__:log_results:113 - Torque [N m] | max_error: 2.227540
2025-11-14 20:56:41.550 | INFO     | __main__:log_results:113 - Torque [N m] | mean_pinball_loss(alpha=0.5): 0.131346
2025-11-14 20:56:41.550 | INFO     | __main__:log_results:113 - Torque [N m] | mean_poisson_deviance: 0.034870
2025-11-14 20:56:41.550 | INFO     | __main__:log_results:113 - Torque [N m] | mean_gamma_deviance: 0.008956
2025-11-14 20:56:41.550 | INFO     | __main__:log_results:113 - Torque [N m] | mean_tweedie_deviance(power=0.0): 0.234582
2025-11-14 20:56:41.550 | INFO     | __main__:log_results:113 - Efficiency [%] | explained_variance_score: 0.948242
2025-11-14 20:56:41.550 | INFO     | __main__:log_results:113 - Efficiency [%] | r2_score: 0.948127
2025-11-14 20:56:41.550 | INFO     | __main__:log_results:113 - Efficiency [%] | d2_absolute_error_score: 0.808878
2025-11-14 20:56:41.550 | INFO     | __main__:log_results:113 - Efficiency [%] | d2_pinball_score: 0.808878
2025-11-14 20:56:41.550 | INFO     | __main__:log_results:113 - Efficiency [%] | d2_tweedie_score: 0.948127
2025-11-14 20:56:41.550 | INFO     | __main__:log_results:113 - Efficiency [%] | mean_absolute_error: 2.188334
2025-11-14 20:56:41.550 | INFO     | __main__:log_results:113 - Efficiency [%] | median_absolute_error: 1.384934
2025-11-14 20:56:41.550 | INFO     | __main__:log_results:113 - Efficiency [%] | mean_squared_error: 9.505620
2025-11-14 20:56:41.550 | INFO     | __main__:log_results:113 - Efficiency [%] | rmse: 3.083119
2025-11-14 20:56:41.550 | INFO     | __main__:log_results:113 - Efficiency [%] | mean_squared_log_error: 0.001675
2025-11-14 20:56:41.550 | INFO     | __main__:log_results:113 - Efficiency [%] | rmsle: 0.040929
2025-11-14 20:56:41.551 | INFO     | __main__:log_results:113 - Efficiency [%] | mean_absolute_percentage_error: 0.028719
2025-11-14 20:56:41.551 | INFO     | __main__:log_results:113 - Efficiency [%] | max_error: 9.536020
2025-11-14 20:56:41.551 | INFO     | __main__:log_results:113 - Efficiency [%] | mean_pinball_loss(alpha=0.5): 1.094167
2025-11-14 20:56:41.551 | INFO     | __main__:log_results:113 - Efficiency [%] | mean_poisson_deviance: 0.125560
2025-11-14 20:56:41.551 | INFO     | __main__:log_results:113 - Efficiency [%] | mean_gamma_deviance: 0.001718
2025-11-14 20:56:41.551 | INFO     | __main__:log_results:113 - Efficiency [%] | mean_tweedie_deviance(power=0.0): 9.505620
2025-11-14 20:56:41.551 | INFO     | __main__:log_results:113 - Efficiency (Pt_out - Pt_in) | explained_variance_score: 0.816154
2025-11-14 20:56:41.551 | INFO     | __main__:log_results:113 - Efficiency (Pt_out - Pt_in) | r2_score: 0.814696
2025-11-14 20:56:41.551 | INFO     | __main__:log_results:113 - Efficiency (Pt_out - Pt_in) | d2_absolute_error_score: 0.655224
2025-11-14 20:56:41.551 | INFO     | __main__:log_results:113 - Efficiency (Pt_out - Pt_in) | d2_pinball_score: 0.655224
2025-11-14 20:56:41.551 | INFO     | __main__:log_results:113 - Efficiency (Pt_out - Pt_in) | d2_tweedie_score: 0.814696
2025-11-14 20:56:41.551 | INFO     | __main__:log_results:113 - Efficiency (Pt_out - Pt_in) | mean_absolute_error: 4.649057
2025-11-14 20:56:41.551 | INFO     | __main__:log_results:113 - Efficiency (Pt_out - Pt_in) | median_absolute_error: 2.491709
2025-11-14 20:56:41.551 | INFO     | __main__:log_results:113 - Efficiency (Pt_out - Pt_in) | mean_squared_error: 51.463550
2025-11-14 20:56:41.551 | INFO     | __main__:log_results:113 - Efficiency (Pt_out - Pt_in) | rmse: 7.173810
2025-11-14 20:56:41.551 | INFO     | __main__:log_results:113 - Efficiency (Pt_out - Pt_in) | mean_squared_log_error: 0.008417
2025-11-14 20:56:41.551 | INFO     | __main__:log_results:113 - Efficiency (Pt_out - Pt_in) | rmsle: 0.091744
2025-11-14 20:56:41.552 | INFO     | __main__:log_results:113 - Efficiency (Pt_out - Pt_in) | mean_absolute_percentage_error: 0.060721
2025-11-14 20:56:41.552 | INFO     | __main__:log_results:113 - Efficiency (Pt_out - Pt_in) | max_error: 22.106966
2025-11-14 20:56:41.552 | INFO     | __main__:log_results:113 - Efficiency (Pt_out - Pt_in) | mean_pinball_loss(alpha=0.5): 2.324528
2025-11-14 20:56:41.552 | INFO     | __main__:log_results:113 - Efficiency (Pt_out - Pt_in) | mean_poisson_deviance: 0.642603
2025-11-14 20:56:41.552 | INFO     | __main__:log_results:113 - Efficiency (Pt_out - Pt_in) | mean_gamma_deviance: 0.008465
2025-11-14 20:56:41.552 | INFO     | __main__:log_results:113 - Efficiency (Pt_out - Pt_in) | mean_tweedie_deviance(power=0.0): 51.463550
