2025-11-14 21:17:33.200 | INFO     | __main__:log_results:110 - num_trainval: 700
2025-11-14 21:17:33.200 | INFO     | __main__:log_results:110 - is_random_sample: True
2025-11-14 21:17:33.200 | INFO     | __main__:log_results:110 - which_FeatureAugmentation: 3
2025-11-14 21:17:33.200 | INFO     | __main__:log_results:110 - FeatureAugmentation_Runs: 2
2025-11-14 21:17:33.200 | INFO     | __main__:log_results:110 - x_transformer_type: standardize
2025-11-14 21:17:33.200 | INFO     | __main__:log_results:110 - y_transformer_type: standardize
2025-11-14 21:17:33.200 | INFO     | __main__:log_results:110 - num_trainval_slice: 40
2025-11-14 21:17:33.201 | INFO     | __main__:log_results:110 - EPOCH: 500
2025-11-14 21:17:33.201 | INFO     | __main__:log_results:110 - exp_name: DGP05_SciGP_Far2_v2
2025-11-14 21:17:33.201 | INFO     | __main__:log_results:110 - random_round_num: 1
2025-11-14 21:17:33.201 | INFO     | __main__:log_results:113 - Pt_in [Pa] | explained_variance_score: 0.865854
2025-11-14 21:17:33.201 | INFO     | __main__:log_results:113 - Pt_in [Pa] | r2_score: 0.862478
2025-11-14 21:17:33.201 | INFO     | __main__:log_results:113 - Pt_in [Pa] | d2_absolute_error_score: 0.633917
2025-11-14 21:17:33.201 | INFO     | __main__:log_results:113 - Pt_in [Pa] | d2_pinball_score: 0.633917
2025-11-14 21:17:33.201 | INFO     | __main__:log_results:113 - Pt_in [Pa] | d2_tweedie_score: 0.862478
2025-11-14 21:17:33.201 | INFO     | __main__:log_results:113 - Pt_in [Pa] | mean_absolute_error: 0.287155
2025-11-14 21:17:33.202 | INFO     | __main__:log_results:113 - Pt_in [Pa] | median_absolute_error: 0.207625
2025-11-14 21:17:33.202 | INFO     | __main__:log_results:113 - Pt_in [Pa] | mean_squared_error: 0.183715
2025-11-14 21:17:33.202 | INFO     | __main__:log_results:113 - Pt_in [Pa] | rmse: 0.428620
2025-11-14 21:17:33.202 | INFO     | __main__:log_results:113 - Pt_in [Pa] | mean_squared_log_error: 0.035185
2025-11-14 21:17:33.202 | INFO     | __main__:log_results:113 - Pt_in [Pa] | rmsle: 0.187576
2025-11-14 21:17:33.202 | INFO     | __main__:log_results:113 - Pt_in [Pa] | mean_absolute_percentage_error: 0.542670
2025-11-14 21:17:33.202 | INFO     | __main__:log_results:113 - Pt_in [Pa] | max_error: 2.168755
2025-11-14 21:17:33.202 | INFO     | __main__:log_results:113 - Pt_in [Pa] | mean_pinball_loss(alpha=0.5): 0.143577
2025-11-14 21:17:33.202 | INFO     | __main__:log_results:113 - Pt_in [Pa] | mean_poisson_deviance: 0.179223
2025-11-14 21:17:33.202 | INFO     | __main__:log_results:113 - Pt_in [Pa] | mean_gamma_deviance: 0.649318
2025-11-14 21:17:33.203 | INFO     | __main__:log_results:113 - Pt_in [Pa] | mean_tweedie_deviance(power=0.0): 0.183715
2025-11-14 21:17:33.203 | INFO     | __main__:log_results:113 - Pt_out [Pa] | explained_variance_score: 1.000000
2025-11-14 21:17:33.203 | INFO     | __main__:log_results:113 - Pt_out [Pa] | r2_score: 1.000000
2025-11-14 21:17:33.203 | INFO     | __main__:log_results:113 - Pt_out [Pa] | d2_absolute_error_score: 0.999983
2025-11-14 21:17:33.203 | INFO     | __main__:log_results:113 - Pt_out [Pa] | d2_pinball_score: 0.999983
2025-11-14 21:17:33.203 | INFO     | __main__:log_results:113 - Pt_out [Pa] | d2_tweedie_score: 1.000000
2025-11-14 21:17:33.203 | INFO     | __main__:log_results:113 - Pt_out [Pa] | mean_absolute_error: 0.429338
2025-11-14 21:17:33.203 | INFO     | __main__:log_results:113 - Pt_out [Pa] | median_absolute_error: 0.350653
2025-11-14 21:17:33.203 | INFO     | __main__:log_results:113 - Pt_out [Pa] | mean_squared_error: 0.311041
2025-11-14 21:17:33.203 | INFO     | __main__:log_results:113 - Pt_out [Pa] | rmse: 0.557710
2025-11-14 21:17:33.203 | INFO     | __main__:log_results:113 - Pt_out [Pa] | mean_squared_log_error: 0.000000
2025-11-14 21:17:33.204 | INFO     | __main__:log_results:113 - Pt_out [Pa] | rmsle: 0.000016
2025-11-14 21:17:33.204 | INFO     | __main__:log_results:113 - Pt_out [Pa] | mean_absolute_percentage_error: 0.000010
2025-11-14 21:17:33.204 | INFO     | __main__:log_results:113 - Pt_out [Pa] | max_error: 1.923719
2025-11-14 21:17:33.204 | INFO     | __main__:log_results:113 - Pt_out [Pa] | mean_pinball_loss(alpha=0.5): 0.214669
2025-11-14 21:17:33.204 | INFO     | __main__:log_results:113 - Pt_out [Pa] | mean_poisson_deviance: 0.000007
2025-11-14 21:17:33.204 | INFO     | __main__:log_results:113 - Pt_out [Pa] | mean_gamma_deviance: 0.000000
2025-11-14 21:17:33.204 | INFO     | __main__:log_results:113 - Pt_out [Pa] | mean_tweedie_deviance(power=0.0): 0.311041
2025-11-14 21:17:33.204 | INFO     | __main__:log_results:113 - Torque [N m] | explained_variance_score: 0.999884
2025-11-14 21:17:33.204 | INFO     | __main__:log_results:113 - Torque [N m] | r2_score: 0.999880
2025-11-14 21:17:33.204 | INFO     | __main__:log_results:113 - Torque [N m] | d2_absolute_error_score: 0.989403
2025-11-14 21:17:33.204 | INFO     | __main__:log_results:113 - Torque [N m] | d2_pinball_score: 0.989403
2025-11-14 21:17:33.205 | INFO     | __main__:log_results:113 - Torque [N m] | d2_tweedie_score: 0.999880
2025-11-14 21:17:33.205 | INFO     | __main__:log_results:113 - Torque [N m] | mean_absolute_error: 0.019940
2025-11-14 21:17:33.205 | INFO     | __main__:log_results:113 - Torque [N m] | median_absolute_error: 0.013904
2025-11-14 21:17:33.205 | INFO     | __main__:log_results:113 - Torque [N m] | mean_squared_error: 0.000706
2025-11-14 21:17:33.205 | INFO     | __main__:log_results:113 - Torque [N m] | rmse: 0.026569
2025-11-14 21:17:33.205 | INFO     | __main__:log_results:113 - Torque [N m] | mean_squared_log_error: 0.000035
2025-11-14 21:17:33.205 | INFO     | __main__:log_results:113 - Torque [N m] | rmsle: 0.005882
2025-11-14 21:17:33.205 | INFO     | __main__:log_results:113 - Torque [N m] | mean_absolute_percentage_error: 0.005862
2025-11-14 21:17:33.205 | INFO     | __main__:log_results:113 - Torque [N m] | max_error: 0.083455
2025-11-14 21:17:33.205 | INFO     | __main__:log_results:113 - Torque [N m] | mean_pinball_loss(alpha=0.5): 0.009970
2025-11-14 21:17:33.205 | INFO     | __main__:log_results:113 - Torque [N m] | mean_poisson_deviance: 0.000193
2025-11-14 21:17:33.206 | INFO     | __main__:log_results:113 - Torque [N m] | mean_gamma_deviance: 0.000071
2025-11-14 21:17:33.206 | INFO     | __main__:log_results:113 - Torque [N m] | mean_tweedie_deviance(power=0.0): 0.000706
2025-11-14 21:17:33.206 | INFO     | __main__:log_results:113 - Efficiency [%] | explained_variance_score: 0.998010
2025-11-14 21:17:33.206 | INFO     | __main__:log_results:113 - Efficiency [%] | r2_score: 0.997964
2025-11-14 21:17:33.206 | INFO     | __main__:log_results:113 - Efficiency [%] | d2_absolute_error_score: 0.961050
2025-11-14 21:17:33.206 | INFO     | __main__:log_results:113 - Efficiency [%] | d2_pinball_score: 0.961050
2025-11-14 21:17:33.206 | INFO     | __main__:log_results:113 - Efficiency [%] | d2_tweedie_score: 0.997964
2025-11-14 21:17:33.206 | INFO     | __main__:log_results:113 - Efficiency [%] | mean_absolute_error: 0.444105
2025-11-14 21:17:33.206 | INFO     | __main__:log_results:113 - Efficiency [%] | median_absolute_error: 0.304455
2025-11-14 21:17:33.206 | INFO     | __main__:log_results:113 - Efficiency [%] | mean_squared_error: 0.388270
2025-11-14 21:17:33.206 | INFO     | __main__:log_results:113 - Efficiency [%] | rmse: 0.623113
2025-11-14 21:17:33.206 | INFO     | __main__:log_results:113 - Efficiency [%] | mean_squared_log_error: 0.000088
2025-11-14 21:17:33.207 | INFO     | __main__:log_results:113 - Efficiency [%] | rmsle: 0.009376
2025-11-14 21:17:33.207 | INFO     | __main__:log_results:113 - Efficiency [%] | mean_absolute_percentage_error: 0.006196
2025-11-14 21:17:33.207 | INFO     | __main__:log_results:113 - Efficiency [%] | max_error: 2.214248
2025-11-14 21:17:33.207 | INFO     | __main__:log_results:113 - Efficiency [%] | mean_pinball_loss(alpha=0.5): 0.222052
2025-11-14 21:17:33.207 | INFO     | __main__:log_results:113 - Efficiency [%] | mean_poisson_deviance: 0.005818
2025-11-14 21:17:33.207 | INFO     | __main__:log_results:113 - Efficiency [%] | mean_gamma_deviance: 0.000091
2025-11-14 21:17:33.207 | INFO     | __main__:log_results:113 - Efficiency [%] | mean_tweedie_deviance(power=0.0): 0.388270
2025-11-14 21:17:33.207 | INFO     | __main__:log_results:113 - Efficiency (Pt_out - Pt_in) | explained_variance_score: 0.998366
2025-11-14 21:17:33.207 | INFO     | __main__:log_results:113 - Efficiency (Pt_out - Pt_in) | r2_score: 0.998305
2025-11-14 21:17:33.207 | INFO     | __main__:log_results:113 - Efficiency (Pt_out - Pt_in) | d2_absolute_error_score: 0.962403
2025-11-14 21:17:33.207 | INFO     | __main__:log_results:113 - Efficiency (Pt_out - Pt_in) | d2_pinball_score: 0.962403
2025-11-14 21:17:33.207 | INFO     | __main__:log_results:113 - Efficiency (Pt_out - Pt_in) | d2_tweedie_score: 0.998305
2025-11-14 21:17:33.208 | INFO     | __main__:log_results:113 - Efficiency (Pt_out - Pt_in) | mean_absolute_error: 0.428727
2025-11-14 21:17:33.208 | INFO     | __main__:log_results:113 - Efficiency (Pt_out - Pt_in) | median_absolute_error: 0.308523
2025-11-14 21:17:33.208 | INFO     | __main__:log_results:113 - Efficiency (Pt_out - Pt_in) | mean_squared_error: 0.323143
2025-11-14 21:17:33.208 | INFO     | __main__:log_results:113 - Efficiency (Pt_out - Pt_in) | rmse: 0.568456
2025-11-14 21:17:33.208 | INFO     | __main__:log_results:113 - Efficiency (Pt_out - Pt_in) | mean_squared_log_error: 0.000069
2025-11-14 21:17:33.208 | INFO     | __main__:log_results:113 - Efficiency (Pt_out - Pt_in) | rmsle: 0.008294
2025-11-14 21:17:33.208 | INFO     | __main__:log_results:113 - Efficiency (Pt_out - Pt_in) | mean_absolute_percentage_error: 0.005883
2025-11-14 21:17:33.208 | INFO     | __main__:log_results:113 - Efficiency (Pt_out - Pt_in) | max_error: 1.731769
2025-11-14 21:17:33.208 | INFO     | __main__:log_results:113 - Efficiency (Pt_out - Pt_in) | mean_pinball_loss(alpha=0.5): 0.214364
2025-11-14 21:17:33.208 | INFO     | __main__:log_results:113 - Efficiency (Pt_out - Pt_in) | mean_poisson_deviance: 0.004670
2025-11-14 21:17:33.208 | INFO     | __main__:log_results:113 - Efficiency (Pt_out - Pt_in) | mean_gamma_deviance: 0.000071
2025-11-14 21:17:33.208 | INFO     | __main__:log_results:113 - Efficiency (Pt_out - Pt_in) | mean_tweedie_deviance(power=0.0): 0.323143
