2025-11-14 20:56:54.498 | INFO     | __main__:log_results:110 - num_trainval: 50
2025-11-14 20:56:54.498 | INFO     | __main__:log_results:110 - is_random_sample: True
2025-11-14 20:56:54.498 | INFO     | __main__:log_results:110 - which_FeatureAugmentation: 3
2025-11-14 20:56:54.498 | INFO     | __main__:log_results:110 - FeatureAugmentation_Runs: 2
2025-11-14 20:56:54.499 | INFO     | __main__:log_results:110 - x_transformer_type: standardize
2025-11-14 20:56:54.499 | INFO     | __main__:log_results:110 - y_transformer_type: standardize
2025-11-14 20:56:54.499 | INFO     | __main__:log_results:110 - num_trainval_slice: 40
2025-11-14 20:56:54.499 | INFO     | __main__:log_results:110 - EPOCH: 500
2025-11-14 20:56:54.500 | INFO     | __main__:log_results:110 - exp_name: DGP05_SciGP_Far2_v2
2025-11-14 20:56:54.500 | INFO     | __main__:log_results:110 - random_round_num: 2
2025-11-14 20:56:54.500 | INFO     | __main__:log_results:113 - Pt_in [Pa] | explained_variance_score: -0.487482
2025-11-14 20:56:54.500 | INFO     | __main__:log_results:113 - Pt_in [Pa] | r2_score: -0.553891
2025-11-14 20:56:54.500 | INFO     | __main__:log_results:113 - Pt_in [Pa] | d2_absolute_error_score: -0.274074
2025-11-14 20:56:54.502 | INFO     | __main__:log_results:113 - Pt_in [Pa] | d2_pinball_score: -0.274074
2025-11-14 20:56:54.502 | INFO     | __main__:log_results:113 - Pt_in [Pa] | d2_tweedie_score: -0.553891
2025-11-14 20:56:54.502 | INFO     | __main__:log_results:113 - Pt_in [Pa] | mean_absolute_error: 0.680800
2025-11-14 20:56:54.502 | INFO     | __main__:log_results:113 - Pt_in [Pa] | median_absolute_error: 0.601359
2025-11-14 20:56:54.502 | INFO     | __main__:log_results:113 - Pt_in [Pa] | mean_squared_error: 0.747469
2025-11-14 20:56:54.502 | INFO     | __main__:log_results:113 - Pt_in [Pa] | rmse: 0.864563
2025-11-14 20:56:54.502 | INFO     | __main__:log_results:113 - Pt_in [Pa] | mean_squared_log_error: 0.114642
2025-11-14 20:56:54.502 | INFO     | __main__:log_results:113 - Pt_in [Pa] | rmsle: 0.338588
2025-11-14 20:56:54.502 | INFO     | __main__:log_results:113 - Pt_in [Pa] | mean_absolute_percentage_error: 0.913019
2025-11-14 20:56:54.502 | INFO     | __main__:log_results:113 - Pt_in [Pa] | max_error: 3.032231
2025-11-14 20:56:54.503 | INFO     | __main__:log_results:113 - Pt_in [Pa] | mean_pinball_loss(alpha=0.5): 0.340400
2025-11-14 20:56:54.503 | INFO     | __main__:log_results:113 - Pt_in [Pa] | mean_poisson_deviance: 0.599389
2025-11-14 20:56:54.503 | INFO     | __main__:log_results:113 - Pt_in [Pa] | mean_gamma_deviance: 1.614946
2025-11-14 20:56:54.503 | INFO     | __main__:log_results:113 - Pt_in [Pa] | mean_tweedie_deviance(power=0.0): 0.747469
2025-11-14 20:56:54.503 | INFO     | __main__:log_results:113 - Pt_out [Pa] | explained_variance_score: 1.000000
2025-11-14 20:56:54.503 | INFO     | __main__:log_results:113 - Pt_out [Pa] | r2_score: 1.000000
2025-11-14 20:56:54.503 | INFO     | __main__:log_results:113 - Pt_out [Pa] | d2_absolute_error_score: 0.999974
2025-11-14 20:56:54.503 | INFO     | __main__:log_results:113 - Pt_out [Pa] | d2_pinball_score: 0.999974
2025-11-14 20:56:54.503 | INFO     | __main__:log_results:113 - Pt_out [Pa] | d2_tweedie_score: 1.000000
2025-11-14 20:56:54.503 | INFO     | __main__:log_results:113 - Pt_out [Pa] | mean_absolute_error: 0.646992
2025-11-14 20:56:54.503 | INFO     | __main__:log_results:113 - Pt_out [Pa] | median_absolute_error: 0.507066
2025-11-14 20:56:54.503 | INFO     | __main__:log_results:113 - Pt_out [Pa] | mean_squared_error: 0.732385
2025-11-14 20:56:54.503 | INFO     | __main__:log_results:113 - Pt_out [Pa] | rmse: 0.855795
2025-11-14 20:56:54.503 | INFO     | __main__:log_results:113 - Pt_out [Pa] | mean_squared_log_error: 0.000000
2025-11-14 20:56:54.503 | INFO     | __main__:log_results:113 - Pt_out [Pa] | rmsle: 0.000023
2025-11-14 20:56:54.503 | INFO     | __main__:log_results:113 - Pt_out [Pa] | mean_absolute_percentage_error: 0.000015
2025-11-14 20:56:54.503 | INFO     | __main__:log_results:113 - Pt_out [Pa] | max_error: 3.106094
2025-11-14 20:56:54.503 | INFO     | __main__:log_results:113 - Pt_out [Pa] | mean_pinball_loss(alpha=0.5): 0.323496
2025-11-14 20:56:54.503 | INFO     | __main__:log_results:113 - Pt_out [Pa] | mean_poisson_deviance: 0.000016
2025-11-14 20:56:54.503 | INFO     | __main__:log_results:113 - Pt_out [Pa] | mean_gamma_deviance: 0.000000
2025-11-14 20:56:54.504 | INFO     | __main__:log_results:113 - Pt_out [Pa] | mean_tweedie_deviance(power=0.0): 0.732385
2025-11-14 20:56:54.504 | INFO     | __main__:log_results:113 - Torque [N m] | explained_variance_score: 0.999234
2025-11-14 20:56:54.504 | INFO     | __main__:log_results:113 - Torque [N m] | r2_score: 0.999233
2025-11-14 20:56:54.504 | INFO     | __main__:log_results:113 - Torque [N m] | d2_absolute_error_score: 0.979002
2025-11-14 20:56:54.504 | INFO     | __main__:log_results:113 - Torque [N m] | d2_pinball_score: 0.979002
2025-11-14 20:56:54.504 | INFO     | __main__:log_results:113 - Torque [N m] | d2_tweedie_score: 0.999233
2025-11-14 20:56:54.504 | INFO     | __main__:log_results:113 - Torque [N m] | mean_absolute_error: 0.039422
2025-11-14 20:56:54.504 | INFO     | __main__:log_results:113 - Torque [N m] | median_absolute_error: 0.022205
2025-11-14 20:56:54.504 | INFO     | __main__:log_results:113 - Torque [N m] | mean_squared_error: 0.004481
2025-11-14 20:56:54.504 | INFO     | __main__:log_results:113 - Torque [N m] | rmse: 0.066937
2025-11-14 20:56:54.504 | INFO     | __main__:log_results:113 - Torque [N m] | mean_squared_log_error: 0.000312
2025-11-14 20:56:54.504 | INFO     | __main__:log_results:113 - Torque [N m] | rmsle: 0.017665
2025-11-14 20:56:54.504 | INFO     | __main__:log_results:113 - Torque [N m] | mean_absolute_percentage_error: 0.012215
2025-11-14 20:56:54.504 | INFO     | __main__:log_results:113 - Torque [N m] | max_error: 0.326591
2025-11-14 20:56:54.504 | INFO     | __main__:log_results:113 - Torque [N m] | mean_pinball_loss(alpha=0.5): 0.019711
2025-11-14 20:56:54.504 | INFO     | __main__:log_results:113 - Torque [N m] | mean_poisson_deviance: 0.001591
2025-11-14 20:56:54.504 | INFO     | __main__:log_results:113 - Torque [N m] | mean_gamma_deviance: 0.000670
2025-11-14 20:56:54.504 | INFO     | __main__:log_results:113 - Torque [N m] | mean_tweedie_deviance(power=0.0): 0.004481
2025-11-14 20:56:54.504 | INFO     | __main__:log_results:113 - Efficiency [%] | explained_variance_score: 0.959728
2025-11-14 20:56:54.504 | INFO     | __main__:log_results:113 - Efficiency [%] | r2_score: 0.958314
2025-11-14 20:56:54.504 | INFO     | __main__:log_results:113 - Efficiency [%] | d2_absolute_error_score: 0.846488
2025-11-14 20:56:54.504 | INFO     | __main__:log_results:113 - Efficiency [%] | d2_pinball_score: 0.846488
2025-11-14 20:56:54.504 | INFO     | __main__:log_results:113 - Efficiency [%] | d2_tweedie_score: 0.958314
2025-11-14 20:56:54.504 | INFO     | __main__:log_results:113 - Efficiency [%] | mean_absolute_error: 1.673008
2025-11-14 20:56:54.504 | INFO     | __main__:log_results:113 - Efficiency [%] | median_absolute_error: 0.797312
2025-11-14 20:56:54.504 | INFO     | __main__:log_results:113 - Efficiency [%] | mean_squared_error: 7.019372
2025-11-14 20:56:54.504 | INFO     | __main__:log_results:113 - Efficiency [%] | rmse: 2.649410
2025-11-14 20:56:54.505 | INFO     | __main__:log_results:113 - Efficiency [%] | mean_squared_log_error: 0.001702
2025-11-14 20:56:54.505 | INFO     | __main__:log_results:113 - Efficiency [%] | rmsle: 0.041254
2025-11-14 20:56:54.505 | INFO     | __main__:log_results:113 - Efficiency [%] | mean_absolute_percentage_error: 0.024518
2025-11-14 20:56:54.505 | INFO     | __main__:log_results:113 - Efficiency [%] | max_error: 8.783663
2025-11-14 20:56:54.505 | INFO     | __main__:log_results:113 - Efficiency [%] | mean_pinball_loss(alpha=0.5): 0.836504
2025-11-14 20:56:54.505 | INFO     | __main__:log_results:113 - Efficiency [%] | mean_poisson_deviance: 0.111632
2025-11-14 20:56:54.505 | INFO     | __main__:log_results:113 - Efficiency [%] | mean_gamma_deviance: 0.001798
2025-11-14 20:56:54.505 | INFO     | __main__:log_results:113 - Efficiency [%] | mean_tweedie_deviance(power=0.0): 7.019372
2025-11-14 20:56:54.505 | INFO     | __main__:log_results:113 - Efficiency (Pt_out - Pt_in) | explained_variance_score: 0.989010
2025-11-14 20:56:54.505 | INFO     | __main__:log_results:113 - Efficiency (Pt_out - Pt_in) | r2_score: 0.989010
2025-11-14 20:56:54.505 | INFO     | __main__:log_results:113 - Efficiency (Pt_out - Pt_in) | d2_absolute_error_score: 0.928266
2025-11-14 20:56:54.505 | INFO     | __main__:log_results:113 - Efficiency (Pt_out - Pt_in) | d2_pinball_score: 0.928266
2025-11-14 20:56:54.505 | INFO     | __main__:log_results:113 - Efficiency (Pt_out - Pt_in) | d2_tweedie_score: 0.989010
2025-11-14 20:56:54.505 | INFO     | __main__:log_results:113 - Efficiency (Pt_out - Pt_in) | mean_absolute_error: 0.825397
2025-11-14 20:56:54.505 | INFO     | __main__:log_results:113 - Efficiency (Pt_out - Pt_in) | median_absolute_error: 0.458910
2025-11-14 20:56:54.505 | INFO     | __main__:log_results:113 - Efficiency (Pt_out - Pt_in) | mean_squared_error: 2.130660
2025-11-14 20:56:54.505 | INFO     | __main__:log_results:113 - Efficiency (Pt_out - Pt_in) | rmse: 1.459678
2025-11-14 20:56:54.505 | INFO     | __main__:log_results:113 - Efficiency (Pt_out - Pt_in) | mean_squared_log_error: 0.000625
2025-11-14 20:56:54.505 | INFO     | __main__:log_results:113 - Efficiency (Pt_out - Pt_in) | rmsle: 0.025001
2025-11-14 20:56:54.505 | INFO     | __main__:log_results:113 - Efficiency (Pt_out - Pt_in) | mean_absolute_percentage_error: 0.012606
2025-11-14 20:56:54.505 | INFO     | __main__:log_results:113 - Efficiency (Pt_out - Pt_in) | max_error: 8.790756
2025-11-14 20:56:54.506 | INFO     | __main__:log_results:113 - Efficiency (Pt_out - Pt_in) | mean_pinball_loss(alpha=0.5): 0.412698
2025-11-14 20:56:54.506 | INFO     | __main__:log_results:113 - Efficiency (Pt_out - Pt_in) | mean_poisson_deviance: 0.036132
2025-11-14 20:56:54.506 | INFO     | __main__:log_results:113 - Efficiency (Pt_out - Pt_in) | mean_gamma_deviance: 0.000627
2025-11-14 20:56:54.506 | INFO     | __main__:log_results:113 - Efficiency (Pt_out - Pt_in) | mean_tweedie_deviance(power=0.0): 2.130660
