2025-11-14 18:23:56.542 | INFO     | __main__:log_results:110 - num_trainval: 300
2025-11-14 18:23:56.542 | INFO     | __main__:log_results:110 - is_random_sample: True
2025-11-14 18:23:56.543 | INFO     | __main__:log_results:110 - which_FeatureAugmentation: 3
2025-11-14 18:23:56.543 | INFO     | __main__:log_results:110 - FeatureAugmentation_Runs: 2
2025-11-14 18:23:56.543 | INFO     | __main__:log_results:110 - x_transformer_type: standardize
2025-11-14 18:23:56.544 | INFO     | __main__:log_results:110 - y_transformer_type: standardize
2025-11-14 18:23:56.544 | INFO     | __main__:log_results:110 - num_trainval_slice: 40
2025-11-14 18:23:56.544 | INFO     | __main__:log_results:110 - EPOCH: 500
2025-11-14 18:23:56.544 | INFO     | __main__:log_results:110 - exp_name: DGP05_SciGP_Far2
2025-11-14 18:23:56.544 | INFO     | __main__:log_results:110 - random_round_num: 3
2025-11-14 18:23:56.545 | INFO     | __main__:log_results:113 - Pt_in [Pa] | explained_variance_score: 0.841618
2025-11-14 18:23:56.545 | INFO     | __main__:log_results:113 - Pt_in [Pa] | r2_score: 0.836830
2025-11-14 18:23:56.545 | INFO     | __main__:log_results:113 - Pt_in [Pa] | d2_absolute_error_score: 0.615876
2025-11-14 18:23:56.545 | INFO     | __main__:log_results:113 - Pt_in [Pa] | d2_pinball_score: 0.615876
2025-11-14 18:23:56.545 | INFO     | __main__:log_results:113 - Pt_in [Pa] | d2_tweedie_score: 0.836830
2025-11-14 18:23:56.545 | INFO     | __main__:log_results:113 - Pt_in [Pa] | mean_absolute_error: 0.298626
2025-11-14 18:23:56.545 | INFO     | __main__:log_results:113 - Pt_in [Pa] | median_absolute_error: 0.189836
2025-11-14 18:23:56.546 | INFO     | __main__:log_results:113 - Pt_in [Pa] | mean_squared_error: 0.203797
2025-11-14 18:23:56.546 | INFO     | __main__:log_results:113 - Pt_in [Pa] | rmse: 0.451439
2025-11-14 18:23:56.546 | INFO     | __main__:log_results:113 - Pt_in [Pa] | mean_squared_log_error: 0.037817
2025-11-14 18:23:56.546 | INFO     | __main__:log_results:113 - Pt_in [Pa] | rmsle: 0.194466
2025-11-14 18:23:56.546 | INFO     | __main__:log_results:113 - Pt_in [Pa] | mean_absolute_percentage_error: 0.341583
2025-11-14 18:23:56.546 | INFO     | __main__:log_results:113 - Pt_in [Pa] | max_error: 2.026803
2025-11-14 18:23:56.547 | INFO     | __main__:log_results:113 - Pt_in [Pa] | mean_pinball_loss(alpha=0.5): 0.149313
2025-11-14 18:23:56.547 | INFO     | __main__:log_results:113 - Pt_in [Pa] | mean_poisson_deviance: 0.182959
2025-11-14 18:23:56.547 | INFO     | __main__:log_results:113 - Pt_in [Pa] | mean_gamma_deviance: 0.524989
2025-11-14 18:23:56.547 | INFO     | __main__:log_results:113 - Pt_in [Pa] | mean_tweedie_deviance(power=0.0): 0.203797
2025-11-14 18:23:56.547 | INFO     | __main__:log_results:113 - Pt_out [Pa] | explained_variance_score: 1.000000
2025-11-14 18:23:56.548 | INFO     | __main__:log_results:113 - Pt_out [Pa] | r2_score: 1.000000
2025-11-14 18:23:56.548 | INFO     | __main__:log_results:113 - Pt_out [Pa] | d2_absolute_error_score: 0.999982
2025-11-14 18:23:56.548 | INFO     | __main__:log_results:113 - Pt_out [Pa] | d2_pinball_score: 0.999982
2025-11-14 18:23:56.548 | INFO     | __main__:log_results:113 - Pt_out [Pa] | d2_tweedie_score: 1.000000
2025-11-14 18:23:56.548 | INFO     | __main__:log_results:113 - Pt_out [Pa] | mean_absolute_error: 0.454838
2025-11-14 18:23:56.548 | INFO     | __main__:log_results:113 - Pt_out [Pa] | median_absolute_error: 0.365106
2025-11-14 18:23:56.548 | INFO     | __main__:log_results:113 - Pt_out [Pa] | mean_squared_error: 0.334101
2025-11-14 18:23:56.549 | INFO     | __main__:log_results:113 - Pt_out [Pa] | rmse: 0.578014
2025-11-14 18:23:56.549 | INFO     | __main__:log_results:113 - Pt_out [Pa] | mean_squared_log_error: 0.000000
2025-11-14 18:23:56.549 | INFO     | __main__:log_results:113 - Pt_out [Pa] | rmsle: 0.000015
2025-11-14 18:23:56.549 | INFO     | __main__:log_results:113 - Pt_out [Pa] | mean_absolute_percentage_error: 0.000011
2025-11-14 18:23:56.549 | INFO     | __main__:log_results:113 - Pt_out [Pa] | max_error: 2.078554
2025-11-14 18:23:56.549 | INFO     | __main__:log_results:113 - Pt_out [Pa] | mean_pinball_loss(alpha=0.5): 0.227419
2025-11-14 18:23:56.550 | INFO     | __main__:log_results:113 - Pt_out [Pa] | mean_poisson_deviance: 0.000007
2025-11-14 18:23:56.550 | INFO     | __main__:log_results:113 - Pt_out [Pa] | mean_gamma_deviance: 0.000000
2025-11-14 18:23:56.550 | INFO     | __main__:log_results:113 - Pt_out [Pa] | mean_tweedie_deviance(power=0.0): 0.334101
2025-11-14 18:23:56.550 | INFO     | __main__:log_results:113 - Torque [N m] | explained_variance_score: 0.999645
2025-11-14 18:23:56.550 | INFO     | __main__:log_results:113 - Torque [N m] | r2_score: 0.999642
2025-11-14 18:23:56.550 | INFO     | __main__:log_results:113 - Torque [N m] | d2_absolute_error_score: 0.984666
2025-11-14 18:23:56.551 | INFO     | __main__:log_results:113 - Torque [N m] | d2_pinball_score: 0.984666
2025-11-14 18:23:56.551 | INFO     | __main__:log_results:113 - Torque [N m] | d2_tweedie_score: 0.999642
2025-11-14 18:23:56.551 | INFO     | __main__:log_results:113 - Torque [N m] | mean_absolute_error: 0.028922
2025-11-14 18:23:56.551 | INFO     | __main__:log_results:113 - Torque [N m] | median_absolute_error: 0.018446
2025-11-14 18:23:56.551 | INFO     | __main__:log_results:113 - Torque [N m] | mean_squared_error: 0.002114
2025-11-14 18:23:56.552 | INFO     | __main__:log_results:113 - Torque [N m] | rmse: 0.045980
2025-11-14 18:23:56.552 | INFO     | __main__:log_results:113 - Torque [N m] | mean_squared_log_error: 0.000092
2025-11-14 18:23:56.552 | INFO     | __main__:log_results:113 - Torque [N m] | rmsle: 0.009578
2025-11-14 18:23:56.552 | INFO     | __main__:log_results:113 - Torque [N m] | mean_absolute_percentage_error: 0.008181
2025-11-14 18:23:56.552 | INFO     | __main__:log_results:113 - Torque [N m] | max_error: 0.230676
2025-11-14 18:23:56.552 | INFO     | __main__:log_results:113 - Torque [N m] | mean_pinball_loss(alpha=0.5): 0.014461
2025-11-14 18:23:56.553 | INFO     | __main__:log_results:113 - Torque [N m] | mean_poisson_deviance: 0.000517
2025-11-14 18:23:56.553 | INFO     | __main__:log_results:113 - Torque [N m] | mean_gamma_deviance: 0.000183
2025-11-14 18:23:56.553 | INFO     | __main__:log_results:113 - Torque [N m] | mean_tweedie_deviance(power=0.0): 0.002114
2025-11-14 18:23:56.553 | INFO     | __main__:log_results:113 - Efficiency [%] | explained_variance_score: 0.994880
2025-11-14 18:23:56.553 | INFO     | __main__:log_results:113 - Efficiency [%] | r2_score: 0.994876
2025-11-14 18:23:56.553 | INFO     | __main__:log_results:113 - Efficiency [%] | d2_absolute_error_score: 0.944847
2025-11-14 18:23:56.553 | INFO     | __main__:log_results:113 - Efficiency [%] | d2_pinball_score: 0.944847
2025-11-14 18:23:56.554 | INFO     | __main__:log_results:113 - Efficiency [%] | d2_tweedie_score: 0.994876
2025-11-14 18:23:56.554 | INFO     | __main__:log_results:113 - Efficiency [%] | mean_absolute_error: 0.626632
2025-11-14 18:23:56.554 | INFO     | __main__:log_results:113 - Efficiency [%] | median_absolute_error: 0.388082
2025-11-14 18:23:56.554 | INFO     | __main__:log_results:113 - Efficiency [%] | mean_squared_error: 0.967780
2025-11-14 18:23:56.554 | INFO     | __main__:log_results:113 - Efficiency [%] | rmse: 0.983758
2025-11-14 18:23:56.554 | INFO     | __main__:log_results:113 - Efficiency [%] | mean_squared_log_error: 0.000241
2025-11-14 18:23:56.555 | INFO     | __main__:log_results:113 - Efficiency [%] | rmsle: 0.015514
2025-11-14 18:23:56.555 | INFO     | __main__:log_results:113 - Efficiency [%] | mean_absolute_percentage_error: 0.008957
2025-11-14 18:23:56.555 | INFO     | __main__:log_results:113 - Efficiency [%] | max_error: 4.474592
2025-11-14 18:23:56.555 | INFO     | __main__:log_results:113 - Efficiency [%] | mean_pinball_loss(alpha=0.5): 0.313316
2025-11-14 18:23:56.555 | INFO     | __main__:log_results:113 - Efficiency [%] | mean_poisson_deviance: 0.015287
2025-11-14 18:23:56.555 | INFO     | __main__:log_results:113 - Efficiency [%] | mean_gamma_deviance: 0.000250
2025-11-14 18:23:56.556 | INFO     | __main__:log_results:113 - Efficiency [%] | mean_tweedie_deviance(power=0.0): 0.967780
2025-11-14 18:23:56.556 | INFO     | __main__:log_results:113 - Efficiency (Pt_out - Pt_in) | explained_variance_score: 0.996106
2025-11-14 18:23:56.556 | INFO     | __main__:log_results:113 - Efficiency (Pt_out - Pt_in) | r2_score: 0.996096
2025-11-14 18:23:56.556 | INFO     | __main__:log_results:113 - Efficiency (Pt_out - Pt_in) | d2_absolute_error_score: 0.948727
2025-11-14 18:23:56.556 | INFO     | __main__:log_results:113 - Efficiency (Pt_out - Pt_in) | d2_pinball_score: 0.948727
2025-11-14 18:23:56.556 | INFO     | __main__:log_results:113 - Efficiency (Pt_out - Pt_in) | d2_tweedie_score: 0.996096
2025-11-14 18:23:56.557 | INFO     | __main__:log_results:113 - Efficiency (Pt_out - Pt_in) | mean_absolute_error: 0.585660
2025-11-14 18:23:56.557 | INFO     | __main__:log_results:113 - Efficiency (Pt_out - Pt_in) | median_absolute_error: 0.366202
2025-11-14 18:23:56.557 | INFO     | __main__:log_results:113 - Efficiency (Pt_out - Pt_in) | mean_squared_error: 0.742071
2025-11-14 18:23:56.557 | INFO     | __main__:log_results:113 - Efficiency (Pt_out - Pt_in) | rmse: 0.861435
2025-11-14 18:23:56.557 | INFO     | __main__:log_results:113 - Efficiency (Pt_out - Pt_in) | mean_squared_log_error: 0.000177
2025-11-14 18:23:56.557 | INFO     | __main__:log_results:113 - Efficiency (Pt_out - Pt_in) | rmsle: 0.013300
2025-11-14 18:23:56.557 | INFO     | __main__:log_results:113 - Efficiency (Pt_out - Pt_in) | mean_absolute_percentage_error: 0.008181
2025-11-14 18:23:56.558 | INFO     | __main__:log_results:113 - Efficiency (Pt_out - Pt_in) | max_error: 3.684676
2025-11-14 18:23:56.558 | INFO     | __main__:log_results:113 - Efficiency (Pt_out - Pt_in) | mean_pinball_loss(alpha=0.5): 0.292830
2025-11-14 18:23:56.558 | INFO     | __main__:log_results:113 - Efficiency (Pt_out - Pt_in) | mean_poisson_deviance: 0.011406
2025-11-14 18:23:56.558 | INFO     | __main__:log_results:113 - Efficiency (Pt_out - Pt_in) | mean_gamma_deviance: 0.000183
2025-11-14 18:23:56.558 | INFO     | __main__:log_results:113 - Efficiency (Pt_out - Pt_in) | mean_tweedie_deviance(power=0.0): 0.742071
