2025-11-14 18:07:44.908 | INFO     | __main__:log_results:110 - num_trainval: 60
2025-11-14 18:07:44.908 | INFO     | __main__:log_results:110 - is_random_sample: True
2025-11-14 18:07:44.909 | INFO     | __main__:log_results:110 - which_FeatureAugmentation: 3
2025-11-14 18:07:44.909 | INFO     | __main__:log_results:110 - FeatureAugmentation_Runs: 2
2025-11-14 18:07:44.909 | INFO     | __main__:log_results:110 - x_transformer_type: standardize
2025-11-14 18:07:44.912 | INFO     | __main__:log_results:110 - y_transformer_type: standardize
2025-11-14 18:07:44.912 | INFO     | __main__:log_results:110 - num_trainval_slice: 40
2025-11-14 18:07:44.912 | INFO     | __main__:log_results:110 - EPOCH: 500
2025-11-14 18:07:44.912 | INFO     | __main__:log_results:110 - exp_name: DGP05_SciGP_Far2
2025-11-14 18:07:44.912 | INFO     | __main__:log_results:110 - random_round_num: 5
2025-11-14 18:07:44.912 | INFO     | __main__:log_results:113 - Pt_in [Pa] | explained_variance_score: -0.013807
2025-11-14 18:07:44.912 | INFO     | __main__:log_results:113 - Pt_in [Pa] | r2_score: -0.146074
2025-11-14 18:07:44.912 | INFO     | __main__:log_results:113 - Pt_in [Pa] | d2_absolute_error_score: 0.003244
2025-11-14 18:07:44.912 | INFO     | __main__:log_results:113 - Pt_in [Pa] | d2_pinball_score: 0.003244
2025-11-14 18:07:44.912 | INFO     | __main__:log_results:113 - Pt_in [Pa] | d2_tweedie_score: -0.146074
2025-11-14 18:07:44.912 | INFO     | __main__:log_results:113 - Pt_in [Pa] | mean_absolute_error: 0.719024
2025-11-14 18:07:44.912 | INFO     | __main__:log_results:113 - Pt_in [Pa] | median_absolute_error: 0.604514
2025-11-14 18:07:44.912 | INFO     | __main__:log_results:113 - Pt_in [Pa] | mean_squared_error: 0.820527
2025-11-14 18:07:44.912 | INFO     | __main__:log_results:113 - Pt_in [Pa] | rmse: 0.905830
2025-11-14 18:07:44.913 | INFO     | __main__:log_results:113 - Pt_in [Pa] | mean_squared_log_error: 0.142133
2025-11-14 18:07:44.913 | INFO     | __main__:log_results:113 - Pt_in [Pa] | rmsle: 0.377005
2025-11-14 18:07:44.913 | INFO     | __main__:log_results:113 - Pt_in [Pa] | mean_absolute_percentage_error: 0.450316
2025-11-14 18:07:44.913 | INFO     | __main__:log_results:113 - Pt_in [Pa] | max_error: 2.170543
2025-11-14 18:07:44.913 | INFO     | __main__:log_results:113 - Pt_in [Pa] | mean_pinball_loss(alpha=0.5): 0.359512
2025-11-14 18:07:44.915 | INFO     | __main__:log_results:113 - Pt_in [Pa] | mean_poisson_deviance: 0.813320
2025-11-14 18:07:44.915 | INFO     | __main__:log_results:113 - Pt_in [Pa] | mean_gamma_deviance: 1.893367
2025-11-14 18:07:44.916 | INFO     | __main__:log_results:113 - Pt_in [Pa] | mean_tweedie_deviance(power=0.0): 0.820527
2025-11-14 18:07:44.916 | INFO     | __main__:log_results:113 - Pt_out [Pa] | explained_variance_score: 1.000000
2025-11-14 18:07:44.916 | INFO     | __main__:log_results:113 - Pt_out [Pa] | r2_score: 1.000000
2025-11-14 18:07:44.916 | INFO     | __main__:log_results:113 - Pt_out [Pa] | d2_absolute_error_score: 0.999975
2025-11-14 18:07:44.916 | INFO     | __main__:log_results:113 - Pt_out [Pa] | d2_pinball_score: 0.999975
2025-11-14 18:07:44.916 | INFO     | __main__:log_results:113 - Pt_out [Pa] | d2_tweedie_score: 1.000000
2025-11-14 18:07:44.916 | INFO     | __main__:log_results:113 - Pt_out [Pa] | mean_absolute_error: 0.621244
2025-11-14 18:07:44.916 | INFO     | __main__:log_results:113 - Pt_out [Pa] | median_absolute_error: 0.405236
2025-11-14 18:07:44.916 | INFO     | __main__:log_results:113 - Pt_out [Pa] | mean_squared_error: 0.793888
2025-11-14 18:07:44.917 | INFO     | __main__:log_results:113 - Pt_out [Pa] | rmse: 0.891004
2025-11-14 18:07:44.917 | INFO     | __main__:log_results:113 - Pt_out [Pa] | mean_squared_log_error: 0.000000
2025-11-14 18:07:44.917 | INFO     | __main__:log_results:113 - Pt_out [Pa] | rmsle: 0.000023
2025-11-14 18:07:44.918 | INFO     | __main__:log_results:113 - Pt_out [Pa] | mean_absolute_percentage_error: 0.000014
2025-11-14 18:07:44.918 | INFO     | __main__:log_results:113 - Pt_out [Pa] | max_error: 4.101015
2025-11-14 18:07:44.918 | INFO     | __main__:log_results:113 - Pt_out [Pa] | mean_pinball_loss(alpha=0.5): 0.310622
2025-11-14 18:07:44.918 | INFO     | __main__:log_results:113 - Pt_out [Pa] | mean_poisson_deviance: 0.000016
2025-11-14 18:07:44.918 | INFO     | __main__:log_results:113 - Pt_out [Pa] | mean_gamma_deviance: 0.000000
2025-11-14 18:07:44.918 | INFO     | __main__:log_results:113 - Pt_out [Pa] | mean_tweedie_deviance(power=0.0): 0.793888
2025-11-14 18:07:44.922 | INFO     | __main__:log_results:113 - Torque [N m] | explained_variance_score: 0.998770
2025-11-14 18:07:44.922 | INFO     | __main__:log_results:113 - Torque [N m] | r2_score: 0.998685
2025-11-14 18:07:44.922 | INFO     | __main__:log_results:113 - Torque [N m] | d2_absolute_error_score: 0.966208
2025-11-14 18:07:44.922 | INFO     | __main__:log_results:113 - Torque [N m] | d2_pinball_score: 0.966208
2025-11-14 18:07:44.922 | INFO     | __main__:log_results:113 - Torque [N m] | d2_tweedie_score: 0.998685
2025-11-14 18:07:44.922 | INFO     | __main__:log_results:113 - Torque [N m] | mean_absolute_error: 0.063599
2025-11-14 18:07:44.922 | INFO     | __main__:log_results:113 - Torque [N m] | median_absolute_error: 0.048071
2025-11-14 18:07:44.922 | INFO     | __main__:log_results:113 - Torque [N m] | mean_squared_error: 0.007707
2025-11-14 18:07:44.922 | INFO     | __main__:log_results:113 - Torque [N m] | rmse: 0.087789
2025-11-14 18:07:44.922 | INFO     | __main__:log_results:113 - Torque [N m] | mean_squared_log_error: 0.000321
2025-11-14 18:07:44.922 | INFO     | __main__:log_results:113 - Torque [N m] | rmsle: 0.017923
2025-11-14 18:07:44.922 | INFO     | __main__:log_results:113 - Torque [N m] | mean_absolute_percentage_error: 0.017635
2025-11-14 18:07:44.922 | INFO     | __main__:log_results:113 - Torque [N m] | max_error: 0.322782
2025-11-14 18:07:44.922 | INFO     | __main__:log_results:113 - Torque [N m] | mean_pinball_loss(alpha=0.5): 0.031800
2025-11-14 18:07:44.922 | INFO     | __main__:log_results:113 - Torque [N m] | mean_poisson_deviance: 0.001883
2025-11-14 18:07:44.922 | INFO     | __main__:log_results:113 - Torque [N m] | mean_gamma_deviance: 0.000650
2025-11-14 18:07:44.922 | INFO     | __main__:log_results:113 - Torque [N m] | mean_tweedie_deviance(power=0.0): 0.007707
2025-11-14 18:07:44.923 | INFO     | __main__:log_results:113 - Efficiency [%] | explained_variance_score: 0.990375
2025-11-14 18:07:44.923 | INFO     | __main__:log_results:113 - Efficiency [%] | r2_score: 0.990369
2025-11-14 18:07:44.923 | INFO     | __main__:log_results:113 - Efficiency [%] | d2_absolute_error_score: 0.920753
2025-11-14 18:07:44.923 | INFO     | __main__:log_results:113 - Efficiency [%] | d2_pinball_score: 0.920753
2025-11-14 18:07:44.923 | INFO     | __main__:log_results:113 - Efficiency [%] | d2_tweedie_score: 0.990369
2025-11-14 18:07:44.923 | INFO     | __main__:log_results:113 - Efficiency [%] | mean_absolute_error: 0.915202
2025-11-14 18:07:44.923 | INFO     | __main__:log_results:113 - Efficiency [%] | median_absolute_error: 0.574498
2025-11-14 18:07:44.923 | INFO     | __main__:log_results:113 - Efficiency [%] | mean_squared_error: 1.824959
2025-11-14 18:07:44.923 | INFO     | __main__:log_results:113 - Efficiency [%] | rmse: 1.350910
2025-11-14 18:07:44.923 | INFO     | __main__:log_results:113 - Efficiency [%] | mean_squared_log_error: 0.000417
2025-11-14 18:07:44.924 | INFO     | __main__:log_results:113 - Efficiency [%] | rmsle: 0.020414
2025-11-14 18:07:44.924 | INFO     | __main__:log_results:113 - Efficiency [%] | mean_absolute_percentage_error: 0.012728
2025-11-14 18:07:44.924 | INFO     | __main__:log_results:113 - Efficiency [%] | max_error: 5.469306
2025-11-14 18:07:44.924 | INFO     | __main__:log_results:113 - Efficiency [%] | mean_pinball_loss(alpha=0.5): 0.457601
2025-11-14 18:07:44.924 | INFO     | __main__:log_results:113 - Efficiency [%] | mean_poisson_deviance: 0.027506
2025-11-14 18:07:44.924 | INFO     | __main__:log_results:113 - Efficiency [%] | mean_gamma_deviance: 0.000430
2025-11-14 18:07:44.924 | INFO     | __main__:log_results:113 - Efficiency [%] | mean_tweedie_deviance(power=0.0): 1.824959
2025-11-14 18:07:44.925 | INFO     | __main__:log_results:113 - Efficiency (Pt_out - Pt_in) | explained_variance_score: 0.985865
2025-11-14 18:07:44.925 | INFO     | __main__:log_results:113 - Efficiency (Pt_out - Pt_in) | r2_score: 0.984263
2025-11-14 18:07:44.925 | INFO     | __main__:log_results:113 - Efficiency (Pt_out - Pt_in) | d2_absolute_error_score: 0.886771
2025-11-14 18:07:44.925 | INFO     | __main__:log_results:113 - Efficiency (Pt_out - Pt_in) | d2_pinball_score: 0.886771
2025-11-14 18:07:44.925 | INFO     | __main__:log_results:113 - Efficiency (Pt_out - Pt_in) | d2_tweedie_score: 0.984263
2025-11-14 18:07:44.925 | INFO     | __main__:log_results:113 - Efficiency (Pt_out - Pt_in) | mean_absolute_error: 1.299754
2025-11-14 18:07:44.925 | INFO     | __main__:log_results:113 - Efficiency (Pt_out - Pt_in) | median_absolute_error: 0.904061
2025-11-14 18:07:44.926 | INFO     | __main__:log_results:113 - Efficiency (Pt_out - Pt_in) | mean_squared_error: 2.986791
2025-11-14 18:07:44.926 | INFO     | __main__:log_results:113 - Efficiency (Pt_out - Pt_in) | rmse: 1.728234
2025-11-14 18:07:44.926 | INFO     | __main__:log_results:113 - Efficiency (Pt_out - Pt_in) | mean_squared_log_error: 0.000623
2025-11-14 18:07:44.926 | INFO     | __main__:log_results:113 - Efficiency (Pt_out - Pt_in) | rmsle: 0.024951
2025-11-14 18:07:44.927 | INFO     | __main__:log_results:113 - Efficiency (Pt_out - Pt_in) | mean_absolute_percentage_error: 0.018019
2025-11-14 18:07:44.927 | INFO     | __main__:log_results:113 - Efficiency (Pt_out - Pt_in) | max_error: 5.807903
2025-11-14 18:07:44.927 | INFO     | __main__:log_results:113 - Efficiency (Pt_out - Pt_in) | mean_pinball_loss(alpha=0.5): 0.649877
2025-11-14 18:07:44.928 | INFO     | __main__:log_results:113 - Efficiency (Pt_out - Pt_in) | mean_poisson_deviance: 0.042583
2025-11-14 18:07:44.928 | INFO     | __main__:log_results:113 - Efficiency (Pt_out - Pt_in) | mean_gamma_deviance: 0.000634
2025-11-14 18:07:44.932 | INFO     | __main__:log_results:113 - Efficiency (Pt_out - Pt_in) | mean_tweedie_deviance(power=0.0): 2.986791
