2025-11-14 18:23:28.544 | INFO     | __main__:log_results:110 - num_trainval: 300
2025-11-14 18:23:28.544 | INFO     | __main__:log_results:110 - is_random_sample: True
2025-11-14 18:23:28.544 | INFO     | __main__:log_results:110 - which_FeatureAugmentation: 3
2025-11-14 18:23:28.545 | INFO     | __main__:log_results:110 - FeatureAugmentation_Runs: 2
2025-11-14 18:23:28.545 | INFO     | __main__:log_results:110 - x_transformer_type: standardize
2025-11-14 18:23:28.545 | INFO     | __main__:log_results:110 - y_transformer_type: standardize
2025-11-14 18:23:28.546 | INFO     | __main__:log_results:110 - num_trainval_slice: 40
2025-11-14 18:23:28.546 | INFO     | __main__:log_results:110 - EPOCH: 500
2025-11-14 18:23:28.546 | INFO     | __main__:log_results:110 - exp_name: DGP05_SciGP_Far2
2025-11-14 18:23:28.547 | INFO     | __main__:log_results:110 - random_round_num: 2
2025-11-14 18:23:28.547 | INFO     | __main__:log_results:113 - Pt_in [Pa] | explained_variance_score: 0.675331
2025-11-14 18:23:28.547 | INFO     | __main__:log_results:113 - Pt_in [Pa] | r2_score: 0.671375
2025-11-14 18:23:28.548 | INFO     | __main__:log_results:113 - Pt_in [Pa] | d2_absolute_error_score: 0.444049
2025-11-14 18:23:28.548 | INFO     | __main__:log_results:113 - Pt_in [Pa] | d2_pinball_score: 0.444049
2025-11-14 18:23:28.548 | INFO     | __main__:log_results:113 - Pt_in [Pa] | d2_tweedie_score: 0.671375
2025-11-14 18:23:28.548 | INFO     | __main__:log_results:113 - Pt_in [Pa] | mean_absolute_error: 0.427650
2025-11-14 18:23:28.549 | INFO     | __main__:log_results:113 - Pt_in [Pa] | median_absolute_error: 0.307787
2025-11-14 18:23:28.549 | INFO     | __main__:log_results:113 - Pt_in [Pa] | mean_squared_error: 0.358074
2025-11-14 18:23:28.549 | INFO     | __main__:log_results:113 - Pt_in [Pa] | rmse: 0.598393
2025-11-14 18:23:28.549 | INFO     | __main__:log_results:113 - Pt_in [Pa] | mean_squared_log_error: 0.074830
2025-11-14 18:23:28.549 | INFO     | __main__:log_results:113 - Pt_in [Pa] | rmsle: 0.273550
2025-11-14 18:23:28.549 | INFO     | __main__:log_results:113 - Pt_in [Pa] | mean_absolute_percentage_error: 0.603879
2025-11-14 18:23:28.550 | INFO     | __main__:log_results:113 - Pt_in [Pa] | max_error: 2.083111
2025-11-14 18:23:28.550 | INFO     | __main__:log_results:113 - Pt_in [Pa] | mean_pinball_loss(alpha=0.5): 0.213825
2025-11-14 18:23:28.550 | INFO     | __main__:log_results:113 - Pt_in [Pa] | mean_poisson_deviance: nan
2025-11-14 18:23:28.550 | INFO     | __main__:log_results:113 - Pt_in [Pa] | mean_gamma_deviance: nan
2025-11-14 18:23:28.550 | INFO     | __main__:log_results:113 - Pt_in [Pa] | mean_tweedie_deviance(power=0.0): 0.358074
2025-11-14 18:23:28.550 | INFO     | __main__:log_results:113 - Pt_out [Pa] | explained_variance_score: 1.000000
2025-11-14 18:23:28.551 | INFO     | __main__:log_results:113 - Pt_out [Pa] | r2_score: 1.000000
2025-11-14 18:23:28.551 | INFO     | __main__:log_results:113 - Pt_out [Pa] | d2_absolute_error_score: 0.999982
2025-11-14 18:23:28.551 | INFO     | __main__:log_results:113 - Pt_out [Pa] | d2_pinball_score: 0.999982
2025-11-14 18:23:28.551 | INFO     | __main__:log_results:113 - Pt_out [Pa] | d2_tweedie_score: 1.000000
2025-11-14 18:23:28.551 | INFO     | __main__:log_results:113 - Pt_out [Pa] | mean_absolute_error: 0.443014
2025-11-14 18:23:28.551 | INFO     | __main__:log_results:113 - Pt_out [Pa] | median_absolute_error: 0.374254
2025-11-14 18:23:28.551 | INFO     | __main__:log_results:113 - Pt_out [Pa] | mean_squared_error: 0.321719
2025-11-14 18:23:28.552 | INFO     | __main__:log_results:113 - Pt_out [Pa] | rmse: 0.567203
2025-11-14 18:23:28.552 | INFO     | __main__:log_results:113 - Pt_out [Pa] | mean_squared_log_error: 0.000000
2025-11-14 18:23:28.552 | INFO     | __main__:log_results:113 - Pt_out [Pa] | rmsle: 0.000016
2025-11-14 18:23:28.552 | INFO     | __main__:log_results:113 - Pt_out [Pa] | mean_absolute_percentage_error: 0.000011
2025-11-14 18:23:28.552 | INFO     | __main__:log_results:113 - Pt_out [Pa] | max_error: 1.967026
2025-11-14 18:23:28.552 | INFO     | __main__:log_results:113 - Pt_out [Pa] | mean_pinball_loss(alpha=0.5): 0.221507
2025-11-14 18:23:28.553 | INFO     | __main__:log_results:113 - Pt_out [Pa] | mean_poisson_deviance: 0.000007
2025-11-14 18:23:28.553 | INFO     | __main__:log_results:113 - Pt_out [Pa] | mean_gamma_deviance: 0.000000
2025-11-14 18:23:28.553 | INFO     | __main__:log_results:113 - Pt_out [Pa] | mean_tweedie_deviance(power=0.0): 0.321719
2025-11-14 18:23:28.553 | INFO     | __main__:log_results:113 - Torque [N m] | explained_variance_score: 0.999383
2025-11-14 18:23:28.553 | INFO     | __main__:log_results:113 - Torque [N m] | r2_score: 0.999378
2025-11-14 18:23:28.554 | INFO     | __main__:log_results:113 - Torque [N m] | d2_absolute_error_score: 0.981378
2025-11-14 18:23:28.554 | INFO     | __main__:log_results:113 - Torque [N m] | d2_pinball_score: 0.981378
2025-11-14 18:23:28.554 | INFO     | __main__:log_results:113 - Torque [N m] | d2_tweedie_score: 0.999378
2025-11-14 18:23:28.554 | INFO     | __main__:log_results:113 - Torque [N m] | mean_absolute_error: 0.035046
2025-11-14 18:23:28.554 | INFO     | __main__:log_results:113 - Torque [N m] | median_absolute_error: 0.016573
2025-11-14 18:23:28.554 | INFO     | __main__:log_results:113 - Torque [N m] | mean_squared_error: 0.003662
2025-11-14 18:23:28.554 | INFO     | __main__:log_results:113 - Torque [N m] | rmse: 0.060514
2025-11-14 18:23:28.555 | INFO     | __main__:log_results:113 - Torque [N m] | mean_squared_log_error: 0.000201
2025-11-14 18:23:28.555 | INFO     | __main__:log_results:113 - Torque [N m] | rmsle: 0.014167
2025-11-14 18:23:28.555 | INFO     | __main__:log_results:113 - Torque [N m] | mean_absolute_percentage_error: 0.010283
2025-11-14 18:23:28.555 | INFO     | __main__:log_results:113 - Torque [N m] | max_error: 0.245201
2025-11-14 18:23:28.555 | INFO     | __main__:log_results:113 - Torque [N m] | mean_pinball_loss(alpha=0.5): 0.017523
2025-11-14 18:23:28.555 | INFO     | __main__:log_results:113 - Torque [N m] | mean_poisson_deviance: 0.001082
2025-11-14 18:23:28.556 | INFO     | __main__:log_results:113 - Torque [N m] | mean_gamma_deviance: 0.000404
2025-11-14 18:23:28.556 | INFO     | __main__:log_results:113 - Torque [N m] | mean_tweedie_deviance(power=0.0): 0.003662
2025-11-14 18:23:28.556 | INFO     | __main__:log_results:113 - Efficiency [%] | explained_variance_score: 0.985878
2025-11-14 18:23:28.556 | INFO     | __main__:log_results:113 - Efficiency [%] | r2_score: 0.985875
2025-11-14 18:23:28.556 | INFO     | __main__:log_results:113 - Efficiency [%] | d2_absolute_error_score: 0.918648
2025-11-14 18:23:28.556 | INFO     | __main__:log_results:113 - Efficiency [%] | d2_pinball_score: 0.918648
2025-11-14 18:23:28.557 | INFO     | __main__:log_results:113 - Efficiency [%] | d2_tweedie_score: 0.985875
2025-11-14 18:23:28.557 | INFO     | __main__:log_results:113 - Efficiency [%] | mean_absolute_error: 0.919729
2025-11-14 18:23:28.557 | INFO     | __main__:log_results:113 - Efficiency [%] | median_absolute_error: 0.492857
2025-11-14 18:23:28.557 | INFO     | __main__:log_results:113 - Efficiency [%] | mean_squared_error: 2.671265
2025-11-14 18:23:28.557 | INFO     | __main__:log_results:113 - Efficiency [%] | rmse: 1.634400
2025-11-14 18:23:28.557 | INFO     | __main__:log_results:113 - Efficiency [%] | mean_squared_log_error: 0.000711
2025-11-14 18:23:28.557 | INFO     | __main__:log_results:113 - Efficiency [%] | rmsle: 0.026669
2025-11-14 18:23:28.557 | INFO     | __main__:log_results:113 - Efficiency [%] | mean_absolute_percentage_error: 0.013770
2025-11-14 18:23:28.557 | INFO     | __main__:log_results:113 - Efficiency [%] | max_error: 6.738981
2025-11-14 18:23:28.557 | INFO     | __main__:log_results:113 - Efficiency [%] | mean_pinball_loss(alpha=0.5): 0.459864
2025-11-14 18:23:28.557 | INFO     | __main__:log_results:113 - Efficiency [%] | mean_poisson_deviance: 0.043985
2025-11-14 18:23:28.557 | INFO     | __main__:log_results:113 - Efficiency [%] | mean_gamma_deviance: 0.000736
2025-11-14 18:23:28.557 | INFO     | __main__:log_results:113 - Efficiency [%] | mean_tweedie_deviance(power=0.0): 2.671265
2025-11-14 18:23:28.557 | INFO     | __main__:log_results:113 - Efficiency (Pt_out - Pt_in) | explained_variance_score: 0.991593
2025-11-14 18:23:28.557 | INFO     | __main__:log_results:113 - Efficiency (Pt_out - Pt_in) | r2_score: 0.991572
2025-11-14 18:23:28.557 | INFO     | __main__:log_results:113 - Efficiency (Pt_out - Pt_in) | d2_absolute_error_score: 0.937226
2025-11-14 18:23:28.558 | INFO     | __main__:log_results:113 - Efficiency (Pt_out - Pt_in) | d2_pinball_score: 0.937226
2025-11-14 18:23:28.558 | INFO     | __main__:log_results:113 - Efficiency (Pt_out - Pt_in) | d2_tweedie_score: 0.991572
2025-11-14 18:23:28.558 | INFO     | __main__:log_results:113 - Efficiency (Pt_out - Pt_in) | mean_absolute_error: 0.711300
2025-11-14 18:23:28.559 | INFO     | __main__:log_results:113 - Efficiency (Pt_out - Pt_in) | median_absolute_error: 0.348872
2025-11-14 18:23:28.559 | INFO     | __main__:log_results:113 - Efficiency (Pt_out - Pt_in) | mean_squared_error: 1.591210
2025-11-14 18:23:28.559 | INFO     | __main__:log_results:113 - Efficiency (Pt_out - Pt_in) | rmse: 1.261432
2025-11-14 18:23:28.559 | INFO     | __main__:log_results:113 - Efficiency (Pt_out - Pt_in) | mean_squared_log_error: 0.000393
2025-11-14 18:23:28.559 | INFO     | __main__:log_results:113 - Efficiency (Pt_out - Pt_in) | rmsle: 0.019831
2025-11-14 18:23:28.559 | INFO     | __main__:log_results:113 - Efficiency (Pt_out - Pt_in) | mean_absolute_percentage_error: 0.010252
2025-11-14 18:23:28.559 | INFO     | __main__:log_results:113 - Efficiency (Pt_out - Pt_in) | max_error: 6.542237
2025-11-14 18:23:28.559 | INFO     | __main__:log_results:113 - Efficiency (Pt_out - Pt_in) | mean_pinball_loss(alpha=0.5): 0.355650
2025-11-14 18:23:28.559 | INFO     | __main__:log_results:113 - Efficiency (Pt_out - Pt_in) | mean_poisson_deviance: 0.025245
2025-11-14 18:23:28.559 | INFO     | __main__:log_results:113 - Efficiency (Pt_out - Pt_in) | mean_gamma_deviance: 0.000409
2025-11-14 18:23:28.559 | INFO     | __main__:log_results:113 - Efficiency (Pt_out - Pt_in) | mean_tweedie_deviance(power=0.0): 1.591210
