2025-11-14 18:05:53.407 | INFO     | __main__:log_results:110 - num_trainval: 50
2025-11-14 18:05:53.407 | INFO     | __main__:log_results:110 - is_random_sample: True
2025-11-14 18:05:53.408 | INFO     | __main__:log_results:110 - which_FeatureAugmentation: 3
2025-11-14 18:05:53.408 | INFO     | __main__:log_results:110 - FeatureAugmentation_Runs: 2
2025-11-14 18:05:53.408 | INFO     | __main__:log_results:110 - x_transformer_type: standardize
2025-11-14 18:05:53.408 | INFO     | __main__:log_results:110 - y_transformer_type: standardize
2025-11-14 18:05:53.408 | INFO     | __main__:log_results:110 - num_trainval_slice: 40
2025-11-14 18:05:53.408 | INFO     | __main__:log_results:110 - EPOCH: 500
2025-11-14 18:05:53.408 | INFO     | __main__:log_results:110 - exp_name: DGP05_SciGP_Far2
2025-11-14 18:05:53.409 | INFO     | __main__:log_results:110 - random_round_num: 3
2025-11-14 18:05:53.409 | INFO     | __main__:log_results:113 - Pt_in [Pa] | explained_variance_score: 0.559923
2025-11-14 18:05:53.409 | INFO     | __main__:log_results:113 - Pt_in [Pa] | r2_score: 0.554095
2025-11-14 18:05:53.409 | INFO     | __main__:log_results:113 - Pt_in [Pa] | d2_absolute_error_score: 0.315660
2025-11-14 18:05:53.409 | INFO     | __main__:log_results:113 - Pt_in [Pa] | d2_pinball_score: 0.315660
2025-11-14 18:05:53.409 | INFO     | __main__:log_results:113 - Pt_in [Pa] | d2_tweedie_score: 0.554095
2025-11-14 18:05:53.409 | INFO     | __main__:log_results:113 - Pt_in [Pa] | mean_absolute_error: 0.519186
2025-11-14 18:05:53.409 | INFO     | __main__:log_results:113 - Pt_in [Pa] | median_absolute_error: 0.414842
2025-11-14 18:05:53.409 | INFO     | __main__:log_results:113 - Pt_in [Pa] | mean_squared_error: 0.495310
2025-11-14 18:05:53.410 | INFO     | __main__:log_results:113 - Pt_in [Pa] | rmse: 0.703783
2025-11-14 18:05:53.410 | INFO     | __main__:log_results:113 - Pt_in [Pa] | mean_squared_log_error: 0.107839
2025-11-14 18:05:53.410 | INFO     | __main__:log_results:113 - Pt_in [Pa] | rmsle: 0.328388
2025-11-14 18:05:53.410 | INFO     | __main__:log_results:113 - Pt_in [Pa] | mean_absolute_percentage_error: 1.322209
2025-11-14 18:05:53.410 | INFO     | __main__:log_results:113 - Pt_in [Pa] | max_error: 2.348488
2025-11-14 18:05:53.410 | INFO     | __main__:log_results:113 - Pt_in [Pa] | mean_pinball_loss(alpha=0.5): 0.259593
2025-11-14 18:05:53.410 | INFO     | __main__:log_results:113 - Pt_in [Pa] | mean_poisson_deviance: nan
2025-11-14 18:05:53.411 | INFO     | __main__:log_results:113 - Pt_in [Pa] | mean_gamma_deviance: nan
2025-11-14 18:05:53.411 | INFO     | __main__:log_results:113 - Pt_in [Pa] | mean_tweedie_deviance(power=0.0): 0.495310
2025-11-14 18:05:53.415 | INFO     | __main__:log_results:113 - Pt_out [Pa] | explained_variance_score: 1.000000
2025-11-14 18:05:53.415 | INFO     | __main__:log_results:113 - Pt_out [Pa] | r2_score: 1.000000
2025-11-14 18:05:53.415 | INFO     | __main__:log_results:113 - Pt_out [Pa] | d2_absolute_error_score: 0.999977
2025-11-14 18:05:53.415 | INFO     | __main__:log_results:113 - Pt_out [Pa] | d2_pinball_score: 0.999977
2025-11-14 18:05:53.415 | INFO     | __main__:log_results:113 - Pt_out [Pa] | d2_tweedie_score: 1.000000
2025-11-14 18:05:53.415 | INFO     | __main__:log_results:113 - Pt_out [Pa] | mean_absolute_error: 0.591954
2025-11-14 18:05:53.415 | INFO     | __main__:log_results:113 - Pt_out [Pa] | median_absolute_error: 0.407914
2025-11-14 18:05:53.415 | INFO     | __main__:log_results:113 - Pt_out [Pa] | mean_squared_error: 0.624418
2025-11-14 18:05:53.415 | INFO     | __main__:log_results:113 - Pt_out [Pa] | rmse: 0.790202
2025-11-14 18:05:53.415 | INFO     | __main__:log_results:113 - Pt_out [Pa] | mean_squared_log_error: 0.000000
2025-11-14 18:05:53.420 | INFO     | __main__:log_results:113 - Pt_out [Pa] | rmsle: 0.000027
2025-11-14 18:05:53.420 | INFO     | __main__:log_results:113 - Pt_out [Pa] | mean_absolute_percentage_error: 0.000016
2025-11-14 18:05:53.420 | INFO     | __main__:log_results:113 - Pt_out [Pa] | max_error: 2.592582
2025-11-14 18:05:53.420 | INFO     | __main__:log_results:113 - Pt_out [Pa] | mean_pinball_loss(alpha=0.5): 0.295977
2025-11-14 18:05:53.420 | INFO     | __main__:log_results:113 - Pt_out [Pa] | mean_poisson_deviance: 0.000017
2025-11-14 18:05:53.420 | INFO     | __main__:log_results:113 - Pt_out [Pa] | mean_gamma_deviance: 0.000000
2025-11-14 18:05:53.420 | INFO     | __main__:log_results:113 - Pt_out [Pa] | mean_tweedie_deviance(power=0.0): 0.624418
2025-11-14 18:05:53.420 | INFO     | __main__:log_results:113 - Torque [N m] | explained_variance_score: 0.999024
2025-11-14 18:05:53.420 | INFO     | __main__:log_results:113 - Torque [N m] | r2_score: 0.998997
2025-11-14 18:05:53.420 | INFO     | __main__:log_results:113 - Torque [N m] | d2_absolute_error_score: 0.976709
2025-11-14 18:05:53.420 | INFO     | __main__:log_results:113 - Torque [N m] | d2_pinball_score: 0.976709
2025-11-14 18:05:53.420 | INFO     | __main__:log_results:113 - Torque [N m] | d2_tweedie_score: 0.998997
2025-11-14 18:05:53.420 | INFO     | __main__:log_results:113 - Torque [N m] | mean_absolute_error: 0.043667
2025-11-14 18:05:53.421 | INFO     | __main__:log_results:113 - Torque [N m] | median_absolute_error: 0.028020
2025-11-14 18:05:53.421 | INFO     | __main__:log_results:113 - Torque [N m] | mean_squared_error: 0.005869
2025-11-14 18:05:53.421 | INFO     | __main__:log_results:113 - Torque [N m] | rmse: 0.076609
2025-11-14 18:05:53.421 | INFO     | __main__:log_results:113 - Torque [N m] | mean_squared_log_error: 0.000398
2025-11-14 18:05:53.421 | INFO     | __main__:log_results:113 - Torque [N m] | rmsle: 0.019954
2025-11-14 18:05:53.421 | INFO     | __main__:log_results:113 - Torque [N m] | mean_absolute_percentage_error: 0.012660
2025-11-14 18:05:53.421 | INFO     | __main__:log_results:113 - Torque [N m] | max_error: 0.364396
2025-11-14 18:05:53.421 | INFO     | __main__:log_results:113 - Torque [N m] | mean_pinball_loss(alpha=0.5): 0.021833
2025-11-14 18:05:53.421 | INFO     | __main__:log_results:113 - Torque [N m] | mean_poisson_deviance: 0.002043
2025-11-14 18:05:53.421 | INFO     | __main__:log_results:113 - Torque [N m] | mean_gamma_deviance: 0.000870
2025-11-14 18:05:53.421 | INFO     | __main__:log_results:113 - Torque [N m] | mean_tweedie_deviance(power=0.0): 0.005869
2025-11-14 18:05:53.421 | INFO     | __main__:log_results:113 - Efficiency [%] | explained_variance_score: 0.987108
2025-11-14 18:05:53.421 | INFO     | __main__:log_results:113 - Efficiency [%] | r2_score: 0.986893
2025-11-14 18:05:53.421 | INFO     | __main__:log_results:113 - Efficiency [%] | d2_absolute_error_score: 0.910690
2025-11-14 18:05:53.421 | INFO     | __main__:log_results:113 - Efficiency [%] | d2_pinball_score: 0.910690
2025-11-14 18:05:53.422 | INFO     | __main__:log_results:113 - Efficiency [%] | d2_tweedie_score: 0.986893
2025-11-14 18:05:53.422 | INFO     | __main__:log_results:113 - Efficiency [%] | mean_absolute_error: 1.024268
2025-11-14 18:05:53.422 | INFO     | __main__:log_results:113 - Efficiency [%] | median_absolute_error: 0.634102
2025-11-14 18:05:53.422 | INFO     | __main__:log_results:113 - Efficiency [%] | mean_squared_error: 2.574038
2025-11-14 18:05:53.422 | INFO     | __main__:log_results:113 - Efficiency [%] | rmse: 1.604381
2025-11-14 18:05:53.422 | INFO     | __main__:log_results:113 - Efficiency [%] | mean_squared_log_error: 0.000673
2025-11-14 18:05:53.422 | INFO     | __main__:log_results:113 - Efficiency [%] | rmsle: 0.025935
2025-11-14 18:05:53.422 | INFO     | __main__:log_results:113 - Efficiency [%] | mean_absolute_percentage_error: 0.014706
2025-11-14 18:05:53.423 | INFO     | __main__:log_results:113 - Efficiency [%] | max_error: 7.285666
2025-11-14 18:05:53.423 | INFO     | __main__:log_results:113 - Efficiency [%] | mean_pinball_loss(alpha=0.5): 0.512134
2025-11-14 18:05:53.423 | INFO     | __main__:log_results:113 - Efficiency [%] | mean_poisson_deviance: 0.040851
2025-11-14 18:05:53.423 | INFO     | __main__:log_results:113 - Efficiency [%] | mean_gamma_deviance: 0.000678
2025-11-14 18:05:53.423 | INFO     | __main__:log_results:113 - Efficiency [%] | mean_tweedie_deviance(power=0.0): 2.574038
2025-11-14 18:05:53.423 | INFO     | __main__:log_results:113 - Efficiency (Pt_out - Pt_in) | explained_variance_score: 0.987413
2025-11-14 18:05:53.423 | INFO     | __main__:log_results:113 - Efficiency (Pt_out - Pt_in) | r2_score: 0.986966
2025-11-14 18:05:53.424 | INFO     | __main__:log_results:113 - Efficiency (Pt_out - Pt_in) | d2_absolute_error_score: 0.924435
2025-11-14 18:05:53.424 | INFO     | __main__:log_results:113 - Efficiency (Pt_out - Pt_in) | d2_pinball_score: 0.924435
2025-11-14 18:05:53.424 | INFO     | __main__:log_results:113 - Efficiency (Pt_out - Pt_in) | d2_tweedie_score: 0.986966
2025-11-14 18:05:53.424 | INFO     | __main__:log_results:113 - Efficiency (Pt_out - Pt_in) | mean_absolute_error: 0.867846
2025-11-14 18:05:53.425 | INFO     | __main__:log_results:113 - Efficiency (Pt_out - Pt_in) | median_absolute_error: 0.525645
2025-11-14 18:05:53.425 | INFO     | __main__:log_results:113 - Efficiency (Pt_out - Pt_in) | mean_squared_error: 2.573350
2025-11-14 18:05:53.425 | INFO     | __main__:log_results:113 - Efficiency (Pt_out - Pt_in) | rmse: 1.604167
2025-11-14 18:05:53.425 | INFO     | __main__:log_results:113 - Efficiency (Pt_out - Pt_in) | mean_squared_log_error: 0.000803
2025-11-14 18:05:53.425 | INFO     | __main__:log_results:113 - Efficiency (Pt_out - Pt_in) | rmsle: 0.028337
2025-11-14 18:05:53.426 | INFO     | __main__:log_results:113 - Efficiency (Pt_out - Pt_in) | mean_absolute_percentage_error: 0.013376
2025-11-14 18:05:53.426 | INFO     | __main__:log_results:113 - Efficiency (Pt_out - Pt_in) | max_error: 9.646535
2025-11-14 18:05:53.426 | INFO     | __main__:log_results:113 - Efficiency (Pt_out - Pt_in) | mean_pinball_loss(alpha=0.5): 0.433923
2025-11-14 18:05:53.427 | INFO     | __main__:log_results:113 - Efficiency (Pt_out - Pt_in) | mean_poisson_deviance: 0.044759
2025-11-14 18:05:53.427 | INFO     | __main__:log_results:113 - Efficiency (Pt_out - Pt_in) | mean_gamma_deviance: 0.000798
2025-11-14 18:05:53.427 | INFO     | __main__:log_results:113 - Efficiency (Pt_out - Pt_in) | mean_tweedie_deviance(power=0.0): 2.573350
