2025-11-14 18:03:21.696 | INFO     | __main__:log_results:110 - num_trainval: 10
2025-11-14 18:03:21.696 | INFO     | __main__:log_results:110 - is_random_sample: True
2025-11-14 18:03:21.696 | INFO     | __main__:log_results:110 - which_FeatureAugmentation: 3
2025-11-14 18:03:21.696 | INFO     | __main__:log_results:110 - FeatureAugmentation_Runs: 2
2025-11-14 18:03:21.697 | INFO     | __main__:log_results:110 - x_transformer_type: standardize
2025-11-14 18:03:21.697 | INFO     | __main__:log_results:110 - y_transformer_type: standardize
2025-11-14 18:03:21.697 | INFO     | __main__:log_results:110 - num_trainval_slice: 40
2025-11-14 18:03:21.697 | INFO     | __main__:log_results:110 - EPOCH: 500
2025-11-14 18:03:21.697 | INFO     | __main__:log_results:110 - exp_name: DGP05_SciGP_Far2
2025-11-14 18:03:21.697 | INFO     | __main__:log_results:110 - random_round_num: 4
2025-11-14 18:03:21.697 | INFO     | __main__:log_results:113 - Pt_in [Pa] | explained_variance_score: -4.133800
2025-11-14 18:03:21.697 | INFO     | __main__:log_results:113 - Pt_in [Pa] | r2_score: -4.260128
2025-11-14 18:03:21.697 | INFO     | __main__:log_results:113 - Pt_in [Pa] | d2_absolute_error_score: -0.956058
2025-11-14 18:03:21.697 | INFO     | __main__:log_results:113 - Pt_in [Pa] | d2_pinball_score: -0.956058
2025-11-14 18:03:21.698 | INFO     | __main__:log_results:113 - Pt_in [Pa] | d2_tweedie_score: -4.260128
2025-11-14 18:03:21.698 | INFO     | __main__:log_results:113 - Pt_in [Pa] | mean_absolute_error: 0.928978
2025-11-14 18:03:21.698 | INFO     | __main__:log_results:113 - Pt_in [Pa] | median_absolute_error: 0.707137
2025-11-14 18:03:21.698 | INFO     | __main__:log_results:113 - Pt_in [Pa] | mean_squared_error: 1.698683
2025-11-14 18:03:21.698 | INFO     | __main__:log_results:113 - Pt_in [Pa] | rmse: 1.303335
2025-11-14 18:03:21.698 | INFO     | __main__:log_results:113 - Pt_in [Pa] | mean_squared_log_error: 0.234467
2025-11-14 18:03:21.698 | INFO     | __main__:log_results:113 - Pt_in [Pa] | rmsle: 0.484218
2025-11-14 18:03:21.698 | INFO     | __main__:log_results:113 - Pt_in [Pa] | mean_absolute_percentage_error: 0.979965
2025-11-14 18:03:21.698 | INFO     | __main__:log_results:113 - Pt_in [Pa] | max_error: 4.843347
2025-11-14 18:03:21.699 | INFO     | __main__:log_results:113 - Pt_in [Pa] | mean_pinball_loss(alpha=0.5): 0.464489
2025-11-14 18:03:21.699 | INFO     | __main__:log_results:113 - Pt_in [Pa] | mean_poisson_deviance: 1.098511
2025-11-14 18:03:21.699 | INFO     | __main__:log_results:113 - Pt_in [Pa] | mean_gamma_deviance: 2.086982
2025-11-14 18:03:21.699 | INFO     | __main__:log_results:113 - Pt_in [Pa] | mean_tweedie_deviance(power=0.0): 1.698683
2025-11-14 18:03:21.699 | INFO     | __main__:log_results:113 - Pt_out [Pa] | explained_variance_score: 0.995026
2025-11-14 18:03:21.699 | INFO     | __main__:log_results:113 - Pt_out [Pa] | r2_score: 0.995007
2025-11-14 18:03:21.699 | INFO     | __main__:log_results:113 - Pt_out [Pa] | d2_absolute_error_score: 0.950338
2025-11-14 18:03:21.699 | INFO     | __main__:log_results:113 - Pt_out [Pa] | d2_pinball_score: 0.950338
2025-11-14 18:03:21.699 | INFO     | __main__:log_results:113 - Pt_out [Pa] | d2_tweedie_score: 0.995007
2025-11-14 18:03:21.699 | INFO     | __main__:log_results:113 - Pt_out [Pa] | mean_absolute_error: 1224.290053
2025-11-14 18:03:21.699 | INFO     | __main__:log_results:113 - Pt_out [Pa] | median_absolute_error: 650.134717
2025-11-14 18:03:21.699 | INFO     | __main__:log_results:113 - Pt_out [Pa] | mean_squared_error: 3891569.450535
2025-11-14 18:03:21.700 | INFO     | __main__:log_results:113 - Pt_out [Pa] | rmse: 1972.706124
2025-11-14 18:03:21.700 | INFO     | __main__:log_results:113 - Pt_out [Pa] | mean_squared_log_error: 0.004237
2025-11-14 18:03:21.700 | INFO     | __main__:log_results:113 - Pt_out [Pa] | rmsle: 0.065092
2025-11-14 18:03:21.700 | INFO     | __main__:log_results:113 - Pt_out [Pa] | mean_absolute_percentage_error: 0.029585
2025-11-14 18:03:21.700 | INFO     | __main__:log_results:113 - Pt_out [Pa] | max_error: 7553.172379
2025-11-14 18:03:21.700 | INFO     | __main__:log_results:113 - Pt_out [Pa] | mean_pinball_loss(alpha=0.5): 612.145026
2025-11-14 18:03:21.700 | INFO     | __main__:log_results:113 - Pt_out [Pa] | mean_poisson_deviance: 111.760371
2025-11-14 18:03:21.700 | INFO     | __main__:log_results:113 - Pt_out [Pa] | mean_gamma_deviance: 0.004615
2025-11-14 18:03:21.700 | INFO     | __main__:log_results:113 - Pt_out [Pa] | mean_tweedie_deviance(power=0.0): 3891569.450535
2025-11-14 18:03:21.701 | INFO     | __main__:log_results:113 - Torque [N m] | explained_variance_score: 0.989631
2025-11-14 18:03:21.701 | INFO     | __main__:log_results:113 - Torque [N m] | r2_score: 0.989485
2025-11-14 18:03:21.701 | INFO     | __main__:log_results:113 - Torque [N m] | d2_absolute_error_score: 0.912043
2025-11-14 18:03:21.701 | INFO     | __main__:log_results:113 - Torque [N m] | d2_pinball_score: 0.912043
2025-11-14 18:03:21.701 | INFO     | __main__:log_results:113 - Torque [N m] | d2_tweedie_score: 0.989485
2025-11-14 18:03:21.701 | INFO     | __main__:log_results:113 - Torque [N m] | mean_absolute_error: 0.164812
2025-11-14 18:03:21.701 | INFO     | __main__:log_results:113 - Torque [N m] | median_absolute_error: 0.110743
2025-11-14 18:03:21.701 | INFO     | __main__:log_results:113 - Torque [N m] | mean_squared_error: 0.058685
2025-11-14 18:03:21.701 | INFO     | __main__:log_results:113 - Torque [N m] | rmse: 0.242249
2025-11-14 18:03:21.702 | INFO     | __main__:log_results:113 - Torque [N m] | mean_squared_log_error: 0.001489
2025-11-14 18:03:21.702 | INFO     | __main__:log_results:113 - Torque [N m] | rmsle: 0.038586
2025-11-14 18:03:21.702 | INFO     | __main__:log_results:113 - Torque [N m] | mean_absolute_percentage_error: 0.040715
2025-11-14 18:03:21.702 | INFO     | __main__:log_results:113 - Torque [N m] | max_error: 0.887549
2025-11-14 18:03:21.702 | INFO     | __main__:log_results:113 - Torque [N m] | mean_pinball_loss(alpha=0.5): 0.082406
2025-11-14 18:03:21.702 | INFO     | __main__:log_results:113 - Torque [N m] | mean_poisson_deviance: 0.010238
2025-11-14 18:03:21.702 | INFO     | __main__:log_results:113 - Torque [N m] | mean_gamma_deviance: 0.002848
2025-11-14 18:03:21.702 | INFO     | __main__:log_results:113 - Torque [N m] | mean_tweedie_deviance(power=0.0): 0.058685
2025-11-14 18:03:21.702 | INFO     | __main__:log_results:113 - Efficiency [%] | explained_variance_score: 0.949586
2025-11-14 18:03:21.703 | INFO     | __main__:log_results:113 - Efficiency [%] | r2_score: 0.947868
2025-11-14 18:03:21.703 | INFO     | __main__:log_results:113 - Efficiency [%] | d2_absolute_error_score: 0.783156
2025-11-14 18:03:21.703 | INFO     | __main__:log_results:113 - Efficiency [%] | d2_pinball_score: 0.783156
2025-11-14 18:03:21.703 | INFO     | __main__:log_results:113 - Efficiency [%] | d2_tweedie_score: 0.947868
2025-11-14 18:03:21.703 | INFO     | __main__:log_results:113 - Efficiency [%] | mean_absolute_error: 2.368064
2025-11-14 18:03:21.703 | INFO     | __main__:log_results:113 - Efficiency [%] | median_absolute_error: 1.899389
2025-11-14 18:03:21.703 | INFO     | __main__:log_results:113 - Efficiency [%] | mean_squared_error: 9.396970
2025-11-14 18:03:21.703 | INFO     | __main__:log_results:113 - Efficiency [%] | rmse: 3.065448
2025-11-14 18:03:21.703 | INFO     | __main__:log_results:113 - Efficiency [%] | mean_squared_log_error: 0.001702
2025-11-14 18:03:21.703 | INFO     | __main__:log_results:113 - Efficiency [%] | rmsle: 0.041254
2025-11-14 18:03:21.703 | INFO     | __main__:log_results:113 - Efficiency [%] | mean_absolute_percentage_error: 0.031384
2025-11-14 18:03:21.703 | INFO     | __main__:log_results:113 - Efficiency [%] | max_error: 8.893385
2025-11-14 18:03:21.704 | INFO     | __main__:log_results:113 - Efficiency [%] | mean_pinball_loss(alpha=0.5): 1.184032
2025-11-14 18:03:21.704 | INFO     | __main__:log_results:113 - Efficiency [%] | mean_poisson_deviance: 0.125046
2025-11-14 18:03:21.704 | INFO     | __main__:log_results:113 - Efficiency [%] | mean_gamma_deviance: 0.001731
2025-11-14 18:03:21.704 | INFO     | __main__:log_results:113 - Efficiency [%] | mean_tweedie_deviance(power=0.0): 9.396970
2025-11-14 18:03:21.704 | INFO     | __main__:log_results:113 - Efficiency (Pt_out - Pt_in) | explained_variance_score: 0.891668
2025-11-14 18:03:21.704 | INFO     | __main__:log_results:113 - Efficiency (Pt_out - Pt_in) | r2_score: 0.880018
2025-11-14 18:03:21.704 | INFO     | __main__:log_results:113 - Efficiency (Pt_out - Pt_in) | d2_absolute_error_score: 0.719375
2025-11-14 18:03:21.704 | INFO     | __main__:log_results:113 - Efficiency (Pt_out - Pt_in) | d2_pinball_score: 0.719375
2025-11-14 18:03:21.704 | INFO     | __main__:log_results:113 - Efficiency (Pt_out - Pt_in) | d2_tweedie_score: 0.880018
2025-11-14 18:03:21.704 | INFO     | __main__:log_results:113 - Efficiency (Pt_out - Pt_in) | mean_absolute_error: 3.391768
2025-11-14 18:03:21.704 | INFO     | __main__:log_results:113 - Efficiency (Pt_out - Pt_in) | median_absolute_error: 1.904568
2025-11-14 18:03:21.705 | INFO     | __main__:log_results:113 - Efficiency (Pt_out - Pt_in) | mean_squared_error: 26.236916
2025-11-14 18:03:21.705 | INFO     | __main__:log_results:113 - Efficiency (Pt_out - Pt_in) | rmse: 5.122198
2025-11-14 18:03:21.705 | INFO     | __main__:log_results:113 - Efficiency (Pt_out - Pt_in) | mean_squared_log_error: 0.004483
2025-11-14 18:03:21.705 | INFO     | __main__:log_results:113 - Efficiency (Pt_out - Pt_in) | rmsle: 0.066954
2025-11-14 18:03:21.705 | INFO     | __main__:log_results:113 - Efficiency (Pt_out - Pt_in) | mean_absolute_percentage_error: 0.042206
2025-11-14 18:03:21.705 | INFO     | __main__:log_results:113 - Efficiency (Pt_out - Pt_in) | max_error: 18.690263
2025-11-14 18:03:21.705 | INFO     | __main__:log_results:113 - Efficiency (Pt_out - Pt_in) | mean_pinball_loss(alpha=0.5): 1.695884
2025-11-14 18:03:21.705 | INFO     | __main__:log_results:113 - Efficiency (Pt_out - Pt_in) | mean_poisson_deviance: 0.346991
2025-11-14 18:03:21.705 | INFO     | __main__:log_results:113 - Efficiency (Pt_out - Pt_in) | mean_gamma_deviance: 0.004782
2025-11-14 18:03:21.705 | INFO     | __main__:log_results:113 - Efficiency (Pt_out - Pt_in) | mean_tweedie_deviance(power=0.0): 26.236916
