2025-11-14 20:59:12.011 | INFO     | __main__:log_results:110 - num_trainval: 90
2025-11-14 20:59:12.011 | INFO     | __main__:log_results:110 - is_random_sample: True
2025-11-14 20:59:12.011 | INFO     | __main__:log_results:110 - which_FeatureAugmentation: 3
2025-11-14 20:59:12.011 | INFO     | __main__:log_results:110 - FeatureAugmentation_Runs: 2
2025-11-14 20:59:12.011 | INFO     | __main__:log_results:110 - x_transformer_type: standardize
2025-11-14 20:59:12.011 | INFO     | __main__:log_results:110 - y_transformer_type: standardize
2025-11-14 20:59:12.011 | INFO     | __main__:log_results:110 - num_trainval_slice: 40
2025-11-14 20:59:12.011 | INFO     | __main__:log_results:110 - EPOCH: 500
2025-11-14 20:59:12.011 | INFO     | __main__:log_results:110 - exp_name: DGP05_SciGP_Far2_v2
2025-11-14 20:59:12.011 | INFO     | __main__:log_results:110 - random_round_num: 1
2025-11-14 20:59:12.011 | INFO     | __main__:log_results:113 - Pt_in [Pa] | explained_variance_score: 0.613095
2025-11-14 20:59:12.011 | INFO     | __main__:log_results:113 - Pt_in [Pa] | r2_score: 0.599097
2025-11-14 20:59:12.012 | INFO     | __main__:log_results:113 - Pt_in [Pa] | d2_absolute_error_score: 0.273050
2025-11-14 20:59:12.012 | INFO     | __main__:log_results:113 - Pt_in [Pa] | d2_pinball_score: 0.273050
2025-11-14 20:59:12.012 | INFO     | __main__:log_results:113 - Pt_in [Pa] | d2_tweedie_score: 0.599097
2025-11-14 20:59:12.012 | INFO     | __main__:log_results:113 - Pt_in [Pa] | mean_absolute_error: 0.512722
2025-11-14 20:59:12.012 | INFO     | __main__:log_results:113 - Pt_in [Pa] | median_absolute_error: 0.430527
2025-11-14 20:59:12.012 | INFO     | __main__:log_results:113 - Pt_in [Pa] | mean_squared_error: 0.412254
2025-11-14 20:59:12.012 | INFO     | __main__:log_results:113 - Pt_in [Pa] | rmse: 0.642070
2025-11-14 20:59:12.012 | INFO     | __main__:log_results:113 - Pt_in [Pa] | mean_squared_log_error: 0.082295
2025-11-14 20:59:12.012 | INFO     | __main__:log_results:113 - Pt_in [Pa] | rmsle: 0.286870
2025-11-14 20:59:12.012 | INFO     | __main__:log_results:113 - Pt_in [Pa] | mean_absolute_percentage_error: 0.583298
2025-11-14 20:59:12.012 | INFO     | __main__:log_results:113 - Pt_in [Pa] | max_error: 1.881290
2025-11-14 20:59:12.012 | INFO     | __main__:log_results:113 - Pt_in [Pa] | mean_pinball_loss(alpha=0.5): 0.256361
2025-11-14 20:59:12.012 | INFO     | __main__:log_results:113 - Pt_in [Pa] | mean_poisson_deviance: 0.397695
2025-11-14 20:59:12.012 | INFO     | __main__:log_results:113 - Pt_in [Pa] | mean_gamma_deviance: 0.994012
2025-11-14 20:59:12.012 | INFO     | __main__:log_results:113 - Pt_in [Pa] | mean_tweedie_deviance(power=0.0): 0.412254
2025-11-14 20:59:12.012 | INFO     | __main__:log_results:113 - Pt_out [Pa] | explained_variance_score: 1.000000
2025-11-14 20:59:12.012 | INFO     | __main__:log_results:113 - Pt_out [Pa] | r2_score: 1.000000
2025-11-14 20:59:12.012 | INFO     | __main__:log_results:113 - Pt_out [Pa] | d2_absolute_error_score: 0.999978
2025-11-14 20:59:12.012 | INFO     | __main__:log_results:113 - Pt_out [Pa] | d2_pinball_score: 0.999978
2025-11-14 20:59:12.012 | INFO     | __main__:log_results:113 - Pt_out [Pa] | d2_tweedie_score: 1.000000
2025-11-14 20:59:12.012 | INFO     | __main__:log_results:113 - Pt_out [Pa] | mean_absolute_error: 0.557235
2025-11-14 20:59:12.012 | INFO     | __main__:log_results:113 - Pt_out [Pa] | median_absolute_error: 0.485508
2025-11-14 20:59:12.013 | INFO     | __main__:log_results:113 - Pt_out [Pa] | mean_squared_error: 0.484677
2025-11-14 20:59:12.013 | INFO     | __main__:log_results:113 - Pt_out [Pa] | rmse: 0.696187
2025-11-14 20:59:12.013 | INFO     | __main__:log_results:113 - Pt_out [Pa] | mean_squared_log_error: 0.000000
2025-11-14 20:59:12.013 | INFO     | __main__:log_results:113 - Pt_out [Pa] | rmsle: 0.000017
2025-11-14 20:59:12.013 | INFO     | __main__:log_results:113 - Pt_out [Pa] | mean_absolute_percentage_error: 0.000012
2025-11-14 20:59:12.013 | INFO     | __main__:log_results:113 - Pt_out [Pa] | max_error: 1.858628
2025-11-14 20:59:12.013 | INFO     | __main__:log_results:113 - Pt_out [Pa] | mean_pinball_loss(alpha=0.5): 0.278618
2025-11-14 20:59:12.013 | INFO     | __main__:log_results:113 - Pt_out [Pa] | mean_poisson_deviance: 0.000010
2025-11-14 20:59:12.013 | INFO     | __main__:log_results:113 - Pt_out [Pa] | mean_gamma_deviance: 0.000000
2025-11-14 20:59:12.013 | INFO     | __main__:log_results:113 - Pt_out [Pa] | mean_tweedie_deviance(power=0.0): 0.484677
2025-11-14 20:59:12.013 | INFO     | __main__:log_results:113 - Torque [N m] | explained_variance_score: 0.998599
2025-11-14 20:59:12.013 | INFO     | __main__:log_results:113 - Torque [N m] | r2_score: 0.998567
2025-11-14 20:59:12.013 | INFO     | __main__:log_results:113 - Torque [N m] | d2_absolute_error_score: 0.970444
2025-11-14 20:59:12.013 | INFO     | __main__:log_results:113 - Torque [N m] | d2_pinball_score: 0.970444
2025-11-14 20:59:12.013 | INFO     | __main__:log_results:113 - Torque [N m] | d2_tweedie_score: 0.998567
2025-11-14 20:59:12.013 | INFO     | __main__:log_results:113 - Torque [N m] | mean_absolute_error: 0.055433
2025-11-14 20:59:12.013 | INFO     | __main__:log_results:113 - Torque [N m] | median_absolute_error: 0.033406
2025-11-14 20:59:12.013 | INFO     | __main__:log_results:113 - Torque [N m] | mean_squared_error: 0.008450
2025-11-14 20:59:12.013 | INFO     | __main__:log_results:113 - Torque [N m] | rmse: 0.091926
2025-11-14 20:59:12.013 | INFO     | __main__:log_results:113 - Torque [N m] | mean_squared_log_error: 0.000421
2025-11-14 20:59:12.013 | INFO     | __main__:log_results:113 - Torque [N m] | rmsle: 0.020519
2025-11-14 20:59:12.014 | INFO     | __main__:log_results:113 - Torque [N m] | mean_absolute_percentage_error: 0.016308
2025-11-14 20:59:12.014 | INFO     | __main__:log_results:113 - Torque [N m] | max_error: 0.464666
2025-11-14 20:59:12.014 | INFO     | __main__:log_results:113 - Torque [N m] | mean_pinball_loss(alpha=0.5): 0.027716
2025-11-14 20:59:12.014 | INFO     | __main__:log_results:113 - Torque [N m] | mean_poisson_deviance: 0.002363
2025-11-14 20:59:12.014 | INFO     | __main__:log_results:113 - Torque [N m] | mean_gamma_deviance: 0.000767
2025-11-14 20:59:12.014 | INFO     | __main__:log_results:113 - Torque [N m] | mean_tweedie_deviance(power=0.0): 0.008450
2025-11-14 20:59:12.014 | INFO     | __main__:log_results:113 - Efficiency [%] | explained_variance_score: 0.975141
2025-11-14 20:59:12.014 | INFO     | __main__:log_results:113 - Efficiency [%] | r2_score: 0.973253
2025-11-14 20:59:12.014 | INFO     | __main__:log_results:113 - Efficiency [%] | d2_absolute_error_score: 0.885084
2025-11-14 20:59:12.014 | INFO     | __main__:log_results:113 - Efficiency [%] | d2_pinball_score: 0.885084
2025-11-14 20:59:12.014 | INFO     | __main__:log_results:113 - Efficiency [%] | d2_tweedie_score: 0.973253
2025-11-14 20:59:12.014 | INFO     | __main__:log_results:113 - Efficiency [%] | mean_absolute_error: 1.247404
2025-11-14 20:59:12.014 | INFO     | __main__:log_results:113 - Efficiency [%] | median_absolute_error: 0.647643
2025-11-14 20:59:12.014 | INFO     | __main__:log_results:113 - Efficiency [%] | mean_squared_error: 4.624325
2025-11-14 20:59:12.014 | INFO     | __main__:log_results:113 - Efficiency [%] | rmse: 2.150424
2025-11-14 20:59:12.014 | INFO     | __main__:log_results:113 - Efficiency [%] | mean_squared_log_error: 0.001104
2025-11-14 20:59:12.014 | INFO     | __main__:log_results:113 - Efficiency [%] | rmsle: 0.033232
2025-11-14 20:59:12.014 | INFO     | __main__:log_results:113 - Efficiency [%] | mean_absolute_percentage_error: 0.017799
2025-11-14 20:59:12.014 | INFO     | __main__:log_results:113 - Efficiency [%] | max_error: 9.103162
2025-11-14 20:59:12.014 | INFO     | __main__:log_results:113 - Efficiency [%] | mean_pinball_loss(alpha=0.5): 0.623702
2025-11-14 20:59:12.014 | INFO     | __main__:log_results:113 - Efficiency [%] | mean_poisson_deviance: 0.073029
2025-11-14 20:59:12.014 | INFO     | __main__:log_results:113 - Efficiency [%] | mean_gamma_deviance: 0.001170
2025-11-14 20:59:12.015 | INFO     | __main__:log_results:113 - Efficiency [%] | mean_tweedie_deviance(power=0.0): 4.624325
2025-11-14 20:59:12.015 | INFO     | __main__:log_results:113 - Efficiency (Pt_out - Pt_in) | explained_variance_score: 0.983087
2025-11-14 20:59:12.015 | INFO     | __main__:log_results:113 - Efficiency (Pt_out - Pt_in) | r2_score: 0.982849
2025-11-14 20:59:12.015 | INFO     | __main__:log_results:113 - Efficiency (Pt_out - Pt_in) | d2_absolute_error_score: 0.898983
2025-11-14 20:59:12.015 | INFO     | __main__:log_results:113 - Efficiency (Pt_out - Pt_in) | d2_pinball_score: 0.898983
2025-11-14 20:59:12.015 | INFO     | __main__:log_results:113 - Efficiency (Pt_out - Pt_in) | d2_tweedie_score: 0.982849
2025-11-14 20:59:12.015 | INFO     | __main__:log_results:113 - Efficiency (Pt_out - Pt_in) | mean_absolute_error: 1.120546
2025-11-14 20:59:12.015 | INFO     | __main__:log_results:113 - Efficiency (Pt_out - Pt_in) | median_absolute_error: 0.692225
2025-11-14 20:59:12.015 | INFO     | __main__:log_results:113 - Efficiency (Pt_out - Pt_in) | mean_squared_error: 3.084850
2025-11-14 20:59:12.015 | INFO     | __main__:log_results:113 - Efficiency (Pt_out - Pt_in) | rmse: 1.756374
2025-11-14 20:59:12.015 | INFO     | __main__:log_results:113 - Efficiency (Pt_out - Pt_in) | mean_squared_log_error: 0.000749
2025-11-14 20:59:12.015 | INFO     | __main__:log_results:113 - Efficiency (Pt_out - Pt_in) | rmsle: 0.027371
2025-11-14 20:59:12.015 | INFO     | __main__:log_results:113 - Efficiency (Pt_out - Pt_in) | mean_absolute_percentage_error: 0.016016
2025-11-14 20:59:12.015 | INFO     | __main__:log_results:113 - Efficiency (Pt_out - Pt_in) | max_error: 6.931568
2025-11-14 20:59:12.015 | INFO     | __main__:log_results:113 - Efficiency (Pt_out - Pt_in) | mean_pinball_loss(alpha=0.5): 0.560273
2025-11-14 20:59:12.015 | INFO     | __main__:log_results:113 - Efficiency (Pt_out - Pt_in) | mean_poisson_deviance: 0.048635
2025-11-14 20:59:12.015 | INFO     | __main__:log_results:113 - Efficiency (Pt_out - Pt_in) | mean_gamma_deviance: 0.000782
2025-11-14 20:59:12.015 | INFO     | __main__:log_results:113 - Efficiency (Pt_out - Pt_in) | mean_tweedie_deviance(power=0.0): 3.084850
