2025-11-14 18:05:02.363 | INFO     | __main__:log_results:110 - num_trainval: 40
2025-11-14 18:05:02.363 | INFO     | __main__:log_results:110 - is_random_sample: True
2025-11-14 18:05:02.363 | INFO     | __main__:log_results:110 - which_FeatureAugmentation: 3
2025-11-14 18:05:02.363 | INFO     | __main__:log_results:110 - FeatureAugmentation_Runs: 2
2025-11-14 18:05:02.364 | INFO     | __main__:log_results:110 - x_transformer_type: standardize
2025-11-14 18:05:02.364 | INFO     | __main__:log_results:110 - y_transformer_type: standardize
2025-11-14 18:05:02.364 | INFO     | __main__:log_results:110 - num_trainval_slice: 40
2025-11-14 18:05:02.364 | INFO     | __main__:log_results:110 - EPOCH: 500
2025-11-14 18:05:02.368 | INFO     | __main__:log_results:110 - exp_name: DGP05_SciGP_Far2
2025-11-14 18:05:02.368 | INFO     | __main__:log_results:110 - random_round_num: 5
2025-11-14 18:05:02.368 | INFO     | __main__:log_results:113 - Pt_in [Pa] | explained_variance_score: -0.114643
2025-11-14 18:05:02.368 | INFO     | __main__:log_results:113 - Pt_in [Pa] | r2_score: -0.123163
2025-11-14 18:05:02.368 | INFO     | __main__:log_results:113 - Pt_in [Pa] | d2_absolute_error_score: 0.035726
2025-11-14 18:05:02.368 | INFO     | __main__:log_results:113 - Pt_in [Pa] | d2_pinball_score: 0.035726
2025-11-14 18:05:02.368 | INFO     | __main__:log_results:113 - Pt_in [Pa] | d2_tweedie_score: -0.123163
2025-11-14 18:05:02.368 | INFO     | __main__:log_results:113 - Pt_in [Pa] | mean_absolute_error: 0.622093
2025-11-14 18:05:02.368 | INFO     | __main__:log_results:113 - Pt_in [Pa] | median_absolute_error: 0.486939
2025-11-14 18:05:02.372 | INFO     | __main__:log_results:113 - Pt_in [Pa] | mean_squared_error: 0.692926
2025-11-14 18:05:02.372 | INFO     | __main__:log_results:113 - Pt_in [Pa] | rmse: 0.832422
2025-11-14 18:05:02.372 | INFO     | __main__:log_results:113 - Pt_in [Pa] | mean_squared_log_error: 0.111723
2025-11-14 18:05:02.372 | INFO     | __main__:log_results:113 - Pt_in [Pa] | rmsle: 0.334250
2025-11-14 18:05:02.372 | INFO     | __main__:log_results:113 - Pt_in [Pa] | mean_absolute_percentage_error: 0.788267
2025-11-14 18:05:02.372 | INFO     | __main__:log_results:113 - Pt_in [Pa] | max_error: 2.541294
2025-11-14 18:05:02.372 | INFO     | __main__:log_results:113 - Pt_in [Pa] | mean_pinball_loss(alpha=0.5): 0.311047
2025-11-14 18:05:02.372 | INFO     | __main__:log_results:113 - Pt_in [Pa] | mean_poisson_deviance: 0.581408
2025-11-14 18:05:02.372 | INFO     | __main__:log_results:113 - Pt_in [Pa] | mean_gamma_deviance: 1.441159
2025-11-14 18:05:02.372 | INFO     | __main__:log_results:113 - Pt_in [Pa] | mean_tweedie_deviance(power=0.0): 0.692926
2025-11-14 18:05:02.372 | INFO     | __main__:log_results:113 - Pt_out [Pa] | explained_variance_score: 1.000000
2025-11-14 18:05:02.372 | INFO     | __main__:log_results:113 - Pt_out [Pa] | r2_score: 1.000000
2025-11-14 18:05:02.372 | INFO     | __main__:log_results:113 - Pt_out [Pa] | d2_absolute_error_score: 0.999971
2025-11-14 18:05:02.372 | INFO     | __main__:log_results:113 - Pt_out [Pa] | d2_pinball_score: 0.999971
2025-11-14 18:05:02.373 | INFO     | __main__:log_results:113 - Pt_out [Pa] | d2_tweedie_score: 1.000000
2025-11-14 18:05:02.373 | INFO     | __main__:log_results:113 - Pt_out [Pa] | mean_absolute_error: 0.725243
2025-11-14 18:05:02.373 | INFO     | __main__:log_results:113 - Pt_out [Pa] | median_absolute_error: 0.485721
2025-11-14 18:05:02.373 | INFO     | __main__:log_results:113 - Pt_out [Pa] | mean_squared_error: 1.032582
2025-11-14 18:05:02.373 | INFO     | __main__:log_results:113 - Pt_out [Pa] | rmse: 1.016160
2025-11-14 18:05:02.373 | INFO     | __main__:log_results:113 - Pt_out [Pa] | mean_squared_log_error: 0.000000
2025-11-14 18:05:02.373 | INFO     | __main__:log_results:113 - Pt_out [Pa] | rmsle: 0.000036
2025-11-14 18:05:02.373 | INFO     | __main__:log_results:113 - Pt_out [Pa] | mean_absolute_percentage_error: 0.000019
2025-11-14 18:05:02.373 | INFO     | __main__:log_results:113 - Pt_out [Pa] | max_error: 3.638759
2025-11-14 18:05:02.373 | INFO     | __main__:log_results:113 - Pt_out [Pa] | mean_pinball_loss(alpha=0.5): 0.362622
2025-11-14 18:05:02.373 | INFO     | __main__:log_results:113 - Pt_out [Pa] | mean_poisson_deviance: 0.000031
2025-11-14 18:05:02.373 | INFO     | __main__:log_results:113 - Pt_out [Pa] | mean_gamma_deviance: 0.000000
2025-11-14 18:05:02.373 | INFO     | __main__:log_results:113 - Pt_out [Pa] | mean_tweedie_deviance(power=0.0): 1.032582
2025-11-14 18:05:02.373 | INFO     | __main__:log_results:113 - Torque [N m] | explained_variance_score: 0.998650
2025-11-14 18:05:02.373 | INFO     | __main__:log_results:113 - Torque [N m] | r2_score: 0.998500
2025-11-14 18:05:02.374 | INFO     | __main__:log_results:113 - Torque [N m] | d2_absolute_error_score: 0.965972
2025-11-14 18:05:02.374 | INFO     | __main__:log_results:113 - Torque [N m] | d2_pinball_score: 0.965972
2025-11-14 18:05:02.374 | INFO     | __main__:log_results:113 - Torque [N m] | d2_tweedie_score: 0.998500
2025-11-14 18:05:02.374 | INFO     | __main__:log_results:113 - Torque [N m] | mean_absolute_error: 0.063719
2025-11-14 18:05:02.374 | INFO     | __main__:log_results:113 - Torque [N m] | median_absolute_error: 0.035623
2025-11-14 18:05:02.374 | INFO     | __main__:log_results:113 - Torque [N m] | mean_squared_error: 0.008586
2025-11-14 18:05:02.374 | INFO     | __main__:log_results:113 - Torque [N m] | rmse: 0.092660
2025-11-14 18:05:02.374 | INFO     | __main__:log_results:113 - Torque [N m] | mean_squared_log_error: 0.000327
2025-11-14 18:05:02.375 | INFO     | __main__:log_results:113 - Torque [N m] | rmsle: 0.018071
2025-11-14 18:05:02.375 | INFO     | __main__:log_results:113 - Torque [N m] | mean_absolute_percentage_error: 0.017468
2025-11-14 18:05:02.375 | INFO     | __main__:log_results:113 - Torque [N m] | max_error: 0.327810
2025-11-14 18:05:02.375 | INFO     | __main__:log_results:113 - Torque [N m] | mean_pinball_loss(alpha=0.5): 0.031859
2025-11-14 18:05:02.375 | INFO     | __main__:log_results:113 - Torque [N m] | mean_poisson_deviance: 0.001951
2025-11-14 18:05:02.379 | INFO     | __main__:log_results:113 - Torque [N m] | mean_gamma_deviance: 0.000595
2025-11-14 18:05:02.379 | INFO     | __main__:log_results:113 - Torque [N m] | mean_tweedie_deviance(power=0.0): 0.008586
2025-11-14 18:05:02.379 | INFO     | __main__:log_results:113 - Efficiency [%] | explained_variance_score: 0.964077
2025-11-14 18:05:02.379 | INFO     | __main__:log_results:113 - Efficiency [%] | r2_score: 0.959660
2025-11-14 18:05:02.379 | INFO     | __main__:log_results:113 - Efficiency [%] | d2_absolute_error_score: 0.872821
2025-11-14 18:05:02.383 | INFO     | __main__:log_results:113 - Efficiency [%] | d2_pinball_score: 0.872821
2025-11-14 18:05:02.383 | INFO     | __main__:log_results:113 - Efficiency [%] | d2_tweedie_score: 0.959660
2025-11-14 18:05:02.383 | INFO     | __main__:log_results:113 - Efficiency [%] | mean_absolute_error: 1.355152
2025-11-14 18:05:02.383 | INFO     | __main__:log_results:113 - Efficiency [%] | median_absolute_error: 0.586470
2025-11-14 18:05:02.383 | INFO     | __main__:log_results:113 - Efficiency [%] | mean_squared_error: 6.564794
2025-11-14 18:05:02.383 | INFO     | __main__:log_results:113 - Efficiency [%] | rmse: 2.562185
2025-11-14 18:05:02.383 | INFO     | __main__:log_results:113 - Efficiency [%] | mean_squared_log_error: 0.001564
2025-11-14 18:05:02.383 | INFO     | __main__:log_results:113 - Efficiency [%] | rmsle: 0.039542
2025-11-14 18:05:02.383 | INFO     | __main__:log_results:113 - Efficiency [%] | mean_absolute_percentage_error: 0.019416
2025-11-14 18:05:02.383 | INFO     | __main__:log_results:113 - Efficiency [%] | max_error: 13.746968
2025-11-14 18:05:02.383 | INFO     | __main__:log_results:113 - Efficiency [%] | mean_pinball_loss(alpha=0.5): 0.677576
2025-11-14 18:05:02.383 | INFO     | __main__:log_results:113 - Efficiency [%] | mean_poisson_deviance: 0.104723
2025-11-14 18:05:02.383 | INFO     | __main__:log_results:113 - Efficiency [%] | mean_gamma_deviance: 0.001691
2025-11-14 18:05:02.383 | INFO     | __main__:log_results:113 - Efficiency [%] | mean_tweedie_deviance(power=0.0): 6.564794
2025-11-14 18:05:02.383 | INFO     | __main__:log_results:113 - Efficiency (Pt_out - Pt_in) | explained_variance_score: 0.986041
2025-11-14 18:05:02.383 | INFO     | __main__:log_results:113 - Efficiency (Pt_out - Pt_in) | r2_score: 0.985338
2025-11-14 18:05:02.383 | INFO     | __main__:log_results:113 - Efficiency (Pt_out - Pt_in) | d2_absolute_error_score: 0.889444
2025-11-14 18:05:02.384 | INFO     | __main__:log_results:113 - Efficiency (Pt_out - Pt_in) | d2_pinball_score: 0.889444
2025-11-14 18:05:02.384 | INFO     | __main__:log_results:113 - Efficiency (Pt_out - Pt_in) | d2_tweedie_score: 0.985338
2025-11-14 18:05:02.384 | INFO     | __main__:log_results:113 - Efficiency (Pt_out - Pt_in) | mean_absolute_error: 1.235003
2025-11-14 18:05:02.384 | INFO     | __main__:log_results:113 - Efficiency (Pt_out - Pt_in) | median_absolute_error: 0.804996
2025-11-14 18:05:02.384 | INFO     | __main__:log_results:113 - Efficiency (Pt_out - Pt_in) | mean_squared_error: 2.608388
2025-11-14 18:05:02.384 | INFO     | __main__:log_results:113 - Efficiency (Pt_out - Pt_in) | rmse: 1.615050
2025-11-14 18:05:02.384 | INFO     | __main__:log_results:113 - Efficiency (Pt_out - Pt_in) | mean_squared_log_error: 0.000580
2025-11-14 18:05:02.384 | INFO     | __main__:log_results:113 - Efficiency (Pt_out - Pt_in) | rmsle: 0.024076
2025-11-14 18:05:02.384 | INFO     | __main__:log_results:113 - Efficiency (Pt_out - Pt_in) | mean_absolute_percentage_error: 0.017219
2025-11-14 18:05:02.384 | INFO     | __main__:log_results:113 - Efficiency (Pt_out - Pt_in) | max_error: 3.996052
2025-11-14 18:05:02.384 | INFO     | __main__:log_results:113 - Efficiency (Pt_out - Pt_in) | mean_pinball_loss(alpha=0.5): 0.617501
2025-11-14 18:05:02.384 | INFO     | __main__:log_results:113 - Efficiency (Pt_out - Pt_in) | mean_poisson_deviance: 0.038922
2025-11-14 18:05:02.384 | INFO     | __main__:log_results:113 - Efficiency (Pt_out - Pt_in) | mean_gamma_deviance: 0.000602
2025-11-14 18:05:02.384 | INFO     | __main__:log_results:113 - Efficiency (Pt_out - Pt_in) | mean_tweedie_deviance(power=0.0): 2.608388
