2025-11-14 20:56:50.866 | INFO     | __main__:log_results:110 - num_trainval: 40
2025-11-14 20:56:50.866 | INFO     | __main__:log_results:110 - is_random_sample: True
2025-11-14 20:56:50.866 | INFO     | __main__:log_results:110 - which_FeatureAugmentation: 3
2025-11-14 20:56:50.866 | INFO     | __main__:log_results:110 - FeatureAugmentation_Runs: 2
2025-11-14 20:56:50.866 | INFO     | __main__:log_results:110 - x_transformer_type: standardize
2025-11-14 20:56:50.866 | INFO     | __main__:log_results:110 - y_transformer_type: standardize
2025-11-14 20:56:50.866 | INFO     | __main__:log_results:110 - num_trainval_slice: 40
2025-11-14 20:56:50.866 | INFO     | __main__:log_results:110 - EPOCH: 500
2025-11-14 20:56:50.867 | INFO     | __main__:log_results:110 - exp_name: DGP05_SciGP_Far2_v2
2025-11-14 20:56:50.867 | INFO     | __main__:log_results:110 - random_round_num: 4
2025-11-14 20:56:50.867 | INFO     | __main__:log_results:113 - Pt_in [Pa] | explained_variance_score: 0.529728
2025-11-14 20:56:50.867 | INFO     | __main__:log_results:113 - Pt_in [Pa] | r2_score: 0.502797
2025-11-14 20:56:50.867 | INFO     | __main__:log_results:113 - Pt_in [Pa] | d2_absolute_error_score: 0.239517
2025-11-14 20:56:50.867 | INFO     | __main__:log_results:113 - Pt_in [Pa] | d2_pinball_score: 0.239517
2025-11-14 20:56:50.867 | INFO     | __main__:log_results:113 - Pt_in [Pa] | d2_tweedie_score: 0.502797
2025-11-14 20:56:50.867 | INFO     | __main__:log_results:113 - Pt_in [Pa] | mean_absolute_error: 0.543510
2025-11-14 20:56:50.867 | INFO     | __main__:log_results:113 - Pt_in [Pa] | median_absolute_error: 0.382326
2025-11-14 20:56:50.867 | INFO     | __main__:log_results:113 - Pt_in [Pa] | mean_squared_error: 0.558590
2025-11-14 20:56:50.867 | INFO     | __main__:log_results:113 - Pt_in [Pa] | rmse: 0.747388
2025-11-14 20:56:50.868 | INFO     | __main__:log_results:113 - Pt_in [Pa] | mean_squared_log_error: 0.126525
2025-11-14 20:56:50.868 | INFO     | __main__:log_results:113 - Pt_in [Pa] | rmsle: 0.355704
2025-11-14 20:56:50.868 | INFO     | __main__:log_results:113 - Pt_in [Pa] | mean_absolute_percentage_error: 0.846426
2025-11-14 20:56:50.868 | INFO     | __main__:log_results:113 - Pt_in [Pa] | max_error: 2.578276
2025-11-14 20:56:50.868 | INFO     | __main__:log_results:113 - Pt_in [Pa] | mean_pinball_loss(alpha=0.5): 0.271755
2025-11-14 20:56:50.868 | INFO     | __main__:log_results:113 - Pt_in [Pa] | mean_poisson_deviance: nan
2025-11-14 20:56:50.868 | INFO     | __main__:log_results:113 - Pt_in [Pa] | mean_gamma_deviance: nan
2025-11-14 20:56:50.868 | INFO     | __main__:log_results:113 - Pt_in [Pa] | mean_tweedie_deviance(power=0.0): 0.558590
2025-11-14 20:56:50.868 | INFO     | __main__:log_results:113 - Pt_out [Pa] | explained_variance_score: 1.000000
2025-11-14 20:56:50.868 | INFO     | __main__:log_results:113 - Pt_out [Pa] | r2_score: 1.000000
2025-11-14 20:56:50.870 | INFO     | __main__:log_results:113 - Pt_out [Pa] | d2_absolute_error_score: 0.999977
2025-11-14 20:56:50.870 | INFO     | __main__:log_results:113 - Pt_out [Pa] | d2_pinball_score: 0.999977
2025-11-14 20:56:50.870 | INFO     | __main__:log_results:113 - Pt_out [Pa] | d2_tweedie_score: 1.000000
2025-11-14 20:56:50.870 | INFO     | __main__:log_results:113 - Pt_out [Pa] | mean_absolute_error: 0.584253
2025-11-14 20:56:50.870 | INFO     | __main__:log_results:113 - Pt_out [Pa] | median_absolute_error: 0.415820
2025-11-14 20:56:50.870 | INFO     | __main__:log_results:113 - Pt_out [Pa] | mean_squared_error: 0.626499
2025-11-14 20:56:50.870 | INFO     | __main__:log_results:113 - Pt_out [Pa] | rmse: 0.791517
2025-11-14 20:56:50.870 | INFO     | __main__:log_results:113 - Pt_out [Pa] | mean_squared_log_error: 0.000000
2025-11-14 20:56:50.870 | INFO     | __main__:log_results:113 - Pt_out [Pa] | rmsle: 0.000020
2025-11-14 20:56:50.870 | INFO     | __main__:log_results:113 - Pt_out [Pa] | mean_absolute_percentage_error: 0.000013
2025-11-14 20:56:50.870 | INFO     | __main__:log_results:113 - Pt_out [Pa] | max_error: 2.538592
2025-11-14 20:56:50.870 | INFO     | __main__:log_results:113 - Pt_out [Pa] | mean_pinball_loss(alpha=0.5): 0.292126
2025-11-14 20:56:50.871 | INFO     | __main__:log_results:113 - Pt_out [Pa] | mean_poisson_deviance: 0.000013
2025-11-14 20:56:50.871 | INFO     | __main__:log_results:113 - Pt_out [Pa] | mean_gamma_deviance: 0.000000
2025-11-14 20:56:50.871 | INFO     | __main__:log_results:113 - Pt_out [Pa] | mean_tweedie_deviance(power=0.0): 0.626499
2025-11-14 20:56:50.871 | INFO     | __main__:log_results:113 - Torque [N m] | explained_variance_score: 0.998876
2025-11-14 20:56:50.871 | INFO     | __main__:log_results:113 - Torque [N m] | r2_score: 0.998751
2025-11-14 20:56:50.871 | INFO     | __main__:log_results:113 - Torque [N m] | d2_absolute_error_score: 0.969938
2025-11-14 20:56:50.871 | INFO     | __main__:log_results:113 - Torque [N m] | d2_pinball_score: 0.969938
2025-11-14 20:56:50.871 | INFO     | __main__:log_results:113 - Torque [N m] | d2_tweedie_score: 0.998751
2025-11-14 20:56:50.871 | INFO     | __main__:log_results:113 - Torque [N m] | mean_absolute_error: 0.056585
2025-11-14 20:56:50.871 | INFO     | __main__:log_results:113 - Torque [N m] | median_absolute_error: 0.034187
2025-11-14 20:56:50.871 | INFO     | __main__:log_results:113 - Torque [N m] | mean_squared_error: 0.007226
2025-11-14 20:56:50.872 | INFO     | __main__:log_results:113 - Torque [N m] | rmse: 0.085005
2025-11-14 20:56:50.872 | INFO     | __main__:log_results:113 - Torque [N m] | mean_squared_log_error: 0.000476
2025-11-14 20:56:50.872 | INFO     | __main__:log_results:113 - Torque [N m] | rmsle: 0.021828
2025-11-14 20:56:50.872 | INFO     | __main__:log_results:113 - Torque [N m] | mean_absolute_percentage_error: 0.019403
2025-11-14 20:56:50.872 | INFO     | __main__:log_results:113 - Torque [N m] | max_error: 0.354654
2025-11-14 20:56:50.872 | INFO     | __main__:log_results:113 - Torque [N m] | mean_pinball_loss(alpha=0.5): 0.028293
2025-11-14 20:56:50.872 | INFO     | __main__:log_results:113 - Torque [N m] | mean_poisson_deviance: 0.002401
2025-11-14 20:56:50.872 | INFO     | __main__:log_results:113 - Torque [N m] | mean_gamma_deviance: 0.001023
2025-11-14 20:56:50.872 | INFO     | __main__:log_results:113 - Torque [N m] | mean_tweedie_deviance(power=0.0): 0.007226
2025-11-14 20:56:50.872 | INFO     | __main__:log_results:113 - Efficiency [%] | explained_variance_score: 0.969775
2025-11-14 20:56:50.872 | INFO     | __main__:log_results:113 - Efficiency [%] | r2_score: 0.964188
2025-11-14 20:56:50.872 | INFO     | __main__:log_results:113 - Efficiency [%] | d2_absolute_error_score: 0.852809
2025-11-14 20:56:50.873 | INFO     | __main__:log_results:113 - Efficiency [%] | d2_pinball_score: 0.852809
2025-11-14 20:56:50.873 | INFO     | __main__:log_results:113 - Efficiency [%] | d2_tweedie_score: 0.964188
2025-11-14 20:56:50.873 | INFO     | __main__:log_results:113 - Efficiency [%] | mean_absolute_error: 1.576359
2025-11-14 20:56:50.873 | INFO     | __main__:log_results:113 - Efficiency [%] | median_absolute_error: 0.824859
2025-11-14 20:56:50.873 | INFO     | __main__:log_results:113 - Efficiency [%] | mean_squared_error: 6.106814
2025-11-14 20:56:50.873 | INFO     | __main__:log_results:113 - Efficiency [%] | rmse: 2.471197
2025-11-14 20:56:50.873 | INFO     | __main__:log_results:113 - Efficiency [%] | mean_squared_log_error: 0.001363
2025-11-14 20:56:50.873 | INFO     | __main__:log_results:113 - Efficiency [%] | rmsle: 0.036919
2025-11-14 20:56:50.873 | INFO     | __main__:log_results:113 - Efficiency [%] | mean_absolute_percentage_error: 0.022048
2025-11-14 20:56:50.873 | INFO     | __main__:log_results:113 - Efficiency [%] | max_error: 9.967388
2025-11-14 20:56:50.873 | INFO     | __main__:log_results:113 - Efficiency [%] | mean_pinball_loss(alpha=0.5): 0.788179
2025-11-14 20:56:50.874 | INFO     | __main__:log_results:113 - Efficiency [%] | mean_poisson_deviance: 0.092934
2025-11-14 20:56:50.874 | INFO     | __main__:log_results:113 - Efficiency [%] | mean_gamma_deviance: 0.001443
2025-11-14 20:56:50.874 | INFO     | __main__:log_results:113 - Efficiency [%] | mean_tweedie_deviance(power=0.0): 6.106814
2025-11-14 20:56:50.874 | INFO     | __main__:log_results:113 - Efficiency (Pt_out - Pt_in) | explained_variance_score: 0.978813
2025-11-14 20:56:50.874 | INFO     | __main__:log_results:113 - Efficiency (Pt_out - Pt_in) | r2_score: 0.977423
2025-11-14 20:56:50.874 | INFO     | __main__:log_results:113 - Efficiency (Pt_out - Pt_in) | d2_absolute_error_score: 0.881327
2025-11-14 20:56:50.874 | INFO     | __main__:log_results:113 - Efficiency (Pt_out - Pt_in) | d2_pinball_score: 0.881327
2025-11-14 20:56:50.874 | INFO     | __main__:log_results:113 - Efficiency (Pt_out - Pt_in) | d2_tweedie_score: 0.977423
2025-11-14 20:56:50.874 | INFO     | __main__:log_results:113 - Efficiency (Pt_out - Pt_in) | mean_absolute_error: 1.341774
2025-11-14 20:56:50.874 | INFO     | __main__:log_results:113 - Efficiency (Pt_out - Pt_in) | median_absolute_error: 0.587773
2025-11-14 20:56:50.874 | INFO     | __main__:log_results:113 - Efficiency (Pt_out - Pt_in) | mean_squared_error: 4.261718
2025-11-14 20:56:50.874 | INFO     | __main__:log_results:113 - Efficiency (Pt_out - Pt_in) | rmse: 2.064393
2025-11-14 20:56:50.875 | INFO     | __main__:log_results:113 - Efficiency (Pt_out - Pt_in) | mean_squared_log_error: 0.000996
2025-11-14 20:56:50.875 | INFO     | __main__:log_results:113 - Efficiency (Pt_out - Pt_in) | rmsle: 0.031552
2025-11-14 20:56:50.875 | INFO     | __main__:log_results:113 - Efficiency (Pt_out - Pt_in) | mean_absolute_percentage_error: 0.019112
2025-11-14 20:56:50.875 | INFO     | __main__:log_results:113 - Efficiency (Pt_out - Pt_in) | max_error: 8.585836
2025-11-14 20:56:50.875 | INFO     | __main__:log_results:113 - Efficiency (Pt_out - Pt_in) | mean_pinball_loss(alpha=0.5): 0.670887
2025-11-14 20:56:50.875 | INFO     | __main__:log_results:113 - Efficiency (Pt_out - Pt_in) | mean_poisson_deviance: 0.065528
2025-11-14 20:56:50.875 | INFO     | __main__:log_results:113 - Efficiency (Pt_out - Pt_in) | mean_gamma_deviance: 0.001035
2025-11-14 20:56:50.875 | INFO     | __main__:log_results:113 - Efficiency (Pt_out - Pt_in) | mean_tweedie_deviance(power=0.0): 4.261718
