2025-11-14 20:56:42.321 | INFO     | __main__:log_results:110 - num_trainval: 20
2025-11-14 20:56:42.321 | INFO     | __main__:log_results:110 - is_random_sample: True
2025-11-14 20:56:42.321 | INFO     | __main__:log_results:110 - which_FeatureAugmentation: 3
2025-11-14 20:56:42.321 | INFO     | __main__:log_results:110 - FeatureAugmentation_Runs: 2
2025-11-14 20:56:42.321 | INFO     | __main__:log_results:110 - x_transformer_type: standardize
2025-11-14 20:56:42.321 | INFO     | __main__:log_results:110 - y_transformer_type: standardize
2025-11-14 20:56:42.321 | INFO     | __main__:log_results:110 - num_trainval_slice: 40
2025-11-14 20:56:42.321 | INFO     | __main__:log_results:110 - EPOCH: 500
2025-11-14 20:56:42.321 | INFO     | __main__:log_results:110 - exp_name: DGP05_SciGP_Far2_v2
2025-11-14 20:56:42.322 | INFO     | __main__:log_results:110 - random_round_num: 4
2025-11-14 20:56:42.322 | INFO     | __main__:log_results:113 - Pt_in [Pa] | explained_variance_score: -0.516115
2025-11-14 20:56:42.322 | INFO     | __main__:log_results:113 - Pt_in [Pa] | r2_score: -0.572913
2025-11-14 20:56:42.322 | INFO     | __main__:log_results:113 - Pt_in [Pa] | d2_absolute_error_score: -0.036243
2025-11-14 20:56:42.322 | INFO     | __main__:log_results:113 - Pt_in [Pa] | d2_pinball_score: -0.036243
2025-11-14 20:56:42.322 | INFO     | __main__:log_results:113 - Pt_in [Pa] | d2_tweedie_score: -0.572913
2025-11-14 20:56:42.322 | INFO     | __main__:log_results:113 - Pt_in [Pa] | mean_absolute_error: 0.985352
2025-11-14 20:56:42.322 | INFO     | __main__:log_results:113 - Pt_in [Pa] | median_absolute_error: 0.588397
2025-11-14 20:56:42.322 | INFO     | __main__:log_results:113 - Pt_in [Pa] | mean_squared_error: 1.814951
2025-11-14 20:56:42.322 | INFO     | __main__:log_results:113 - Pt_in [Pa] | rmse: 1.347201
2025-11-14 20:56:42.322 | INFO     | __main__:log_results:113 - Pt_in [Pa] | mean_squared_log_error: 0.231072
2025-11-14 20:56:42.322 | INFO     | __main__:log_results:113 - Pt_in [Pa] | rmsle: 0.480699
2025-11-14 20:56:42.322 | INFO     | __main__:log_results:113 - Pt_in [Pa] | mean_absolute_percentage_error: 0.640175
2025-11-14 20:56:42.322 | INFO     | __main__:log_results:113 - Pt_in [Pa] | max_error: 3.554226
2025-11-14 20:56:42.322 | INFO     | __main__:log_results:113 - Pt_in [Pa] | mean_pinball_loss(alpha=0.5): 0.492676
2025-11-14 20:56:42.322 | INFO     | __main__:log_results:113 - Pt_in [Pa] | mean_poisson_deviance: 1.334867
2025-11-14 20:56:42.322 | INFO     | __main__:log_results:113 - Pt_in [Pa] | mean_gamma_deviance: 2.124286
2025-11-14 20:56:42.322 | INFO     | __main__:log_results:113 - Pt_in [Pa] | mean_tweedie_deviance(power=0.0): 1.814951
2025-11-14 20:56:42.322 | INFO     | __main__:log_results:113 - Pt_out [Pa] | explained_variance_score: 1.000000
2025-11-14 20:56:42.322 | INFO     | __main__:log_results:113 - Pt_out [Pa] | r2_score: 1.000000
2025-11-14 20:56:42.323 | INFO     | __main__:log_results:113 - Pt_out [Pa] | d2_absolute_error_score: 0.999562
2025-11-14 20:56:42.323 | INFO     | __main__:log_results:113 - Pt_out [Pa] | d2_pinball_score: 0.999562
2025-11-14 20:56:42.323 | INFO     | __main__:log_results:113 - Pt_out [Pa] | d2_tweedie_score: 1.000000
2025-11-14 20:56:42.323 | INFO     | __main__:log_results:113 - Pt_out [Pa] | mean_absolute_error: 11.073811
2025-11-14 20:56:42.323 | INFO     | __main__:log_results:113 - Pt_out [Pa] | median_absolute_error: 4.462434
2025-11-14 20:56:42.323 | INFO     | __main__:log_results:113 - Pt_out [Pa] | mean_squared_error: 345.901798
2025-11-14 20:56:42.323 | INFO     | __main__:log_results:113 - Pt_out [Pa] | rmse: 18.598435
2025-11-14 20:56:42.323 | INFO     | __main__:log_results:113 - Pt_out [Pa] | mean_squared_log_error: 0.000000
2025-11-14 20:56:42.323 | INFO     | __main__:log_results:113 - Pt_out [Pa] | rmsle: 0.000503
2025-11-14 20:56:42.323 | INFO     | __main__:log_results:113 - Pt_out [Pa] | mean_absolute_percentage_error: 0.000247
2025-11-14 20:56:42.323 | INFO     | __main__:log_results:113 - Pt_out [Pa] | max_error: 71.701639
2025-11-14 20:56:42.323 | INFO     | __main__:log_results:113 - Pt_out [Pa] | mean_pinball_loss(alpha=0.5): 5.536905
2025-11-14 20:56:42.323 | INFO     | __main__:log_results:113 - Pt_out [Pa] | mean_poisson_deviance: 0.007091
2025-11-14 20:56:42.323 | INFO     | __main__:log_results:113 - Pt_out [Pa] | mean_gamma_deviance: 0.000000
2025-11-14 20:56:42.323 | INFO     | __main__:log_results:113 - Pt_out [Pa] | mean_tweedie_deviance(power=0.0): 345.901798
2025-11-14 20:56:42.323 | INFO     | __main__:log_results:113 - Torque [N m] | explained_variance_score: 0.955646
2025-11-14 20:56:42.323 | INFO     | __main__:log_results:113 - Torque [N m] | r2_score: 0.954481
2025-11-14 20:56:42.323 | INFO     | __main__:log_results:113 - Torque [N m] | d2_absolute_error_score: 0.855766
2025-11-14 20:56:42.324 | INFO     | __main__:log_results:113 - Torque [N m] | d2_pinball_score: 0.855766
2025-11-14 20:56:42.324 | INFO     | __main__:log_results:113 - Torque [N m] | d2_tweedie_score: 0.954481
2025-11-14 20:56:42.324 | INFO     | __main__:log_results:113 - Torque [N m] | mean_absolute_error: 0.253209
2025-11-14 20:56:42.324 | INFO     | __main__:log_results:113 - Torque [N m] | median_absolute_error: 0.138542
2025-11-14 20:56:42.324 | INFO     | __main__:log_results:113 - Torque [N m] | mean_squared_error: 0.206026
2025-11-14 20:56:42.324 | INFO     | __main__:log_results:113 - Torque [N m] | rmse: 0.453901
2025-11-14 20:56:42.324 | INFO     | __main__:log_results:113 - Torque [N m] | mean_squared_log_error: 0.005854
2025-11-14 20:56:42.324 | INFO     | __main__:log_results:113 - Torque [N m] | rmsle: 0.076511
2025-11-14 20:56:42.324 | INFO     | __main__:log_results:113 - Torque [N m] | mean_absolute_percentage_error: 0.063528
2025-11-14 20:56:42.324 | INFO     | __main__:log_results:113 - Torque [N m] | max_error: 2.487080
2025-11-14 20:56:42.324 | INFO     | __main__:log_results:113 - Torque [N m] | mean_pinball_loss(alpha=0.5): 0.126605
2025-11-14 20:56:42.324 | INFO     | __main__:log_results:113 - Torque [N m] | mean_poisson_deviance: 0.037487
2025-11-14 20:56:42.324 | INFO     | __main__:log_results:113 - Torque [N m] | mean_gamma_deviance: 0.014597
2025-11-14 20:56:42.324 | INFO     | __main__:log_results:113 - Torque [N m] | mean_tweedie_deviance(power=0.0): 0.206026
2025-11-14 20:56:42.324 | INFO     | __main__:log_results:113 - Efficiency [%] | explained_variance_score: 0.828956
2025-11-14 20:56:42.324 | INFO     | __main__:log_results:113 - Efficiency [%] | r2_score: 0.828802
2025-11-14 20:56:42.324 | INFO     | __main__:log_results:113 - Efficiency [%] | d2_absolute_error_score: 0.653828
2025-11-14 20:56:42.324 | INFO     | __main__:log_results:113 - Efficiency [%] | d2_pinball_score: 0.653828
2025-11-14 20:56:42.324 | INFO     | __main__:log_results:113 - Efficiency [%] | d2_tweedie_score: 0.828802
2025-11-14 20:56:42.324 | INFO     | __main__:log_results:113 - Efficiency [%] | mean_absolute_error: 3.049643
2025-11-14 20:56:42.325 | INFO     | __main__:log_results:113 - Efficiency [%] | median_absolute_error: 2.032363
2025-11-14 20:56:42.325 | INFO     | __main__:log_results:113 - Efficiency [%] | mean_squared_error: 19.830768
2025-11-14 20:56:42.325 | INFO     | __main__:log_results:113 - Efficiency [%] | rmse: 4.453175
2025-11-14 20:56:42.325 | INFO     | __main__:log_results:113 - Efficiency [%] | mean_squared_log_error: 0.004046
2025-11-14 20:56:42.325 | INFO     | __main__:log_results:113 - Efficiency [%] | rmsle: 0.063612
2025-11-14 20:56:42.325 | INFO     | __main__:log_results:113 - Efficiency [%] | mean_absolute_percentage_error: 0.040037
2025-11-14 20:56:42.325 | INFO     | __main__:log_results:113 - Efficiency [%] | max_error: 16.721401
2025-11-14 20:56:42.325 | INFO     | __main__:log_results:113 - Efficiency [%] | mean_pinball_loss(alpha=0.5): 1.524821
2025-11-14 20:56:42.325 | INFO     | __main__:log_results:113 - Efficiency [%] | mean_poisson_deviance: 0.288824
2025-11-14 20:56:42.325 | INFO     | __main__:log_results:113 - Efficiency [%] | mean_gamma_deviance: 0.004355
2025-11-14 20:56:42.325 | INFO     | __main__:log_results:113 - Efficiency [%] | mean_tweedie_deviance(power=0.0): 19.830768
2025-11-14 20:56:42.325 | INFO     | __main__:log_results:113 - Efficiency (Pt_out - Pt_in) | explained_variance_score: 0.771600
2025-11-14 20:56:42.325 | INFO     | __main__:log_results:113 - Efficiency (Pt_out - Pt_in) | r2_score: 0.770883
2025-11-14 20:56:42.325 | INFO     | __main__:log_results:113 - Efficiency (Pt_out - Pt_in) | d2_absolute_error_score: 0.633891
2025-11-14 20:56:42.325 | INFO     | __main__:log_results:113 - Efficiency (Pt_out - Pt_in) | d2_pinball_score: 0.633891
2025-11-14 20:56:42.325 | INFO     | __main__:log_results:113 - Efficiency (Pt_out - Pt_in) | d2_tweedie_score: 0.770883
2025-11-14 20:56:42.325 | INFO     | __main__:log_results:113 - Efficiency (Pt_out - Pt_in) | mean_absolute_error: 4.857594
2025-11-14 20:56:42.325 | INFO     | __main__:log_results:113 - Efficiency (Pt_out - Pt_in) | median_absolute_error: 3.120889
2025-11-14 20:56:42.325 | INFO     | __main__:log_results:113 - Efficiency (Pt_out - Pt_in) | mean_squared_error: 60.000001
2025-11-14 20:56:42.326 | INFO     | __main__:log_results:113 - Efficiency (Pt_out - Pt_in) | rmse: 7.745967
2025-11-14 20:56:42.326 | INFO     | __main__:log_results:113 - Efficiency (Pt_out - Pt_in) | mean_squared_log_error: 0.012728
2025-11-14 20:56:42.326 | INFO     | __main__:log_results:113 - Efficiency (Pt_out - Pt_in) | rmsle: 0.112817
2025-11-14 20:56:42.326 | INFO     | __main__:log_results:113 - Efficiency (Pt_out - Pt_in) | mean_absolute_percentage_error: 0.070702
2025-11-14 20:56:42.326 | INFO     | __main__:log_results:113 - Efficiency (Pt_out - Pt_in) | max_error: 30.547951
2025-11-14 20:56:42.326 | INFO     | __main__:log_results:113 - Efficiency (Pt_out - Pt_in) | mean_pinball_loss(alpha=0.5): 2.428797
2025-11-14 20:56:42.326 | INFO     | __main__:log_results:113 - Efficiency (Pt_out - Pt_in) | mean_poisson_deviance: 0.823161
2025-11-14 20:56:42.326 | INFO     | __main__:log_results:113 - Efficiency (Pt_out - Pt_in) | mean_gamma_deviance: 0.012129
2025-11-14 20:56:42.326 | INFO     | __main__:log_results:113 - Efficiency (Pt_out - Pt_in) | mean_tweedie_deviance(power=0.0): 60.000001
