2025-11-14 20:56:38.076 | INFO     | __main__:log_results:110 - num_trainval: 10
2025-11-14 20:56:38.076 | INFO     | __main__:log_results:110 - is_random_sample: True
2025-11-14 20:56:38.076 | INFO     | __main__:log_results:110 - which_FeatureAugmentation: 3
2025-11-14 20:56:38.077 | INFO     | __main__:log_results:110 - FeatureAugmentation_Runs: 2
2025-11-14 20:56:38.077 | INFO     | __main__:log_results:110 - x_transformer_type: standardize
2025-11-14 20:56:38.077 | INFO     | __main__:log_results:110 - y_transformer_type: standardize
2025-11-14 20:56:38.077 | INFO     | __main__:log_results:110 - num_trainval_slice: 40
2025-11-14 20:56:38.077 | INFO     | __main__:log_results:110 - EPOCH: 500
2025-11-14 20:56:38.077 | INFO     | __main__:log_results:110 - exp_name: DGP05_SciGP_Far2_v2
2025-11-14 20:56:38.077 | INFO     | __main__:log_results:110 - random_round_num: 3
2025-11-14 20:56:38.077 | INFO     | __main__:log_results:113 - Pt_in [Pa] | explained_variance_score: -23.304633
2025-11-14 20:56:38.077 | INFO     | __main__:log_results:113 - Pt_in [Pa] | r2_score: -23.942419
2025-11-14 20:56:38.078 | INFO     | __main__:log_results:113 - Pt_in [Pa] | d2_absolute_error_score: -8.382623
2025-11-14 20:56:38.078 | INFO     | __main__:log_results:113 - Pt_in [Pa] | d2_pinball_score: -8.382623
2025-11-14 20:56:38.078 | INFO     | __main__:log_results:113 - Pt_in [Pa] | d2_tweedie_score: -23.942419
2025-11-14 20:56:38.078 | INFO     | __main__:log_results:113 - Pt_in [Pa] | mean_absolute_error: 0.950784
2025-11-14 20:56:38.078 | INFO     | __main__:log_results:113 - Pt_in [Pa] | median_absolute_error: 0.853686
2025-11-14 20:56:38.078 | INFO     | __main__:log_results:113 - Pt_in [Pa] | mean_squared_error: 1.403028
2025-11-14 20:56:38.078 | INFO     | __main__:log_results:113 - Pt_in [Pa] | rmse: 1.184495
2025-11-14 20:56:38.078 | INFO     | __main__:log_results:113 - Pt_in [Pa] | mean_squared_log_error: 0.221182
2025-11-14 20:56:38.078 | INFO     | __main__:log_results:113 - Pt_in [Pa] | rmsle: 0.470300
2025-11-14 20:56:38.078 | INFO     | __main__:log_results:113 - Pt_in [Pa] | mean_absolute_percentage_error: 0.568661
2025-11-14 20:56:38.079 | INFO     | __main__:log_results:113 - Pt_in [Pa] | max_error: 3.751125
2025-11-14 20:56:38.079 | INFO     | __main__:log_results:113 - Pt_in [Pa] | mean_pinball_loss(alpha=0.5): 0.475392
2025-11-14 20:56:38.079 | INFO     | __main__:log_results:113 - Pt_in [Pa] | mean_poisson_deviance: 1.301018
2025-11-14 20:56:38.079 | INFO     | __main__:log_results:113 - Pt_in [Pa] | mean_gamma_deviance: 3.279970
2025-11-14 20:56:38.079 | INFO     | __main__:log_results:113 - Pt_in [Pa] | mean_tweedie_deviance(power=0.0): 1.403028
2025-11-14 20:56:38.079 | INFO     | __main__:log_results:113 - Pt_out [Pa] | explained_variance_score: 0.998062
2025-11-14 20:56:38.079 | INFO     | __main__:log_results:113 - Pt_out [Pa] | r2_score: 0.997880
2025-11-14 20:56:38.079 | INFO     | __main__:log_results:113 - Pt_out [Pa] | d2_absolute_error_score: 0.962980
2025-11-14 20:56:38.079 | INFO     | __main__:log_results:113 - Pt_out [Pa] | d2_pinball_score: 0.962980
2025-11-14 20:56:38.080 | INFO     | __main__:log_results:113 - Pt_out [Pa] | d2_tweedie_score: 0.997880
2025-11-14 20:56:38.080 | INFO     | __main__:log_results:113 - Pt_out [Pa] | mean_absolute_error: 927.938015
2025-11-14 20:56:38.080 | INFO     | __main__:log_results:113 - Pt_out [Pa] | median_absolute_error: 632.897989
2025-11-14 20:56:38.080 | INFO     | __main__:log_results:113 - Pt_out [Pa] | mean_squared_error: 1702428.656844
2025-11-14 20:56:38.080 | INFO     | __main__:log_results:113 - Pt_out [Pa] | rmse: 1304.771496
2025-11-14 20:56:38.080 | INFO     | __main__:log_results:113 - Pt_out [Pa] | mean_squared_log_error: 0.001779
2025-11-14 20:56:38.080 | INFO     | __main__:log_results:113 - Pt_out [Pa] | rmsle: 0.042184
2025-11-14 20:56:38.080 | INFO     | __main__:log_results:113 - Pt_out [Pa] | mean_absolute_percentage_error: 0.023113
2025-11-14 20:56:38.080 | INFO     | __main__:log_results:113 - Pt_out [Pa] | max_error: 4090.983732
2025-11-14 20:56:38.081 | INFO     | __main__:log_results:113 - Pt_out [Pa] | mean_pinball_loss(alpha=0.5): 463.969008
2025-11-14 20:56:38.081 | INFO     | __main__:log_results:113 - Pt_out [Pa] | mean_poisson_deviance: 45.018692
2025-11-14 20:56:38.081 | INFO     | __main__:log_results:113 - Pt_out [Pa] | mean_gamma_deviance: 0.001850
2025-11-14 20:56:38.081 | INFO     | __main__:log_results:113 - Pt_out [Pa] | mean_tweedie_deviance(power=0.0): 1702428.656844
2025-11-14 20:56:38.081 | INFO     | __main__:log_results:113 - Torque [N m] | explained_variance_score: 0.976793
2025-11-14 20:56:38.081 | INFO     | __main__:log_results:113 - Torque [N m] | r2_score: 0.975243
2025-11-14 20:56:38.081 | INFO     | __main__:log_results:113 - Torque [N m] | d2_absolute_error_score: 0.885807
2025-11-14 20:56:38.081 | INFO     | __main__:log_results:113 - Torque [N m] | d2_pinball_score: 0.885807
2025-11-14 20:56:38.081 | INFO     | __main__:log_results:113 - Torque [N m] | d2_tweedie_score: 0.975243
2025-11-14 20:56:38.082 | INFO     | __main__:log_results:113 - Torque [N m] | mean_absolute_error: 0.203659
2025-11-14 20:56:38.082 | INFO     | __main__:log_results:113 - Torque [N m] | median_absolute_error: 0.099242
2025-11-14 20:56:38.082 | INFO     | __main__:log_results:113 - Torque [N m] | mean_squared_error: 0.121402
2025-11-14 20:56:38.082 | INFO     | __main__:log_results:113 - Torque [N m] | rmse: 0.348427
2025-11-14 20:56:38.082 | INFO     | __main__:log_results:113 - Torque [N m] | mean_squared_log_error: 0.002229
2025-11-14 20:56:38.082 | INFO     | __main__:log_results:113 - Torque [N m] | rmsle: 0.047215
2025-11-14 20:56:38.082 | INFO     | __main__:log_results:113 - Torque [N m] | mean_absolute_percentage_error: 0.047206
2025-11-14 20:56:38.082 | INFO     | __main__:log_results:113 - Torque [N m] | max_error: 1.883912
2025-11-14 20:56:38.082 | INFO     | __main__:log_results:113 - Torque [N m] | mean_pinball_loss(alpha=0.5): 0.101829
2025-11-14 20:56:38.082 | INFO     | __main__:log_results:113 - Torque [N m] | mean_poisson_deviance: 0.017256
2025-11-14 20:56:38.083 | INFO     | __main__:log_results:113 - Torque [N m] | mean_gamma_deviance: 0.003891
2025-11-14 20:56:38.083 | INFO     | __main__:log_results:113 - Torque [N m] | mean_tweedie_deviance(power=0.0): 0.121402
2025-11-14 20:56:38.083 | INFO     | __main__:log_results:113 - Efficiency [%] | explained_variance_score: -234049748539203405735000014848.000000
2025-11-14 20:56:38.083 | INFO     | __main__:log_results:113 - Efficiency [%] | r2_score: -328199982747211583425653768192.000000
2025-11-14 20:56:38.083 | INFO     | __main__:log_results:113 - Efficiency [%] | d2_absolute_error_score: 0.000000
2025-11-14 20:56:38.083 | INFO     | __main__:log_results:113 - Efficiency [%] | d2_pinball_score: 0.000000
2025-11-14 20:56:38.083 | INFO     | __main__:log_results:113 - Efficiency [%] | d2_tweedie_score: -328199982747211583425653768192.000000
2025-11-14 20:56:38.083 | INFO     | __main__:log_results:113 - Efficiency [%] | mean_absolute_error: 11.761708
2025-11-14 20:56:38.083 | INFO     | __main__:log_results:113 - Efficiency [%] | median_absolute_error: 6.237938
2025-11-14 20:56:38.084 | INFO     | __main__:log_results:113 - Efficiency [%] | mean_squared_error: 265.117835
2025-11-14 20:56:38.084 | INFO     | __main__:log_results:113 - Efficiency [%] | rmse: 16.282439
2025-11-14 20:56:38.084 | INFO     | __main__:log_results:113 - Efficiency [%] | mean_squared_log_error: 0.047751
2025-11-14 20:56:38.084 | INFO     | __main__:log_results:113 - Efficiency [%] | rmsle: 0.218521
2025-11-14 20:56:38.084 | INFO     | __main__:log_results:113 - Efficiency [%] | mean_absolute_percentage_error: 0.132928
2025-11-14 20:56:38.084 | INFO     | __main__:log_results:113 - Efficiency [%] | max_error: 35.381638
2025-11-14 20:56:38.084 | INFO     | __main__:log_results:113 - Efficiency [%] | mean_pinball_loss(alpha=0.5): 5.880854
2025-11-14 20:56:38.084 | INFO     | __main__:log_results:113 - Efficiency [%] | mean_poisson_deviance: 3.831762
2025-11-14 20:56:38.084 | INFO     | __main__:log_results:113 - Efficiency [%] | mean_gamma_deviance: 0.056231
2025-11-14 20:56:38.084 | INFO     | __main__:log_results:113 - Efficiency [%] | mean_tweedie_deviance(power=0.0): 265.117835
2025-11-14 20:56:38.086 | INFO     | __main__:log_results:113 - Efficiency (Pt_out - Pt_in) | explained_variance_score: 0.921397
2025-11-14 20:56:38.086 | INFO     | __main__:log_results:113 - Efficiency (Pt_out - Pt_in) | r2_score: 0.920066
2025-11-14 20:56:38.086 | INFO     | __main__:log_results:113 - Efficiency (Pt_out - Pt_in) | d2_absolute_error_score: 0.737856
2025-11-14 20:56:38.086 | INFO     | __main__:log_results:113 - Efficiency (Pt_out - Pt_in) | d2_pinball_score: 0.737856
2025-11-14 20:56:38.086 | INFO     | __main__:log_results:113 - Efficiency (Pt_out - Pt_in) | d2_tweedie_score: 0.920066
2025-11-14 20:56:38.086 | INFO     | __main__:log_results:113 - Efficiency (Pt_out - Pt_in) | mean_absolute_error: 3.224602
2025-11-14 20:56:38.086 | INFO     | __main__:log_results:113 - Efficiency (Pt_out - Pt_in) | median_absolute_error: 2.564926
2025-11-14 20:56:38.086 | INFO     | __main__:log_results:113 - Efficiency (Pt_out - Pt_in) | mean_squared_error: 18.675434
2025-11-14 20:56:38.086 | INFO     | __main__:log_results:113 - Efficiency (Pt_out - Pt_in) | rmse: 4.321508
2025-11-14 20:56:38.086 | INFO     | __main__:log_results:113 - Efficiency (Pt_out - Pt_in) | mean_squared_log_error: 0.003398
2025-11-14 20:56:38.086 | INFO     | __main__:log_results:113 - Efficiency (Pt_out - Pt_in) | rmsle: 0.058289
2025-11-14 20:56:38.086 | INFO     | __main__:log_results:113 - Efficiency (Pt_out - Pt_in) | mean_absolute_percentage_error: 0.042403
2025-11-14 20:56:38.086 | INFO     | __main__:log_results:113 - Efficiency (Pt_out - Pt_in) | max_error: 14.442947
2025-11-14 20:56:38.086 | INFO     | __main__:log_results:113 - Efficiency (Pt_out - Pt_in) | mean_pinball_loss(alpha=0.5): 1.612301
2025-11-14 20:56:38.087 | INFO     | __main__:log_results:113 - Efficiency (Pt_out - Pt_in) | mean_poisson_deviance: 0.245945
2025-11-14 20:56:38.087 | INFO     | __main__:log_results:113 - Efficiency (Pt_out - Pt_in) | mean_gamma_deviance: 0.003460
2025-11-14 20:56:38.087 | INFO     | __main__:log_results:113 - Efficiency (Pt_out - Pt_in) | mean_tweedie_deviance(power=0.0): 18.675434
