2025-11-14 20:58:52.030 | INFO     | __main__:log_results:110 - num_trainval: 80
2025-11-14 20:58:52.030 | INFO     | __main__:log_results:110 - is_random_sample: True
2025-11-14 20:58:52.030 | INFO     | __main__:log_results:110 - which_FeatureAugmentation: 3
2025-11-14 20:58:52.030 | INFO     | __main__:log_results:110 - FeatureAugmentation_Runs: 2
2025-11-14 20:58:52.030 | INFO     | __main__:log_results:110 - x_transformer_type: standardize
2025-11-14 20:58:52.030 | INFO     | __main__:log_results:110 - y_transformer_type: standardize
2025-11-14 20:58:52.030 | INFO     | __main__:log_results:110 - num_trainval_slice: 40
2025-11-14 20:58:52.030 | INFO     | __main__:log_results:110 - EPOCH: 500
2025-11-14 20:58:52.030 | INFO     | __main__:log_results:110 - exp_name: DGP05_SciGP_Far2_v2
2025-11-14 20:58:52.030 | INFO     | __main__:log_results:110 - random_round_num: 4
2025-11-14 20:58:52.030 | INFO     | __main__:log_results:113 - Pt_in [Pa] | explained_variance_score: 0.337009
2025-11-14 20:58:52.031 | INFO     | __main__:log_results:113 - Pt_in [Pa] | r2_score: 0.322675
2025-11-14 20:58:52.031 | INFO     | __main__:log_results:113 - Pt_in [Pa] | d2_absolute_error_score: 0.101616
2025-11-14 20:58:52.031 | INFO     | __main__:log_results:113 - Pt_in [Pa] | d2_pinball_score: 0.101616
2025-11-14 20:58:52.031 | INFO     | __main__:log_results:113 - Pt_in [Pa] | d2_tweedie_score: 0.322675
2025-11-14 20:58:52.031 | INFO     | __main__:log_results:113 - Pt_in [Pa] | mean_absolute_error: 0.595550
2025-11-14 20:58:52.031 | INFO     | __main__:log_results:113 - Pt_in [Pa] | median_absolute_error: 0.452860
2025-11-14 20:58:52.031 | INFO     | __main__:log_results:113 - Pt_in [Pa] | mean_squared_error: 0.609944
2025-11-14 20:58:52.031 | INFO     | __main__:log_results:113 - Pt_in [Pa] | rmse: 0.780989
2025-11-14 20:58:52.031 | INFO     | __main__:log_results:113 - Pt_in [Pa] | mean_squared_log_error: 0.112530
2025-11-14 20:58:52.031 | INFO     | __main__:log_results:113 - Pt_in [Pa] | rmsle: 0.335454
2025-11-14 20:58:52.031 | INFO     | __main__:log_results:113 - Pt_in [Pa] | mean_absolute_percentage_error: 0.453432
2025-11-14 20:58:52.031 | INFO     | __main__:log_results:113 - Pt_in [Pa] | max_error: 2.168344
2025-11-14 20:58:52.032 | INFO     | __main__:log_results:113 - Pt_in [Pa] | mean_pinball_loss(alpha=0.5): 0.297775
2025-11-14 20:58:52.032 | INFO     | __main__:log_results:113 - Pt_in [Pa] | mean_poisson_deviance: 0.601144
2025-11-14 20:58:52.032 | INFO     | __main__:log_results:113 - Pt_in [Pa] | mean_gamma_deviance: 1.225754
2025-11-14 20:58:52.032 | INFO     | __main__:log_results:113 - Pt_in [Pa] | mean_tweedie_deviance(power=0.0): 0.609944
2025-11-14 20:58:52.032 | INFO     | __main__:log_results:113 - Pt_out [Pa] | explained_variance_score: 1.000000
2025-11-14 20:58:52.032 | INFO     | __main__:log_results:113 - Pt_out [Pa] | r2_score: 1.000000
2025-11-14 20:58:52.032 | INFO     | __main__:log_results:113 - Pt_out [Pa] | d2_absolute_error_score: 0.999980
2025-11-14 20:58:52.032 | INFO     | __main__:log_results:113 - Pt_out [Pa] | d2_pinball_score: 0.999980
2025-11-14 20:58:52.032 | INFO     | __main__:log_results:113 - Pt_out [Pa] | d2_tweedie_score: 1.000000
2025-11-14 20:58:52.032 | INFO     | __main__:log_results:113 - Pt_out [Pa] | mean_absolute_error: 0.507800
2025-11-14 20:58:52.032 | INFO     | __main__:log_results:113 - Pt_out [Pa] | median_absolute_error: 0.439696
2025-11-14 20:58:52.032 | INFO     | __main__:log_results:113 - Pt_out [Pa] | mean_squared_error: 0.394010
2025-11-14 20:58:52.032 | INFO     | __main__:log_results:113 - Pt_out [Pa] | rmse: 0.627702
2025-11-14 20:58:52.032 | INFO     | __main__:log_results:113 - Pt_out [Pa] | mean_squared_log_error: 0.000000
2025-11-14 20:58:52.032 | INFO     | __main__:log_results:113 - Pt_out [Pa] | rmsle: 0.000018
2025-11-14 20:58:52.032 | INFO     | __main__:log_results:113 - Pt_out [Pa] | mean_absolute_percentage_error: 0.000012
2025-11-14 20:58:52.032 | INFO     | __main__:log_results:113 - Pt_out [Pa] | max_error: 1.775328
2025-11-14 20:58:52.032 | INFO     | __main__:log_results:113 - Pt_out [Pa] | mean_pinball_loss(alpha=0.5): 0.253900
2025-11-14 20:58:52.033 | INFO     | __main__:log_results:113 - Pt_out [Pa] | mean_poisson_deviance: 0.000009
2025-11-14 20:58:52.033 | INFO     | __main__:log_results:113 - Pt_out [Pa] | mean_gamma_deviance: 0.000000
2025-11-14 20:58:52.033 | INFO     | __main__:log_results:113 - Pt_out [Pa] | mean_tweedie_deviance(power=0.0): 0.394010
2025-11-14 20:58:52.033 | INFO     | __main__:log_results:113 - Torque [N m] | explained_variance_score: 0.999138
2025-11-14 20:58:52.033 | INFO     | __main__:log_results:113 - Torque [N m] | r2_score: 0.999083
2025-11-14 20:58:52.033 | INFO     | __main__:log_results:113 - Torque [N m] | d2_absolute_error_score: 0.977045
2025-11-14 20:58:52.033 | INFO     | __main__:log_results:113 - Torque [N m] | d2_pinball_score: 0.977045
2025-11-14 20:58:52.033 | INFO     | __main__:log_results:113 - Torque [N m] | d2_tweedie_score: 0.999083
2025-11-14 20:58:52.033 | INFO     | __main__:log_results:113 - Torque [N m] | mean_absolute_error: 0.043527
2025-11-14 20:58:52.033 | INFO     | __main__:log_results:113 - Torque [N m] | median_absolute_error: 0.029252
2025-11-14 20:58:52.033 | INFO     | __main__:log_results:113 - Torque [N m] | mean_squared_error: 0.005493
2025-11-14 20:58:52.033 | INFO     | __main__:log_results:113 - Torque [N m] | rmse: 0.074112
2025-11-14 20:58:52.033 | INFO     | __main__:log_results:113 - Torque [N m] | mean_squared_log_error: 0.000175
2025-11-14 20:58:52.033 | INFO     | __main__:log_results:113 - Torque [N m] | rmsle: 0.013233
2025-11-14 20:58:52.033 | INFO     | __main__:log_results:113 - Torque [N m] | mean_absolute_percentage_error: 0.010990
2025-11-14 20:58:52.033 | INFO     | __main__:log_results:113 - Torque [N m] | max_error: 0.425733
2025-11-14 20:58:52.033 | INFO     | __main__:log_results:113 - Torque [N m] | mean_pinball_loss(alpha=0.5): 0.021764
2025-11-14 20:58:52.033 | INFO     | __main__:log_results:113 - Torque [N m] | mean_poisson_deviance: 0.001078
2025-11-14 20:58:52.033 | INFO     | __main__:log_results:113 - Torque [N m] | mean_gamma_deviance: 0.000360
2025-11-14 20:58:52.033 | INFO     | __main__:log_results:113 - Torque [N m] | mean_tweedie_deviance(power=0.0): 0.005493
2025-11-14 20:58:52.033 | INFO     | __main__:log_results:113 - Efficiency [%] | explained_variance_score: 0.993056
2025-11-14 20:58:52.034 | INFO     | __main__:log_results:113 - Efficiency [%] | r2_score: 0.992268
2025-11-14 20:58:52.034 | INFO     | __main__:log_results:113 - Efficiency [%] | d2_absolute_error_score: 0.924768
2025-11-14 20:58:52.034 | INFO     | __main__:log_results:113 - Efficiency [%] | d2_pinball_score: 0.924768
2025-11-14 20:58:52.034 | INFO     | __main__:log_results:113 - Efficiency [%] | d2_tweedie_score: 0.992268
2025-11-14 20:58:52.034 | INFO     | __main__:log_results:113 - Efficiency [%] | mean_absolute_error: 0.840217
2025-11-14 20:58:52.034 | INFO     | __main__:log_results:113 - Efficiency [%] | median_absolute_error: 0.624666
2025-11-14 20:58:52.034 | INFO     | __main__:log_results:113 - Efficiency [%] | mean_squared_error: 1.427064
2025-11-14 20:58:52.034 | INFO     | __main__:log_results:113 - Efficiency [%] | rmse: 1.194598
2025-11-14 20:58:52.034 | INFO     | __main__:log_results:113 - Efficiency [%] | mean_squared_log_error: 0.000257
2025-11-14 20:58:52.034 | INFO     | __main__:log_results:113 - Efficiency [%] | rmsle: 0.016019
2025-11-14 20:58:52.034 | INFO     | __main__:log_results:113 - Efficiency [%] | mean_absolute_percentage_error: 0.011031
2025-11-14 20:58:52.034 | INFO     | __main__:log_results:113 - Efficiency [%] | max_error: 4.406984
2025-11-14 20:58:52.034 | INFO     | __main__:log_results:113 - Efficiency [%] | mean_pinball_loss(alpha=0.5): 0.420109
2025-11-14 20:58:52.034 | INFO     | __main__:log_results:113 - Efficiency [%] | mean_poisson_deviance: 0.018743
2025-11-14 20:58:52.034 | INFO     | __main__:log_results:113 - Efficiency [%] | mean_gamma_deviance: 0.000261
2025-11-14 20:58:52.034 | INFO     | __main__:log_results:113 - Efficiency [%] | mean_tweedie_deviance(power=0.0): 1.427064
2025-11-14 20:58:52.034 | INFO     | __main__:log_results:113 - Efficiency (Pt_out - Pt_in) | explained_variance_score: 0.992674
2025-11-14 20:58:52.034 | INFO     | __main__:log_results:113 - Efficiency (Pt_out - Pt_in) | r2_score: 0.992175
2025-11-14 20:58:52.034 | INFO     | __main__:log_results:113 - Efficiency (Pt_out - Pt_in) | d2_absolute_error_score: 0.928829
2025-11-14 20:58:52.034 | INFO     | __main__:log_results:113 - Efficiency (Pt_out - Pt_in) | d2_pinball_score: 0.928829
2025-11-14 20:58:52.034 | INFO     | __main__:log_results:113 - Efficiency (Pt_out - Pt_in) | d2_tweedie_score: 0.992175
2025-11-14 20:58:52.035 | INFO     | __main__:log_results:113 - Efficiency (Pt_out - Pt_in) | mean_absolute_error: 0.805620
2025-11-14 20:58:52.035 | INFO     | __main__:log_results:113 - Efficiency (Pt_out - Pt_in) | median_absolute_error: 0.563438
2025-11-14 20:58:52.035 | INFO     | __main__:log_results:113 - Efficiency (Pt_out - Pt_in) | mean_squared_error: 1.467780
2025-11-14 20:58:52.035 | INFO     | __main__:log_results:113 - Efficiency (Pt_out - Pt_in) | rmse: 1.211520
2025-11-14 20:58:52.035 | INFO     | __main__:log_results:113 - Efficiency (Pt_out - Pt_in) | mean_squared_log_error: 0.000342
2025-11-14 20:58:52.035 | INFO     | __main__:log_results:113 - Efficiency (Pt_out - Pt_in) | rmsle: 0.018494
2025-11-14 20:58:52.035 | INFO     | __main__:log_results:113 - Efficiency (Pt_out - Pt_in) | mean_absolute_percentage_error: 0.011251
2025-11-14 20:58:52.035 | INFO     | __main__:log_results:113 - Efficiency (Pt_out - Pt_in) | max_error: 5.316044
2025-11-14 20:58:52.035 | INFO     | __main__:log_results:113 - Efficiency (Pt_out - Pt_in) | mean_pinball_loss(alpha=0.5): 0.402810
2025-11-14 20:58:52.035 | INFO     | __main__:log_results:113 - Efficiency (Pt_out - Pt_in) | mean_poisson_deviance: 0.021952
2025-11-14 20:58:52.035 | INFO     | __main__:log_results:113 - Efficiency (Pt_out - Pt_in) | mean_gamma_deviance: 0.000347
2025-11-14 20:58:52.035 | INFO     | __main__:log_results:113 - Efficiency (Pt_out - Pt_in) | mean_tweedie_deviance(power=0.0): 1.467780
