2025-11-14 18:07:28.543 | INFO     | __main__:log_results:110 - num_trainval: 60
2025-11-14 18:07:28.543 | INFO     | __main__:log_results:110 - is_random_sample: True
2025-11-14 18:07:28.544 | INFO     | __main__:log_results:110 - which_FeatureAugmentation: 3
2025-11-14 18:07:28.544 | INFO     | __main__:log_results:110 - FeatureAugmentation_Runs: 2
2025-11-14 18:07:28.544 | INFO     | __main__:log_results:110 - x_transformer_type: standardize
2025-11-14 18:07:28.544 | INFO     | __main__:log_results:110 - y_transformer_type: standardize
2025-11-14 18:07:28.545 | INFO     | __main__:log_results:110 - num_trainval_slice: 40
2025-11-14 18:07:28.545 | INFO     | __main__:log_results:110 - EPOCH: 500
2025-11-14 18:07:28.545 | INFO     | __main__:log_results:110 - exp_name: DGP05_SciGP_Far2
2025-11-14 18:07:28.545 | INFO     | __main__:log_results:110 - random_round_num: 4
2025-11-14 18:07:28.545 | INFO     | __main__:log_results:113 - Pt_in [Pa] | explained_variance_score: 0.651058
2025-11-14 18:07:28.545 | INFO     | __main__:log_results:113 - Pt_in [Pa] | r2_score: 0.649563
2025-11-14 18:07:28.545 | INFO     | __main__:log_results:113 - Pt_in [Pa] | d2_absolute_error_score: 0.402057
2025-11-14 18:07:28.545 | INFO     | __main__:log_results:113 - Pt_in [Pa] | d2_pinball_score: 0.402057
2025-11-14 18:07:28.546 | INFO     | __main__:log_results:113 - Pt_in [Pa] | d2_tweedie_score: 0.649563
2025-11-14 18:07:28.546 | INFO     | __main__:log_results:113 - Pt_in [Pa] | mean_absolute_error: 0.498101
2025-11-14 18:07:28.546 | INFO     | __main__:log_results:113 - Pt_in [Pa] | median_absolute_error: 0.366737
2025-11-14 18:07:28.546 | INFO     | __main__:log_results:113 - Pt_in [Pa] | mean_squared_error: 0.465872
2025-11-14 18:07:28.546 | INFO     | __main__:log_results:113 - Pt_in [Pa] | rmse: 0.682548
2025-11-14 18:07:28.546 | INFO     | __main__:log_results:113 - Pt_in [Pa] | mean_squared_log_error: 0.099710
2025-11-14 18:07:28.547 | INFO     | __main__:log_results:113 - Pt_in [Pa] | rmsle: 0.315769
2025-11-14 18:07:28.547 | INFO     | __main__:log_results:113 - Pt_in [Pa] | mean_absolute_percentage_error: 0.669341
2025-11-14 18:07:28.547 | INFO     | __main__:log_results:113 - Pt_in [Pa] | max_error: 2.028564
2025-11-14 18:07:28.548 | INFO     | __main__:log_results:113 - Pt_in [Pa] | mean_pinball_loss(alpha=0.5): 0.249051
2025-11-14 18:07:28.548 | INFO     | __main__:log_results:113 - Pt_in [Pa] | mean_poisson_deviance: nan
2025-11-14 18:07:28.548 | INFO     | __main__:log_results:113 - Pt_in [Pa] | mean_gamma_deviance: nan
2025-11-14 18:07:28.548 | INFO     | __main__:log_results:113 - Pt_in [Pa] | mean_tweedie_deviance(power=0.0): 0.465872
2025-11-14 18:07:28.548 | INFO     | __main__:log_results:113 - Pt_out [Pa] | explained_variance_score: 1.000000
2025-11-14 18:07:28.548 | INFO     | __main__:log_results:113 - Pt_out [Pa] | r2_score: 1.000000
2025-11-14 18:07:28.549 | INFO     | __main__:log_results:113 - Pt_out [Pa] | d2_absolute_error_score: 0.999978
2025-11-14 18:07:28.549 | INFO     | __main__:log_results:113 - Pt_out [Pa] | d2_pinball_score: 0.999978
2025-11-14 18:07:28.549 | INFO     | __main__:log_results:113 - Pt_out [Pa] | d2_tweedie_score: 1.000000
2025-11-14 18:07:28.549 | INFO     | __main__:log_results:113 - Pt_out [Pa] | mean_absolute_error: 0.552185
2025-11-14 18:07:28.550 | INFO     | __main__:log_results:113 - Pt_out [Pa] | median_absolute_error: 0.392642
2025-11-14 18:07:28.550 | INFO     | __main__:log_results:113 - Pt_out [Pa] | mean_squared_error: 0.510865
2025-11-14 18:07:28.550 | INFO     | __main__:log_results:113 - Pt_out [Pa] | rmse: 0.714748
2025-11-14 18:07:28.550 | INFO     | __main__:log_results:113 - Pt_out [Pa] | mean_squared_log_error: 0.000000
2025-11-14 18:07:28.550 | INFO     | __main__:log_results:113 - Pt_out [Pa] | rmsle: 0.000021
2025-11-14 18:07:28.550 | INFO     | __main__:log_results:113 - Pt_out [Pa] | mean_absolute_percentage_error: 0.000014
2025-11-14 18:07:28.551 | INFO     | __main__:log_results:113 - Pt_out [Pa] | max_error: 1.801841
2025-11-14 18:07:28.551 | INFO     | __main__:log_results:113 - Pt_out [Pa] | mean_pinball_loss(alpha=0.5): 0.276093
2025-11-14 18:07:28.551 | INFO     | __main__:log_results:113 - Pt_out [Pa] | mean_poisson_deviance: 0.000013
2025-11-14 18:07:28.551 | INFO     | __main__:log_results:113 - Pt_out [Pa] | mean_gamma_deviance: 0.000000
2025-11-14 18:07:28.551 | INFO     | __main__:log_results:113 - Pt_out [Pa] | mean_tweedie_deviance(power=0.0): 0.510865
2025-11-14 18:07:28.552 | INFO     | __main__:log_results:113 - Torque [N m] | explained_variance_score: 0.999285
2025-11-14 18:07:28.554 | INFO     | __main__:log_results:113 - Torque [N m] | r2_score: 0.999270
2025-11-14 18:07:28.554 | INFO     | __main__:log_results:113 - Torque [N m] | d2_absolute_error_score: 0.978269
2025-11-14 18:07:28.554 | INFO     | __main__:log_results:113 - Torque [N m] | d2_pinball_score: 0.978269
2025-11-14 18:07:28.554 | INFO     | __main__:log_results:113 - Torque [N m] | d2_tweedie_score: 0.999270
2025-11-14 18:07:28.554 | INFO     | __main__:log_results:113 - Torque [N m] | mean_absolute_error: 0.040887
2025-11-14 18:07:28.554 | INFO     | __main__:log_results:113 - Torque [N m] | median_absolute_error: 0.027112
2025-11-14 18:07:28.554 | INFO     | __main__:log_results:113 - Torque [N m] | mean_squared_error: 0.004274
2025-11-14 18:07:28.554 | INFO     | __main__:log_results:113 - Torque [N m] | rmse: 0.065378
2025-11-14 18:07:28.554 | INFO     | __main__:log_results:113 - Torque [N m] | mean_squared_log_error: 0.000264
2025-11-14 18:07:28.554 | INFO     | __main__:log_results:113 - Torque [N m] | rmsle: 0.016238
2025-11-14 18:07:28.554 | INFO     | __main__:log_results:113 - Torque [N m] | mean_absolute_percentage_error: 0.013081
2025-11-14 18:07:28.554 | INFO     | __main__:log_results:113 - Torque [N m] | max_error: 0.351639
2025-11-14 18:07:28.555 | INFO     | __main__:log_results:113 - Torque [N m] | mean_pinball_loss(alpha=0.5): 0.020444
2025-11-14 18:07:28.555 | INFO     | __main__:log_results:113 - Torque [N m] | mean_poisson_deviance: 0.001375
2025-11-14 18:07:28.555 | INFO     | __main__:log_results:113 - Torque [N m] | mean_gamma_deviance: 0.000548
2025-11-14 18:07:28.555 | INFO     | __main__:log_results:113 - Torque [N m] | mean_tweedie_deviance(power=0.0): 0.004274
2025-11-14 18:07:28.555 | INFO     | __main__:log_results:113 - Efficiency [%] | explained_variance_score: 0.980733
2025-11-14 18:07:28.555 | INFO     | __main__:log_results:113 - Efficiency [%] | r2_score: 0.980650
2025-11-14 18:07:28.555 | INFO     | __main__:log_results:113 - Efficiency [%] | d2_absolute_error_score: 0.893151
2025-11-14 18:07:28.556 | INFO     | __main__:log_results:113 - Efficiency [%] | d2_pinball_score: 0.893151
2025-11-14 18:07:28.556 | INFO     | __main__:log_results:113 - Efficiency [%] | d2_tweedie_score: 0.980650
2025-11-14 18:07:28.556 | INFO     | __main__:log_results:113 - Efficiency [%] | mean_absolute_error: 1.206458
2025-11-14 18:07:28.556 | INFO     | __main__:log_results:113 - Efficiency [%] | median_absolute_error: 0.624291
2025-11-14 18:07:28.556 | INFO     | __main__:log_results:113 - Efficiency [%] | mean_squared_error: 3.670587
2025-11-14 18:07:28.556 | INFO     | __main__:log_results:113 - Efficiency [%] | rmse: 1.915878
2025-11-14 18:07:28.557 | INFO     | __main__:log_results:113 - Efficiency [%] | mean_squared_log_error: 0.000845
2025-11-14 18:07:28.557 | INFO     | __main__:log_results:113 - Efficiency [%] | rmsle: 0.029072
2025-11-14 18:07:28.557 | INFO     | __main__:log_results:113 - Efficiency [%] | mean_absolute_percentage_error: 0.017448
2025-11-14 18:07:28.557 | INFO     | __main__:log_results:113 - Efficiency [%] | max_error: 7.009459
2025-11-14 18:07:28.557 | INFO     | __main__:log_results:113 - Efficiency [%] | mean_pinball_loss(alpha=0.5): 0.603229
2025-11-14 18:07:28.557 | INFO     | __main__:log_results:113 - Efficiency [%] | mean_poisson_deviance: 0.055286
2025-11-14 18:07:28.557 | INFO     | __main__:log_results:113 - Efficiency [%] | mean_gamma_deviance: 0.000862
2025-11-14 18:07:28.557 | INFO     | __main__:log_results:113 - Efficiency [%] | mean_tweedie_deviance(power=0.0): 3.670587
2025-11-14 18:07:28.557 | INFO     | __main__:log_results:113 - Efficiency (Pt_out - Pt_in) | explained_variance_score: 0.989629
2025-11-14 18:07:28.557 | INFO     | __main__:log_results:113 - Efficiency (Pt_out - Pt_in) | r2_score: 0.989419
2025-11-14 18:07:28.557 | INFO     | __main__:log_results:113 - Efficiency (Pt_out - Pt_in) | d2_absolute_error_score: 0.921251
2025-11-14 18:07:28.557 | INFO     | __main__:log_results:113 - Efficiency (Pt_out - Pt_in) | d2_pinball_score: 0.921251
2025-11-14 18:07:28.557 | INFO     | __main__:log_results:113 - Efficiency (Pt_out - Pt_in) | d2_tweedie_score: 0.989419
2025-11-14 18:07:28.557 | INFO     | __main__:log_results:113 - Efficiency (Pt_out - Pt_in) | mean_absolute_error: 0.885976
2025-11-14 18:07:28.557 | INFO     | __main__:log_results:113 - Efficiency (Pt_out - Pt_in) | median_absolute_error: 0.513787
2025-11-14 18:07:28.557 | INFO     | __main__:log_results:113 - Efficiency (Pt_out - Pt_in) | mean_squared_error: 1.964098
2025-11-14 18:07:28.557 | INFO     | __main__:log_results:113 - Efficiency (Pt_out - Pt_in) | rmse: 1.401463
2025-11-14 18:07:28.557 | INFO     | __main__:log_results:113 - Efficiency (Pt_out - Pt_in) | mean_squared_log_error: 0.000525
2025-11-14 18:07:28.557 | INFO     | __main__:log_results:113 - Efficiency (Pt_out - Pt_in) | rmsle: 0.022911
2025-11-14 18:07:28.559 | INFO     | __main__:log_results:113 - Efficiency (Pt_out - Pt_in) | mean_absolute_percentage_error: 0.013093
2025-11-14 18:07:28.559 | INFO     | __main__:log_results:113 - Efficiency (Pt_out - Pt_in) | max_error: 6.377405
2025-11-14 18:07:28.559 | INFO     | __main__:log_results:113 - Efficiency (Pt_out - Pt_in) | mean_pinball_loss(alpha=0.5): 0.442988
2025-11-14 18:07:28.559 | INFO     | __main__:log_results:113 - Efficiency (Pt_out - Pt_in) | mean_poisson_deviance: 0.032132
2025-11-14 18:07:28.561 | INFO     | __main__:log_results:113 - Efficiency (Pt_out - Pt_in) | mean_gamma_deviance: 0.000539
2025-11-14 18:07:28.561 | INFO     | __main__:log_results:113 - Efficiency (Pt_out - Pt_in) | mean_tweedie_deviance(power=0.0): 1.964098
